
	Python anaconda is now loaded in your environment.

numpy imported
Preparing directory ../out/ImageNet32/WideResNet28x10/SGDSWA/seed=1_lr=0.03_mom=0.9_wd=8e-06_start=10.0_slr=0.03/
Using model WideResNet28x10
Loading ImageNet32 from /jmain01/home/JAD017/sjr02/dxg49-sjr02/curvature/data/
You are going to run models on the test set. Are you sure?
Using train (1281167) + test (50000)
Preparing model
{'depth': 28, 'widen_factor': 10}
No Covariance Estimation
Linearly decaying learning rate schedule
----  --------  ---------  --------  ---------  --------  -------------  -------------  ------------  -------------  ------------  -----------------  ---------  -----------
  ep        lr    tr_loss    tr_acc    te_loss    te_acc    te_top5_acc  swa_tr_loss    swa_tr_acc    swa_te_loss    swa_te_acc    swa_te_top5_acc         time    mem_usage
----  --------  ---------  --------  ---------  --------  -------------  -------------  ------------  -------------  ------------  -----------------  ---------  -----------
   1    0.0300     4.6664   13.3901        inf   22.9780        47.3220                                                                               2930.4831       0.5556
   2    0.0300     3.2326   31.1823        inf   34.8620        60.6560                                                                               2930.0339       0.5556
   3    0.0300     2.7015   40.1249        inf   41.1620        66.8440                                                                               2928.3738       0.5556
   4    0.0300     2.3955   45.5880        inf   44.7700        70.3320                                                                               2924.9627       0.5556
   5    0.0300     2.1859   49.4951        inf   47.3540        72.5660                                                                               2925.9032       0.5556
   6    0.0300     2.0296   52.4530        inf   48.8440        74.1440                                                                               2923.5487       0.5556
   7    0.0300     1.9046   54.8460        inf   50.4060        75.2580                                                                               2925.2209       0.5556
   8    0.0300     1.8005   56.8891        inf   51.2260        76.0540                                                                               2922.3053       0.5556
   9    0.0300     1.7119   58.6231        inf   52.3600        76.6940                                                                               2923.3032       0.5556
  10    0.0300     1.6342   60.1465        inf   52.5920        77.3220                                                                               2923.3012       0.5556
  11    0.0300     1.5648   61.5035        inf   53.4280        77.3160         1.4285       64.4215         2.1274       52.7120            76.8760  5820.0839       0.6941
  12    0.0300     1.5173   62.4680        inf   53.3400        77.5400         1.2213       69.3448         1.9893       56.0080            79.2040  5815.8602       0.6941
  13    0.0300     1.4757   63.3048        inf   53.7500        77.9680         1.1422       71.1938         1.9458       56.8979            80.2480  5815.5357       0.6941
  14    0.0300     1.4364   64.0341        inf   53.6700        77.8921         1.0885       72.4920         1.9143       57.4640            80.4040  5814.3477       0.6941
  15    0.0300     1.4009   64.7435        inf   54.4240        78.3280         1.0492       73.4006         1.8732       58.3020            81.1581  5816.0972       0.6941
  16    0.0300     1.3677   65.4154        inf   53.9820        78.0720         1.0154       74.1769         1.8756       58.1500            81.1140  5815.5468       0.6941
  17    0.0300     1.3354   65.9947        inf   54.0000        78.2040         0.9868       74.8255         1.8549       58.6140            81.3580  5811.7330       0.6941
  18    0.0300     1.3046   66.6150        inf   54.3700        78.4061         0.9611       75.4688         1.8478       58.8000            81.3840  5816.7530       0.6941
  19    0.0300     1.2768   67.1561        inf   54.4720        78.4600         0.9374       76.0115         1.8778       58.7400            81.3040  5817.3121       0.6941
  20    0.0300     1.2495   67.7172        inf   54.4500        78.2840         0.9149       76.5155         1.8841       59.2720            81.7020  5812.0793       0.6941
  21    0.0300     1.2227   68.2893        inf   54.5820        78.2101         0.8941       76.9981         1.8373       59.4200            81.9121  5812.2162       0.6941
  22    0.0300     1.1989   68.7803        inf   54.7060        78.2780         0.8746       77.4773         1.8489       59.4420            81.9140  5811.4942       0.6941
  23    0.0300     1.1746   69.2786        inf   54.5240        78.2580         0.8566       77.9371         1.8429       59.3460            81.9980  5812.4269       0.6941
  24    0.0300     1.1526   69.7090        inf   54.7960        78.4120         0.8395       78.2786         1.8465       59.6140            81.9141  5812.9556       0.6941
  25    0.0300     1.1327   70.1432        inf   54.3160        78.1361         0.8224       78.7088         1.8419       59.8960            82.1260  5813.9117       0.6941
  26    0.0300     1.1118   70.5707        inf   54.7460        78.4420         0.8063       79.0977         1.8402       59.9140            82.1361  5811.0739       0.6941
  27    0.0300     1.0926   70.9300        inf   54.6120        78.5620         0.7922       79.4356         1.8430       59.9220            82.2261  5815.8913       0.6941
  28    0.0300     1.0757   71.3200        inf   54.2460        78.1740         0.7771       79.7955         1.8293       59.7960            82.1340  5812.2015       0.6941
  29    0.0300     1.0578   71.6719        inf   54.5380        78.4580         0.7639       80.1063         1.8601       60.0240            82.2640  5813.9517       0.6941
  30    0.0300     1.0419   72.0209        inf   54.3860        78.2961         0.7507       80.4165         1.8535       60.0780            82.3380  5806.7675       0.6941
  31    0.0300     1.0259   72.3659        inf   54.3280        78.0461         0.7379       80.7171         1.8458       60.2460            82.4621  5806.6077       0.6941
  32    0.0300     1.0093   72.7118        inf   54.4540        78.1920         0.7253       81.0397         1.8568       60.0860            82.4220  5806.7502       0.6941
  33    0.0300     0.9963   72.9628        inf   54.5020        78.1540         0.7151       81.2957         1.8477       60.4860            82.5281  5804.2687       0.6941
  34    0.0300     0.9806   73.2486        inf   53.7500        77.9200         0.7028       81.5598         1.8609       60.1700            82.3900  5803.4427       0.6941
  35    0.0300     0.9683   73.6012        inf   54.4380        78.0941         0.6912       81.8640         1.8723       60.2580            82.5721  5803.2106       0.6941
  36    0.0300     0.9568   73.8271        inf   54.4560        78.1420         0.6811       82.0999         1.8605       60.4200            82.5480  5803.6120       0.6941
  37    0.0300     0.9443   74.0941        inf   54.2720        78.2201         0.6708       82.3459         1.8812       60.4940            82.6221  5802.4999       0.6941
  38    0.0300     0.9316   74.3812        inf   54.2520        77.7661         0.6611       82.5693         1.8660       60.3340            82.4640  5799.9658       0.6941
  39    0.0300     0.9206   74.5910        inf   54.1520        77.9560         0.6506       82.8346         1.8683       60.1320            82.5280  5800.5816       0.6941
  40    0.0300     0.9107   74.8399        inf   54.2880        78.1220         0.6419       83.0368         1.8705       60.3060            82.5961  5808.0407       0.6941
----  --------  ---------  --------  ---------  --------  -------------  -------------  ------------  -------------  ------------  -----------------  ---------  -----------
  ep        lr    tr_loss    tr_acc    te_loss    te_acc    te_top5_acc    swa_tr_loss    swa_tr_acc    swa_te_loss    swa_te_acc    swa_te_top5_acc       time    mem_usage
----  --------  ---------  --------  ---------  --------  -------------  -------------  ------------  -------------  ------------  -----------------  ---------  -----------
  41    0.0300     0.9016   75.0334        inf   53.9740        78.0241         0.6335       83.2592         1.8804       60.4380            82.4980  5808.1313       0.6941
  42    0.0300     0.8906   75.2309        inf   54.1900        78.1200         0.6250       83.4808         1.8928       60.4740            82.7180  5807.5350       0.6941
  43    0.0300     0.8801   75.4653        inf   54.0060        77.7380         0.6167       83.6724         1.8988       60.7300            82.7721  5813.3184       0.6941
  44    0.0300     0.8712   75.6715        inf   54.2260        78.0620         0.6081       83.8447         1.8816       60.5320            82.7480  5806.3883       0.6941
  45    0.0300     0.8621   75.8678        inf   53.7620        77.7080         0.5998       84.0658         1.8829       60.5760            82.5681  5806.2396       0.6941
  46    0.0300     0.8544   76.0391        inf   54.0580        77.6840         0.5919       84.2700         1.9053       60.6600            82.7020  5806.3653       0.6941
  47    0.0300     0.8465   76.2588        inf   53.9100        77.9500         0.5843       84.4675         1.9130       60.5020            82.6680  5806.1345       0.6941
  48    0.0300     0.8386   76.4414        inf   53.6620        77.4140         0.5773       84.6492         1.9100       60.6140            82.7061  5806.6816       0.6941
  49    0.0300     0.8320   76.5319        inf   53.9180        77.6120         0.5702       84.8185         1.8852       60.7420            82.8740  5807.6652       0.6941
  50    0.0300     0.8240   76.7190        inf   54.0500        77.6920         0.5632       85.0223         1.9129       60.4420            82.6680  5810.5257       0.6941
