numpy imported
Preparing directory ../out/ImageNet32/WideResNet28x10/PadamX/seed=1_lr=0.03_wd=0.0003_swa_start=31.0_swa_lr=0.03/
Using model WideResNet28x10
Loading ImageNet32 from /jmain01/home/JAD017/sjr02/dxg49-sjr02/curvature/data/
You are going to run models on the test set. Are you sure?
Using train (1281167) + test (50000)
Preparing model
{'depth': 28, 'widen_factor': 10}
No Covariance Estimation
----  --------  ---------  --------  ---------  --------  -------------  -------------  ------------  -------------  ------------  -----------------  ---------  -----------
  ep        lr    tr_loss    tr_acc    te_loss    te_acc    te_top5_acc  swa_tr_loss    swa_tr_acc    swa_te_loss    swa_te_acc    swa_te_top5_acc         time    mem_usage
----  --------  ---------  --------  ---------  --------  -------------  -------------  ------------  -------------  ------------  -----------------  ---------  -----------
   1    0.0300     4.7503   12.4810     3.9625   20.4340        43.9700                                                                               2245.1613       0.6950
   2    0.0300     3.3177   29.6218     3.1819   31.8400        58.0820                                                                               2263.9398       0.6950
   3    0.0300     2.8033   38.1473     2.8837   37.7340        63.9100                                                                               2246.0923       0.6950
   4    0.0300     2.4984   43.5027     2.6813   40.9040        67.4340                                                                               2233.6835       0.6950
   5    0.0300     2.2892   47.3825     2.5244   43.9240        69.9440                                                                               2233.5937       0.6950
   6    0.0300     2.1335   50.2880     2.4133   46.3160        71.9080                                                                               2242.3744       0.6950
   7    0.0300     2.0136   52.6100     2.3587   47.1400        72.9160                                                                               2235.4985       0.6950
   8    0.0300     1.9179   54.4176     2.3121   48.5720        73.6920                                                                               2238.1178       0.6950
   9    0.0300     1.8357   56.0188     2.2463   49.5580        74.6880                                                                               2252.7612       0.6950
  10    0.0300     1.7704   57.3537     2.2091   50.1060        75.2600                                                                               2232.7023       0.6950
  11    0.0300     1.7135   58.4068     2.2165   50.0780        75.4841                                                                               2227.7137       0.6950
  12    0.0300     1.6649   59.3259     2.2351   50.5800        75.3520                                                                               2236.1286       0.6950
  13    0.0300     1.6207   60.2910     2.1467   51.6400        76.4980                                                                               2253.0835       0.6950
  14    0.0300     1.5830   61.0154     2.1739   51.7800        76.4041                                                                               2231.1284       0.6950
  15    0.0300     1.5481   61.7318     2.1719   51.5700        76.2540                                                                               2244.8459       0.6950
  16    0.0300     1.5161   62.3346     2.1489   52.0440        76.5360                                                                               2245.7384       0.6950
  17    0.0300     1.4887   62.8676     2.1129   52.7540        77.6061                                                                               2237.0757       0.6950
  18    0.0300     1.4627   63.4407     2.1290   52.7260        77.1080                                                                               2225.2495       0.6950
  19    0.0300     1.4389   63.9198     2.1757   51.6060        76.4040                                                                               2241.1222       0.6950
  20    0.0300     1.4175   64.2929     2.1381   52.7940        77.0740                                                                               2229.3668       0.6950
  21    0.0300     1.3960   64.7352     2.1189   52.9600        77.3400                                                                               2226.0622       0.6950
  22    0.0300     1.3767   65.1067     2.1758   52.3780        76.7600                                                                               2252.9788       0.6950
  23    0.0300     1.3590   65.4899     2.1368   53.2980        77.4501                                                                               2238.9024       0.6950
  24    0.0300     1.3432   65.8290     2.1960   52.5560        76.9381                                                                               2234.9387       0.6950
  25    0.0300     1.3257   66.1690     2.1802   52.9280        77.5760                                                                               2260.3925       0.6950
  26    0.0300     1.3133   66.4109     2.0986   54.1880        77.6380                                                                               2230.1463       0.6950
  27    0.0300     1.2981   66.7667     2.1578   53.2440        77.4160                                                                               2211.1792       0.6950
  28    0.0300     1.2874   66.9411     2.1454   53.2500        77.6220                                                                               2254.2790       0.6950
  29    0.0300     1.2730   67.2524     2.1650   53.0940        77.4580                                                                               2254.3829       0.6950
  30    0.0300     1.2631   67.4272     2.1481   52.9500        77.5820                                                                               2214.1751       0.6950
  31    0.0300     1.2520   67.6521     2.1657   53.6220        77.5921                                                                               2228.8950       0.6950
  32    0.0300     1.2399   67.9412     2.1290   53.9360        78.1320         1.0777       71.6508         2.0318       54.9040            78.8940  2230.1903       0.6950
  33    0.0300     1.2310   68.0828     2.1428   53.4280        77.5140         0.8171       78.3579         1.8252       58.7860            81.9540  2240.9584       0.8333
  34    0.0300     1.2213   68.3325     2.1410   53.6480        77.8020         0.7433       80.3328         1.7721       60.0220            82.7541  2236.4249       0.8333
  35    0.0300     1.2108   68.5345     2.1318   54.0940        78.1460         0.7023       81.4656         1.7465       60.6259            82.9801  2214.6809       0.8333
  36    0.0300     1.2054   68.5782     2.2008   52.6380        76.9640         0.6775       82.1047         1.7295       60.9880            83.2581  2217.0197       0.8333
  37    0.0300     1.1968   68.8066     2.1636   53.3140        77.5760         0.6595       82.6289         1.7186       61.3680            83.4941  2233.1338       0.8333
  38    0.0300     1.1890   68.9406     2.1398   53.6820        77.7461         0.6452       82.9747         1.7094       61.5700            83.6140  2216.7197       0.8333
  39    0.0300     1.1818   69.0839     2.1742   53.6060        77.8120         0.6337       83.2905         1.7035       61.7380            83.6781  2242.8284       0.8333
  40    0.0300     1.1744   69.2908     2.1438   53.6740        78.0201         0.6238       83.5338         1.7001       61.7780            83.8140  2225.7523       0.8333
----  --------  ---------  --------  ---------  --------  -------------  -------------  ------------  -------------  ------------  -----------------  ---------  -----------
  ep        lr    tr_loss    tr_acc    te_loss    te_acc    te_top5_acc    swa_tr_loss    swa_tr_acc    swa_te_loss    swa_te_acc    swa_te_top5_acc       time    mem_usage
----  --------  ---------  --------  ---------  --------  -------------  -------------  ------------  -------------  ------------  -----------------  ---------  -----------
  41    0.0300     1.1664   69.4443     2.1894   53.3160        77.2660         0.6164       83.7023         1.6972       61.8500            83.8840  2223.9942       0.8333
  42    0.0300     1.1616   69.4984     2.1604   54.0880        77.8441         0.6090       83.9087         1.6948       62.0220            83.9060  2222.2930       0.8333
  43    0.0300     1.1540   69.6654     2.1378   54.1780        78.1740         0.6025       84.0348         1.6923       62.0280            83.9760  2217.6175       0.8333
  44    0.0300     1.1483   69.8024     2.1448   53.9940        78.1080         0.5968       84.1972         1.6899       62.1160            83.9840  2225.7112       0.8333
  45    0.0300     1.1426   69.9238     2.1592   53.6320        77.8120         0.5919       84.3325         1.6880       62.2060            84.0640  2230.0762       0.8333
  46    0.0300     1.1364   70.0569     2.2496   52.9520        76.9260         0.5869       84.4605         1.6883       62.2180            84.0860  2244.4012       0.8333
  47    0.0300     1.1308   70.1453     2.2080   53.4400        77.4820         0.5818       84.5958         1.6870       62.2839            84.1480  2222.4673       0.8333
  48    0.0300     1.1250   70.2784     2.1417   54.2800        78.0601         0.5774       84.7024         1.6859       62.2840            84.1880  2224.3587       0.8333
  49    0.0300     1.1214   70.3477     2.1799   53.8880        77.8060         0.5736       84.8059         1.6850       62.3120            84.2100  2222.9137       0.8333
  50    0.0300     1.1164   70.4455     2.2260   53.7180        77.8241         0.5698       84.9186         1.6849       62.3940            84.2260  2224.4210       0.8333
