numpy imported
Preparing directory ../out/ImageNet32/WideResNet28x10/PadamX/seed=1_lr=0.03_wd=0.0003_swa_start=31.0_swa_lr=0.015/
Using model WideResNet28x10
Loading ImageNet32 from /jmain01/home/JAD017/sjr02/dxg49-sjr02/curvature/data/
You are going to run models on the test set. Are you sure?
Using train (1281167) + test (50000)
Preparing model
{'depth': 28, 'widen_factor': 10}
No Covariance Estimation
----  --------  ---------  --------  ---------  --------  -------------  -------------  ------------  -------------  ------------  -----------------  ---------  -----------
  ep        lr    tr_loss    tr_acc    te_loss    te_acc    te_top5_acc  swa_tr_loss    swa_tr_acc    swa_te_loss    swa_te_acc    swa_te_top5_acc         time    mem_usage
----  --------  ---------  --------  ---------  --------  -------------  -------------  ------------  -------------  ------------  -----------------  ---------  -----------
   1    0.0300     4.7438   12.5312     3.9041   21.1360        44.7080                                                                               3536.6378       0.6978
   2    0.0300     3.3160   29.6874     3.2207   31.0900        57.6020                                                                               2926.4312       0.6978
   3    0.0300     2.7989   38.2319     2.9340   36.8860        63.0840                                                                               2928.2766       0.6978
   4    0.0300     2.4952   43.5820     2.6890   40.9980        66.9720                                                                               2930.7047       0.6978
   5    0.0300     2.2871   47.4331     2.4932   44.4220        70.3260                                                                               2927.5872       0.6978
   6    0.0300     2.1323   50.3656     2.4107   46.2280        71.7740                                                                               2926.1100       0.6978
   7    0.0300     2.0136   52.5816     2.3664   47.3660        72.6380                                                                               2935.6820       0.6978
   8    0.0300     1.9168   54.4408     2.3140   48.6360        73.8600                                                                               2927.4835       0.6978
   9    0.0300     1.8366   56.0032     2.2757   49.0000        74.1420                                                                               2931.5111       0.6978
  10    0.0300     1.7703   57.3327     2.2143   50.2300        75.2721                                                                               2914.9811       0.6978
  11    0.0300     1.7129   58.4310     2.2348   50.0680        75.1460                                                                               2927.6746       0.6978
  12    0.0300     1.6644   59.3642     2.2368   50.0520        74.9161                                                                               2924.7317       0.6978
  13    0.0300     1.6201   60.2784     2.1512   51.7720        76.4060                                                                               2922.7521       0.6978
  14    0.0300     1.5825   61.0000     2.1885   51.4400        76.3060                                                                               2923.6062       0.6978
  15    0.0300     1.5472   61.6921     2.1562   52.1380        76.6280                                                                               2919.3333       0.6978
  16    0.0300     1.5161   62.3597     2.2011   51.4520        76.3220                                                                               2925.6668       0.6978
  17    0.0294     1.4771   63.1424     2.1187   52.8220        77.4780                                                                               2921.3687       0.6978
  18    0.0282     1.4294   64.1291     2.1392   52.6940        77.1960                                                                               2921.0248       0.6978
  19    0.0270     1.3823   65.1028     2.1208   52.6600        77.1860                                                                               2928.4910       0.6978
  20    0.0258     1.3387   66.0283     2.0892   54.0760        78.0100                                                                               2921.8570       0.6978
  21    0.0246     1.2927   66.9926     2.1155   53.4360        77.5740                                                                               2912.8888       0.6978
  22    0.0233     1.2478   67.9598     2.0780   54.5140        78.5280                                                                               2921.5779       0.6978
  23    0.0221     1.2041   68.8457     2.0797   54.5940        78.8361                                                                               2916.2789       0.6978
  24    0.0209     1.1577   69.8979     2.0947   54.5140        78.5700                                                                               2912.0355       0.6978
  25    0.0197     1.1122   70.8589     2.0848   54.9060        78.8181                                                                               2919.0373       0.6978
  26    0.0185     1.0663   71.8903     2.0930   55.1160        78.6180                                                                               2906.9575       0.6978
  27    0.0173     1.0154   73.0711     2.0866   55.2540        79.1700                                                                               2913.8399       0.6978
  28    0.0161     0.9652   74.1861     2.1511   54.7120        78.9280                                                                               2918.5548       0.6978
  29    0.0150     0.9159   75.3043     2.1561   55.1600        79.0000                                                                               2914.6225       0.6978
  30    0.0150     0.9023   75.5758     2.1395   55.3460        79.1041                                                                               2908.9688       0.6978
  31    0.0150     0.8942   75.6598     2.1792   55.0940        78.7620                                                                               2911.7440       0.6978
  32    0.0150     0.8853   75.8622     2.1863   54.9180        78.8220         0.7431       79.4785         2.0789       55.7800            79.5040  2915.0260       0.6978
  33    0.0150     0.8781   75.9559     2.1908   54.7060        78.7240         0.5436       85.3040         1.9392       58.5060            81.6080  2912.7102       0.8361
  34    0.0150     0.8699   76.1654     2.2455   54.5320        78.5280         0.4818       87.1215         1.9063       59.4560            82.1240  2923.8471       0.8361
  35    0.0150     0.8610   76.3306     2.2521   54.4100        78.0740         0.4478       88.1003         1.8849       59.9340            82.4600  2917.9377       0.8361
  36    0.0150     0.8532   76.4760     2.2568   54.3440        78.1900         0.4247       88.8064         1.8738       60.2080            82.7021  2912.4935       0.8361
  37    0.0150     0.8466   76.6364     2.2407   54.3220        78.1240         0.4077       89.2962         1.8686       60.3100            82.8480  2926.2975       0.8361
  38    0.0150     0.8380   76.7848     2.2472   54.3780        78.1460         0.3930       89.7088         1.8619       60.5700            82.9760  2920.3218       0.8361
  39    0.0150     0.8291   77.0154     2.2938   54.1500        77.9680         0.3819       90.0297         1.8589       60.6180            83.0161  2921.3408       0.8361
  40    0.0150     0.8216   77.1415     2.2574   54.1940        77.9400         0.3713       90.3416         1.8576       60.7300            83.1260  2911.1463       0.8361
----  --------  ---------  --------  ---------  --------  -------------  -------------  ------------  -------------  ------------  -----------------  ---------  -----------
  ep        lr    tr_loss    tr_acc    te_loss    te_acc    te_top5_acc    swa_tr_loss    swa_tr_acc    swa_te_loss    swa_te_acc    swa_te_top5_acc       time    mem_usage
----  --------  ---------  --------  ---------  --------  -------------  -------------  ------------  -------------  ------------  -----------------  ---------  -----------
  41    0.0150     0.8146   77.2643     2.2481   54.4880        78.3500         0.3632       90.5459         1.8565       60.8000            83.2000  2926.7392       0.8361
  42    0.0150     0.8069   77.4912     2.2856   54.7400        78.1900         0.3551       90.7839         1.8574       60.7780            83.2040  2922.8321       0.8361
  43    0.0150     0.7999   77.6388     2.2943   54.1300        78.0340         0.3479       90.9790         1.8582       60.8399            83.2480  2920.4024       0.8361
  44    0.0150     0.7912   77.8566     2.3161   54.2960        77.9300         0.3416       91.1635         1.8583       60.8720            83.2260  2921.0845       0.8361
  45    0.0150     0.7848   77.9468     2.3149   54.2020        77.9340         0.3356       91.3363         1.8584       60.9399            83.2420  2924.4896       0.8361
  46    0.0150     0.7785   78.1402     2.3091   54.2060        78.0401         0.3302       91.4807         1.8606       60.9440            83.2200  2910.3100       0.8361
  47    0.0150     0.7714   78.2977     2.3344   53.8500        77.5700         0.3247       91.6116         1.8616       60.9360            83.2540  2906.7399       0.8361
  48    0.0150     0.7644   78.4464     2.3293   54.2820        78.1361         0.3193       91.7904         1.8631       60.9140            83.2780  2915.2435       0.8361
  49    0.0150     0.7578   78.5988     2.3398   54.2700        78.1521         0.3145       91.9003         1.8649       60.9660            83.2601  2916.9876       0.8361
  50    0.0150     0.7538   78.6904     2.3531   53.9380        77.9641         0.3102       92.0184         1.8666       60.9520            83.2220  2916.9851       0.8361
