
	Python anaconda is now loaded in your environment.

numpy imported
Preparing directory ../out/ImageNet32/WideResNet28x10/SGDSWA/seed=1_lr=0.03_mom=0.9_wd=8e-06_start=30.0_slr=0.003/
Using model WideResNet28x10
Loading ImageNet32 from /jmain01/home/JAD017/sjr02/dxg49-sjr02/curvature/data/
You are going to run models on the test set. Are you sure?
Using train (1281167) + test (50000)
Preparing model
{'depth': 28, 'widen_factor': 10}
No Covariance Estimation
Linearly decaying learning rate schedule
----  --------  ---------  --------  ---------  --------  -------------  -------------  ------------  -------------  ------------  -----------------  ---------  -----------
  ep        lr    tr_loss    tr_acc    te_loss    te_acc    te_top5_acc  swa_tr_loss    swa_tr_acc    swa_te_loss    swa_te_acc    swa_te_top5_acc         time    mem_usage
----  --------  ---------  --------  ---------  --------  -------------  -------------  ------------  -------------  ------------  -----------------  ---------  -----------
   1    0.0300     4.6591   13.4614     3.7363   23.2640        47.8400                                                                               2892.6607       0.5556
   2    0.0300     3.2249   31.3283     3.0364   34.7780        60.6500                                                                               2889.6891       0.5556
   3    0.0300     2.6958   40.2161     2.6829   40.9240        66.6880                                                                               2887.6671       0.5556
   4    0.0300     2.3923   45.6540     2.4745   44.5900        70.4280                                                                               2884.0940       0.5556
   5    0.0300     2.1830   49.5297     2.3604   47.0680        72.4500                                                                               2886.6166       0.5556
   6    0.0300     2.0272   52.5056     2.2616   48.7380        74.1200                                                                               2883.4972       0.5556
   7    0.0300     1.9030   54.8868     2.1859   50.4320        75.1700                                                                               2883.4565       0.5556
   8    0.0300     1.7993   56.8933     2.1533   51.1800        75.9121                                                                               2881.2832       0.5556
   9    0.0300     1.7107   58.6109     2.1229   51.8920        76.6200                                                                               2881.5163       0.5556
  10    0.0300     1.6329   60.1876     2.1017   52.5840        76.9260                                                                               2881.7594       0.5556
  11    0.0300     1.5653   61.4950     2.0665   53.2940        77.6080                                                                               2886.7841       0.5556
  12    0.0300     1.5013   62.7970     2.0566   53.7000        78.0480                                                                               2880.0150       0.5556
  13    0.0300     1.4449   63.8962     2.0432   53.9480        78.1681                                                                               2882.8904       0.5556
  14    0.0300     1.3924   64.9539     2.0625   53.8640        78.2601                                                                               2880.2898       0.5556
  15    0.0300     1.3432   65.9737     2.0617   54.3140        78.2780                                                                               2882.3242       0.5556
  16    0.0300     1.2982   66.8170     2.0574   54.0940        78.4080                                                                               2882.1109       0.5556
  17    0.0278     1.2197   68.5598     2.0721   54.8160        78.5100                                                                               2880.0097       0.5556
  18    0.0255     1.1426   70.2398     2.0663   55.1679        78.9020                                                                               2880.5053       0.5556
  19    0.0232     1.0657   71.9101     2.0763   55.3420        78.9540                                                                               2881.2089       0.5556
  20    0.0210     0.9895   73.5867     2.1030   55.3800        79.3461                                                                               2881.3508       0.5556
  21    0.0188     0.9110   75.3808     2.1386   55.6220        79.1901                                                                               2882.4398       0.5556
  22    0.0165     0.8296   77.3426     2.1649   56.0020        79.3700                                                                               2878.9312       0.5556
  23    0.0143     0.7460   79.3598     2.2097   55.8920        79.5981                                                                               2879.2892       0.5556
  24    0.0120     0.6593   81.5240     2.2416   55.9200        79.4160                                                                               2878.2916       0.5556
  25    0.0097     0.5713   83.8708     2.3166   56.2000        79.4981                                                                               2880.4591       0.5556
  26    0.0075     0.4840   86.2733     2.3616   56.3780        79.5960                                                                               2881.3113       0.5556
  27    0.0053     0.4012   88.6525     2.4147   56.5200        79.6741                                                                               2883.2808       0.5556
  28    0.0030     0.3292   90.8270     2.4522   56.5280        79.7700                                                                               2878.1651       0.5556
  29    0.0030     0.3062   91.4909     2.4945   56.4160        79.7741                                                                               2880.9409       0.5556
  30    0.0030     0.2904   91.8878     2.5260   56.4720        79.8440                                                                               2878.0449       0.5556
  31    0.0030     0.2762   92.2336     2.5668   56.4140        79.6500         0.2466       93.2203         2.7365       55.6760            78.9461  5726.1344       0.6941
  32    0.0030     0.2644   92.5758     2.5943   56.1400        79.4320         0.2246       93.9909         2.7218       55.8260            79.1601  5726.7190       0.6941
  33    0.0030     0.2533   92.8766     2.6241   56.2500        79.5081         0.2127       94.3703         2.7266       55.9200            79.2600  5725.3520       0.6941
  34    0.0030     0.2427   93.1623     2.6535   55.9520        79.3420         0.2032       94.6625         2.7279       56.0200            79.3080  5726.5533       0.6941
  35    0.0030     0.2345   93.3950     2.6829   55.9680        79.4660         0.1962       94.8873         2.7697       55.7300            79.1140  5730.5544       0.6941
  36    0.0030     0.2238   93.6919     2.7090   55.8960        79.3101         0.1893       95.0682         2.7061       55.9140            79.2641  5725.7360       0.6941
  37    0.0030     0.2164   93.9112     2.7398   55.8740        79.2101         0.1836       95.2565         2.7441       56.0700            79.2220  5728.3835       0.6941
  38    0.0030     0.2077   94.1545     2.7620   55.7120        79.2621         0.1780       95.4356         2.7715       55.9200            79.1441  5727.7977       0.6941
  39    0.0030     0.2011   94.3443     2.7937   55.8560        79.0281         0.1727       95.5987         2.8153       55.7840            79.1721  5730.2456       0.6941
  40    0.0030     0.1931   94.6039     2.8147   55.6020        79.0681         0.1675       95.7508         2.8325       55.5960            79.1561  5732.0275       0.6941
----  --------  ---------  --------  ---------  --------  -------------  -------------  ------------  -------------  ------------  -----------------  ---------  -----------
  ep        lr    tr_loss    tr_acc    te_loss    te_acc    te_top5_acc    swa_tr_loss    swa_tr_acc    swa_te_loss    swa_te_acc    swa_te_top5_acc       time    mem_usage
----  --------  ---------  --------  ---------  --------  -------------  -------------  ------------  -------------  ------------  -----------------  ---------  -----------
  41    0.0030     0.1881   94.7421     2.8411   55.3560        78.9400         0.1629       95.8980         2.8231       55.7380            79.0681  5733.3143       0.6941
  42    0.0030     0.1813   94.9614     2.8660   55.4920        78.9680         0.1589       96.0125         2.8041       55.8080            79.1380  5729.0414       0.6941
  43    0.0030     0.1748   95.1296     2.8765   55.4040        79.0220         0.1545       96.1497         2.7873       55.9900            79.2681  5730.5698       0.6941
  44    0.0030     0.1691   95.2680     2.8982   55.3460        78.9500         0.1505       96.2453         2.8367       55.5360            79.2281  5729.1802       0.6941
  45    0.0030     0.1643   95.4292     2.9184   55.3400        78.8721         0.1470       96.3586         2.8412       55.8160            79.1740  5731.2909       0.6941
  46    0.0030     0.1588   95.6108     2.9478   55.3020        78.7941         0.1428       96.4781         2.8541       55.5720            79.0441  5730.7917       0.6941
  47    0.0030     0.1554   95.6981     2.9557   55.5020        78.7280         0.1397       96.5968         2.8967       55.6860            79.1921  5732.4291       0.6941
  48    0.0030     0.1512   95.8158     2.9804   55.0000        78.6501         0.1357       96.6990         2.9150       55.5120            79.1221  5732.1220       0.6941
  49    0.0030     0.1464   95.9558     2.9905   55.2160        78.6800         0.1326       96.7878         2.8920       55.3400            78.9581  5734.3484       0.6941
  50    0.0030     0.1431   96.0696     2.9969   55.3100        78.6180         0.1301       96.8455         2.8979       55.3320            78.8761  5735.1743       0.6941
