
	Python anaconda is now loaded in your environment.

numpy imported
Preparing directory /jmain01/home/JAD017/sjr02/dxg49-sjr02/kfac-curvature/out/ImageNet32/PreResNet110/AdamX/lr=0.003_wd=0.01_swa_start=176.0_swa_lr=0.003/
Using model PreResNet110
Loading ImageNet32 from /jmain01/home/JAD017/sjr02/dxg49-sjr02/curvature/data/
You are going to run models on the test set. Are you sure?
Using train (1281167) + test (50000)
Preparing model
{'depth': 110}
SWA-Gaussian training
----  --------  ---------  --------  ---------  --------  -------------  -------------  ------------  -----------------  ---------  -----------
  ep        lr    tr_loss    tr_acc    te_loss    te_acc    te_top5_acc  swa_te_loss    swa_te_acc    swa_te_top5_acc         time    mem_usage
----  --------  ---------  --------  ---------  --------  -------------  -------------  ------------  -----------------  ---------  -----------
   1    0.0030     4.8469   12.2631     4.1445   19.5360        40.7940                                                  1558.3264       0.0267
   2    0.0030     3.6545   25.7581     3.6312   26.9100        50.3040                                                  1554.4352       0.0267
   3    0.0030     3.3056   30.9765     3.3141   30.9860        55.6180                                                  1562.6407       0.0267
   4    0.0030     3.1161   34.0070     3.2843   31.7360        56.5540                                                  1561.4874       0.0267
   5    0.0030     3.0022   35.7896     3.3284   31.7160        56.4460                                                  1563.9144       0.0267
   6    0.0030     2.9231   37.0853     3.1455   33.6840        59.1560                                                  1567.7939       0.0267
   7    0.0030     2.8641   38.0686     3.1288   34.6460        59.6740                                                  1567.4533       0.0267
   8    0.0030     2.8189   38.8166     3.0795   34.9380        60.0180                                                  1564.5397       0.0267
   9    0.0030     2.7816   39.4477     3.0297   35.6060        61.2300                                                  1554.8374       0.0267
  10    0.0030     2.7506   39.9032     3.0337   35.4140        60.8780                                                  1562.4876       0.0267
  11    0.0030     2.7238   40.3947     2.9640   36.7300        62.2920                                                  1559.9751       0.0267
  12    0.0030     2.7037   40.7635     2.9565   37.1440        62.4760                                                  1559.5626       0.0267
  13    0.0030     2.6851   41.0861     2.9728   36.8260        62.1920                                                  1563.9939       0.0267
  14    0.0030     2.6707   41.2430     2.8900   37.9420        63.4260                                                  1562.7102       0.0267
  15    0.0030     2.6570   41.5091     2.9299   37.6740        62.9900                                                  1564.2553       0.0267
  16    0.0030     2.6460   41.7309     3.0309   36.0100        61.1580                                                  1562.4298       0.0267
  17    0.0030     2.6349   41.8742     2.8751   38.2660        63.7520                                                  1547.2013       0.0267
  18    0.0030     2.6249   42.0815     2.9365   37.5660        62.5480                                                  1494.9189       0.0267
  19    0.0030     2.6164   42.2078     2.8546   38.6340        64.0880                                                  1498.3085       0.0267
  20    0.0030     2.6099   42.3481     2.8553   38.3660        63.6900                                                  1497.6084       0.0267
  21    0.0030     2.6029   42.4171     2.8675   38.0380        63.8780                                                  1546.4662       0.0267
  22    0.0030     2.5960   42.5380     2.8646   38.7960        64.0819                                                  1554.1955       0.0267
  23    0.0030     2.5905   42.6935     2.8490   38.7620        64.1899                                                  1553.4759       0.0267
  24    0.0030     2.5832   42.7805     2.8592   38.3080        64.0920                                                  1544.5416       0.0267
  25    0.0030     2.5792   42.8246     2.8655   38.6540        64.1740                                                  1555.1174       0.0267
  26    0.0030     2.5754   42.9410     2.8637   38.6060        63.8940                                                  1554.0389       0.0267
  27    0.0030     2.5695   43.0098     2.9181   37.6420        63.4900                                                  1545.5150       0.0267
  28    0.0030     2.5651   43.0827     2.8197   39.1380        64.8920                                                  1546.5675       0.0267
  29    0.0030     2.5615   43.1699     2.8165   39.2560        64.9560                                                  1544.0747       0.0267
  30    0.0030     2.5576   43.2719     2.8296   38.9020        64.3860                                                  1547.5443       0.0267
  31    0.0030     2.5547   43.2574     2.8488   38.6940        64.3740                                                  1555.0279       0.0267
  32    0.0030     2.5505   43.3470     2.8099   39.4780        65.2380                                                  1555.3056       0.0267
  33    0.0030     2.5474   43.3929     2.8000   39.2520        64.9020                                                  1555.0228       0.0267
  34    0.0030     2.5450   43.4452     2.7893   39.4240        65.2000                                                  1550.3588       0.0267
  35    0.0030     2.5431   43.5274     2.8091   38.9960        64.8360                                                  1548.7934       0.0267
  36    0.0030     2.5407   43.5056     2.8331   38.9580        64.2140                                                  1549.0205       0.0267
  37    0.0030     2.5372   43.5405     2.8594   38.5180        63.8380                                                  1547.9364       0.0267
  38    0.0030     2.5345   43.6395     2.8153   39.0480        64.8400                                                  1544.5898       0.0267
  39    0.0030     2.5317   43.6803     2.8008   39.5720        65.0760                                                  1548.1542       0.0267
  40    0.0030     2.5285   43.7219     2.8200   39.2140        64.5219                                                  1528.8819       0.0267
----  --------  ---------  --------  ---------  --------  -------------  -------------  ------------  -----------------  ---------  -----------
  ep        lr    tr_loss    tr_acc    te_loss    te_acc    te_top5_acc  swa_te_loss    swa_te_acc    swa_te_top5_acc         time    mem_usage
----  --------  ---------  --------  ---------  --------  -------------  -------------  ------------  -----------------  ---------  -----------
  41    0.0030     2.5274   43.7183     2.7672   39.7740        65.6619                                                  1501.4838       0.0267
  42    0.0030     2.5265   43.7819     2.7846   39.5460        65.1980                                                  1498.7095       0.0267
  43    0.0030     2.5236   43.8250     2.7659   40.0080        65.6340                                                  1495.0870       0.0267
  44    0.0030     2.5222   43.8287     2.8091   39.1680        64.9160                                                  1499.3859       0.0267
  45    0.0030     2.5207   43.9336     2.7790   39.9160        65.3760                                                  1500.6873       0.0267
  46    0.0030     2.5186   43.9138     2.7810   39.7920        65.5180                                                  1500.0129       0.0267
  47    0.0030     2.5180   43.9006     2.7965   39.6420        65.2400                                                  1490.9262       0.0267
  48    0.0030     2.5170   43.9456     2.7502   40.6260        65.9400                                                  1492.7084       0.0267
  49    0.0030     2.5144   43.9947     2.7685   39.6860        65.6199                                                  1496.0582       0.0267
  50    0.0030     2.5119   44.0630     2.7679   39.9980        65.5320                                                  1492.1253       0.0267
  51    0.0030     2.5123   44.0186     2.7700   39.9100        65.6140                                                  1492.7412       0.0267
  52    0.0030     2.5113   44.0486     2.8236   39.0500        64.5920                                                  1491.7133       0.0267
  53    0.0030     2.5105   44.0231     2.7843   39.6320        65.5060                                                  1492.1512       0.0267
  54    0.0030     2.5087   44.0738     2.7462   40.5940        65.9900                                                  1491.4324       0.0267
  55    0.0030     2.5056   44.1475     2.7456   40.1120        66.0340                                                  1494.6666       0.0267
  56    0.0030     2.5059   44.2055     2.7848   39.3860        65.2660                                                  1506.0680       0.0267
  57    0.0030     2.5052   44.1600     2.7288   40.8520        66.4240                                                  1496.4194       0.0267
  58    0.0030     2.5037   44.1676     2.7858   39.8080        65.1380                                                  1487.1259       0.0267
  59    0.0030     2.5028   44.1458     2.7679   40.1940        65.8600                                                  1487.7600       0.0267
  60    0.0030     2.5012   44.1814     2.7626   40.5940        65.6880                                                  1491.0795       0.0267
  61    0.0030     2.4994   44.2424     2.7745   39.9860        65.6660                                                  1511.6284       0.0267
  62    0.0030     2.4986   44.2928     2.7300   40.7060        66.1320                                                  1509.9674       0.0267
  63    0.0030     2.4977   44.2490     2.8297   39.1240        64.6600                                                  1511.0968       0.0267
  64    0.0030     2.4972   44.3069     2.8180   39.1360        64.5760                                                  1490.2331       0.0267
  65    0.0030     2.4953   44.2793     2.7543   40.0820        65.8800                                                  1514.4320       0.0267
  66    0.0030     2.4939   44.3459     2.7362   40.7140        66.0440                                                  1538.1593       0.0267
  67    0.0030     2.4938   44.3085     2.7183   40.6740        66.2800                                                  1542.7374       0.0267
  68    0.0030     2.4935   44.3165     2.7314   40.3020        66.1820                                                  1548.1674       0.0267
  69    0.0030     2.4933   44.3110     2.7847   40.2940        65.3259                                                  1532.9191       0.0267
  70    0.0030     2.4919   44.3599     2.7218   40.8140        66.3720                                                  1513.2751       0.0267
  71    0.0030     2.4908   44.4068     2.7630   40.1460        65.6800                                                  1549.6709       0.0267
  72    0.0030     2.4905   44.3774     2.7546   40.5620        65.7360                                                  1522.1825       0.0267
  73    0.0030     2.4908   44.3863     2.7052   40.7660        66.4640                                                  1536.1834       0.0267
  74    0.0030     2.4888   44.4653     2.7395   40.6680        66.0500                                                  1542.5290       0.0267
  75    0.0030     2.4892   44.4058     2.7731   39.9140        65.2279                                                  1542.6188       0.0267
  76    0.0030     2.4870   44.4623     2.6926   41.0880        66.7100                                                  1539.6884       0.0267
  77    0.0030     2.4864   44.4955     2.7394   40.2860        66.0139                                                  1545.0873       0.0267
  78    0.0030     2.4851   44.4691     2.7839   39.7460        65.0940                                                  1538.5857       0.0267
  79    0.0030     2.4853   44.4567     2.7516   40.3760        65.7379                                                  1548.6057       0.0267
  80    0.0030     2.4849   44.5150     2.7236   40.6760        66.2160                                                  1634.5135       0.0267
----  --------  ---------  --------  ---------  --------  -------------  -------------  ------------  -----------------  ---------  -----------
  ep        lr    tr_loss    tr_acc    te_loss    te_acc    te_top5_acc  swa_te_loss    swa_te_acc    swa_te_top5_acc         time    mem_usage
----  --------  ---------  --------  ---------  --------  -------------  -------------  ------------  -----------------  ---------  -----------
  81    0.0030     2.4835   44.5552     2.7848   40.0200        65.6300                                                  1541.4684       0.0267
  82    0.0030     2.4818   44.5078     2.7594   40.3980        65.8300                                                  1542.4004       0.0267
  83    0.0030     2.4826   44.5427     2.7547   40.2740        66.0320                                                  1544.4428       0.0267
  84    0.0030     2.4817   44.4943     2.7734   39.8900        65.4480                                                  1541.8236       0.0267
  85    0.0030     2.4808   44.5504     2.7417   40.4640        65.8260                                                  1540.3540       0.0267
  86    0.0030     2.4811   44.5410     2.7262   41.1340        66.7160                                                  1548.1211       0.0267
  87    0.0030     2.4796   44.5408     2.7567   40.1420        65.8560                                                  1542.2152       0.0267
  88    0.0030     2.4793   44.5207     2.7668   39.9000        65.7960                                                  1545.5344       0.0267
  89    0.0030     2.4785   44.5584     2.7424   40.7040        65.8140                                                  1543.4760       0.0267
  90    0.0030     2.4784   44.5628     2.7096   40.8460        66.7439                                                  1545.2354       0.0267
  91    0.0030     2.4766   44.6330     2.7144   40.7460        66.5360                                                  1551.5460       0.0267
  92    0.0030     2.4773   44.5843     2.7549   40.2760        65.6400                                                  1550.9445       0.0267
  93    0.0030     2.4755   44.6409     2.7364   40.9080        66.2500                                                  1547.7439       0.0267
  94    0.0030     2.4770   44.5668     2.7763   39.6640        65.3640                                                  1528.4496       0.0267
  95    0.0030     2.4767   44.6021     2.7498   40.7440        66.0360                                                  1515.4207       0.0267
  96    0.0030     2.4748   44.6435     2.7124   40.6320        66.3820                                                  1522.4197       0.0267
  97    0.0030     2.4748   44.6682     2.7550   40.1760        65.7160                                                  1521.8079       0.0267
  98    0.0030     2.4754   44.6263     2.7548   40.4700        65.7859                                                  1517.0424       0.0267
  99    0.0030     2.4743   44.6637     2.7384   40.0380        66.1560                                                  1556.4105       0.0267
 100    0.0030     2.4737   44.6822     2.7047   41.0120        66.2540                                                  1559.6124       0.0267
 101    0.0030     2.4742   44.7159     2.7435   40.4060        66.0720                                                  1562.2044       0.0267
 102    0.0030     2.4715   44.7281     2.7627   40.3700        65.8900                                                  1539.9042       0.0267
 103    0.0030     2.4719   44.7370     2.7235   40.6760        66.5220                                                  1514.6860       0.0267
 104    0.0030     2.4720   44.7530     2.7247   40.6700        66.2480                                                  1579.2839       0.0267
 105    0.0030     2.4713   44.7714     2.7718   40.2040        65.5420                                                  1592.7496       0.0267
 106    0.0030     2.4726   44.6762     2.6721   41.2780        67.0540                                                  1584.6120       0.0267
 107    0.0030     2.4708   44.7687     2.7510   40.5560        65.7860                                                  1588.7130       0.0267
 108    0.0030     2.4699   44.7462     2.7645   40.1760        65.9679                                                  1591.9642       0.0267
 109    0.0030     2.4694   44.7914     2.7558   40.0220        65.4140                                                  1582.5988       0.0267
 110    0.0030     2.4682   44.7662     2.7491   40.3600        66.0920                                                  1590.9749       0.0267
 111    0.0030     2.4702   44.7208     2.7461   40.1220        66.0440                                                  1582.9216       0.0267
 112    0.0030     2.4687   44.8128     2.7511   40.3580        65.9340                                                  1578.8588       0.0267
 113    0.0030     2.4691   44.7250     2.7335   40.8300        66.1880                                                  1581.5861       0.0267
 114    0.0030     2.4674   44.8315     2.7532   40.2680        65.8000                                                  1584.8223       0.0267
 115    0.0030     2.4675   44.7501     2.7509   40.6060        66.2420                                                  1583.8330       0.0267
 116    0.0030     2.4675   44.8097     2.7236   40.6520        66.5180                                                  1577.3657       0.0267
 117    0.0030     2.4674   44.7719     2.7013   41.0820        66.4460                                                  1581.2844       0.0267
 118    0.0030     2.4659   44.8397     2.7708   40.0800        65.6360                                                  1571.9150       0.0267
 119    0.0030     2.4665   44.8475     2.7106   40.7720        66.7200                                                  1574.2965       0.0267
 120    0.0030     2.4664   44.8079     2.7243   40.7900        66.3960                                                  1576.6938       0.0267
----  --------  ---------  --------  ---------  --------  -------------  -------------  ------------  -----------------  ---------  -----------
  ep        lr    tr_loss    tr_acc    te_loss    te_acc    te_top5_acc  swa_te_loss    swa_te_acc    swa_te_top5_acc         time    mem_usage
----  --------  ---------  --------  ---------  --------  -------------  -------------  ------------  -----------------  ---------  -----------
 121    0.0030     2.4655   44.7814     2.6969   41.5000        66.6680                                                  1576.9795       0.0267
 122    0.0030     2.4655   44.8159     2.7276   40.8440        66.2080                                                  1575.9613       0.0267
 123    0.0030     2.4659   44.7844     2.7253   40.8480        66.4440                                                  1585.0384       0.0267
 124    0.0030     2.4662   44.8006     2.7413   40.1120        66.0680                                                  1575.2692       0.0267
 125    0.0030     2.4657   44.8497     2.8020   39.7180        65.3060                                                  1580.2596       0.0267
 126    0.0030     2.4661   44.8524     2.7593   40.4680        65.8440                                                  1580.5030       0.0267
 127    0.0030     2.4647   44.8370     2.7341   40.7400        66.1360                                                  1586.8541       0.0267
 128    0.0030     2.4639   44.8416     2.7402   40.6880        66.0500                                                  1544.2234       0.0267
 129    0.0030     2.4642   44.8325     2.7142   40.7460        66.5840                                                  1541.7326       0.0267
 130    0.0030     2.4641   44.8387     2.7077   40.9380        66.4940                                                  1543.7259       0.0267
 131    0.0030     2.4636   44.8828     2.7756   40.1040        65.5660                                                  1543.7578       0.0267
 132    0.0030     2.4623   44.8529     2.7150   41.2660        66.5420                                                  1558.0263       0.0267
 133    0.0030     2.4624   44.8484     2.7490   40.3060        65.7460                                                  1539.2309       0.0267
 134    0.0030     2.4614   44.8999     2.6664   41.5560        67.2400                                                  1538.8524       0.0267
 135    0.0030     2.4621   44.8907     2.7106   41.1200        66.6520                                                  1541.6465       0.0267
 136    0.0030     2.4618   44.8691     2.7063   40.9660        66.5160                                                  1545.4208       0.0267
 137    0.0030     2.4619   44.9009     2.7737   40.2340        65.3700                                                  1559.7996       0.0267
 138    0.0030     2.4621   44.8819     2.6858   41.5700        67.1080                                                  1540.5644       0.0267
 139    0.0030     2.4614   44.8850     2.7759   39.7580        65.4940                                                  1568.8719       0.0267
 140    0.0030     2.4605   44.9195     2.7254   40.7540        66.2580                                                  1569.6594       0.0267
 141    0.0030     2.4605   44.9190     2.7824   39.6940        65.4140                                                  1568.7675       0.0267
 142    0.0030     2.4600   44.9359     2.7149   41.0300        66.5620                                                  1569.2535       0.0267
 143    0.0030     2.4612   44.8831     2.7376   40.8800        66.1620                                                  1569.4977       0.0267
 144    0.0030     2.4614   44.9304     2.7114   41.0820        66.4780                                                  1570.4809       0.0267
 145    0.0030     2.4607   44.9221     2.7620   40.2760        65.5760                                                  1568.6353       0.0267
 146    0.0030     2.4612   44.9027     2.8238   39.0940        64.9660                                                  1563.6612       0.0267
 147    0.0030     2.4586   44.9430     2.7047   41.1160        66.6120                                                  1561.1956       0.0267
 148    0.0030     2.4588   44.9952     2.7373   40.8520        66.2260                                                  1565.0651       0.0267
 149    0.0030     2.4595   44.9828     2.7282   40.7520        66.2120                                                  1574.3660       0.0267
 150    0.0030     2.4591   44.9343     2.7156   41.0920        66.8000                                                  1574.9990       0.0267
 151    0.0030     2.4571   44.9210     2.6979   41.4600        66.7000                                                  1571.7360       0.0267
 152    0.0030     2.4585   44.9796     2.7102   40.9260        66.5940                                                  1570.5124       0.0267
 153    0.0030     2.4573   44.9898     2.7453   40.5360        65.9800                                                  1601.9354       0.0267
 154    0.0030     2.4581   44.9571     2.7551   40.4020        65.7780                                                  1600.2768       0.0267
 155    0.0030     2.4577   44.9767     2.7088   41.0740        66.5000                                                  1573.9351       0.0267
 156    0.0030     2.4561   45.0080     2.7299   40.6080        66.1740                                                  1573.2247       0.0267
 157    0.0030     2.4557   44.9799     2.6604   41.7240        67.2500                                                  1574.3367       0.0267
 158    0.0030     2.4571   45.0088     2.7132   40.7220        66.1860                                                  1573.5517       0.0267
 159    0.0030     2.4574   45.0179     2.6983   40.7860        66.5380                                                  1570.1277       0.0267
 160    0.0030     2.4558   45.0294     2.7573   40.0380        65.6120                                                  1571.2151       0.0267
----  --------  ---------  --------  ---------  --------  -------------  -------------  ------------  -----------------  ---------  -----------
  ep        lr    tr_loss    tr_acc    te_loss    te_acc    te_top5_acc  swa_te_loss    swa_te_acc    swa_te_top5_acc         time    mem_usage
----  --------  ---------  --------  ---------  --------  -------------  -------------  ------------  -----------------  ---------  -----------
 161    0.0030     2.4559   45.0165     2.7304   40.8800        66.2360                                                  1569.8084       0.0267
 162    0.0030     2.4551   44.9957     2.7282   40.6140        66.1360                                                  1573.3760       0.0267
 163    0.0030     2.4575   44.9695     2.7477   40.6220        66.0700                                                  1569.9805       0.0267
 164    0.0030     2.4559   45.0127     2.6901   41.5560        66.9060                                                  1579.1299       0.0267
 165    0.0030     2.4546   45.0146     2.7362   40.4220        66.1060                                                  1578.5585       0.0267
 166    0.0030     2.4562   45.0158     2.7171   40.7560        66.5720                                                  1582.0167       0.0267
 167    0.0030     2.4544   45.0272     2.7948   39.8060        65.1860                                                  1584.6348       0.0267
 168    0.0030     2.4553   45.0424     2.6426   42.0180        67.5399                                                  1578.9853       0.0267
 169    0.0030     2.4542   45.0215     2.7301   40.6460        66.2659                                                  1574.9923       0.0267
 170    0.0030     2.4564   44.9679     2.7159   40.9520        66.4820                                                  1575.8786       0.0267
 171    0.0030     2.4534   45.0172     2.7167   40.9240        66.3980                                                  1576.0320       0.0267
 172    0.0030     2.4549   45.0461     2.7105   41.1160        66.7479                                                  1575.8962       0.0267
 173    0.0030     2.4538   45.0665     2.7169   40.7920        66.5700                                                  1575.6728       0.0267
 174    0.0030     2.4551   44.9797     2.7100   41.0480        66.7660                                                  1578.5291       0.0267
 175    0.0030     2.4545   45.0163     2.7048   41.0780        66.9180                                                  1582.8782       0.0267
 176    0.0030     2.4535   45.0154     2.7624   40.3960        66.0660                                                  1571.8911       0.0267
177    0.0030    2.4543   45.0367    2.7682    40.1160   65.9420     2.6485   41.9840        67.6740         2.6485       41.9840            67.6740  1557.1564       0.0267
178    0.0030    2.6979   40.9093    2.8422    38.4920   64.2819     2.4070   46.2900        71.4920         2.4070       46.2900            71.4920  1596.2434       0.0320
179    0.0030    2.7397   40.2406    2.8324    38.7200   64.5879     2.3624   47.2660        72.2540         2.3624       47.2660            72.2540  1601.4787       0.0320
180    0.0030    2.7592   39.9151    2.8508    38.7160   64.1240     2.3434   47.5540        72.5900         2.3434       47.5540            72.5900  1598.2737       0.0320
181    0.0030    2.7685   39.7499    2.8162    38.9620   64.3779     2.3415   47.5560        72.5160         2.3415       47.5560            72.5160  1602.4905       0.0320
182    0.0030    2.7747   39.6439    2.8353    38.5020   64.3300     2.3406   47.5460        72.5260         2.3406       47.5460            72.5260  1602.8941       0.0320
183    0.0030    2.7861   39.4607    2.8619    38.3700   63.6440     2.3431   47.5940        72.4620         2.3431       47.5940            72.4620  1599.0253       0.0320
184    0.0030    2.7901   39.3963    2.8354    38.7040   64.3280     2.3400   47.8720        72.4700         2.3400       47.8720            72.4700  1605.8165       0.0320
185    0.0030    2.7947   39.3078    2.8239    39.1860   64.5540     2.3451   47.6640        72.3440         2.3451       47.6640            72.3440  1605.2116       0.0320
186    0.0030    2.7997   39.2397    2.8941    38.0140   63.5160     2.3546   47.5140        72.2360         2.3546       47.5140            72.2360  1606.9662       0.0320
187    0.0030    2.8058   39.1616    2.8771    38.1700   63.7280     2.3511   47.5260        72.2980         2.3511       47.5260            72.2980  1600.0373       0.0320
188    0.0030    2.8073   39.1510    2.8854    37.8900   63.5779     2.3536   47.6040        72.2860         2.3536       47.6040            72.2860  1599.4783       0.0320
189    0.0030    2.8114   39.0358    2.8923    37.5980   63.1220     2.3530   47.6060        72.2820         2.3530       47.6060            72.2820  1598.4258       0.0320
190    0.0030    2.8149   39.0663    2.8836    37.8500   63.4280     2.3603   47.4820        72.2340         2.3603       47.4820            72.2340  1601.7881       0.0320
191    0.0030    2.8194   38.9272    2.8744    38.1460   63.7380     2.3645   47.5440        72.0060         2.3645       47.5440            72.0060  1597.6756       0.0320
192    0.0030    2.8193   38.9089    2.8692    38.2520   63.9600     2.3660   47.4040        71.9460         2.3660       47.4040            71.9460  1601.9825       0.0320
193    0.0030    2.8214   38.8433    2.8823    37.9760   63.5540     2.3801   47.2460        71.8320         2.3801       47.2460            71.8320  1603.3736       0.0320
194    0.0030    2.8247   38.8766    2.8683    38.3160   63.8320     2.3731   47.3560        71.8580         2.3731       47.3560            71.8580  1602.2346       0.0320
195    0.0030    2.8241   38.8193    2.8805    37.8860   63.6300     2.3829   47.1720        71.7000         2.3829       47.1720            71.7000  1622.0487       0.0320
196    0.0030    2.8259   38.8228    2.8977    37.8160   63.3220     2.3860   47.0820        71.6680         2.3860       47.0820            71.6680  1599.9832       0.0320
197    0.0030    2.8301   38.7828    2.8527    38.5720   64.0500     2.3947   46.9320        71.6280         2.3947       46.9320            71.6280  1606.5382       0.0320
198    0.0030    2.8318   38.7434    2.9240    37.6920   63.1400     2.3938   46.8440        71.5060         2.3938       46.8440            71.5060  1602.4037       0.0320
199    0.0030    2.8348   38.7033    2.9014    37.9740   63.2420     2.3960   46.8860        71.4800         2.3960       46.8860            71.4800  1606.9617       0.0320
200    0.0030    2.8348   38.6658    2.9210    37.3360   62.8100     2.3954   46.9040        71.4620         2.3954       46.9040            71.4620  1605.2407       0.0320
---  --------  --------  --------  --------  ---------  --------  ---------  --------  -------------  -------------  ------------  -----------------  ---------  -----------
                               ep        lr    tr_loss    tr_acc    te_loss    te_acc    te_top5_acc    swa_te_loss    swa_te_acc    swa_te_top5_acc       time    mem_usage
---  --------  --------  --------  --------  ---------  --------  ---------  --------  -------------  -------------  ------------  -----------------  ---------  -----------
201    0.0030    2.8381   38.6451    2.9213    37.5380   62.9680     2.4011   46.8460        71.4800         2.4011       46.8460            71.4800  1599.3301       0.0320
202    0.0030    2.8422   38.5956    2.9809    36.9740   62.3000     2.4022   46.8220        71.3700         2.4022       46.8220            71.3700  1599.9686       0.0320
203    0.0030    2.8402   38.6042    2.9823    36.8440   62.1700     2.4104   46.6900        71.3000         2.4104       46.6900            71.3000  1603.4649       0.0320
204    0.0030    2.8445   38.5405    2.9618    36.8420   62.1099     2.4164   46.6000        71.1420         2.4164       46.6000            71.1420  1605.4453       0.0320
205    0.0030    2.8449   38.5704    2.8979    37.8680   63.3000     2.4173   46.6360        71.1840         2.4173       46.6360            71.1840  1595.7515       0.0320
206    0.0030    2.8470   38.4809    2.8935    38.2320   63.4080     2.4230   46.4000        71.0520         2.4230       46.4000            71.0520  1599.3686       0.0320
207    0.0030    2.8475   38.4958    2.8827    38.4900   63.4619     2.4217   46.6100        71.0960         2.4217       46.6100            71.0960  1600.6545       0.0320
208    0.0030    2.8512   38.4450    2.9445    36.9440   62.4560     2.4286   46.2560        70.8760         2.4286       46.2560            70.8760  1600.7781       0.0320
209    0.0030    2.8512   38.4304    2.9153    38.2480   63.4000     2.4345   46.1900        70.8740         2.4345       46.1900            70.8740  1605.8050       0.0320
210    0.0030    2.8511   38.4619    2.8818    38.0880   63.6740     2.4337   46.2460        70.9240         2.4337       46.2460            70.9240  1602.7171       0.0320
211    0.0030    2.8532   38.3596    2.9006    38.0520   63.4800     2.4361   46.2540        70.7860         2.4361       46.2540            70.7860  1600.6947       0.0320
212    0.0030    2.8547   38.3706    2.8965    37.8280   63.1220     2.4375   46.1620        70.7300         2.4375       46.1620            70.7300  1597.1094       0.0320
213    0.0030    2.8544   38.3659    2.8734    38.2500   63.6540     2.4531   45.9860        70.5060         2.4531       45.9860            70.5060  1599.5536       0.0320
214    0.0030    2.8576   38.3123    2.8896    37.9500   63.3679     2.4491   45.9840        70.5680         2.4491       45.9840            70.5680  1557.1804       0.0320
215    0.0030    2.8575   38.3397    2.9138    37.6980   63.0840     2.4517   45.8400        70.5019         2.4517       45.8400            70.5019  1555.5970       0.0320
216    0.0030    2.8585   38.2911    2.9101    37.7460   63.2320     2.4649   45.7320        70.2900         2.4649       45.7320            70.2900  1552.4845       0.0320
217    0.0030    2.8607   38.2736    2.8955    37.9580   63.3960     2.4555   45.9260        70.4900         2.4555       45.9260            70.4900  1573.1915       0.0320
218    0.0030    2.8593   38.3222    2.9092    37.8300   62.6820     2.4652   45.7080        70.3880         2.4652       45.7080            70.3880  1560.5860       0.0320
219    0.0030    2.8647   38.2121    2.9581    36.9520   62.1820     2.4681   45.6400        70.2960         2.4681       45.6400            70.2960  1553.8677       0.0320
220    0.0030    2.8632   38.2063    2.9324    37.2620   62.7020     2.4735   45.4680        70.1040         2.4735       45.4680            70.1040  1574.4400       0.0320
221    0.0030    2.8669   38.1703    2.9413    37.4760   62.8600     2.4753   45.4700        70.1000         2.4753       45.4700            70.1000  1583.9005       0.0320
222    0.0030    2.8670   38.1609    2.9360    37.4300   62.7300     2.4760   45.6000        70.0800         2.4760       45.6000            70.0800  1582.5474       0.0320
223    0.0030    2.8668   38.1938    2.9241    37.4520   63.0200     2.4721   45.5280        70.1820         2.4721       45.5280            70.1820  1590.7763       0.0320
Traceback (most recent call last):
  File "../run_adam.py", line 283, in <module>
    state_dict=swag_model.state_dict(),
  File "/jmain01/home/JAD017/sjr02/dxg49-sjr02/kfac-curvature/curvature/utils.py", line 16, in save_checkpoint
    torch.save(state, filepath)
  File "/jmain01/home/JAD017/sjr02/dxg49-sjr02/.conda/envs/diegorubin/lib/python3.7/site-packages/torch/serialization.py", line 260, in save
    return _with_file_like(f, "wb", lambda f: _save(obj, f, pickle_module, pickle_protocol))
  File "/jmain01/home/JAD017/sjr02/dxg49-sjr02/.conda/envs/diegorubin/lib/python3.7/site-packages/torch/serialization.py", line 183, in _with_file_like
    f = open(f, mode)
OSError: [Errno 27] File too large: '/jmain01/home/JAD017/sjr02/dxg49-sjr02/kfac-curvature/out/ImageNet32/PreResNet110/AdamX/lr=0.003_wd=0.01_swa_start=176.0_swa_lr=0.003/swag-00223.pt'
