
	Python anaconda is now loaded in your environment.

numpy imported
Preparing directory ../out/ImageNet32/WideResNet28x10/PadamX/seed=1_lr=0.03_wd=0.0001_swa_start=10.0_swa_lr=0.03/
Using model WideResNet28x10
Loading ImageNet32 from /jmain01/home/JAD017/sjr02/dxg49-sjr02/curvature/data/
You are going to run models on the test set. Are you sure?
Using train (1281167) + test (50000)
Preparing model
{'depth': 28, 'widen_factor': 10}
No Covariance Estimation
----  --------  ---------  --------  ---------  --------  -------------  -------------  ------------  -------------  ------------  -----------------  ---------  -----------
  ep        lr    tr_loss    tr_acc    te_loss    te_acc    te_top5_acc  swa_tr_loss    swa_tr_acc    swa_te_loss    swa_te_acc    swa_te_top5_acc         time    mem_usage
----  --------  ---------  --------  ---------  --------  -------------  -------------  ------------  -------------  ------------  -----------------  ---------  -----------
   1    0.0300     4.7418   12.5757     3.9233   21.0200        44.7920                                                                               2341.1206       0.6950
   2    0.0300     3.3046   29.8637     3.1922   31.6420        58.0159                                                                               2305.5998       0.6950
   3    0.0300     2.7815   38.5800     2.8603   38.1920        64.2360                                                                               2299.2939       0.6950
   4    0.0300     2.4694   44.1380     2.6630   41.6340        67.5759                                                                               2283.1413       0.6950
   5    0.0300     2.2523   48.1139     2.4956   44.7340        70.4179                                                                               2285.1328       0.6950
   6    0.0300     2.0864   51.2489     2.3882   46.8160        72.2040                                                                               2293.3745       0.6950
   7    0.0300     1.9543   53.7726     2.3032   48.4800        73.8060                                                                               2296.7889       0.6950
   8    0.0300     1.8433   55.9489     2.2706   49.6580        74.6440                                                                               2281.6472       0.6950
   9    0.0300     1.7487   57.7755     2.1988   50.4500        75.5400                                                                               2298.3694       0.6950
  10    0.0300     1.6656   59.4312     2.1695   51.4280        76.2040                                                                               2296.7131       0.6950
  11    0.0300     1.5933   60.8942     2.1776   51.4300        76.3820         1.4701       63.4180         2.1360       51.9240            76.8280  2289.4361       0.6950
  12    0.0300     1.5541   61.6184     2.1491   52.2740        76.9260         1.2605       68.3534         1.9722       55.6800            79.5660  2288.5351       0.8339
  13    0.0300     1.5117   62.4477     2.1631   52.1780        76.8841         1.1830       70.1664         1.9278       56.5460            80.2740  2290.0788       0.8339
  14    0.0300     1.4732   63.2114     2.1536   52.4240        77.2340         1.1299       71.4316         1.9007       57.2500            80.7460  2276.3867       0.8339
  15    0.0300     1.4392   63.8901     2.1338   52.7760        77.2000         1.0895       72.3952         1.8695       57.5940            80.9521  2294.5902       0.8339
  16    0.0300     1.4045   64.5456     2.1599   52.7000        77.0920         1.0552       73.2050         1.8647       58.0760            81.2440  2279.0039       0.8339
  17    0.0300     1.3740   65.1946     2.1529   53.1420        77.5680         1.0257       73.8529         1.8455       58.4120            81.4920  2282.6947       0.8339
  18    0.0300     1.3470   65.7471     2.1447   53.3360        77.5140         0.9998       74.4817         1.8435       58.5720            81.5400  2283.8601       0.8339
  19    0.0300     1.3215   66.2206     2.1442   52.9600        77.5240         0.9765       75.0528         1.8381       58.7720            81.6820  2290.5204       0.8339
  20    0.0300     1.2936   66.8028     2.1749   53.0800        77.4901         0.9558       75.5360         1.8308       58.8140            81.8260  2342.7944       0.8339
  21    0.0300     1.2716   67.2648     2.2114   52.4560        76.8060         0.9372       75.9529         1.8339       58.9400            81.8241  2292.8378       0.8339
  22    0.0300     1.2498   67.6406     2.1368   53.6300        77.8560         0.9189       76.3903         1.8265       59.0820            82.0780  2269.2914       0.8339
  23    0.0300     1.2298   68.1244     2.1973   52.9420        77.3560         0.9015       76.8000         1.8318       59.2800            82.1020  2306.0283       0.8339
  24    0.0300     1.2095   68.4950     2.2066   53.3320        77.3000         0.8849       77.1499         1.8213       59.3280            82.1800  2680.5531       0.8339
  25    0.0300     1.1914   68.8556     2.1918   53.4740        77.5921         0.8694       77.5500         1.8370       59.2320            82.1021  2653.9422       0.8339
  26    0.0300     1.1738   69.2302     2.1849   53.4540        77.4940         0.8557       77.8198         1.8111       59.5800            82.2921  2671.3564       0.8339
  27    0.0300     1.1569   69.5840     2.2272   53.3280        77.7000         0.8413       78.1722         1.8342       59.6920            82.4400  2684.5503       0.8339
  28    0.0300     1.1395   69.9290     2.2171   53.4560        77.8800         0.8278       78.5166         1.8153       59.6920            82.4320  2682.8047       0.8339
  29    0.0300     1.1255   70.2161     2.2282   53.4120        77.6260         0.8162       78.7904         1.8160       59.7600            82.4480  2759.3380       0.8339
  30    0.0300     1.1110   70.5266     2.2227   53.5880        77.8241         0.8040       79.0447         1.8164       59.9460            82.5201  2741.9126       0.8339
  31    0.0300     1.0968   70.8379     2.2418   53.4500        77.5760         0.7928       79.3346         1.8160       59.9000            82.6200  2431.2000       0.8339
  32    0.0300     1.0853   71.0710     2.2666   53.3160        77.4980         0.7824       79.5578         1.8308       59.8480            82.5680  2556.3997       0.8339
  33    0.0300     1.0713   71.3211     2.2700   53.6200        77.7460         0.7716       79.8275         1.8156       60.1860            82.7060  2623.5189       0.8339
  34    0.0300     1.0597   71.6240     2.3009   53.0840        77.0860         0.7603       80.1077         1.8190       60.1940            82.6140  2533.3448       0.8339
  35    0.0300     1.0485   71.8397     2.2810   53.6480        77.7340         0.7518       80.2938         1.8200       60.0000            82.6920  2619.6591       0.8339
Traceback (most recent call last):
  File "../run_padam.py", line 204, in <module>
    model=model
  File "/jmain01/home/JAD017/sjr02/dxg49-sjr02/kfac-curvature/curvature/utils.py", line 1048, in save_weight_norm
    linf_norms=linf_norm
  File "<__array_function__ internals>", line 6, in savez
  File "/jmain01/home/JAD017/sjr02/dxg49-sjr02/.conda/envs/diegorubin/lib/python3.7/site-packages/numpy/lib/npyio.py", line 632, in savez
    _savez(file, args, kwds, False)
  File "/jmain01/home/JAD017/sjr02/dxg49-sjr02/.conda/envs/diegorubin/lib/python3.7/site-packages/numpy/lib/npyio.py", line 730, in _savez
    zipf = zipfile_factory(file, mode="w", compression=compression)
  File "/jmain01/home/JAD017/sjr02/dxg49-sjr02/.conda/envs/diegorubin/lib/python3.7/site-packages/numpy/lib/npyio.py", line 119, in zipfile_factory
    return zipfile.ZipFile(file, *args, **kwargs)
  File "/jmain01/home/JAD017/sjr02/dxg49-sjr02/.conda/envs/diegorubin/lib/python3.7/zipfile.py", line 1182, in __init__
    self.fp = io.open(file, filemode)
OSError: [Errno 27] File too large: '../out/ImageNet32/WideResNet28x10/PadamX/seed=1_lr=0.03_wd=0.0001_swa_start=10.0_swa_lr=0.03/weight_norm-00036.pt.npz'
