numpy imported
Preparing directory out/CIFAR10/WideResNet28x10/SSGDMN/seed=1_epoch_freq=20_curvaturesize=32_warmstart=-1_mom=0.0_wd=0.0001_numepochs=300/
Using model WideResNet28x10
Loading CIFAR10 from /jmain01/home/JAD017/sjr02/dxg49-sjr02/curvature/data/
Files already downloaded and verified
Using 5000 samples for validation [deterministic split]
Files already downloaded and verified
Using train (45000) + test (5000)
Preparing model
{'depth': 28, 'widen_factor': 10}
SGD training
Loading CIFAR10 from /jmain01/home/JAD017/sjr02/dxg49-sjr02/curvature/data/
Files already downloaded and verified
You are going to run models on the test set. Are you sure?
Files already downloaded and verified
Using train (32) + test (10000)
Iter 1. Time: 3.45
Iter 2. Time: 0.92
Iter 3. Time: 0.92
Iter 4. Time: 0.94
Iter 5. Time: 0.92
Iter 6. Time: 0.92
Iter 7. Time: 0.91
Iter 8. Time: 0.92
Iter 9. Time: 0.91
Iter 10. Time: 0.92
Iter 11. Time: 0.91
Iter 12. Time: 0.92
Iter 13. Time: 0.94
Iter 14. Time: 0.92
Iter 15. Time: 0.92
Iter 16. Time: 0.95
Iter 17. Time: 0.92
Iter 18. Time: 0.94
Iter 19. Time: 0.89
Iter 20. Time: 0.93
        value       weight
-------------  -----------
-184.497       2.70433e-09
 -91.6072      1.6325e-09
 -82.4955      2.70294e-08
 -74.9932      8.80198e-09
 -68.8208      1.698e-07
 -59.1834      1.0346e-07
 -51.7545      2.60337e-07
 -43.9251      4.18677e-07
  43.055       8.1408e-10
  37.6525      1.96544e-08
 -32.2158      1.70858e-06
  32.1924      1.05822e-07
  25.6551      8.64797e-07
 -22.0987      6.51343e-06
  18.8549      5.16395e-06
 -12.0788      4.65887e-05
  10.78        6.92633e-05
   3.50091     0.00147683
  -3.18029     0.0025896
   0.00236677  0.995802
[1.8449689e+02 9.1607201e+01 8.2495468e+01 4.3055038e+01 3.7652477e+01
 3.2192352e+01 2.5655109e+01 1.8854853e+01 1.0779999e+01 3.5009103e+00
 2.3667745e-03 3.1802926e+00 7.4993179e+01 6.8820786e+01 1.2078815e+01
 2.2098690e+01 3.2215775e+01 5.9183380e+01 5.1754452e+01 4.3925087e+01]
learning rate
0.1312922250854245
top
11.799625632357035
bottom
15.366300614103345
momentum
0.7678898082683102
----  --------  ---------  --------  ---------  --------  --------  -----------
  ep        lr    tr_loss    tr_acc    te_loss    te_acc      time    mem_usage
----  --------  ---------  --------  ---------  --------  --------  -----------
   1    0.1313     1.5624   42.2244     1.4691   51.9400  378.8491       0.4110
   2    0.1313     1.0369   62.8711     1.2524   62.0000   82.2578       0.4110
   3    0.1313     0.8307   70.6022     0.8344   71.1200   82.2700       0.4110
   4    0.1313     0.6718   76.4333     0.9129   68.5200   82.3696       0.4110
   5    0.1313     0.5780   79.8689     0.5939   79.4600   82.3620       0.4110
   6    0.1313     0.5065   82.6289     0.7477   76.4200   82.3281       0.4110
   7    0.1313     0.4441   84.5822     0.4625   84.4600   82.2795       0.4110
   8    0.1313     0.4045   86.0378     0.4676   83.8200   82.3253       0.4110
   9    0.1313     0.3669   87.3067     0.4770   84.4400   82.3397       0.4110
  10    0.1313     0.3391   88.3600     0.4359   85.9200   82.3146       0.4110
  11    0.1313     0.3093   89.2178     0.4092   85.8600   82.4311       0.4110
  12    0.1313     0.2824   90.1222     0.4077   87.0400   82.3213       0.4110
  13    0.1313     0.2636   90.7644     0.5636   82.0000   82.3866       0.4110
  14    0.1313     0.2458   91.5089     0.3341   88.9400   82.3536       0.4110
  15    0.1313     0.2268   92.0844     0.3603   88.5600   82.3129       0.4110
  16    0.1313     0.2150   92.5289     0.2999   90.1600   82.3252       0.4110
  17    0.1313     0.1949   93.3022     0.4133   86.5800   82.3770       0.4110
  18    0.1313     0.1890   93.3378     0.3580   88.7800   82.3176       0.4110
  19    0.1313     0.1744   93.8956     0.3556   89.1400   82.2660       0.4110
  20    0.1313     0.1586   94.4600     0.3648   88.9200   82.2855       0.4110
Iter 1. Time: 1.43
Iter 2. Time: 1.37
Iter 3. Time: 1.40
Iter 4. Time: 1.38
Iter 5. Time: 1.40
Iter 6. Time: 1.39
Iter 7. Time: 1.40
Iter 8. Time: 1.42
Iter 9. Time: 1.36
Iter 10. Time: 1.39
Iter 11. Time: 1.41
Iter 12. Time: 1.41
Iter 13. Time: 6.56
Iter 14. Time: 3.01
Iter 15. Time: 1.43
Iter 16. Time: 1.42
Iter 17. Time: 1.42
Iter 18. Time: 1.37
Iter 19. Time: 1.41
Iter 20. Time: 1.42
       value       weight
------------  -----------
32.8768       3.96784e-09
27.9048       2.58192e-12
25.3816       8.6805e-09
22.638        1.5047e-09
19.8646       2.82111e-11
18.5523       7.50754e-09
14.5251       9.43991e-09
12.6831       6.80991e-09
 8.0971       7.50013e-10
 6.6995       1.91122e-08
 4.90883      3.4393e-08
 3.53197      1.44182e-07
-2.87561      8.14734e-09
-2.64327      3.73283e-08
 1.925        2.64152e-06
-1.88128      5.08354e-07
-0.757587     2.08883e-05
 0.727182     0.000135597
 0.251131     0.00185619
-0.000555823  0.997984
[3.2876816e+01 2.7904821e+01 2.5381603e+01 2.2637957e+01 1.8552259e+01
 1.9864647e+01 1.4525056e+01 1.2683148e+01 8.0970993e+00 6.6994982e+00
 4.9088340e+00 3.5319722e+00 1.9250000e+00 7.2718203e-01 5.5582280e-04
 2.5113073e-01 7.5758719e-01 2.8756082e+00 2.6432681e+00 1.8812793e+00]
learning rate
0.08739871545005597
top
5.232701359083696
bottom
6.2349602675773275
momentum
0.8392517569509593
  21    0.0874     0.1449   94.9089     0.3161   90.5000  421.0872       0.4110
  22    0.0874     0.1361   95.1978     0.3479   89.7200   82.5808       0.4110
  23    0.0874     0.1346   95.2622     0.3369   89.9000   82.5713       0.4110
  24    0.0874     0.1214   95.7289     0.3075   90.9200   82.5957       0.4110
  25    0.0874     0.1159   95.9578     0.3371   90.3400   87.1949       0.4110
  26    0.0874     0.1134   96.0422     0.3248   90.3200   82.6843       0.4110
  27    0.0874     0.1038   96.2911     0.3445   90.3000   82.7237       0.4110
  28    0.0874     0.1032   96.4578     0.3953   89.5400   82.6196       0.4110
  29    0.0874     0.0948   96.6800     0.3524   90.7000   82.6319       0.4110
  30    0.0874     0.0942   96.6556     0.3018   91.4000   82.6879       0.4110
  31    0.0874     0.0921   96.7911     0.3273   91.8400   82.6053       0.4110
  32    0.0874     0.0802   97.2289     0.3283   90.6800   82.6413       0.4110
  33    0.0874     0.0786   97.3378     0.3088   91.3000   82.5606       0.4110
  34    0.0874     0.0727   97.5133     0.3371   90.8600   82.6406       0.4110
  35    0.0874     0.0792   97.2378     0.3757   89.8600   82.6609       0.4110
  36    0.0874     0.0724   97.4378     0.3289   91.3600   82.7036       0.4110
  37    0.0874     0.0675   97.5822     0.3341   91.3000   82.5966       0.4110
  38    0.0874     0.0682   97.6311     0.3527   90.4800   82.5833       0.4110
  39    0.0874     0.0673   97.6089     0.3552   91.2400   82.5529       0.4110
  40    0.0874     0.0661   97.6667     0.2738   92.2000   82.4833       0.4110
Iter 1. Time: 1.53
Iter 2. Time: 1.57
Iter 3. Time: 1.56
Iter 4. Time: 1.52
Iter 5. Time: 1.54
Iter 6. Time: 1.56
Iter 7. Time: 1.57
Iter 8. Time: 1.53
Iter 9. Time: 1.54
Iter 10. Time: 1.62
Iter 11. Time: 1.62
Iter 12. Time: 1.62
Iter 13. Time: 1.64
Iter 14. Time: 1.58
Iter 15. Time: 1.57
Iter 16. Time: 1.63
Iter 17. Time: 1.62
Iter 18. Time: 1.62
Iter 19. Time: 1.62
Iter 20. Time: 1.62
       value       weight
------------  -----------
93.8282       3.61922e-09
72.7014       3.71835e-11
47.1073       3.47566e-09
14.4217       6.64671e-08
 5.23776      2.16995e-08
 4.45893      2.79696e-07
 3.74414      1.21639e-06
 3.46568      1.07987e-06
-3.42384      1.31006e-10
-3.1518       1.27001e-09
 2.78938      1.12136e-06
-2.60537      4.01322e-09
 2.22955      3.21542e-05
-2.09635      1.09776e-08
 1.82559      7.06121e-06
-1.39789      7.71438e-08
 1.02455      3.77273e-06
-0.57052      9.10316e-07
 0.244634     1.85731e-05
-0.000103151  0.999934
[9.3828171e+01 7.2701416e+01 4.7107330e+01 1.4421676e+01 5.2377577e+00
 3.4238365e+00 3.1517987e+00 2.6053689e+00 4.4589310e+00 2.0963488e+00
 1.3978947e+00 3.7441416e+00 3.4656816e+00 5.7051969e-01 1.0315093e-04
 2.4463391e-01 1.0245546e+00 2.7893784e+00 1.8255881e+00 2.2295496e+00]
learning rate
0.051061279962828734
top
9.191889441016396
bottom
10.181099050836604
momentum
0.902838622345107
----  --------  ---------  --------  ---------  --------  --------  -----------
  ep        lr    tr_loss    tr_acc    te_loss    te_acc      time    mem_usage
----  --------  ---------  --------  ---------  --------  --------  -----------
  41    0.0511     0.0628   97.8600     0.3158   91.9600  373.1025       0.4110
  42    0.0511     0.0531   98.1000     0.2927   92.4400   82.3011       0.4110
  43    0.0511     0.0509   98.2667     0.3388   91.0400   82.4903       0.4110
  44    0.0511     0.0569   98.0400     0.3584   91.2800   82.5179       0.4110
  45    0.0511     0.0588   98.0089     0.3525   91.5200   82.3660       0.4110
  46    0.0511     0.0527   98.2244     0.3538   91.7200   82.4522       0.4110
  47    0.0511     0.0498   98.2911     0.4169   90.0000   82.5698       0.4110
  48    0.0511     0.0516   98.2311     0.3261   91.9800   82.4971       0.4110
  49    0.0511     0.0574   98.0133     0.3204   91.9400   82.3641       0.4110
  50    0.0511     0.0527   98.2067     0.3195   91.8400   89.3682       0.4110
  51    0.0511     0.0527   98.1400     0.3534   91.2000   82.3374       0.4110
  52    0.0511     0.0501   98.3022     0.3687   91.6200   82.3978       0.4110
  53    0.0511     0.0461   98.4267     0.3203   91.7200   83.6948       0.4110
  54    0.0511     0.0522   98.2178     0.3704   91.1400   88.2167       0.4110
  55    0.0511     0.0515   98.2067     0.3306   92.0600   82.2951       0.4110
  56    0.0511     0.0522   98.2467     0.3459   91.4600   82.1743       0.4110
  57    0.0511     0.0504   98.2178     0.2941   92.5000   82.3745       0.4110
  58    0.0511     0.0485   98.2867     0.3419   91.9200   82.1805       0.4110
  59    0.0511     0.0504   98.2289     0.3349   91.7600   82.2280       0.4110
  60    0.0511     0.0459   98.4778     0.3515   91.5200   82.1519       0.4110
Iter 1. Time: 3.37
Iter 2. Time: 1.64
Iter 3. Time: 1.66
Iter 4. Time: 1.65
Iter 5. Time: 1.58
Iter 6. Time: 1.66
Iter 7. Time: 1.61
Iter 8. Time: 1.64
Iter 9. Time: 1.64
Iter 10. Time: 1.68
Iter 11. Time: 1.62
Iter 12. Time: 1.66
Iter 13. Time: 1.67
Iter 14. Time: 1.68
Iter 15. Time: 1.65
Iter 16. Time: 1.62
Iter 17. Time: 1.67
Iter 18. Time: 1.47
Iter 19. Time: 1.67
Iter 20. Time: 1.64
       value       weight
------------  -----------
77.646        2.76467e-09
49.0741       7.9057e-09
43.6331       5.85452e-09
25.8          1.19205e-08
19.0272       3.22977e-09
14.6011       5.07825e-10
 6.11794      5.7447e-09
 3.83572      3.91741e-06
 3.19355      2.02959e-06
 3.15175      3.87686e-07
-2.38844      4.36262e-12
 2.15624      7.38846e-08
-2.09007      2.76391e-11
 1.74578      1.16814e-07
-1.56043      1.27007e-10
 1.03571      9.41779e-08
-0.879317     4.21199e-09
 0.398777     2.84296e-07
-0.284065     2.06621e-07
-2.18836e-05  0.999993
[7.7646049e+01 4.9074085e+01 4.3633148e+01 2.5799969e+01 1.9027193e+01
 1.4601085e+01 6.1179376e+00 3.8357203e+00 3.1935451e+00 3.1517532e+00
 2.1562407e+00 1.7457758e+00 1.0357087e+00 2.1883643e-05 3.9877701e-01
 2.3884411e+00 2.0900736e+00 2.8406456e-01 1.5604308e+00 8.7931693e-01]
learning rate
0.060485162355880376
top
8.278722506907036
bottom
9.344676654379837
momentum
0.8859292635906038
  61    0.0605     0.0456   98.4600     0.3440   91.9000  376.8600       0.4110
  62    0.0605     0.0520   98.2444     0.3183   91.8200   82.2332       0.4110
  63    0.0605     0.0471   98.4244     0.3206   92.3000   82.0792       0.4110
  64    0.0605     0.0487   98.3444     0.3883   90.6600   82.1883       0.4110
  65    0.0605     0.0454   98.4267     0.2986   92.3000   82.4821       0.4110
  66    0.0605     0.0394   98.7000     0.3414   91.6600   82.1375       0.4110
  67    0.0605     0.0393   98.6089     0.3845   90.9600   82.2690       0.4110
  68    0.0605     0.0498   98.3556     0.2999   92.1600   82.2836       0.4110
  69    0.0605     0.0486   98.2689     0.4986   87.9600   82.3935       0.4110
  70    0.0605     0.0477   98.3867     0.3005   92.7200   82.2351       0.4110
  71    0.0605     0.0478   98.3533     0.3320   91.7200   82.3329       0.4110
  72    0.0605     0.0463   98.4422     0.3267   91.8400   82.4208       0.4110
  73    0.0605     0.0407   98.6200     0.3321   91.5600   82.2455       0.4110
  74    0.0605     0.0535   98.1667     0.2976   92.6800   82.3729       0.4110
  75    0.0605     0.0414   98.5689     0.3933   90.2000   86.3578       0.4110
  76    0.0605     0.0465   98.4378     0.4168   89.9200   82.3283       0.4110
  77    0.0605     0.0419   98.5711     0.4260   90.0800   82.4611       0.4110
  78    0.0605     0.0490   98.3156     0.3889   91.0000   94.5979       0.4110
  79    0.0605     0.0433   98.5489     0.3572   91.3600   82.6018       0.4110
  80    0.0605     0.0435   98.5378     0.3152   92.0000   82.2127       0.4110
Iter 1. Time: 3.77
Iter 2. Time: 1.81
Iter 3. Time: 1.66
Iter 4. Time: 1.69
Iter 5. Time: 1.74
Iter 6. Time: 1.76
Iter 7. Time: 1.73
Iter 8. Time: 1.77
Iter 9. Time: 1.75
Iter 10. Time: 1.76
Iter 11. Time: 1.73
Iter 12. Time: 1.69
Iter 13. Time: 1.77
Iter 14. Time: 1.71
Iter 15. Time: 1.71
Iter 16. Time: 1.70
Iter 17. Time: 1.69
Iter 18. Time: 1.69
Iter 19. Time: 1.71
Iter 20. Time: 1.66
        value       weight
-------------  -----------
131.678        9.33852e-08
 47.1835       4.79892e-08
 21.1856       8.77798e-11
 19.541        2.5428e-08
 13.6823       1.52566e-07
 12.2977       7.56254e-09
  9.59392      5.60742e-08
 -8.3228       4.5557e-12
  8.29899      3.95489e-07
 -7.17444      1.95042e-08
 -6.37244      3.6022e-09
  6.30113      1.7362e-06
  5.12663      1.06688e-05
 -4.80035      7.09084e-08
  4.01943      1.034e-05
 -3.53182      1.84027e-07
  2.15815      5.0509e-06
 -1.69628      1.3644e-06
  0.140339     0.000502744
 -0.000189546  0.999467
[1.3167815e+02 4.7183468e+01 2.1185633e+01 1.9540955e+01 1.3682328e+01
 1.2297658e+01 8.3227997e+00 7.1744375e+00 6.3724442e+00 4.8003454e+00
 3.5318151e+00 9.5939207e+00 1.6962782e+00 1.8954647e-04 1.4033915e-01
 8.2989941e+00 2.1581497e+00 6.3011250e+00 4.0194297e+00 5.1266341e+00]
learning rate
0.032646194354591145
top
11.100491188601442
bottom
11.849728536909222
momentum
0.9367717711022598
----  --------  ---------  --------  ---------  --------  --------  -----------
  ep        lr    tr_loss    tr_acc    te_loss    te_acc      time    mem_usage
----  --------  ---------  --------  ---------  --------  --------  -----------
  81    0.0326     0.0301   99.0422     0.3669   91.6000  356.8554       0.4110
  82    0.0326     0.0455   98.4511     0.3414   91.4400   82.0134       0.4110
  83    0.0326     0.0402   98.6200     0.3680   91.2600   82.2355       0.4110
  84    0.0326     0.0359   98.7667     0.3434   90.9400   82.2071       0.4110
  85    0.0326     0.0369   98.7889     0.3311   91.5800   82.2876       0.4110
  86    0.0326     0.0382   98.6711     0.3468   91.7800   82.2906       0.4110
  87    0.0326     0.0504   98.2556     0.3444   91.6400   82.2828       0.4110
  88    0.0326     0.0408   98.6756     0.3083   92.6200   82.0711       0.4110
  89    0.0326     0.0393   98.6800     0.3080   92.6000   82.3298       0.4110
  90    0.0326     0.0436   98.5089     0.3746   90.9800   82.2201       0.4110
  91    0.0326     0.0424   98.5867     0.3010   92.4800   82.3013       0.4110
  92    0.0326     0.0381   98.7311     0.3727   91.1800   82.2472       0.4110
  93    0.0326     0.0415   98.6111     0.3827   91.1200   82.2476       0.4110
  94    0.0326     0.0468   98.4178     0.3351   91.4600   82.3967       0.4110
  95    0.0326     0.0373   98.8000     0.3315   92.0400   82.3738       0.4110
  96    0.0326     0.0473   98.4067     0.3410   91.1600   82.3014       0.4110
  97    0.0326     0.0402   98.6311     0.2957   92.6400   82.3992       0.4110
  98    0.0326     0.0407   98.6022     0.4655   90.1200   82.4217       0.4110
  99    0.0326     0.0428   98.5667     0.3119   92.3200   82.4965       0.4110
 100    0.0326     0.0326   98.8689     0.3911   91.3400   86.3237       0.4110
Iter 1. Time: 1.53
Iter 2. Time: 1.53
Iter 3. Time: 1.58
Iter 4. Time: 1.54
Iter 5. Time: 1.55
Iter 6. Time: 1.55
Iter 7. Time: 1.57
Iter 8. Time: 1.60
Iter 9. Time: 1.55
Iter 10. Time: 1.58
Iter 11. Time: 1.57
Iter 12. Time: 1.59
Iter 13. Time: 1.55
Iter 14. Time: 1.59
Iter 15. Time: 1.63
Iter 16. Time: 1.60
Iter 17. Time: 1.64
Iter 18. Time: 1.61
Iter 19. Time: 1.62
Iter 20. Time: 1.58
        value       weight
-------------  -----------
103.425        4.35669e-08
 89.4914       4.78533e-10
 49.3924       9.09621e-09
 11.0265       1.01835e-10
  3.11109      4.20644e-06
  2.83128      3.52093e-07
  2.56543      9.46956e-07
 -2.51062      1.19632e-10
  2.42796      1.90433e-06
 -2.1312       3.25924e-10
  2.06851      2.16267e-07
 -1.65882      1.7841e-09
  1.61011      3.12426e-07
 -1.36081      3.07342e-08
  1.06066      2.98138e-07
 -1.00869      8.60951e-08
  0.542301     6.92368e-07
 -0.534793     3.89338e-07
 -0.00981401   0.0015516
  1.79466e-06  0.998439
[1.0342516e+02 8.9491386e+01 4.9392361e+01 1.1026473e+01 3.1110885e+00
 2.8312793e+00 2.5654268e+00 2.4279625e+00 2.0685093e+00 1.6101078e+00
 1.0606570e+00 2.5106211e+00 5.4230130e-01 1.7946586e-06 9.8140128e-03
 2.1311963e+00 5.3479266e-01 1.6588157e+00 1.3608110e+00 1.0086881e+00]
learning rate
0.009741149345839016
top
10.070750585530643
bottom
10.268881984311218
momentum
0.9807056504219953
 101    0.0097     0.0242   99.1822     0.2908   93.1200  365.0663       0.4110
 102    0.0097     0.0346   98.8378     0.3476   92.3800   82.0966       0.4110
 103    0.0097     0.0399   98.5933     0.3294   91.2000   82.1665       0.4110
 104    0.0097     0.0349   98.7911     0.2999   92.7600   82.1420       0.4110
 105    0.0097     0.0381   98.7111     0.3479   91.8600   82.1120       0.4110
 106    0.0097     0.0419   98.5978     0.3359   92.2000   82.0491       0.4110
 107    0.0097     0.0391   98.6978     0.3229   91.8400   82.0775       0.4110
 108    0.0097     0.0410   98.5467     0.3069   91.9400   89.6059       0.4110
 109    0.0097     0.0408   98.6089     0.3197   92.5800   87.9776       0.4110
 110    0.0097     0.0454   98.4556     0.3355   91.6800   82.1071       0.4110
 111    0.0097     0.0338   98.9178     0.2867   93.0200   82.0003       0.4110
 112    0.0097     0.0317   98.9000     0.3586   91.5600   82.0280       0.4110
 113    0.0097     0.0369   98.7289     0.3120   92.5800   82.1414       0.4110
 114    0.0097     0.0471   98.3378     0.3162   92.1000   82.0955       0.4110
 115    0.0097     0.0384   98.7644     0.3505   92.5200   82.0039       0.4110
 116    0.0097     0.0422   98.5467     0.3594   91.4200   82.0336       0.4110
 117    0.0097     0.0376   98.7867     0.3147   92.7400   82.0835       0.4110
 118    0.0097     0.0385   98.7311     0.2829   93.0800   81.9666       0.4110
 119    0.0097     0.0285   99.0089     0.3298   91.8000   81.9673       0.4110
 120    0.0097     0.0348   98.8444     0.2853   93.2600   82.0531       0.4110
Iter 1. Time: 1.68
Iter 2. Time: 1.53
Iter 3. Time: 1.58
Iter 4. Time: 1.50
Iter 5. Time: 1.54
Iter 6. Time: 1.55
Iter 7. Time: 1.55
Iter 8. Time: 1.57
Iter 9. Time: 1.55
Iter 10. Time: 1.56
Iter 11. Time: 1.56
Iter 12. Time: 1.55
Iter 13. Time: 1.54
Iter 14. Time: 1.55
Iter 15. Time: 1.59
Iter 16. Time: 1.54
Iter 17. Time: 1.54
Iter 18. Time: 1.58
Iter 19. Time: 1.56
Iter 20. Time: 1.54
        value       weight
-------------  -----------
109.918        5.63482e-11
 19.4366       6.67085e-08
 14.792        1.42584e-10
  8.45486      2.07719e-09
  6.6621       2.01484e-09
  5.69669      3.73527e-11
  4.64519      9.10128e-09
 -4.55768      9.95619e-10
 -3.62262      4.22556e-08
  3.49385      4.90001e-08
 -3.4038       2.91976e-08
  2.83745      3.22479e-07
 -2.72017      1.25355e-07
 -2.08924      2.45426e-07
  1.93228      2.3336e-06
 -1.14012      1.64086e-06
  1.04384      0.00011718
  0.632383     0.000239927
 -0.207198     0.000243669
 -0.000227392  0.999395
[1.09917595e+02 1.94366226e+01 1.47920370e+01 8.45486164e+00
 6.66209650e+00 5.69668627e+00 4.64518738e+00 3.49385190e+00
 2.83745027e+00 4.55767822e+00 1.93227637e+00 3.62262273e+00
 3.40379596e+00 1.04383993e+00 6.32382691e-01 2.27391676e-04
 2.07198188e-01 2.72016573e+00 2.08923626e+00 1.14012444e+00]
learning rate
0.04341695577132188
top
10.02896896076034
bottom
10.939349513515845
momentum
0.9167792790941813
----  --------  ---------  --------  ---------  --------  --------  -----------
  ep        lr    tr_loss    tr_acc    te_loss    te_acc      time    mem_usage
----  --------  ---------  --------  ---------  --------  --------  -----------
 121    0.0434     0.0602   97.9511     0.3223   91.4800  388.4915       0.4110
 122    0.0434     0.0359   98.8911     0.2740   93.0600   82.0041       0.4110
 123    0.0434     0.0359   98.7822     0.4216   90.1000   82.0749       0.4110
 124    0.0434     0.0474   98.4356     0.3390   91.6200   82.1063       0.4110
 125    0.0434     0.0326   98.8800     0.3167   92.1400   86.5343       0.4110
 126    0.0434     0.0390   98.6800     0.3102   92.0800   82.0771       0.4110
 127    0.0434     0.0387   98.7489     0.3217   92.1000   82.2543       0.4110
 128    0.0434     0.0318   98.9600     0.3327   91.9600   82.1232       0.4110
 129    0.0434     0.0326   98.8844     0.4099   91.1600   82.1542       0.4110
 130    0.0434     0.0392   98.6711     0.3075   92.9600   82.1450       0.4110
 131    0.0434     0.0381   98.7578     0.3246   91.7400   82.0866       0.4110
 132    0.0434     0.0418   98.6111     0.3635   91.2400   82.1172       0.4110
 133    0.0434     0.0381   98.6600     0.3330   91.2200   82.0912       0.4110
 134    0.0434     0.0335   98.8711     0.3661   91.4600   82.0998       0.4110
 135    0.0434     0.0413   98.5911     0.2952   92.2800   82.0850       0.4110
 136    0.0434     0.0388   98.6800     0.3676   91.2600   82.1893       0.4110
 137    0.0434     0.0401   98.6822     0.2611   93.0000   82.0558       0.4110
 138    0.0434     0.0344   98.8622     0.3313   91.7600   82.1469       0.4110
 139    0.0434     0.0318   98.9244     0.3238   92.3600   82.0972       0.4110
 140    0.0434     0.0343   98.8489     0.2972   92.3200   90.2858       0.4110
Iter 1. Time: 3.48
Iter 2. Time: 1.73
Iter 3. Time: 1.79
Iter 4. Time: 1.73
Iter 5. Time: 1.76
Iter 6. Time: 1.80
Iter 7. Time: 1.81
Iter 8. Time: 1.77
Iter 9. Time: 1.78
Iter 10. Time: 1.80
Iter 11. Time: 1.77
Iter 12. Time: 1.74
Iter 13. Time: 1.77
Iter 14. Time: 1.77
Iter 15. Time: 1.80
Iter 16. Time: 1.74
Iter 17. Time: 1.72
Iter 18. Time: 1.76
Iter 19. Time: 1.79
Iter 20. Time: 1.74
        value       weight
-------------  -----------
163.43         6.80607e-09
111.792        1.56554e-07
 64.7911       3.47186e-08
 49.1328       1.37322e-10
 40.9359       3.02983e-08
 16.1749       1.15519e-07
 14.079        1.1223e-08
  9.90517      7.76499e-08
  8.05372      1.3681e-06
 -7.73375      2.00428e-11
  6.93161      2.73421e-06
 -6.72716      6.26345e-09
  5.71725      1.26759e-05
 -5.52379      8.15685e-09
  4.22679      3.15684e-06
 -4.17297      3.24454e-08
 -2.32534      2.40174e-07
  1.99799      2.53438e-06
 -0.0846945    0.000476989
 -7.06383e-05  0.9995
[1.6342963e+02 1.1179201e+02 6.4791115e+01 4.9132839e+01 4.0935871e+01
 1.6174862e+01 1.4078951e+01 9.9051666e+00 8.0537205e+00 6.9316077e+00
 5.7172503e+00 4.2267852e+00 1.9979851e+00 7.0638329e-05 8.4694549e-02
 7.7337508e+00 6.7271595e+00 2.3253429e+00 5.5237875e+00 4.1729693e+00]
learning rate
0.02276472107872119
top
12.492936453490506
bottom
13.074983013282205
momentum
0.9554839528892368
 141    0.0228     0.0306   98.9800     0.3179   92.5600  367.8532       0.4110
 142    0.0228     0.0363   98.7756     0.3133   92.6000   82.3134       0.4110
 143    0.0228     0.0346   98.8622     0.3006   92.9200   82.4774       0.4110
 144    0.0228     0.0358   98.8289     0.2919   92.7800   82.4107       0.4110
 145    0.0228     0.0372   98.7200     0.2839   93.1800   82.3615       0.4110
 146    0.0228     0.0367   98.7622     0.3019   92.5400   82.4155       0.4110
 147    0.0228     0.0340   98.8133     0.2985   92.1600   82.5609       0.4110
 148    0.0228     0.0256   99.1467     0.3398   92.3000   82.3554       0.4110
 149    0.0228     0.0334   98.8111     0.3957   90.7800   82.4499       0.4110
 150    0.0228     0.0384   98.6800     0.3620   91.2600   86.4567       0.4110
 151    0.0228     0.0330   98.9333     0.3156   92.6800   82.4347       0.4110
 152    0.0228     0.0351   98.8333     0.3035   92.4200   82.4595       0.4110
 153    0.0228     0.0372   98.7533     0.3354   92.0000   82.2267       0.4110
 154    0.0228     0.0363   98.7622     0.3059   93.2200   82.4376       0.4110
 155    0.0228     0.0329   98.9178     0.3384   91.8800   82.3286       0.4110
 156    0.0228     0.0383   98.6889     0.3137   92.2600   82.4699       0.4110
 157    0.0228     0.0328   98.8733     0.3261   92.1400   82.5500       0.4110
 158    0.0228     0.0357   98.7622     0.2934   92.7000   82.5257       0.4110
 159    0.0228     0.0312   98.9778     0.3155   92.4600   82.3632       0.4110
 160    0.0228     0.0341   98.8444     0.3024   92.5600   82.4310       0.4110
Iter 1. Time: 1.72
Iter 2. Time: 1.73
Iter 3. Time: 1.73
Iter 4. Time: 1.68
Iter 5. Time: 1.71
Iter 6. Time: 1.73
Iter 7. Time: 1.73
Iter 8. Time: 1.75
Iter 9. Time: 1.68
Iter 10. Time: 1.74
Iter 11. Time: 1.73
Iter 12. Time: 1.72
Iter 13. Time: 1.73
Iter 14. Time: 1.77
Iter 15. Time: 1.74
Iter 16. Time: 1.72
Iter 17. Time: 1.72
Iter 18. Time: 1.74
Iter 19. Time: 1.71
Iter 20. Time: 1.72
        value       weight
-------------  -----------
123.963        1.14527e-08
 80.0887       1.07428e-08
 58.8366       1.85355e-10
 37.994        4.50991e-09
 25.8799       5.89258e-08
 21.2869       1.29392e-08
 13.4683       6.96062e-08
  9.63948      8.35242e-09
  8.25627      1.05955e-07
 -7.12182      1.18773e-11
  6.27006      1.66665e-06
 -5.73407      7.76678e-10
  4.71639      1.62317e-05
 -4.71248      3.65989e-09
  3.96076      1.40768e-05
 -3.09634      6.35294e-08
  2.0186       5.54045e-06
 -1.37659      1.70958e-06
  0.246672     0.000175008
 -0.000195668  0.999785
[1.2396342e+02 8.0088669e+01 5.8836601e+01 3.7994019e+01 2.5879862e+01
 2.1286871e+01 1.3468322e+01 9.6394796e+00 8.2562723e+00 6.2700605e+00
 4.7163868e+00 3.9607580e+00 2.0186009e+00 1.9566834e-04 2.4667189e-01
 1.3765897e+00 7.1218162e+00 5.7340746e+00 4.7124791e+00 3.0963449e+00]
learning rate
0.04460803050772572
top
10.637225247129425
bottom
11.630546716246045
momentum
0.9145937423793582
----  --------  ---------  --------  ---------  --------  --------  -----------
  ep        lr    tr_loss    tr_acc    te_loss    te_acc      time    mem_usage
----  --------  ---------  --------  ---------  --------  --------  -----------
 161    0.0446     0.0453   98.4867     0.3112   92.1200  388.2020       0.4110
 162    0.0446     0.0397   98.6778     0.3920   91.0200   82.0391       0.4110
 163    0.0446     0.0342   98.8022     0.3223   92.0000   82.1384       0.4110
 164    0.0446     0.0269   99.1222     0.3208   92.5600   82.2163       0.4110
 165    0.0446     0.0348   98.8267     0.2820   93.1400   82.0776       0.4110
 166    0.0446     0.0286   99.0800     0.3232   92.5800   82.1754       0.4110
 167    0.0446     0.0347   98.8200     0.3172   93.0200   82.0752       0.4110
 168    0.0446     0.0367   98.7355     0.3634   91.2800   82.1762       0.4110
 169    0.0446     0.0367   98.7889     0.3645   91.7600   82.2247       0.4110
 170    0.0446     0.0367   98.7756     0.3435   91.5400   89.3930       0.4110
 171    0.0446     0.0323   98.9222     0.3081   91.8000   82.0181       0.4110
 172    0.0446     0.0402   98.6911     0.3665   91.1400   82.0442       0.4110
 173    0.0446     0.0260   99.1422     0.3352   92.3400   82.1308       0.4110
 174    0.0446     0.0364   98.7889     0.3348   92.2400   82.1453       0.4110
 175    0.0446     0.0396   98.6444     0.3104   92.1000   85.7954       0.4110
 176    0.0446     0.0361   98.7867     0.2900   92.9000   82.1111       0.4110
 177    0.0446     0.0363   98.7911     0.3096   92.3400   82.0350       0.4110
 178    0.0446     0.0348   98.8200     0.3444   91.5800   81.9656       0.4110
 179    0.0446     0.0311   98.9311     0.3419   91.8600   82.2457       0.4110
 180    0.0446     0.0368   98.7355     0.3287   91.7000   81.9491       0.4110
Iter 1. Time: 1.65
Iter 2. Time: 1.58
Iter 3. Time: 1.65
Iter 4. Time: 1.67
Iter 5. Time: 1.64
Iter 6. Time: 1.61
Iter 7. Time: 1.67
Iter 8. Time: 1.65
Iter 9. Time: 1.63
Iter 10. Time: 1.64
Iter 11. Time: 1.65
Iter 12. Time: 1.60
Iter 13. Time: 1.63
Iter 14. Time: 1.65
Iter 15. Time: 1.56
Iter 16. Time: 1.62
Iter 17. Time: 1.61
Iter 18. Time: 1.62
Iter 19. Time: 1.62
Iter 20. Time: 1.64
       value       weight
------------  -----------
90.1914       3.25309e-09
39.3682       2.58791e-09
30.863        4.31048e-08
17.0278       1.52193e-09
12.4992       1.84738e-09
 6.39556      1.36669e-07
 5.44058      1.4412e-08
 5.0272       9.02153e-08
 3.96723      1.92751e-07
-3.37213      1.66882e-10
 3.14532      3.30917e-06
-2.74771      5.61277e-09
 2.59812      1.37739e-05
-2.40785      2.38915e-08
 1.97082      6.71853e-06
-1.75021      8.69295e-08
 0.992542     4.31604e-06
-0.919898     6.57917e-07
 0.026439     0.00190128
-0.000111904  0.99807
[9.01913757e+01 3.93682137e+01 3.08630486e+01 1.70278397e+01
 1.24991760e+01 6.39555979e+00 5.44057655e+00 5.02719736e+00
 3.96722913e+00 3.14531875e+00 2.59811759e+00 1.97082317e+00
 9.92541611e-01 3.37213254e+00 1.11903995e-04 2.64390148e-02
 2.74771333e+00 2.40785384e+00 1.75021100e+00 9.19897854e-01]
learning rate
0.01712143396563484
top
9.334313227420585
bottom
9.659514794589287
momentum
0.9663335504852831
 181    0.0171     0.0244   99.2511     0.2814   93.5000  383.7803       0.4110
 182    0.0171     0.0243   99.2267     0.3535   92.0800   81.9746       0.4110
 183    0.0171     0.0271   99.1222     0.3367   92.2600   81.9353       0.4110
 184    0.0171     0.0412   98.6267     0.3079   92.7800   82.0091       0.4110
 185    0.0171     0.0324   98.9267     0.2752   93.1200   89.7723       0.4110
 186    0.0171     0.0331   98.9267     0.3271   91.9800   82.1100       0.4110
 187    0.0171     0.0335   98.9244     0.2855   92.9800   82.0951       0.4110
 188    0.0171     0.0333   98.8978     0.3407   91.7800   82.0561       0.4110
 189    0.0171     0.0299   99.0000     0.2899   92.9600   82.0218       0.4110
 190    0.0171     0.0311   98.9689     0.2827   93.1800   82.0719       0.4110
 191    0.0171     0.0276   99.1244     0.2957   93.0600   82.3032       0.4110
 192    0.0171     0.0248   99.1511     0.2956   92.9000   82.0912       0.4110
 193    0.0171     0.0306   98.9489     0.3418   92.2600   82.2733       0.4110
 194    0.0171     0.0359   98.7489     0.3117   92.2800   81.9278       0.4110
 195    0.0171     0.0288   99.0067     0.2888   93.2000   82.0368       0.4110
 196    0.0171     0.0383   98.7044     0.3059   92.6400   82.1261       0.4110
 197    0.0171     0.0295   99.0222     0.2773   92.9800   82.0033       0.4110
 198    0.0171     0.0329   98.8667     0.3348   91.9200   82.1003       0.4110
 199    0.0171     0.0348   98.8600     0.2717   93.0200   82.0901       0.4110
 200    0.0171     0.0295   98.9978     0.2723   93.4000   86.7108       0.4110
Iter 1. Time: 2.95
Iter 2. Time: 1.45
Iter 3. Time: 1.48
Iter 4. Time: 1.46
Iter 5. Time: 1.47
Iter 6. Time: 1.47
Iter 7. Time: 1.48
Iter 8. Time: 1.47
Iter 9. Time: 1.50
Iter 10. Time: 1.48
Iter 11. Time: 1.50
Iter 12. Time: 1.51
Iter 13. Time: 1.52
Iter 14. Time: 1.41
Iter 15. Time: 1.45
Iter 16. Time: 1.47
Iter 17. Time: 1.46
Iter 18. Time: 1.51
Iter 19. Time: 1.52
Iter 20. Time: 1.45
      value       weight
-----------  -----------
89.6553      2.51443e-08
55.2943      1.25592e-07
38.6528      1.59935e-09
22.1262      3.77238e-08
20.513       4.23161e-08
14.2068      2.94948e-08
 8.18388     1.43157e-08
 7.73546     2.57377e-08
-6.41993     9.21143e-09
 6.07018     3.90245e-07
 4.61931     3.17769e-06
 3.97677     8.79001e-06
-3.81743     1.63514e-09
 3.06855     1.80473e-06
-3.06461     2.5997e-08
-2.25936     5.74911e-08
 1.53281     1.21585e-06
-1.19545     5.99379e-07
 0.103716    0.000123379
-6.5071e-05  0.99986
[8.9655251e+01 5.5294266e+01 3.8652752e+01 2.2126160e+01 2.0513025e+01
 1.4206783e+01 6.4199333e+00 8.1838770e+00 7.7354627e+00 6.0701795e+00
 4.6193056e+00 3.9767737e+00 3.0685506e+00 1.5328056e+00 6.5071035e-05
 1.0371603e-01 3.8174334e+00 3.0646055e+00 2.2593632e+00 1.1954451e+00]
learning rate
0.03401222759316138
top
9.146595922197228
bottom
9.790695388791935
momentum
0.93421310325597
----  --------  ---------  --------  ---------  --------  --------  -----------
  ep        lr    tr_loss    tr_acc    te_loss    te_acc      time    mem_usage
----  --------  ---------  --------  ---------  --------  --------  -----------
 201    0.0340     0.0337   98.8889     0.3051   92.1400  394.3695       0.4110
 202    0.0340     0.0333   98.9000     0.2938   92.9800   93.8642       0.4110
 203    0.0340     0.0330   98.8933     0.3328   92.1400   82.2521       0.4110
 204    0.0340     0.0338   98.8511     0.3280   92.0200   82.0035       0.4110
 205    0.0340     0.0383   98.6956     0.3142   92.2000   82.1114       0.4110
 206    0.0340     0.0356   98.8200     0.2816   92.7000   82.0815       0.4110
 207    0.0340     0.0287   99.0356     0.2972   92.7800   82.0519       0.4110
 208    0.0340     0.0283   99.0844     0.3278   92.3600   82.0255       0.4110
 209    0.0340     0.0328   98.8844     0.3359   92.2000   81.9062       0.4110
 210    0.0340     0.0218   99.3089     0.3545   91.9000   82.0490       0.4110
 211    0.0340     0.0347   98.8044     0.3787   90.8400   82.0829       0.4110
 212    0.0340     0.0416   98.6356     0.2904   92.7400   81.9733       0.4110
 213    0.0340     0.0293   99.0156     0.3141   92.3400   82.0382       0.4110
 214    0.0340     0.0248   99.2022     0.3265   92.3600   82.0281       0.4110
 215    0.0340     0.0451   98.5200     0.3390   92.3600   82.1684       0.4110
 216    0.0340     0.0316   98.9556     0.2569   93.3400   82.0079       0.4110
 217    0.0340     0.0274   99.1022     0.3041   92.1000   81.9923       0.4110
 218    0.0340     0.0276   99.1022     0.3390   91.9800   82.1653       0.4110
 219    0.0340     0.0325   98.9111     0.3558   91.3400   82.1396       0.4110
 220    0.0340     0.0335   98.8933     0.2822   93.4200   82.0610       0.4110
Iter 1. Time: 1.63
Iter 2. Time: 1.46
Iter 3. Time: 1.51
Iter 4. Time: 1.48
Iter 5. Time: 1.50
Iter 6. Time: 1.47
Iter 7. Time: 1.47
Iter 8. Time: 1.51
Iter 9. Time: 1.49
Iter 10. Time: 1.51
Iter 11. Time: 1.52
Iter 12. Time: 1.46
Iter 13. Time: 1.48
Iter 14. Time: 1.49
Iter 15. Time: 1.48
Iter 16. Time: 1.45
Iter 17. Time: 1.52
Iter 18. Time: 1.45
Iter 19. Time: 1.51
Iter 20. Time: 1.47
       value       weight
------------  -----------
29.7274       1.86866e-09
24.6062       6.54004e-08
24.085        9.20914e-10
23.2689       4.75782e-08
20.5842       1.48122e-09
19.5286       3.48987e-08
13.6917       9.97303e-10
 9.48396      4.45662e-09
 8.44701      3.86349e-08
 7.02329      8.09498e-08
 4.31696      1.85952e-07
-4.00561      1.66029e-09
-3.83879      2.73072e-08
-2.87784      1.3908e-07
 2.7523       1.3283e-06
-1.57169      1.33144e-06
 1.40781      3.80227e-05
 0.661995     0.000160096
-0.584411     3.34323e-05
-0.000147647  0.999765
[2.9727449e+01 2.4606234e+01 2.3268875e+01 2.4084991e+01 1.9528610e+01
 2.0584179e+01 1.3691695e+01 9.4839621e+00 8.4470072e+00 7.0232859e+00
 4.3169594e+00 2.7522986e+00 1.4078125e+00 6.6199464e-01 1.4764743e-04
 5.8441120e-01 1.5716909e+00 3.8387902e+00 4.0056081e+00 2.8778441e+00]
learning rate
0.14021046788015887
top
4.6878205348263755
bottom
6.216756378949649
momentum
0.7540621264651206
 221    0.1402     0.0531   98.1978     0.3322   92.1400  365.4411       0.4110
 222    0.1402     0.0395   98.6578     0.3493   91.3000   82.0189       0.4110
 223    0.1402     0.0418   98.5800     0.3291   91.8400   82.0488       0.4110
 224    0.1402     0.0369   98.7844     0.3179   92.5800   82.1073       0.4110
 225    0.1402     0.0352   98.8467     0.2801   92.9000   86.4559       0.4110
 226    0.1402     0.0409   98.6222     0.6076   87.6000   82.0705       0.4110
 227    0.1402     0.0351   98.8333     0.3420   91.7600   82.0726       0.4110
 228    0.1402     0.0402   98.6689     0.4099   90.3200   82.0723       0.4110
 229    0.1402     0.0330   98.9222     0.3010   92.5000   82.0568       0.4110
 230    0.1402     0.0352   98.7467     0.3531   91.8800   82.1209       0.4110
 231    0.1402     0.0347   98.8867     0.3666   91.6400   82.0765       0.4110
 232    0.1402     0.0390   98.7067     0.3056   92.8000   81.9914       0.4110
 233    0.1402     0.0405   98.6200     0.3190   92.2200   81.9926       0.4110
 234    0.1402     0.0323   98.8956     0.3465   92.2600   82.0250       0.4110
 235    0.1402     0.0350   98.8267     0.2898   92.9800   95.4125       0.4110
 236    0.1402     0.0270   99.1044     0.2692   93.1000   82.1307       0.4110
 237    0.1402     0.0309   99.0067     0.3455   91.7200   81.9738       0.4110
 238    0.1402     0.0370   98.7644     0.3937   90.6800   81.8809       0.4110
 239    0.1402     0.0371   98.7644     0.4229   90.7200   82.0749       0.4110
 240    0.1402     0.0362   98.7378     0.3752   90.8400   81.9263       0.4110
Iter 1. Time: 2.93
Iter 2. Time: 1.65
Iter 3. Time: 1.72
Iter 4. Time: 1.63
Iter 5. Time: 1.61
Iter 6. Time: 1.60
Iter 7. Time: 1.62
Iter 8. Time: 1.58
Iter 9. Time: 1.61
Iter 10. Time: 1.60
Iter 11. Time: 1.61
Iter 12. Time: 1.62
Iter 13. Time: 1.59
Iter 14. Time: 1.62
Iter 15. Time: 1.62
Iter 16. Time: 1.63
Iter 17. Time: 1.50
Iter 18. Time: 1.63
Iter 19. Time: 1.60
Iter 20. Time: 1.64
        value       weight
-------------  -----------
134.511        8.983e-14
 43.9283       1.88579e-08
 37.9768       6.54322e-09
 24.5792       1.12024e-08
 22.6477       7.41634e-09
 19.8661       1.77973e-08
 14.332        3.15462e-08
 12.6396       3.50425e-08
 10.963        3.05952e-10
  8.84297      6.61095e-08
  6.39481      6.77704e-08
  3.93332      1.93496e-07
 -3.78981      5.79264e-11
 -2.9603       6.48079e-09
  2.51069      2.44628e-06
 -1.786        1.35176e-07
  1.28825      9.42453e-05
  0.655906     0.000192033
 -0.618366     1.0132e-05
 -0.000244398  0.999701
[1.3451115e+02 4.3928341e+01 3.7976799e+01 2.4579185e+01 2.2647739e+01
 1.9866112e+01 1.4331980e+01 1.2639642e+01 1.0962951e+01 8.8429747e+00
 6.3948107e+00 3.9333165e+00 3.7898092e+00 2.9602997e+00 2.5106933e+00
 1.7859979e+00 1.2882540e+00 2.4439787e-04 6.5590560e-01 6.1836576e-01]
learning rate
0.06780216778871878
top
10.811532023238701
bottom
12.384256747553696
momentum
0.8730061273458611
----  --------  ---------  --------  ---------  --------  --------  -----------
  ep        lr    tr_loss    tr_acc    te_loss    te_acc      time    mem_usage
----  --------  ---------  --------  ---------  --------  --------  -----------
 241    0.0678     0.0222   99.2667     0.2520   94.1200  388.6979       0.4110
 242    0.0678     0.0271   99.0822     0.2958   93.2400   82.0261       0.4110
 243    0.0678     0.0238   99.2422     0.2585   93.6200   82.0381       0.4110
 244    0.0678     0.0282   99.0911     0.3234   92.5600   82.0502       0.4110
 245    0.0678     0.0319   98.9489     0.3158   92.7200   82.1110       0.4110
 246    0.0678     0.0322   98.9600     0.2942   92.5400   82.1814       0.4110
 247    0.0678     0.0256   99.1822     0.3329   92.1200   82.1392       0.4110
 248    0.0678     0.0319   98.9244     0.4276   90.2800   82.2175       0.4110
 249    0.0678     0.0341   98.8600     0.4998   88.2600   82.2615       0.4110
 250    0.0678     0.0317   98.9267     0.3633   91.7400   87.1274       0.4110
 251    0.0678     0.0295   99.0178     0.3649   91.5800   82.1089       0.4110
 252    0.0678     0.0336   98.8444     0.3119   92.5800   82.2869       0.4110
 253    0.0678     0.0313   98.9800     0.3112   92.3200   82.2191       0.4110
 254    0.0678     0.0231   99.2644     0.2948   93.1200   82.1546       0.4110
 255    0.0678     0.0273   99.0422     0.3801   91.8000   82.2016       0.4110
 256    0.0678     0.0336   98.9044     0.3601   91.7600   82.2336       0.4110
 257    0.0678     0.0243   99.2089     0.2550   93.9800   82.1203       0.4110
 258    0.0678     0.0342   98.8089     0.2964   92.5000   82.0940       0.4110
 259    0.0678     0.0357   98.8333     0.3335   92.2400   82.1548       0.4110
 260    0.0678     0.0341   98.8711     0.3760   91.5400   82.0959       0.4110
Iter 1. Time: 1.57
Iter 2. Time: 1.55
Iter 3. Time: 1.56
Iter 4. Time: 1.60
Iter 5. Time: 18.34
Iter 6. Time: 1.78
Iter 7. Time: 1.58
Iter 8. Time: 1.55
Iter 9. Time: 1.57
Iter 10. Time: 1.54
Iter 11. Time: 1.70
Iter 12. Time: 1.76
Iter 13. Time: 1.52
Iter 14. Time: 1.54
Iter 15. Time: 1.57
Iter 16. Time: 1.52
Iter 17. Time: 1.48
Iter 18. Time: 1.53
Iter 19. Time: 1.54
Iter 20. Time: 1.56
        value       weight
-------------  -----------
263.087        3.24211e-08
209.593        4.3746e-08
 83.736        1.02885e-09
 54.9653       3.53149e-09
 26.304        1.8268e-08
 16.9384       4.31544e-08
 12.4117       2.08999e-08
 10.0711       5.7512e-06
  8.50707      6.06339e-06
 -8.43365      4.93992e-10
 -7.97566      4.18158e-10
  7.71079      2.63816e-06
 -6.46884      7.28275e-09
  5.88064      1.77294e-06
 -4.92335      2.25916e-08
  3.62971      1.37491e-06
 -2.79299      2.01792e-07
  1.46049      5.27593e-06
 -0.656313     9.29222e-06
 -0.000120593  0.999967
[2.6308658e+02 2.0959305e+02 8.3735970e+01 5.4965321e+01 2.6303974e+01
 1.6938416e+01 1.2411679e+01 1.0071137e+01 8.5070696e+00 7.7107911e+00
 5.8806391e+00 3.6297090e+00 1.2059334e-04 1.4604937e+00 6.5631270e-01
 2.7929871e+00 8.4336519e+00 7.9756584e+00 6.4688430e+00 4.9233532e+00]
learning rate
0.04994661547182825
top
15.409812557875028
bottom
17.030075134232703
momentum
0.9048587534942384
 261    0.0499     0.0292   99.0444     0.3351   92.5400  367.3274       0.4110
 262    0.0499     0.0275   99.1333     0.2671   93.4200   82.0070       0.4110
 263    0.0499     0.0283   99.0556     0.2867   93.3400   82.2729       0.4110
 264    0.0499     0.0298   98.9756     0.2928   92.7200   82.2054       0.4110
 265    0.0499     0.0251   99.1822     0.3139   92.4200   82.4127       0.4110
 266    0.0499     0.0349   98.8244     0.3186   92.3600   82.1957       0.4110
 267    0.0499     0.0291   99.0311     0.2946   92.8000   82.2585       0.4110
 268    0.0499     0.0213   99.2711     0.3191   92.6400   82.1809       0.4110
 269    0.0499     0.0322   98.8822     0.3446   92.0600   82.2911       0.4110
 270    0.0499     0.0314   98.9422     0.2907   92.4200   82.5017       0.4110
 271    0.0499     0.0273   99.1267     0.3040   92.7800   82.1720       0.4110
 272    0.0499     0.0285   99.0889     0.3408   91.4600   82.1973       0.4110
 273    0.0499     0.0311   98.9800     0.2737   93.1600   82.1453       0.4110
 274    0.0499     0.0229   99.2378     0.3375   92.5200   82.2159       0.4110
 275    0.0499     0.0374   98.7933     0.3168   92.4200   85.9265       0.4110
 276    0.0499     0.0339   98.9378     0.2830   93.2000   82.3262       0.4110
 277    0.0499     0.0204   99.3444     0.3604   92.4000   82.3752       0.4110
 278    0.0499     0.0375   98.6556     0.3266   92.1200   82.2258       0.4110
 279    0.0499     0.0260   99.1467     0.3112   92.8200   82.2829       0.4110
 280    0.0499     0.0323   98.9000     0.3106   92.5000   82.0708       0.4110
Iter 1. Time: 1.49
Iter 2. Time: 1.54
Iter 3. Time: 1.56
Iter 4. Time: 1.47
Iter 5. Time: 1.55
Iter 6. Time: 1.49
Iter 7. Time: 1.55
Iter 8. Time: 1.58
Iter 9. Time: 1.62
Iter 10. Time: 1.59
Iter 11. Time: 1.61
Iter 12. Time: 1.60
Iter 13. Time: 1.59
Iter 14. Time: 1.60
Iter 15. Time: 1.66
Iter 16. Time: 1.64
Iter 17. Time: 1.64
Iter 18. Time: 1.63
Iter 19. Time: 1.62
Iter 20. Time: 1.63
        value       weight
-------------  -----------
140.717        5.39597e-09
 88.0004       3.20444e-09
 43.8287       6.88843e-09
 20.2496       6.18704e-08
 13.696        1.62371e-08
  8.59926      9.48396e-08
 -8.38954      6.98515e-10
  7.51619      3.01485e-08
 -7.39285      2.33731e-09
 -6.47466      2.28284e-08
  6.33741      9.61564e-08
 -5.5688       1.53528e-07
  4.74781      2.13235e-06
 -4.04946      3.02019e-07
  3.25583      1.92244e-05
 -2.45582      2.02514e-06
  2.22463      0.000117987
  0.967639     0.00016017
 -0.650402     8.30352e-05
 -0.000441297  0.999615
[1.4071729e+02 8.8000427e+01 4.3828728e+01 2.0249626e+01 1.3695997e+01
 8.3895359e+00 7.3928456e+00 6.4746566e+00 5.5688014e+00 4.0494552e+00
 8.5992603e+00 2.4558220e+00 4.4129699e-04 6.5040213e-01 7.5161915e+00
 6.3374100e+00 9.6763867e-01 2.2246258e+00 3.2558341e+00 4.7478127e+00]
learning rate
0.06798565067987279
top
11.05595654539889
bottom
12.668906797200156
momentum
0.8726843383078854
----  --------  ---------  --------  ---------  --------  --------  -----------
  ep        lr    tr_loss    tr_acc    te_loss    te_acc      time    mem_usage
----  --------  ---------  --------  ---------  --------  --------  -----------
 281    0.0680     0.0394   98.6578     0.2805   93.1000  315.9185       0.4110
 282    0.0680     0.0297   98.9956     0.3505   91.6600   82.1176       0.4110
 283    0.0680     0.0386   98.6778     0.3122   92.6200   82.0408       0.4110
 284    0.0680     0.0283   99.0822     0.3196   91.9400   82.1358       0.4110
 285    0.0680     0.0288   99.0578     0.2942   93.1600   82.2705       0.4110
 286    0.0680     0.0328   98.9311     0.3211   92.1000   82.1518       0.4110
 287    0.0680     0.0298   98.9733     0.3219   92.3600   82.1120       0.4110
 288    0.0680     0.0312   98.9933     0.3222   91.9200   82.2553       0.4110
 289    0.0680     0.0281   99.0867     0.3290   92.5600   82.0929       0.4110
 290    0.0680     0.0313   98.9289     0.3368   91.7000   82.1714       0.4110
 291    0.0680     0.0367   98.7956     0.3209   92.1200   82.0787       0.4110
 292    0.0680     0.0303   98.9911     0.3275   92.9800   82.0440       0.4110
 293    0.0680     0.0345   98.8311     0.3546   91.5200   82.0739       0.4110
 294    0.0680     0.0347   98.8844     0.3327   91.9400   88.2964       0.4110
 295    0.0680     0.0380   98.7400     0.3569   91.9400   86.4820       0.4110
 296    0.0680     0.0295   99.0311     0.2661   92.9000   82.0363       0.4110
 297    0.0680     0.0235   99.2489     0.3416   92.0000   81.9324       0.4110
 298    0.0680     0.0286   99.0644     0.3189   92.4800   82.0490       0.4110
 299    0.0680     0.0232   99.2956     0.3786   91.6600   81.9628       0.4110
 300    0.0680     0.0214   99.3222     0.2870   93.0200   86.2032       0.4110
