
	Python anaconda is now loaded in your environment.

numpy imported
Preparing directory /jmain01/home/JAD017/sjr02/dxg49-sjr02/kfac-curvature/out/ImageNet32/PreResNet110/AdamX/lr=0.003_wd=0.01_swa_start=176.0_swa_lr=0.005/
Using model PreResNet110
Loading ImageNet32 from /jmain01/home/JAD017/sjr02/dxg49-sjr02/curvature/data/
You are going to run models on the test set. Are you sure?
Using train (1281167) + test (50000)
Preparing model
{'depth': 110}
SWA-Gaussian training
----  --------  ---------  --------  ---------  --------  -------------  -------------  ------------  -----------------  ---------  -----------
  ep        lr    tr_loss    tr_acc    te_loss    te_acc    te_top5_acc  swa_te_loss    swa_te_acc    swa_te_top5_acc         time    mem_usage
----  --------  ---------  --------  ---------  --------  -------------  -------------  ------------  -----------------  ---------  -----------
   1    0.0030     4.8367   12.3543     4.1265   19.9160        41.4620                                                  1558.4707       0.0267
   2    0.0030     3.6045   26.4245     3.6190   27.1140        50.9840                                                  1555.1431       0.0267
   3    0.0030     3.2465   31.8862     3.3022   31.3580        55.9380                                                  1565.1944       0.0267
   4    0.0030     3.0662   34.7407     3.2181   32.6700        57.7660                                                  1562.1142       0.0267
   5    0.0030     2.9555   36.5377     3.1818   33.6540        58.7840                                                  1560.6784       0.0267
   6    0.0030     2.8795   37.8008     3.1489   34.0420        59.3680                                                  1567.7929       0.0267
   7    0.0030     2.8262   38.6947     3.0662   35.5000        60.9360                                                  1567.4519       0.0267
   8    0.0030     2.7855   39.3762     3.0552   35.1880        60.6560                                                  1564.5380       0.0267
   9    0.0030     2.7527   39.8978     2.9843   36.1820        61.5260                                                  1559.1803       0.0267
  10    0.0030     2.7256   40.3590     2.9647   36.6540        62.0500                                                  1564.1343       0.0267
  11    0.0030     2.7012   40.7176     2.9021   37.8280        63.3420                                                  1562.6733       0.0267
  12    0.0030     2.6837   41.0957     2.9114   37.7920        63.3299                                                  1564.4111       0.0267
  13    0.0030     2.6664   41.3684     2.9456   37.4240        62.6400                                                  1566.9763       0.0267
  14    0.0030     2.6518   41.5848     2.9155   37.7520        63.4520                                                  1569.7644       0.0267
  15    0.0030     2.6409   41.7935     2.9330   37.2020        62.8320                                                  1562.8278       0.0267
  16    0.0030     2.6282   41.9731     2.8910   37.7740        63.3460                                                  1560.5034       0.0267
  17    0.0030     2.6190   42.1445     2.8989   37.8740        63.3360                                                  1547.5905       0.0267
  18    0.0030     2.6097   42.3180     2.9044   38.2220        63.4120                                                  1500.2664       0.0267
  19    0.0030     2.6015   42.4380     2.8563   38.6960        64.3820                                                  1496.1371       0.0267
  20    0.0030     2.5937   42.5742     2.8355   38.7780        64.3540                                                  1496.0763       0.0267
  21    0.0030     2.5871   42.6565     2.8864   38.1940        63.6560                                                  1545.4228       0.0267
  22    0.0030     2.5808   42.8008     2.8111   39.4020        64.8239                                                  1548.2090       0.0267
  23    0.0030     2.5767   42.8991     2.8198   38.9140        64.6340                                                  1553.3130       0.0267
  24    0.0030     2.5712   42.9903     2.8704   38.2700        64.1240                                                  1543.5527       0.0267
  25    0.0030     2.5646   43.0401     2.8321   38.8600        64.7580                                                  1547.7992       0.0267
  26    0.0030     2.5605   43.2057     2.8332   39.1460        64.4760                                                  1548.8989       0.0267
  27    0.0030     2.5560   43.2135     2.8312   38.9620        64.5600                                                  1539.7307       0.0267
  28    0.0030     2.5508   43.3499     2.8589   39.0420        64.5420                                                  1545.5715       0.0267
  29    0.0030     2.5485   43.4036     2.7898   39.5280        65.1860                                                  1544.0012       0.0267
  30    0.0030     2.5438   43.4329     2.8024   39.2960        65.1240                                                  1546.4206       0.0267
  31    0.0030     2.5401   43.4879     2.7597   40.0400        65.6480                                                  1549.9226       0.0267
  32    0.0030     2.5373   43.5492     2.7968   39.4360        65.1560                                                  1555.4690       0.0267
  33    0.0030     2.5339   43.6186     2.8076   39.3580        64.9320                                                  1550.3810       0.0267
  34    0.0030     2.5316   43.6483     2.7661   39.7780        65.6000                                                  1552.4902       0.0267
  35    0.0030     2.5268   43.7304     2.7696   39.7480        65.5519                                                  1551.4826       0.0267
  36    0.0030     2.5250   43.7644     2.8367   38.8000        64.2780                                                  1550.1853       0.0267
  37    0.0030     2.5239   43.7828     2.7835   39.5320        65.2500                                                  1549.5594       0.0267
  38    0.0030     2.5206   43.8057     2.7816   39.6980        65.4059                                                  1546.5092       0.0267
  39    0.0030     2.5180   43.8941     2.7950   39.8260        65.1960                                                  1547.6245       0.0267
  40    0.0030     2.5153   43.9340     2.7668   39.8420        65.5540                                                  1532.1791       0.0267
----  --------  ---------  --------  ---------  --------  -------------  -------------  ------------  -----------------  ---------  -----------
  ep        lr    tr_loss    tr_acc    te_loss    te_acc    te_top5_acc  swa_te_loss    swa_te_acc    swa_te_top5_acc         time    mem_usage
----  --------  ---------  --------  ---------  --------  -------------  -------------  ------------  -----------------  ---------  -----------
  41    0.0030     2.5160   43.9033     2.8518   38.9480        64.2660                                                  1505.4327       0.0267
  42    0.0030     2.5138   43.9464     2.7893   39.4060        65.1020                                                  1501.6351       0.0267
  43    0.0030     2.5106   44.0110     2.8042   39.5460        65.0180                                                  1498.3817       0.0267
  44    0.0030     2.5091   44.0420     2.8145   39.2860        64.8680                                                  1496.4695       0.0267
  45    0.0030     2.5075   44.0465     2.7401   40.1660        66.0360                                                  1500.0318       0.0267
  46    0.0030     2.5053   44.1500     2.7522   40.1440        66.0960                                                  1497.8089       0.0267
  47    0.0030     2.5035   44.1469     2.8048   39.6320        65.2180                                                  1490.8072       0.0267
  48    0.0030     2.5032   44.1921     2.7624   40.0740        65.4880                                                  1491.6098       0.0267
  49    0.0030     2.5018   44.1316     2.8539   38.5940        64.1980                                                  1497.1908       0.0267
  50    0.0030     2.4987   44.2054     2.7544   40.1140        65.6660                                                  1495.4814       0.0267
  51    0.0030     2.4969   44.2536     2.8020   39.9280        65.1899                                                  1491.2671       0.0267
  52    0.0030     2.4977   44.2066     2.7689   40.3620        65.5579                                                  1493.4245       0.0267
  53    0.0030     2.4960   44.2850     2.7826   40.0240        65.8240                                                  1490.8604       0.0267
  54    0.0030     2.4948   44.2836     2.7290   41.0720        66.1920                                                  1495.1440       0.0267
  55    0.0030     2.4930   44.3485     2.8117   39.2880        65.0860                                                  1494.9256       0.0267
  56    0.0030     2.4918   44.3479     2.7505   40.2940        65.5559                                                  1505.1440       0.0267
  57    0.0030     2.4912   44.3561     2.7705   40.1540        65.5200                                                  1496.9119       0.0267
  58    0.0030     2.4903   44.3660     2.7187   40.9380        66.5240                                                  1577.6522       0.0267
  59    0.0030     2.4886   44.4134     2.7236   40.6760        66.3540                                                  1487.8964       0.0267
  60    0.0030     2.4873   44.4221     2.7303   40.6600        66.2020                                                  1491.0258       0.0267
  61    0.0030     2.4865   44.4399     2.7644   40.0140        65.7140                                                  1508.0796       0.0267
  62    0.0030     2.4850   44.4593     2.7624   39.8920        65.7319                                                  1512.7250       0.0267
  63    0.0030     2.4839   44.4850     2.7383   40.4500        65.8660                                                  1507.7641       0.0267
  64    0.0030     2.4803   44.5927     2.8646   38.5460        64.1500                                                  1488.5137       0.0267
  65    0.0030     2.4802   44.5459     2.7176   40.4540        66.2440                                                  1516.2290       0.0267
  66    0.0030     2.4800   44.5899     2.7301   40.7180        66.3660                                                  1539.8302       0.0267
  67    0.0030     2.4795   44.5957     2.7574   40.0420        65.9140                                                  1546.3369       0.0267
  68    0.0030     2.4804   44.5509     2.8019   39.9700        65.1139                                                  1554.0641       0.0267
  69    0.0030     2.4788   44.5356     2.7584   40.2940        65.7180                                                  1526.9272       0.0267
  70    0.0030     2.4771   44.5691     2.7425   40.4980        65.8820                                                  1515.8411       0.0267
  71    0.0030     2.4754   44.6373     2.7745   39.9160        65.5440                                                  1555.6161       0.0267
  72    0.0030     2.4759   44.5970     2.7308   41.0760        66.3900                                                  1524.5301       0.0267
  73    0.0030     2.4737   44.6513     2.7235   40.3620        66.1400                                                  1541.9675       0.0267
  74    0.0030     2.4727   44.7138     2.7418   40.6400        66.1360                                                  1538.6638       0.0267
  75    0.0030     2.4732   44.6687     2.7062   40.8280        66.5519                                                  1541.6245       0.0267
  76    0.0030     2.4722   44.7398     2.7277   40.5220        66.3160                                                  1540.8177       0.0267
  77    0.0030     2.4718   44.6903     2.7865   39.8220        65.6060                                                  1539.1699       0.0267
  78    0.0030     2.4698   44.7001     2.7669   39.7860        65.5940                                                  1537.6895       0.0267
  79    0.0030     2.4699   44.6996     2.7894   39.6560        65.2980                                                  1695.9976       0.0267
  80    0.0030     2.4687   44.7674     2.7452   40.4420        66.0420                                                  1541.2358       0.0267
----  --------  ---------  --------  ---------  --------  -------------  -------------  ------------  -----------------  ---------  -----------
  ep        lr    tr_loss    tr_acc    te_loss    te_acc    te_top5_acc  swa_te_loss    swa_te_acc    swa_te_top5_acc         time    mem_usage
----  --------  ---------  --------  ---------  --------  -------------  -------------  ------------  -----------------  ---------  -----------
  81    0.0030     2.4681   44.7524     2.7451   40.2340        66.0200                                                  1539.7470       0.0267
  82    0.0030     2.4647   44.8315     2.7589   40.1120        66.0920                                                  1544.2081       0.0267
  83    0.0030     2.4662   44.8002     2.7510   40.4700        65.8760                                                  1539.0729       0.0267
  84    0.0030     2.4667   44.7747     2.7368   40.2840        66.0560                                                  1537.1509       0.0267
  85    0.0030     2.4648   44.7948     2.6799   41.4280        67.1820                                                  1538.7735       0.0267
  86    0.0030     2.4637   44.8831     2.7478   40.7220        66.0540                                                  1544.1405       0.0267
  87    0.0030     2.4629   44.8440     2.7394   40.3660        66.3240                                                  1537.6744       0.0267
  88    0.0030     2.4621   44.8780     2.7390   40.6320        66.5140                                                  1541.3447       0.0267
  89    0.0030     2.4616   44.9207     2.7546   40.2880        65.8040                                                  1540.2686       0.0267
  90    0.0030     2.4674   44.8281     2.6931   41.0860        66.8820                                                  1540.9718       0.0267
  91    0.0031     2.4713   44.7304     2.7702   39.8860        65.3580                                                  1546.3188       0.0267
  92    0.0031     2.4757   44.6165     2.7682   39.8700        65.4460                                                  1548.6265       0.0267
  93    0.0031     2.4779   44.5814     2.7340   40.7640        66.1500                                                  1543.2352       0.0267
  94    0.0031     2.4810   44.5290     2.7660   39.6380        65.5140                                                  1524.2146       0.0267
  95    0.0032     2.4844   44.4680     2.7177   41.1400        66.7320                                                  1516.6035       0.0267
  96    0.0032     2.4873   44.4301     2.7042   40.6340        66.4680                                                  1519.9261       0.0267
  97    0.0032     2.4901   44.3478     2.7415   40.3400        65.8359                                                  1511.8222       0.0267
  98    0.0033     2.4932   44.2884     2.7633   40.1680        65.6180                                                  1519.4888       0.0267
  99    0.0033     2.4977   44.2176     2.7586   40.0180        65.7920                                                  1555.9160       0.0267
 100    0.0033     2.5004   44.1586     2.7598   39.9780        65.3500                                                  1561.1475       0.0267
 101    0.0033     2.5042   44.1156     2.7865   39.6760        65.3820                                                  1560.8050       0.0267
 102    0.0034     2.5054   44.0313     2.7392   40.5400        66.0220                                                  1539.4734       0.0267
 103    0.0034     2.5085   44.0804     2.7664   39.9020        65.6740                                                  1513.0683       0.0267
 104    0.0034     2.5133   43.9338     2.7672   40.0940        65.8940                                                  1577.1017       0.0267
 105    0.0035     2.5151   43.9314     2.8787   38.2260        63.9819                                                  1590.6753       0.0267
 106    0.0035     2.5195   43.8605     2.7909   39.7860        65.3200                                                  1592.4798       0.0267
 107    0.0035     2.5223   43.7897     2.7790   39.7900        65.1680                                                  1590.0632       0.0267
 108    0.0035     2.5255   43.7488     2.7948   39.8720        65.2640                                                  1589.5296       0.0267
 109    0.0036     2.5272   43.7506     2.7998   39.1520        65.0380                                                  1580.4280       0.0267
 110    0.0036     2.5293   43.6800     2.8308   38.8700        64.4940                                                  1583.6678       0.0267
 111    0.0036     2.5343   43.5668     2.8394   38.4600        64.4420                                                  1578.6899       0.0267
 112    0.0037     2.5368   43.5226     2.8504   38.6380        64.4440                                                  1577.9570       0.0267
 113    0.0037     2.5394   43.5155     2.7985   39.3800        65.0979                                                  1575.4935       0.0267
 114    0.0037     2.5406   43.4711     2.8115   39.4280        64.9600                                                  1584.0985       0.0267
 115    0.0037     2.5449   43.3925     2.8368   38.9820        64.5860                                                  1583.5791       0.0267
 116    0.0038     2.5479   43.3134     2.8298   39.2560        64.4500                                                  1583.3101       0.0267
 117    0.0038     2.5507   43.3125     2.7795   39.8120        65.4440                                                  1581.9350       0.0267
 118    0.0038     2.5517   43.2999     2.8436   38.6540        64.3700                                                  1578.3055       0.0267
 119    0.0039     2.5555   43.2229     2.7868   39.4240        65.0340                                                  1573.4036       0.0267
 120    0.0039     2.5586   43.1256     2.8032   39.3920        65.1400                                                  1577.6700       0.0267
----  --------  ---------  --------  ---------  --------  -------------  -------------  ------------  -----------------  ---------  -----------
  ep        lr    tr_loss    tr_acc    te_loss    te_acc    te_top5_acc  swa_te_loss    swa_te_acc    swa_te_top5_acc         time    mem_usage
----  --------  ---------  --------  ---------  --------  -------------  -------------  ------------  -----------------  ---------  -----------
 121    0.0039     2.5615   43.1172     2.8752   38.4400        63.7980                                                  1584.3779       0.0267
 122    0.0039     2.5647   43.0444     2.8701   38.1740        64.0000                                                  1581.6564       0.0267
 123    0.0040     2.5682   43.0348     2.7902   39.4800        65.2140                                                  1581.8638       0.0267
 124    0.0040     2.5705   42.9282     2.8554   38.5580        64.0920                                                  1579.6589       0.0267
 125    0.0040     2.5738   42.9280     2.9334   37.4340        62.9860                                                  1585.5253       0.0267
 126    0.0041     2.5762   42.8561     2.8161   39.3340        65.0060                                                  1576.6639       0.0267
 127    0.0041     2.5794   42.8055     2.8849   37.7440        63.5340                                                  1579.8655       0.0267
 128    0.0041     2.5826   42.7680     2.8397   38.3940        64.2840                                                  1582.1364       0.0267
 129    0.0041     2.5856   42.7292     2.8799   38.0800        63.6260                                                  1547.4996       0.0267
 130    0.0042     2.5884   42.6512     2.8860   38.0140        63.7100                                                  1542.4456       0.0267
 131    0.0042     2.5905   42.6242     2.8612   38.7960        64.2260                                                  1539.3789       0.0267
 132    0.0042     2.5921   42.5770     2.9165   37.9380        63.2019                                                  1558.3342       0.0267
 133    0.0043     2.5965   42.5010     2.9172   37.5860        63.0420                                                  1540.0711       0.0267
 134    0.0043     2.5986   42.4700     2.8960   38.1360        63.5260                                                  1540.9336       0.0267
 135    0.0043     2.6017   42.4207     2.8443   38.5700        64.3020                                                  1539.1177       0.0267
 136    0.0043     2.6042   42.3409     2.8538   38.2880        64.0700                                                  1548.8715       0.0267
 137    0.0044     2.6078   42.3114     2.9185   37.9840        63.0920                                                  1551.9785       0.0267
 138    0.0044     2.6093   42.2872     2.8812   38.0000        63.5040                                                  1545.9529       0.0267
 139    0.0044     2.6118   42.3090     2.9609   36.6400        62.3500                                                  1575.7050       0.0267
 140    0.0044     2.6151   42.1471     2.8672   38.2380        63.9200                                                  1571.3061       0.0267
 141    0.0045     2.6179   42.2107     2.8893   38.1320        63.7820                                                  1568.4620       0.0267
 142    0.0045     2.6206   42.1225     2.8749   38.1760        63.9400                                                  1570.7755       0.0267
 143    0.0045     2.6240   42.0127     2.8829   38.3860        63.5440                                                  1570.6675       0.0267
 144    0.0046     2.6273   41.9823     2.9232   37.5160        62.8880                                                  1574.0877       0.0267
 145    0.0046     2.6288   41.9098     2.8987   37.8460        63.3100                                                  1572.1598       0.0267
 146    0.0046     2.6339   41.8607     2.9847   36.6620        62.2740                                                  1569.1876       0.0267
 147    0.0046     2.6347   41.8920     2.9626   37.1360        62.1000                                                  1564.2195       0.0267
 148    0.0047     2.6366   41.8632     2.9329   37.5080        63.0260                                                  1572.2503       0.0267
 149    0.0047     2.6422   41.7124     2.9850   36.3860        62.0080                                                  1578.3492       0.0267
 150    0.0047     2.6442   41.7283     2.8755   37.8800        63.8260                                                  1575.9331       0.0267
 151    0.0048     2.6435   41.6891     2.9708   36.5920        62.0460                                                  1573.6920       0.0267
 152    0.0048     2.6484   41.6410     2.9610   37.3040        62.2240                                                  1575.3507       0.0267
 153    0.0048     2.6497   41.6347     3.0057   36.1500        61.5140                                                  1574.3111       0.0267
 154    0.0048     2.6529   41.5502     3.0191   36.0000        61.4500                                                  1576.5468       0.0267
 155    0.0049     2.6569   41.4640     3.0144   35.8300        61.1980                                                  1576.4624       0.0267
 156    0.0049     2.6595   41.4644     2.8924   37.8040        63.2860                                                  1574.3688       0.0267
 157    0.0049     2.6599   41.3928     2.9704   36.6640        62.1660                                                  1574.5711       0.0267
 158    0.0050     2.6647   41.3866     3.0751   35.6600        60.4979                                                  1575.6671       0.0267
 159    0.0050     2.6669   41.3048     2.9577   36.7640        62.2799                                                  1574.5152       0.0267
 160    0.0050     2.6684   41.2748     2.9762   36.5260        62.0280                                                  1571.3139       0.0267
----  --------  ---------  --------  ---------  --------  -------------  -------------  ------------  -----------------  ---------  -----------
  ep        lr    tr_loss    tr_acc    te_loss    te_acc    te_top5_acc  swa_te_loss    swa_te_acc    swa_te_top5_acc         time    mem_usage
----  --------  ---------  --------  ---------  --------  -------------  -------------  ------------  -----------------  ---------  -----------
 161    0.0050     2.6662   41.3588     2.8882   37.7440        63.4560                                                  1572.2418       0.0267
 162    0.0050     2.6663   41.3113     2.9771   36.5740        61.8740                                                  1572.8008       0.0267
 163    0.0050     2.6688   41.2840     2.9732   36.2620        61.9040                                                  1575.1555       0.0267
 164    0.0050     2.6637   41.4261     3.0064   36.1300        61.5000                                                  1583.3936       0.0267
 165    0.0050     2.6650   41.3463     2.8926   37.7420        63.5559                                                  1581.7554       0.0267
 166    0.0050     2.6665   41.3230     2.8825   37.8960        63.4080                                                  1584.2214       0.0267
 167    0.0050     2.6652   41.3755     2.9203   37.3300        62.8300                                                  1587.3632       0.0267
 168    0.0050     2.6665   41.3592     2.9046   37.8260        63.3540                                                  1581.5785       0.0267
 169    0.0050     2.6651   41.4089     2.9579   36.9100        62.4120                                                  1579.1521       0.0267
 170    0.0050     2.6668   41.3258     2.8955   37.6140        63.2720                                                  1574.1982       0.0267
 171    0.0050     2.6655   41.3521     2.9752   36.3220        61.9520                                                  1573.1713       0.0267
 172    0.0050     2.6659   41.3642     2.8764   38.1940        63.9420                                                  1576.2828       0.0267
 173    0.0050     2.6656   41.3860     2.9756   36.4220        61.9500                                                  1575.3586       0.0267
 174    0.0050     2.6654   41.3582     3.0993   34.9940        60.2460                                                  1577.4074       0.0267
 175    0.0050     2.6645   41.3214     2.8861   37.6060        63.5360                                                  1583.7584       0.0267
 176    0.0050     2.6660   41.2892     3.2081   33.4960        58.7920                                                  1575.5171       0.0267
177    0.0050    2.6662   41.3637    2.9435    37.1960   62.9979     2.8159   39.0080        64.7420         2.8159       39.0080            64.7420  1558.0676       0.0267
178    0.0050    3.1002   34.5554    3.1223    34.1860   59.6080     2.6203   42.6320        68.0500         2.6203       42.6320            68.0500  1605.6068       0.0320
179    0.0050    3.1544   33.6984    3.1745    33.3660   58.4940     2.6181   42.8660        67.9960         2.6181       42.8660            67.9960  1601.6895       0.0320
180    0.0050    3.1626   33.5767    3.1493    33.9300   58.8800     2.6438   42.6180        67.5020         2.6438       42.6180            67.5020  1603.6930       0.0320
181    0.0050    3.1907   33.1294    3.1879    33.4900   58.3440     2.6695   42.3320        67.1700         2.6695       42.3320            67.1700  1607.6765       0.0320
182    0.0050    3.2080   32.9055    3.1561    33.3240   58.3680     2.6992   41.8900        66.6940         2.6992       41.8900            66.6940  1632.3576       0.0320
183    0.0050    3.2337   32.4935    3.2220    32.9680   57.6920     2.7286   41.3560        66.1040         2.7286       41.3560            66.1040  1596.3870       0.0320
184    0.0050    3.2459   32.2785    3.2468    32.1480   57.2120     2.7482   41.0500        65.7160         2.7482       41.0500            65.7160  1605.2083       0.0320
185    0.0050    3.2622   32.0896    3.3004    31.6020   56.5020     2.7805   40.4600        65.1500         2.7805       40.4600            65.1500  1603.7410       0.0320
186    0.0050    3.2655   32.0389    3.2628    32.0120   56.9200     2.8091   40.1300        64.7480         2.8091       40.1300            64.7480  1611.8356       0.0320
187    0.0050    3.2861   31.6867    3.4075    30.2540   54.3160     2.8247   39.9040        64.4020         2.8247       39.9040            64.4020  1602.9463       0.0320
188    0.0050    3.3036   31.4972    3.3737    30.9200   55.5840     2.8467   39.6340        64.1160         2.8467       39.6340            64.1160  1620.8442       0.0320
189    0.0050    3.3078   31.3633    3.3405    30.8060   55.3900     2.8675   39.1700        63.6899         2.8675       39.1700            63.6899  1604.1787       0.0320
190    0.0050    3.3166   31.3034    3.4405    29.6200   53.7920     2.8922   38.7560        63.3540         2.8922       38.7560            63.3540  1603.4217       0.0320
191    0.0050    3.3259   31.1692    3.3589    31.0060   55.5160     2.9119   38.5080        62.9680         2.9119       38.5080            62.9680  1605.5635       0.0320
192    0.0050    3.3377   30.9492    3.3631    30.5140   55.4200     2.9283   38.1060        62.7900         2.9283       38.1060            62.7900  1602.7995       0.0320
193    0.0050    3.3455   30.8288    3.3581    30.8900   55.3820     2.9624   37.6720        62.3280         2.9624       37.6720            62.3280  1600.2438       0.0320
194    0.0050    3.3529   30.7769    3.3940    30.3880   54.8680     2.9677   37.5340        62.2640         2.9677       37.5340            62.2640  1603.9671       0.0320
195    0.0050    3.3664   30.5553    3.3033    31.6520   56.0620     2.9879   37.0760        61.9320         2.9879       37.0760            61.9320  1597.5968       0.0320
196    0.0050    3.3639   30.5699    3.4108    29.8860   54.3120     3.0055   36.7920        61.5780         3.0055       36.7920            61.5780  1601.0990       0.0320
197    0.0050    3.3683   30.5415    3.3924    30.3020   54.7860     3.0292   36.4960        61.1840         3.0292       36.4960            61.1840  1601.5745       0.0320
198    0.0050    3.3813   30.3883    3.3970    30.1760   54.4640     3.0414   36.2140        60.8900         3.0414       36.2140            60.8900  1604.6551       0.0320
199    0.0050    3.3854   30.3409    3.3699    30.9940   55.2360     3.0539   35.9740        60.6520         3.0539       35.9740            60.6520  1607.2411       0.0320
200    0.0050    3.3913   30.1917    3.3673    30.2440   54.9180     3.0728   35.5700        60.3400         3.0728       35.5700            60.3400  1597.7706       0.0320
---  --------  --------  --------  --------  ---------  --------  ---------  --------  -------------  -------------  ------------  -----------------  ---------  -----------
                               ep        lr    tr_loss    tr_acc    te_loss    te_acc    te_top5_acc    swa_te_loss    swa_te_acc    swa_te_top5_acc       time    mem_usage
---  --------  --------  --------  --------  ---------  --------  ---------  --------  -------------  -------------  ------------  -----------------  ---------  -----------
201    0.0050    3.4031   30.0450    3.4250    29.9500   54.3320     3.0952   35.3100        59.9500         3.0952       35.3100            59.9500  1596.1244       0.0320
202    0.0050    3.4016   30.1101    3.4652    29.6280   53.9400     3.1093   35.1000        59.8020         3.1093       35.1000            59.8020  1596.6778       0.0320
203    0.0050    3.3977   30.1406    3.4794    29.0660   52.9740     3.1296   34.8420        59.3159         3.1296       34.8420            59.3159  1604.3527       0.0320
204    0.0050    3.4122   29.9642    3.4712    29.2500   52.9800     3.1465   34.6020        59.0440         3.1465       34.6020            59.0440  1607.1788       0.0320
205    0.0050    3.4170   29.9108    3.4707    29.3100   53.4500     3.1626   34.1880        58.8740         3.1626       34.1880            58.8740  1599.1052       0.0320
206    0.0050    3.4198   29.8371    3.6425    27.3120   51.0320     3.1763   34.0580        58.5840         3.1763       34.0580            58.5840  1640.9528       0.0320
207    0.0050    3.4300   29.7004    3.5291    28.5420   52.3760     3.1877   33.9020        58.4680         3.1877       33.9020            58.4680  1629.2184       0.0320
208    0.0050    3.4251   29.7295    3.4419    29.5880   53.7220     3.2096   33.4240        57.8879         3.2096       33.4240            57.8879  1600.1396       0.0320
209    0.0050    3.4378   29.5674    3.6274    27.9660   51.4840     3.2180   33.4500        57.8900         3.2180       33.4500            57.8900  1607.0841       0.0320
210    0.0050    3.4379   29.5489    3.5792    28.1280   51.8020     3.2277   33.3040        57.7300         3.2277       33.3040            57.7300  1603.4150       0.0320
211    0.0050    3.4559   29.3191    3.5490    27.9100   52.0660     3.2453   33.0100        57.4580         3.2453       33.0100            57.4580  1598.8757       0.0320
212    0.0050    3.4516   29.4007    3.5412    28.6000   52.5820     3.2586   32.7740        57.0760         3.2586       32.7740            57.0760  1600.8579       0.0320
213    0.0050    3.4760   29.0559    3.5311    28.5180   52.5060     3.2834   32.3860        56.6000         3.2834       32.3860            56.6000  1601.1576       0.0320
214    0.0050    3.4608   29.2365    3.5515    28.7200   52.4940     3.2805   32.4680        56.8180         3.2805       32.4680            56.8180  1598.5361       0.0320
215    0.0050    3.4654   29.2540    3.7183    26.0160   49.0960     3.2950   32.2880        56.4220         3.2950       32.2880            56.4220  1560.4286       0.0320
216    0.0050    3.4794   29.0320    3.6493    26.4740   49.8620     3.3094   32.0280        56.2440         3.3094       32.0280            56.2440  1557.0415       0.0320
217    0.0050    3.4762   29.0470    3.5728    28.1320   51.5200     3.3128   31.9300        56.1380         3.3128       31.9300            56.1380  1574.5091       0.0320
218    0.0050    3.4788   29.0167    3.5835    27.4300   50.9660     3.3223   31.8760        55.9940         3.3223       31.8760            55.9940  1594.1817       0.0320
219    0.0050    3.4783   28.9993    3.6007    27.8380   51.1180     3.3397   31.5620        55.7240         3.3397       31.5620            55.7240  1558.9650       0.0320
220    0.0050    3.5097   28.5567    3.5935    27.4740   51.4800     3.3483   31.4000        55.5020         3.3483       31.4000            55.5020  1577.8789       0.0320
221    0.0050    3.5028   28.6311    3.5687    27.8480   51.5180     3.3550   31.3720        55.3880         3.3550       31.3720            55.3880  1589.6641       0.0320
222    0.0050    3.5128   28.5559    3.6116    27.3880   51.0640     3.3611   31.2860        55.3060         3.3611       31.2860            55.3060  1585.5788       0.0320
223    0.0050    3.5079   28.6331    3.5370    27.8200   51.8440     3.3732   31.0620        55.0340         3.3732       31.0620            55.0340  1590.5700       0.0320
Traceback (most recent call last):
  File "../run_adam.py", line 283, in <module>
    state_dict=swag_model.state_dict(),
  File "/jmain01/home/JAD017/sjr02/dxg49-sjr02/kfac-curvature/curvature/utils.py", line 16, in save_checkpoint
    torch.save(state, filepath)
  File "/jmain01/home/JAD017/sjr02/dxg49-sjr02/.conda/envs/diegorubin/lib/python3.7/site-packages/torch/serialization.py", line 260, in save
    return _with_file_like(f, "wb", lambda f: _save(obj, f, pickle_module, pickle_protocol))
  File "/jmain01/home/JAD017/sjr02/dxg49-sjr02/.conda/envs/diegorubin/lib/python3.7/site-packages/torch/serialization.py", line 183, in _with_file_like
    f = open(f, mode)
OSError: [Errno 27] File too large: '/jmain01/home/JAD017/sjr02/dxg49-sjr02/kfac-curvature/out/ImageNet32/PreResNet110/AdamX/lr=0.003_wd=0.01_swa_start=176.0_swa_lr=0.005/swag-00223.pt'
