
	Python anaconda is now loaded in your environment.

numpy imported
Preparing directory ../out//ImageNet32/WideResNet28x10/PadamX/seed=1_lr=0.03_wd=0.0003_swa_start=30.0_swa_lr=0.015/
Using model WideResNet28x10
Loading ImageNet32 from /jmain01/home/JAD017/sjr02/dxg49-sjr02/curvature/data/
You are going to run models on the test set. Are you sure?
Using train (1281167) + test (50000)
Preparing model
{'depth': 28, 'widen_factor': 10}
No Covariance Estimation
----  --------  ---------  --------  ---------  --------  -------------  -------------  ------------  -------------  ------------  -----------------  ---------  -----------
  ep        lr    tr_loss    tr_acc    te_loss    te_acc    te_top5_acc  swa_tr_loss    swa_tr_acc    swa_te_loss    swa_te_acc    swa_te_top5_acc         time    mem_usage
----  --------  ---------  --------  ---------  --------  -------------  -------------  ------------  -------------  ------------  -----------------  ---------  -----------
   1    0.0300     4.7455   12.5068     3.9622   20.4840        43.9200                                                                               2280.5987       0.6950
   2    0.0300     3.3134   29.6964     3.2189   31.4460        57.4960                                                                               2274.4726       0.6950
   3    0.0300     2.7985   38.2216     2.9523   36.6500        62.7280                                                                               2273.9421       0.6950
   4    0.0300     2.4933   43.6264     2.6807   41.1120        67.2859                                                                               2270.6000       0.6950
   5    0.0300     2.2857   47.4756     2.4953   44.6320        70.3860                                                                               2266.8860       0.6950
   6    0.0300     2.1317   50.3668     2.3902   46.4220        72.2520                                                                               2266.4724       0.6950
   7    0.0300     2.0112   52.6586     2.3459   47.5440        73.1340                                                                               2266.2145       0.6950
   8    0.0300     1.9141   54.5489     2.3144   48.3220        73.6500                                                                               2265.5528       0.6950
   9    0.0300     1.8346   56.0807     2.2977   48.6400        74.0700                                                                               2266.3924       0.6950
  10    0.0300     1.7687   57.3536     2.2421   49.8180        74.8880                                                                               2263.8166       0.6950
  11    0.0300     1.7120   58.4359     2.2108   50.3860        75.6920                                                                               2262.5608       0.6950
  12    0.0300     1.6626   59.4451     2.1917   50.8160        75.6140                                                                               2264.5050       0.6950
  13    0.0300     1.6195   60.2672     2.1684   51.3040        76.0120                                                                               2263.2795       0.6950
  14    0.0300     1.5812   61.0405     2.1794   51.6120        76.4420                                                                               2263.5300       0.6950
  15    0.0300     1.5468   61.7350     2.1412   52.1040        76.9720                                                                               2264.5820       0.6950
  16    0.0300     1.5145   62.3723     2.1303   52.1020        76.9180                                                                               2262.1309       0.6950
  17    0.0288     1.4651   63.3718     2.1143   53.0500        77.3540                                                                               2263.5159       0.6950
  18    0.0275     1.4155   64.4362     2.1237   53.0940        77.1820                                                                               2264.1820       0.6950
  19    0.0262     1.3689   65.4524     2.0803   53.5460        77.8541                                                                               2265.4704       0.6950
  20    0.0250     1.3229   66.3297     2.0849   53.8720        78.0081                                                                               2260.5078       0.6950
  21    0.0238     1.2754   67.3564     2.0817   54.2240        78.1680                                                                               2261.6589       0.6950
  22    0.0225     1.2298   68.3428     2.1075   54.2340        78.2900                                                                               2264.9912       0.6950
  23    0.0213     1.1827   69.3084     2.0687   54.7300        78.8460                                                                               2260.1698       0.6950
  24    0.0200     1.1361   70.3588     2.0915   54.7160        78.8521                                                                               2266.1065       0.6950
  25    0.0187     1.0881   71.3592     2.0978   54.8080        78.7120                                                                               2260.9453       0.6950
  26    0.0175     1.0370   72.6072     2.0981   55.1480        78.9801                                                                               2262.2269       0.6950
  27    0.0162     0.9862   73.6984     2.0858   55.4740        79.0241                                                                               2259.3344       0.6950
  28    0.0150     0.9320   74.9730     2.1092   55.3700        79.2221                                                                               2266.0568       0.6950
  29    0.0150     0.9152   75.3027     2.1560   55.2960        78.8160                                                                               2260.4775       0.6950
  30    0.0150     0.9069   75.4313     2.1573   55.3800        78.8380                                                                               2260.8802       0.6950
  31    0.0150     0.8989   75.5660     2.1602   55.3040        79.0440         0.8028       78.1032         2.1360       55.5160            79.2021  2260.5179       0.6950
  32    0.0150     0.9340   74.7900     2.2128   54.3620        78.0781         0.6198       83.3232         1.9851       58.1700            81.0480  2262.0422       0.8339
  33    0.0150     0.9661   74.0206     2.1588   54.4000        78.3221         0.5629       85.0440         1.9333       59.1999            81.8360  2261.2431       0.8339
  34    0.0150     0.9947   73.3398     2.1517   54.5640        78.1861         0.5344       85.9167         1.9196       59.6560            82.3661  2264.2754       0.8339
  35    0.0150     1.0193   72.7932     2.1515   54.1780        77.9460         0.5221       86.2671         1.8709       59.9000            82.5320  2261.3692       0.8339
  36    0.0150     1.0417   72.2616     2.1706   54.1500        78.1160         0.5161       86.4748         1.8784       60.1000            82.6301  2262.7790       0.8339
  37    0.0150     1.0593   71.8603     2.1622   54.1680        78.0581         0.5122       86.5886         1.8513       60.2800            82.6141  2261.6642       0.8339
  38    0.0150     1.0724   71.5736     2.1647   54.0300        78.0761         0.5094       86.6544         1.8410       60.3500            82.9361  2260.8913       0.8339
  39    0.0150     1.0829   71.3425     2.1550   53.9180        78.1401         0.5082       86.7070         1.8301       60.5320            83.0900  2261.2668       0.8339
  40    0.0150     1.0920   71.1501     2.1465   54.1760        78.1360         0.5080       86.7240         1.8328       60.5800            83.0741  2260.3179       0.8339
----  --------  ---------  --------  ---------  --------  -------------  -------------  ------------  -------------  ------------  -----------------  ---------  -----------
  ep        lr    tr_loss    tr_acc    te_loss    te_acc    te_top5_acc    swa_tr_loss    swa_tr_acc    swa_te_loss    swa_te_acc    swa_te_top5_acc       time    mem_usage
----  --------  ---------  --------  ---------  --------  -------------  -------------  ------------  -------------  ------------  -----------------  ---------  -----------
  41    0.0150     1.0981   71.0229     2.1878   53.7720        77.6340         0.5088       86.6918         1.8152       60.7640            83.1780  2260.5794       0.8339
  42    0.0150     1.1020   70.9071     2.1555   53.9820        77.8920         0.5088       86.7053         1.8235       60.6799            83.1521  2261.4544       0.8339
  43    0.0150     1.1050   70.8410     2.1485   54.2220        78.2100         0.5105       86.6644         1.8127       61.0040            83.2820  2262.9872       0.8339
  44    0.0150     1.1064   70.8717     2.1552   53.9540        78.0980         0.5110       86.6271         1.8166       60.8740            83.2501  2264.4355       0.8339
  45    0.0150     1.1088   70.7689     2.1532   53.9260        77.9620         0.5114       86.6060         1.8117       60.9300            83.2720  2263.3676       0.8339
  46    0.0150     1.1092   70.7250     2.1850   53.6700        77.7820         0.5125       86.5593         1.8057       61.0280            83.2240  2266.1630       0.8339
  47    0.0150     1.1089   70.8154     2.1922   53.7240        77.7160         0.5129       86.5415         1.8217       60.9860            83.3520  2263.6298       0.8339
  48    0.0150     1.1070   70.8071     2.1582   54.2760        78.0460         0.5135       86.5526         1.8236       61.1140            83.3201  2263.1185       0.8339
  49    0.0150     1.1060   70.8457     2.1447   54.1060        78.0880         0.5152       86.4759         1.8093       61.3680            83.4040  2262.5160       0.8339
  50    0.0150     1.1048   70.8912     2.1553   54.3520        78.2540         0.5160       86.4460         1.8122       61.0680            83.4081  2261.9989       0.8339
