
	Python anaconda is now loaded in your environment.

numpy imported
Preparing directory ../out//ImageNet32/WideResNet28x10/PadamX/seed=1_lr=0.1_wd=0.0001_swa_start=30.0_swa_lr=0.015/
Using model WideResNet28x10
Loading ImageNet32 from /jmain01/home/JAD017/sjr02/dxg49-sjr02/curvature/data/
You are going to run models on the test set. Are you sure?
Using train (1281167) + test (50000)
Preparing model
{'depth': 28, 'widen_factor': 10}
No Covariance Estimation
----  --------  ---------  --------  ---------  --------  -------------  -------------  ------------  -------------  ------------  -----------------  ---------  -----------
  ep        lr    tr_loss    tr_acc    te_loss    te_acc    te_top5_acc  swa_tr_loss    swa_tr_acc    swa_te_loss    swa_te_acc    swa_te_top5_acc         time    mem_usage
----  --------  ---------  --------  ---------  --------  -------------  -------------  ------------  -------------  ------------  -----------------  ---------  -----------
   1    0.1000     4.6373   13.8012     3.8406   22.9400        46.7460                                                                               2303.4159       0.6952
   2    0.1000     3.1598   32.3536     3.0829   34.2080        60.2780                                                                               2298.0888       0.6952
   3    0.1000     2.6413   41.2007     2.7749   39.7600        65.6900                                                                               2300.0565       0.6952
   4    0.1000     2.3549   46.3815     2.5492   43.5080        69.5280                                                                               2300.5795       0.6952
   5    0.1000     2.1677   49.8596     2.4176   46.2640        71.5440                                                                               2299.2275       0.6952
   6    0.1000     2.0309   52.3945     2.3647   47.5880        72.8980                                                                               2299.1575       0.6952
   7    0.1000     1.9256   54.4248     2.2720   49.0680        74.2880                                                                               2300.4332       0.6952
   8    0.1000     1.8414   56.0124     2.3486   48.0480        73.3000                                                                               2299.7529       0.6952
   9    0.1000     1.7716   57.4033     2.2239   50.5060        75.3200                                                                               2302.3414       0.6952
  10    0.1000     1.7136   58.5538     2.2540   49.8100        74.7960                                                                               2300.0783       0.6952
  11    0.1000     1.6636   59.5205     2.1970   51.0920        75.7701                                                                               2299.9832       0.6952
  12    0.1000     1.6194   60.3736     2.2399   50.7740        75.2580                                                                               2300.7402       0.6952
  13    0.1000     1.5786   61.1635     2.1978   51.3880        76.0140                                                                               2301.1388       0.6952
  14    0.1000     1.5456   61.8331     2.1769   51.9760        76.4360                                                                               2299.4140       0.6952
  15    0.1000     1.5138   62.3646     2.1312   52.7000        77.4321                                                                               2301.0595       0.6952
  16    0.1000     1.4851   62.9663     2.1833   52.4860        76.8640                                                                               2299.4830       0.6952
  17    0.0929     1.4204   64.3344     2.1693   52.6540        77.0600                                                                               2300.8521       0.6952
  18    0.0858     1.3549   65.7159     2.1243   53.6220        77.5380                                                                               2301.1789       0.6952
  19    0.0788     1.2886   67.0591     2.1808   52.6220        76.8240                                                                               2302.9461       0.6952
  20    0.0717     1.2185   68.5758     2.1085   54.6000        78.2460                                                                               2299.1712       0.6952
  21    0.0646     1.1465   70.1578     2.0839   54.5820        78.6281                                                                               2300.3384       0.6952
  22    0.0575     1.0705   71.8561     2.1389   55.0100        78.7040                                                                               2302.1239       0.6952
  23    0.0504     0.9873   73.6452     2.1129   55.7820        79.3181                                                                               2299.3816       0.6952
  24    0.0433     0.8990   75.7598     2.1746   55.5900        79.0680                                                                               2303.9311       0.6952
  25    0.0363     0.8008   78.0833     2.1491   56.4780        79.7461                                                                               2299.7951       0.6952
  26    0.0292     0.6938   80.7269     2.2202   56.5880        79.7221                                                                               2300.4940       0.6952
  27    0.0221     0.5782   83.8067     2.2265   57.2739        80.2960                                                                               2298.8277       0.6952
  28    0.0150     0.4612   87.0659     2.2615   57.5440        80.4401                                                                               2303.3809       0.6952
  29    0.0150     0.4227   88.0540     2.3524   57.0560        80.2480                                                                               2299.0420       0.6952
  30    0.0150     0.3968   88.6489     2.3855   57.1440        79.9820                                                                               2298.5544       0.6952
  31    0.0150     0.3778   89.0633     2.4744   56.5560        79.6260         0.3214       90.8998         2.4596       56.6060            79.6100  2300.0536       0.6952
  32    0.0150     0.3735   89.1630     2.5351   56.2380        79.4241         0.2515       93.2604         2.4031       57.4639            80.4540  2299.9063       0.8343
  33    0.0150     0.3667   89.3742     2.5144   56.2300        79.2341         0.2237       94.1984         2.3838       58.1380            80.7821  2299.9928       0.8343
  34    0.0150     0.3613   89.4846     2.5097   56.2260        79.1520         0.2061       94.7802         2.4229       58.2220            80.7940  2300.7546       0.8343
  35    0.0150     0.3582   89.5107     2.5497   55.5560        78.8240         0.1934       95.2052         2.3566       58.3440            80.8220  2300.2442       0.8343
  36    0.0150     0.3589   89.4538     2.5741   55.9620        78.9800         0.1832       95.5160         2.3762       58.6060            80.8580  2301.5985       0.8343
  37    0.0150     0.3585   89.4453     2.5564   55.7540        79.0420         0.1747       95.7837         2.3495       58.2600            80.9601  2301.1824       0.8343
  38    0.0150     0.3608   89.3082     2.5750   55.1740        78.6840         0.1673       96.0199         2.3613       58.5700            81.0361  2301.1202       0.8343
  39    0.0150     0.3645   89.1984     2.5854   55.6340        78.7880         0.1605       96.2310         2.3425       58.6440            81.2340  2300.5135       0.8343
  40    0.0150     0.3686   89.0574     2.6000   55.0600        78.5020         0.1551       96.4049         2.4086       58.5880            81.0460  2300.9707       0.8343
----  --------  ---------  --------  ---------  --------  -------------  -------------  ------------  -------------  ------------  -----------------  ---------  -----------
  ep        lr    tr_loss    tr_acc    te_loss    te_acc    te_top5_acc    swa_tr_loss    swa_tr_acc    swa_te_loss    swa_te_acc    swa_te_top5_acc       time    mem_usage
----  --------  ---------  --------  ---------  --------  -------------  -------------  ------------  -------------  ------------  -----------------  ---------  -----------
  41    0.0150     0.3731   88.8798     2.6174   55.0760        78.4040         0.1502       96.5493         2.3563       58.7740            81.3020  2303.2021       0.8343
  42    0.0150     0.3780   88.7041     2.5865   55.3540        78.5320         0.1466       96.6741         2.4036       58.4420            81.1040  2309.0016       0.8343
  43    0.0150     0.3825   88.5772     2.6626   54.8560        78.2160         0.1421       96.7865         2.3792       58.5120            81.2720  2302.6206       0.8343
  44    0.0150     0.3874   88.4432     2.6121   54.9380        78.1940         0.1383       96.9105         2.3644       58.8000            81.3921  2304.6402       0.8343
  45    0.0150     0.3944   88.2210     2.6289   54.5920        78.4540         0.1352       96.9920         2.3661       58.7940            81.3500  2300.5187       0.8343
  46    0.0150     0.3990   88.0923     2.6620   54.4860        78.0700         0.1326       97.0710         2.3495       58.9080            81.3540  2305.8923       0.8343
  47    0.0150     0.4025   87.9752     2.6251   54.6220        78.1520         0.1292       97.1760         2.3761       58.9000            81.3961  2302.8338       0.8343
  48    0.0150     0.4083   87.7956     2.6647   54.2140        77.8460         0.1272       97.2389         2.4323       58.7180            81.1561  2301.1699       0.8343
  49    0.0150     0.4116   87.6740     2.6272   54.2220        77.9040         0.1253       97.2779         2.3763       58.9680            81.4500  2303.3359       0.8343
  50    0.0150     0.4158   87.5236     2.6474   54.3780        77.9720         0.1231       97.3531         2.3971       58.7380            81.3160  2308.1504       0.8343
