
	Python anaconda is now loaded in your environment.

numpy imported
Preparing directory /jmain01/home/JAD017/sjr02/dxg49-sjr02/kfac-curvature/out/ImageNet32/PreResNet110/AdamX/lr=0.003_wd=0.01_swa_start=176.0_swa_lr=0.003/
Using model PreResNet110
Loading ImageNet32 from /jmain01/home/JAD017/sjr02/dxg49-sjr02/curvature/data/
You are going to run models on the test set. Are you sure?
Using train (1281167) + test (50000)
Preparing model
{'depth': 110}
SWA-Gaussian training
----  --------  ---------  --------  ---------  --------  -------------  -------------  ------------  -----------------  ---------  -----------
  ep        lr    tr_loss    tr_acc    te_loss    te_acc    te_top5_acc  swa_te_loss    swa_te_acc    swa_te_top5_acc         time    mem_usage
----  --------  ---------  --------  ---------  --------  -------------  -------------  ------------  -----------------  ---------  -----------
   1    0.0030     4.8095   12.5602     4.1350   19.3340        40.9960                                                  1655.1947       0.0267
   2    0.0030     3.6350   25.9646     3.6530   26.6820        50.2360                                                  1678.3752       0.0267
   3    0.0030     3.2758   31.3982     3.3682   30.3000        54.7780                                                  1683.0932       0.0267
   4    0.0030     3.0826   34.5132     3.2616   32.4920        57.0640                                                  1665.8516       0.0267
   5    0.0030     2.9647   36.4259     3.1879   33.7780        58.8960                                                  1672.0805       0.0267
   6    0.0030     2.8877   37.6529     3.1504   33.9280        59.1760                                                  1617.6056       0.0267
   7    0.0030     2.8313   38.5619     3.0754   35.0120        60.4160                                                  1613.0568       0.0267
   8    0.0030     2.7907   39.2505     3.0947   34.8320        60.0000                                                  1668.3507       0.0267
   9    0.0030     2.7578   39.7477     3.0215   35.8100        60.9599                                                  1630.9064       0.0267
  10    0.0030     2.7300   40.2572     2.9744   36.5240        62.1960                                                  1658.0143       0.0267
  11    0.0030     2.7076   40.6132     2.9864   36.2980        62.1200                                                  1632.5172       0.0267
  12    0.0030     2.6899   40.9591     2.9518   37.1120        62.7060                                                  1671.2400       0.0267
  13    0.0030     2.6716   41.3398     2.9482   37.2760        62.4740                                                  1653.3702       0.0267
  14    0.0030     2.6569   41.4926     2.9202   37.3320        63.2660                                                  1621.9599       0.0267
  15    0.0030     2.6472   41.6351     2.9110   37.4540        63.5040                                                  1621.8749       0.0267
  16    0.0030     2.6341   41.8875     2.8799   37.8200        63.4780                                                  1624.3295       0.0267
  17    0.0030     2.6238   42.0475     2.8485   38.3860        64.2760                                                  1620.3265       0.0267
  18    0.0030     2.6147   42.1777     2.9089   38.1220        63.5060                                                  1601.4677       0.0267
  19    0.0030     2.6078   42.3345     2.8342   38.7680        64.3280                                                  1617.9582       0.0267
  20    0.0030     2.5997   42.4619     2.8533   38.7580        64.1600                                                  1684.1112       0.0267
  21    0.0030     2.5929   42.6145     2.8097   39.0260        64.6959                                                  1651.9892       0.0267
  22    0.0030     2.5876   42.6586     2.8503   38.8500        64.2560                                                  1623.6946       0.0267
  23    0.0030     2.5816   42.7623     2.8466   38.7720        64.5080                                                  1673.2333       0.0267
  24    0.0030     2.5759   42.9457     2.8993   37.9860        63.6060                                                  1628.7756       0.0267
  25    0.0030     2.5692   42.9863     2.8490   39.0940        64.4700                                                  1650.2175       0.0267
  26    0.0030     2.5661   43.0689     2.8555   38.9440        64.0440                                                  1855.6898       0.0267
  27    0.0030     2.5614   43.1498     2.8275   39.0880        64.4200                                                  1611.5616       0.0267
  28    0.0030     2.5560   43.2069     2.8145   39.6560        65.1219                                                  1653.1399       0.0267
  29    0.0030     2.5534   43.3068     2.7922   39.7620        65.3240                                                  1608.3589       0.0267
  30    0.0030     2.5500   43.3346     2.8151   39.3080        64.4480                                                  1640.3122       0.0267
  31    0.0030     2.5459   43.3787     2.8167   39.1360        64.9600                                                  1642.6648       0.0267
  32    0.0030     2.5429   43.4744     2.8432   39.2600        64.4240                                                  1632.7400       0.0267
  33    0.0030     2.5383   43.5584     2.8228   39.1560        64.9640                                                  1604.0689       0.0267
  34    0.0030     2.5349   43.6187     2.7505   39.9680        65.9260                                                  1615.8330       0.0267
  35    0.0030     2.5324   43.6439     2.8154   38.8760        64.8220                                                  1673.1623       0.0267
  36    0.0030     2.5305   43.6866     2.8297   39.0100        64.5779                                                  1658.7878       0.0267
  37    0.0030     2.5263   43.7089     2.7931   39.3600        65.1320                                                  1601.0307       0.0267
  38    0.0030     2.5247   43.7813     2.8466   38.7400        64.6280                                                  1550.3921       0.0267
  39    0.0030     2.5215   43.8344     2.7722   39.8560        65.5700                                                  1526.0043       0.0267
  40    0.0030     2.5195   43.8674     2.7898   39.5960        65.3120                                                  1527.0802       0.0267
----  --------  ---------  --------  ---------  --------  -------------  -------------  ------------  -----------------  ---------  -----------
  ep        lr    tr_loss    tr_acc    te_loss    te_acc    te_top5_acc  swa_te_loss    swa_te_acc    swa_te_top5_acc         time    mem_usage
----  --------  ---------  --------  ---------  --------  -------------  -------------  ------------  -----------------  ---------  -----------
  41    0.0030     2.5165   43.9054     2.7940   39.5100        65.0600                                                  1524.2380       0.0267
  42    0.0030     2.5170   43.8865     2.7710   39.5000        65.4440                                                  1526.2817       0.0267
  43    0.0030     2.5115   44.0328     2.7616   40.0860        65.7320                                                  1530.7027       0.0267
  44    0.0030     2.5116   43.9716     2.8280   39.4420        64.6600                                                  1518.9989       0.0267
  45    0.0030     2.5105   44.0495     2.7774   39.7640        65.4940                                                  1520.6292       0.0267
  46    0.0030     2.5061   44.0935     2.7783   39.6620        65.6559                                                  1523.4134       0.0267
  47    0.0030     2.5062   44.1011     2.7759   40.0940        65.6740                                                  1516.1660       0.0267
  48    0.0030     2.5050   44.0765     2.7515   40.2560        65.8120                                                  1516.7395       0.0267
  49    0.0030     2.5029   44.1238     2.7618   39.6680        65.5960                                                  1519.9778       0.0267
  50    0.0030     2.5002   44.1679     2.7827   39.8440        65.5660                                                  1518.5792       0.0267
  51    0.0030     2.4993   44.2376     2.7459   40.5340        66.0040                                                  1516.5919       0.0267
  52    0.0030     2.4978   44.2897     2.7445   40.6280        65.9620                                                  1516.7754       0.0267
  53    0.0030     2.4968   44.2494     2.7810   39.8960        65.6300                                                  1525.3086       0.0267
  54    0.0030     2.4940   44.2846     2.7513   40.3200        66.0920                                                  1629.9485       0.0267
  55    0.0030     2.4932   44.3288     2.7442   40.2840        66.1299                                                  1519.4037       0.0267
  56    0.0030     2.4930   44.3496     2.7408   40.3040        66.2760                                                  1518.0829       0.0267
  57    0.0030     2.4915   44.3750     2.7439   40.6060        65.9380                                                  1518.8287       0.0267
  58    0.0030     2.4901   44.3393     2.7646   40.1160        65.7960                                                  1530.2715       0.0267
  59    0.0030     2.4894   44.3988     2.7070   40.9580        66.6179                                                  1535.2548       0.0267
  60    0.0030     2.4861   44.4162     2.7263   40.6760        66.0340                                                  1547.9718       0.0267
  61    0.0030     2.4876   44.4453     2.8180   39.1840        64.7180                                                  1516.5048       0.0267
  62    0.0030     2.4843   44.4706     2.7276   40.1600        66.2860                                                  1532.1863       0.0267
  63    0.0030     2.4834   44.4829     2.8246   38.8680        64.6600                                                  1601.1077       0.0267
  64    0.0030     2.4839   44.5331     2.7779   39.6980        65.4480                                                  1600.4887       0.0267
  65    0.0030     2.4821   44.5154     2.7228   40.2620        66.4120                                                  1596.1849       0.0267
  66    0.0030     2.4814   44.5346     2.7199   40.6440        66.2380                                                  1575.8146       0.0267
  67    0.0030     2.4805   44.5289     2.7440   40.3580        66.1220                                                  1541.1968       0.0267
  68    0.0030     2.4799   44.5170     2.7430   40.5560        66.0020                                                  1580.4233       0.0267
  69    0.0030     2.4798   44.5263     2.7834   39.8700        65.2960                                                  1582.4808       0.0267
  70    0.0030     2.4786   44.5581     2.7347   40.5000        65.9300                                                  1649.0697       0.0267
  71    0.0030     2.4769   44.6197     2.7580   39.8600        65.7740                                                  1646.8338       0.0267
  72    0.0030     2.4771   44.5836     2.7106   41.0340        66.6020                                                  1600.6614       0.0267
  73    0.0030     2.4762   44.6141     2.7387   40.0740        65.9680                                                  1627.3946       0.0267
  74    0.0030     2.4736   44.6002     2.7928   40.1700        65.6080                                                  1622.0970       0.0267
  75    0.0030     2.4753   44.6530     2.7400   40.4600        66.1860                                                  1657.6228       0.0267
  76    0.0030     2.4745   44.6529     2.7484   40.2780        66.0500                                                  1656.8094       0.0267
  77    0.0030     2.4728   44.6566     2.7693   40.0460        65.8019                                                  1654.6871       0.0267
  78    0.0030     2.4712   44.7138     2.7343   40.5560        66.3540                                                  1755.2133       0.0267
  79    0.0030     2.4712   44.6582     2.7621   39.9460        65.6720                                                  1659.0945       0.0267
  80    0.0030     2.4697   44.7158     2.7068   40.6720        66.4820                                                  1643.5338       0.0267
----  --------  ---------  --------  ---------  --------  -------------  -------------  ------------  -----------------  ---------  -----------
  ep        lr    tr_loss    tr_acc    te_loss    te_acc    te_top5_acc  swa_te_loss    swa_te_acc    swa_te_top5_acc         time    mem_usage
----  --------  ---------  --------  ---------  --------  -------------  -------------  ------------  -----------------  ---------  -----------
  81    0.0030     2.4706   44.7079     2.7214   40.7460        66.3740                                                  1629.0006       0.0267
  82    0.0030     2.4676   44.7375     2.7123   40.8960        66.3940                                                  1662.4342       0.0267
  83    0.0030     2.4685   44.7469     2.7394   40.3920        65.8900                                                  1638.5119       0.0267
  84    0.0030     2.4683   44.7554     2.7330   40.4300        65.9900                                                  1639.7944       0.0267
  85    0.0030     2.4685   44.7326     2.7537   40.1860        65.7099                                                  1628.6451       0.0267
  86    0.0030     2.4668   44.7749     2.8117   39.6080        65.0300                                                  1611.5586       0.0267
  87    0.0030     2.4666   44.7663     2.7413   40.3840        66.0919                                                  1598.6274       0.0267
  88    0.0030     2.4668   44.7753     2.7397   40.5700        66.0460                                                  1605.2685       0.0267
  89    0.0030     2.4655   44.8300     2.7383   40.6000        66.2340                                                  1616.8733       0.0267
  90    0.0030     2.4636   44.8103     2.7291   40.5040        66.3660                                                  1572.5538       0.0267
  91    0.0030     2.4629   44.8199     2.8413   38.9160        64.7520                                                  1565.8834       0.0267
  92    0.0030     2.4645   44.8101     2.8267   39.0640        64.6940                                                  1592.6079       0.0267
  93    0.0030     2.4626   44.8350     2.7533   40.4880        65.9440                                                  1629.8945       0.0267
  94    0.0030     2.4633   44.8216     2.7253   40.3820        66.4740                                                  1630.3804       0.0267
  95    0.0030     2.4620   44.8952     2.7404   40.6120        66.2760                                                  1610.6163       0.0267
  96    0.0030     2.4613   44.8689     2.7080   40.9940        66.7100                                                  1615.8521       0.0267
  97    0.0030     2.4603   44.8928     2.7556   40.4080        65.9019                                                  1636.0047       0.0267
  98    0.0030     2.4600   44.8471     2.7384   40.4640        66.0580                                                  1567.7966       0.0267
  99    0.0030     2.4600   44.9060     2.7098   40.9000        66.5080                                                  1598.8584       0.0267
 100    0.0030     2.4603   44.8959     2.7260   40.2800        66.1760                                                  1669.4974       0.0267
 101    0.0030     2.4596   44.9347     2.6895   41.1440        66.8920                                                  1704.0287       0.0267
 102    0.0030     2.4594   44.9222     2.8467   39.3380        64.4980                                                  1708.3484       0.0267
 103    0.0030     2.4582   44.9469     2.7046   40.9800        66.6360                                                  1701.1927       0.0267
 104    0.0030     2.4577   44.9401     2.7894   39.7920        65.5420                                                  1665.9844       0.0267
 105    0.0030     2.4573   44.9308     2.7629   40.0400        65.8480                                                  1667.7324       0.0267
 106    0.0030     2.4579   44.9440     2.6725   41.4720        67.2580                                                  1705.1325       0.0267
 107    0.0030     2.4566   44.9744     2.7456   40.3980        65.9260                                                  1703.7453       0.0267
 108    0.0030     2.4567   44.9980     2.6967   41.4780        66.9960                                                  1698.6770       0.0267
 109    0.0030     2.4556   44.9790     2.6940   41.1100        66.8320                                                  1705.4198       0.0267
 110    0.0030     2.4552   44.9807     2.6973   41.0200        66.7480                                                  1693.0061       0.0267
 111    0.0030     2.4560   44.9776     2.7138   40.3880        66.2480                                                  1635.1036       0.0267
 112    0.0030     2.4554   44.9806     2.7285   40.6260        66.4780                                                  1694.2913       0.0267
 113    0.0030     2.4548   45.0311     2.7549   40.4480        65.9400                                                  1677.3690       0.0267
 114    0.0030     2.4535   45.0382     2.7669   39.9920        65.7340                                                  1690.4048       0.0267
 115    0.0030     2.4550   44.9778     2.7327   40.5100        66.4380                                                  1639.5902       0.0267
 116    0.0030     2.4534   44.9753     2.7324   40.5520        66.0980                                                  1629.4621       0.0267
 117    0.0030     2.4543   44.9922     2.7578   40.4040        65.7360                                                  1696.5577       0.0267
 118    0.0030     2.4526   45.0519     2.7872   39.6300        65.2560                                                  1695.4787       0.0267
 119    0.0030     2.4525   45.0348     2.6947   41.0540        66.6160                                                  1676.4246       0.0267
 120    0.0030     2.4532   45.0068     2.7371   40.5420        66.1439                                                  1687.5338       0.0267
----  --------  ---------  --------  ---------  --------  -------------  -------------  ------------  -----------------  ---------  -----------
  ep        lr    tr_loss    tr_acc    te_loss    te_acc    te_top5_acc  swa_te_loss    swa_te_acc    swa_te_top5_acc         time    mem_usage
----  --------  ---------  --------  ---------  --------  -------------  -------------  ------------  -----------------  ---------  -----------
 121    0.0030     2.4517   45.0401     2.7976   39.5500        65.2400                                                  1677.9780       0.0267
 122    0.0030     2.4507   45.0762     2.7970   39.8620        65.4840                                                  1573.0391       0.0267
 123    0.0030     2.4512   45.0747     2.7329   40.6520        66.1800                                                  1571.2487       0.0267
 124    0.0030     2.4513   45.0580     2.6900   41.3400        67.2900                                                  1569.4471       0.0267
 125    0.0030     2.4514   45.0412     2.6889   41.1340        66.9680                                                  1571.9694       0.0267
 126    0.0030     2.4511   45.1154     2.6805   41.3540        66.9760                                                  1584.9733       0.0267
 127    0.0030     2.4508   45.0800     2.6986   41.1580        66.5940                                                  1590.5553       0.0267
 128    0.0030     2.4487   45.0937     2.6683   41.2540        67.2960                                                  1563.0678       0.0267
 129    0.0030     2.4506   45.0604     2.7269   40.5300        66.3560                                                  1564.5667       0.0267
 130    0.0030     2.4487   45.1075     2.6944   41.1160        66.9820                                                  1590.6206       0.0267
 131    0.0030     2.4489   45.1252     2.6910   41.4620        67.1300                                                  1571.7184       0.0267
 132    0.0030     2.4483   45.1253     2.6906   41.2920        66.8440                                                  1578.5226       0.0267
 133    0.0030     2.4481   45.0859     2.7067   40.8780        66.6700                                                  1669.0187       0.0267
 134    0.0030     2.4479   45.0886     2.6775   41.2360        67.0880                                                  1621.4292       0.0267
 135    0.0030     2.4473   45.1595     2.6878   41.3960        67.0480                                                  1615.5035       0.0267
 136    0.0030     2.4478   45.1032     2.6619   41.5940        67.2880                                                  1650.5383       0.0267
 137    0.0030     2.4480   45.1008     2.7696   40.7860        65.8480                                                  1663.5554       0.0267
 138    0.0030     2.4454   45.1371     2.7159   40.8900        66.3220                                                  1667.1512       0.0267
 139    0.0030     2.4479   45.1138     2.7431   40.4540        66.1559                                                  1623.9519       0.0267
 140    0.0030     2.4474   45.1331     2.7319   40.5840        66.5820                                                  1589.0815       0.0267
 141    0.0030     2.4460   45.1996     2.7834   40.0920        65.6080                                                  1593.9046       0.0267
 142    0.0030     2.4452   45.1065     2.7077   40.9020        66.5340                                                  1604.3144       0.0267
 143    0.0030     2.4473   45.1164     2.6703   41.8340        67.3000                                                  1610.4091       0.0267
 144    0.0030     2.4468   45.1600     2.7555   40.2060        65.8080                                                  1608.8674       0.0267
 145    0.0030     2.4456   45.1337     2.6539   41.9580        67.2800                                                  1604.8722       0.0267
 146    0.0030     2.4466   45.1112     2.7568   40.2520        66.0200                                                  1601.4308       0.0267
 147    0.0030     2.4454   45.1403     2.7330   40.6940        66.3000                                                  1604.8340       0.0267
 148    0.0030     2.4457   45.1744     2.7462   40.6940        66.0680                                                  1608.9983       0.0267
 149    0.0030     2.4452   45.1858     2.7150   40.8840        66.4340                                                  1602.2290       0.0267
 150    0.0030     2.4451   45.1734     2.6817   41.4120        67.0240                                                  1611.0099       0.0267
 151    0.0030     2.4426   45.2058     2.7435   40.4660        65.8780                                                  1610.1658       0.0267
 152    0.0030     2.4444   45.1760     2.6753   41.5560        66.9800                                                  1604.1419       0.0267
 153    0.0030     2.4438   45.1945     2.7166   40.8340        66.6220                                                  1609.5380       0.0267
 154    0.0030     2.4433   45.1890     2.7044   41.1480        66.7580                                                  1608.7452       0.0267
 155    0.0030     2.4435   45.2092     2.7090   40.6240        66.3640                                                  1608.3427       0.0267
 156    0.0030     2.4416   45.2497     2.7121   41.1560        66.4640                                                  1598.5574       0.0267
 157    0.0030     2.4425   45.2509     2.6787   41.3560        67.3359                                                  1614.9933       0.0267
 158    0.0030     2.4441   45.1673     2.6933   41.4380        66.8380                                                  1613.0046       0.0267
 159    0.0030     2.4432   45.1811     2.6932   41.4220        67.0160                                                  1611.9692       0.0267
 160    0.0030     2.4422   45.2007     2.6911   41.2020        66.6620                                                  1617.2193       0.0267
----  --------  ---------  --------  ---------  --------  -------------  -------------  ------------  -----------------  ---------  -----------
  ep        lr    tr_loss    tr_acc    te_loss    te_acc    te_top5_acc  swa_te_loss    swa_te_acc    swa_te_top5_acc         time    mem_usage
----  --------  ---------  --------  ---------  --------  -------------  -------------  ------------  -----------------  ---------  -----------
 161    0.0030     2.4430   45.2137     2.7251   41.0000        66.5440                                                  1612.4624       0.0267
 162    0.0030     2.4421   45.1819     2.6862   41.2020        66.5940                                                  1608.3136       0.0267
 163    0.0030     2.4425   45.1522     2.6443   42.0860        67.6060                                                  1605.7281       0.0267
 164    0.0030     2.4408   45.2175     2.7143   40.9200        66.6940                                                  1609.2612       0.0267
 165    0.0030     2.4405   45.1785     2.7554   40.0920        65.8619                                                  1610.0391       0.0267
 166    0.0030     2.4406   45.2464     2.7514   40.2840        65.9700                                                  1602.7428       0.0267
 167    0.0030     2.4415   45.2188     2.7356   40.5520        66.0259                                                  1608.2923       0.0267
 168    0.0030     2.4413   45.2417     2.6786   41.6800        67.2280                                                  1616.0038       0.0267
 169    0.0030     2.4404   45.2013     2.6649   41.6720        67.1680                                                  1600.3283       0.0267
 170    0.0030     2.4424   45.2152     2.7152   40.8140        66.4220                                                  1591.2935       0.0267
 171    0.0030     2.4412   45.2383     2.7442   40.4000        66.1839                                                  1617.2408       0.0267
 172    0.0030     2.4400   45.2420     2.6619   41.3680        67.4960                                                  1633.8931       0.0267
 173    0.0030     2.4410   45.2487     2.7006   40.8460        66.4560                                                  1631.3321       0.0267
 174    0.0030     2.4408   45.2540     2.7179   40.9820        66.5660                                                  1632.1106       0.0267
 175    0.0030     2.4401   45.2671     2.7426   40.6900        66.2420                                                  1635.3074       0.0267
 176    0.0030     2.4407   45.2438     2.7302   40.7480        66.3440                                                  1630.1306       0.0267
177    0.0030    2.4398   45.2490    2.7094    41.1740   66.5160     2.5922   42.6720        68.4440         2.5922       42.6720            68.4440  1635.0592       0.0267
178    0.0030    2.6803   41.2102    2.7988    39.3980   65.0960     2.3849   46.4740        71.9080         2.3849       46.4740            71.9080  1632.7149       0.0320
179    0.0030    2.7257   40.4110    2.8630    38.2660   63.8300     2.3378   47.5820        72.6760         2.3378       47.5820            72.6760  1660.0069       0.0320
180    0.0030    2.7422   40.1357    2.8560    38.8060   64.4280     2.3281   47.7880        72.7880         2.3281       47.7880            72.7880  1633.1165       0.0320
181    0.0030    2.7550   40.0060    2.8243    38.9360   64.5860     2.3280   47.9280        72.8320         2.3280       47.9280            72.8320  1638.0138       0.0320
182    0.0030    2.7676   39.7986    2.8014    39.0980   64.8260     2.3305   47.9280        72.8140         2.3305       47.9280            72.8140  1632.9010       0.0320
183    0.0030    2.7759   39.6395    2.8674    38.0080   63.6600     2.3319   47.8420        72.6900         2.3319       47.8420            72.6900  1673.9797       0.0320
184    0.0030    2.7808   39.5239    2.8070    39.3300   64.7880     2.3294   47.9520        72.8220         2.3294       47.9520            72.8220  1629.6176       0.0320
185    0.0030    2.7858   39.4475    2.8398    38.7780   64.0420     2.3400   47.8180        72.6060         2.3400       47.8180            72.6060  1632.0969       0.0320
186    0.0030    2.7888   39.4209    2.8937    37.6780   63.4380     2.3496   47.8720        72.4440         2.3496       47.8720            72.4440  1632.2366       0.0320
187    0.0030    2.7971   39.3294    2.8738    37.9580   63.4940     2.3442   47.7600        72.5160         2.3442       47.7600            72.5160  1645.3393       0.0320
188    0.0030    2.7984   39.2807    2.8084    39.3200   64.8419     2.3483   47.7540        72.4600         2.3483       47.7540            72.4600  1633.8113       0.0320
189    0.0030    2.8042   39.2242    2.9407    37.1800   62.5880     2.3510   47.5260        72.3600         2.3510       47.5260            72.3600  1662.0812       0.0320
190    0.0030    2.8058   39.1609    2.8594    38.3740   63.9400     2.3624   47.4980        72.1820         2.3624       47.4980            72.1820  1633.8722       0.0320
191    0.0030    2.8099   39.0212    2.9178    37.1700   63.0200     2.3673   47.4360        72.1020         2.3673       47.4360            72.1020  1631.8668       0.0320
192    0.0030    2.8114   39.0155    2.8252    38.7860   64.5800     2.3675   47.2840        72.0700         2.3675       47.2840            72.0700  1629.5348       0.0320
193    0.0030    2.8140   39.0069    2.8419    38.6360   64.2880     2.3839   47.2560        71.8720         2.3839       47.2560            71.8720  1628.7978       0.0320
194    0.0030    2.8144   39.0016    2.8569    38.5180   63.9080     2.3755   47.2480        72.0120         2.3755       47.2480            72.0120  1640.5609       0.0320
195    0.0030    2.8191   38.8970    2.8662    38.4260   64.2140     2.3860   46.9920        71.7680         2.3860       46.9920            71.7680  1653.6421       0.0320
196    0.0030    2.8204   38.9005    2.9025    37.7620   63.3720     2.3905   46.9980        71.6620         2.3905       46.9980            71.6620  1667.2524       0.0320
197    0.0030    2.8230   38.9018    3.0142    36.0680   61.5560     2.3981   46.9500        71.6680         2.3981       46.9500            71.6680  1674.4762       0.0320
198    0.0030    2.8268   38.8419    2.8591    38.6460   63.7420     2.4001   46.8280        71.6200         2.4001       46.8280            71.6200  1627.6446       0.0320
199    0.0030    2.8253   38.8383    2.8809    38.4480   63.8300     2.4004   46.8900        71.6600         2.4004       46.8900            71.6600  1625.8855       0.0320
200    0.0030    2.8275   38.8393    2.8734    38.1600   63.6720     2.4025   46.7940        71.5619         2.4025       46.7940            71.5619  1630.6685       0.0320
---  --------  --------  --------  --------  ---------  --------  ---------  --------  -------------  -------------  ------------  -----------------  ---------  -----------
                               ep        lr    tr_loss    tr_acc    te_loss    te_acc    te_top5_acc    swa_te_loss    swa_te_acc    swa_te_top5_acc       time    mem_usage
---  --------  --------  --------  --------  ---------  --------  ---------  --------  -------------  -------------  ------------  -----------------  ---------  -----------
201    0.0030    2.8301   38.7707    2.8619    38.5220   64.1640     2.4100   46.6980        71.3260         2.4100       46.6980            71.3260  1636.8434       0.0320
202    0.0030    2.8343   38.7382    2.9008    37.8280   63.1220     2.4094   46.6860        71.4580         2.4094       46.6860            71.4580  1637.6465       0.0320
203    0.0030    2.8365   38.6578    2.8927    37.8440   63.3340     2.4206   46.4360        71.2100         2.4206       46.4360            71.2100  1630.4167       0.0320
204    0.0030    2.8364   38.6882    2.9139    37.8500   63.2340     2.4255   46.4660        71.1340         2.4255       46.4660            71.1340  1633.9548       0.0320
205    0.0030    2.8370   38.6727    2.9092    37.6140   63.1200     2.4267   46.4620        71.2040         2.4267       46.4620            71.2040  1636.7746       0.0320
206    0.0030    2.8365   38.6715    2.8803    38.1300   63.4740     2.4316   46.3100        71.0600         2.4316       46.3100            71.0600  1637.2382       0.0320
207    0.0030    2.8402   38.5783    2.9218    37.5800   62.9760     2.4317   46.2320        71.0760         2.4317       46.2320            71.0760  1632.6442       0.0320
208    0.0030    2.8396   38.6099    2.8857    37.8900   63.3420     2.4400   46.0700        70.9240         2.4400       46.0700            70.9240  1639.5349       0.0320
209    0.0030    2.8426   38.5778    2.8947    38.4200   63.6420     2.4409   46.1000        70.9320         2.4409       46.1000            70.9320  1641.3967       0.0320
210    0.0030    2.8404   38.6090    2.9023    38.0660   63.4720     2.4415   46.1220        71.0020         2.4415       46.1220            71.0020  1587.4344       0.0320
211    0.0030    2.8448   38.5590    2.9141    37.7200   62.9260     2.4458   46.0340        70.8900         2.4458       46.0340            70.8900  1589.6453       0.0320
212    0.0030    2.8458   38.5220    2.8975    37.9080   63.3680     2.4459   46.0700        70.8800         2.4459       46.0700            70.8800  1580.2905       0.0320
213    0.0030    2.8476   38.5103    2.9162    37.5400   63.1539     2.4616   45.7900        70.5580         2.4616       45.7900            70.5580  1595.9787       0.0320
214    0.0030    2.8473   38.5041    2.9243    37.5560   62.9820     2.4574   45.8440        70.6200         2.4574       45.8440            70.6200  1594.9752       0.0320
215    0.0030    2.8483   38.4951    2.9457    37.1860   62.8140     2.4581   45.7560        70.5860         2.4581       45.7560            70.5860  1584.6742       0.0320
216    0.0030    2.8482   38.4452    2.9477    37.2980   63.0019     2.4744   45.6600        70.3900         2.4744       45.6600            70.3900  1600.4217       0.0320
217    0.0030    2.8527   38.4161    2.9434    37.2080   62.7599     2.4616   45.6620        70.5900         2.4616       45.6620            70.5900  1619.4489       0.0320
218    0.0030    2.8549   38.3838    2.9106    37.3900   62.8280     2.4682   45.6880        70.4960         2.4682       45.6880            70.4960  1618.6447       0.0320
219    0.0030    2.8534   38.4272    2.9208    37.4740   62.8060     2.4742   45.6360        70.2740         2.4742       45.6360            70.2740  1653.3605       0.0320
220    0.0030    2.8543   38.3752    2.9589    36.5920   62.1700     2.4785   45.3580        70.2200         2.4785       45.3580            70.2200  1650.4781       0.0320
221    0.0030    2.8560   38.3759    2.9682    37.0520   62.3720     2.4799   45.4420        70.1800         2.4799       45.4420            70.1800  1574.5118       0.0320
222    0.0030    2.8567   38.3934    2.9832    36.4460   61.8500     2.4805   45.4760        70.1980         2.4805       45.4760            70.1980  1630.6014       0.0320
223    0.0030    2.8613   38.2897    2.9190    37.6040   62.9080     2.4780   45.4260        70.2220         2.4780       45.4260            70.2220  1633.5966       0.0320
Traceback (most recent call last):
  File "../run_adam.py", line 283, in <module>
    state_dict=swag_model.state_dict(),
  File "/jmain01/home/JAD017/sjr02/dxg49-sjr02/kfac-curvature/curvature/utils.py", line 16, in save_checkpoint
    torch.save(state, filepath)
  File "/jmain01/home/JAD017/sjr02/dxg49-sjr02/.conda/envs/diegorubin/lib/python3.7/site-packages/torch/serialization.py", line 260, in save
    return _with_file_like(f, "wb", lambda f: _save(obj, f, pickle_module, pickle_protocol))
  File "/jmain01/home/JAD017/sjr02/dxg49-sjr02/.conda/envs/diegorubin/lib/python3.7/site-packages/torch/serialization.py", line 183, in _with_file_like
    f = open(f, mode)
OSError: [Errno 27] File too large: '/jmain01/home/JAD017/sjr02/dxg49-sjr02/kfac-curvature/out/ImageNet32/PreResNet110/AdamX/lr=0.003_wd=0.01_swa_start=176.0_swa_lr=0.003/swag-00223.pt'
