
	Python anaconda is now loaded in your environment.

numpy imported
Gadam-auto: constant learning rate schedule adopted
Preparing directory ../out/ImageNet32/WideResNet28x10/PadamAuto/seed=1_lr=0.03_wd=3e-05/
Using model WideResNet28x10
Loading ImageNet32 from ../data/
You are going to run models on the test set. Are you sure?
Using train (1281167) + test (50000)
Preparing model
{'depth': 28, 'widen_factor': 10}
No Covariance Estimation
----  --------  ---------  --------  ---------  --------  -------------  -------------  ------------  -------------  ------------  -----------------  ---------  -----------
  ep        lr    tr_loss    tr_acc    te_loss    te_acc    te_top5_acc  swa_tr_loss    swa_tr_acc    swa_te_loss    swa_te_acc    swa_te_top5_acc         time    mem_usage
----  --------  ---------  --------  ---------  --------  -------------  -------------  ------------  -------------  ------------  -----------------  ---------  -----------
   1    0.0300     4.7363   12.6238     3.9652   20.6780        43.9560                                                                               2223.1098       0.6950
   2    0.0300     3.2954   30.0285     3.1853   31.9320        58.2240                                                                               2227.4594       0.6950
   3    0.0300     2.7728   38.7320     2.9034   37.6200        63.8560                                                                               2222.9354       0.6950
   4    0.0300     2.4598   44.3332     2.6604   41.6560        67.6940                                                                               2218.7396       0.6950
   5    0.0300     2.2400   48.4002     2.4570   45.4220        70.9760                                                                               2219.6289       0.6950
   6    0.0300     2.0715   51.5145     2.3987   47.1180        72.3160                                                                               2217.3733       0.6950
   7    0.0300     1.9352   54.2105     2.3427   47.9780        73.5120                                                                               2215.9175       0.6950
   8    0.0300     1.8211   56.3861     2.2570   49.6460        74.8500                                                                               2214.6606       0.6950
   9    0.0300     1.7216   58.3318     2.1993   50.7040        75.7340                                                                               2217.3547       0.6950
  10    0.0300     1.6358   60.0283     2.1689   51.5380        76.2780                                                                               2213.3563       0.6950
  11    0.0300     1.5566   61.6426     2.1649   51.9020        76.6540                                                                               2216.1113       0.6950
  12    0.0300     1.4857   63.0227     2.1773   52.0080        76.6940                                                                               2213.1288       0.6950
  13    0.0300     1.4193   64.3431     2.1372   52.8100        77.3580                                                                               2216.1632       0.6950
  14    0.0300     1.3596   65.5751     2.1374   53.1840        77.6801                                                                               2213.0904       0.6950
  15    0.0300     1.3014   66.8025     2.1381   53.4800        77.9560                                                                               2215.0496       0.6950
  16    0.0300     1.2484   67.8277     2.1450   53.6240        77.9620                                                                               2215.1098       0.6950
  17    0.0300     1.1990   68.8546     2.1630   53.9480        78.1900                                                                               2217.7399       0.6950
  18    0.0300     1.1508   69.9149     2.2281   53.2200        77.5420                                                                               2217.0276       0.6950
  19    0.0300     1.1058   70.8838     2.1991   53.4120        77.6301                                                                               2217.3774       0.6950
  20    0.0300     1.0638   71.7116     2.2137   53.8480        78.1341                                                                               2216.8256       0.6950
  21    0.0300     1.0228   72.6054     2.2522   53.4060        77.5500                                                                               2216.5550       0.6950
  22    0.0300     0.9848   73.4377     2.3243   53.2440        77.3000                                                                               2216.8738       0.6950
Gadam-auto: Validation accuracy stagnated for 5 epochs. Start averaging.
  23    0.0300     0.9474   74.1505     2.3354   53.3640        77.5061         0.7888       78.2533         2.2070       54.6420            78.4381  2217.3003       0.6950
  24    0.0300     0.9115   75.0298     2.3314   53.6280        77.6441         0.5998       83.7032         2.0777       56.8580            80.2081  2216.2974       0.8333
  25    0.0300     0.8780   75.7559     2.3657   53.3780        77.4920         0.5291       85.8166         2.0495       57.7620            80.8060  2218.6245       0.8333
  26    0.0300     0.8477   76.4401     2.4249   53.3460        77.3261         0.4880       86.9607         2.0409       58.2400            81.1381  2218.1103       0.8333
  27    0.0300     0.8171   77.1327     2.4004   53.6400        77.6340         0.4563       87.8604         2.0398       58.3620            81.1800  2214.4095       0.8333
  28    0.0300     0.7876   77.8216     2.4891   53.5380        77.5880         0.4301       88.6050         2.0429       58.4820            81.2821  2213.1968       0.8333
  29    0.0300     0.7595   78.4646     2.5261   53.2140        77.2981         0.4089       89.2213         2.0488       58.6520            81.4180  2213.8398       0.8333
  30    0.0300     0.7330   79.0802     2.6050   52.8920        77.1140         0.3889       89.7739         2.0583       58.6740            81.4401  2216.9300       0.8333
  31    0.0300     0.7089   79.6259     2.6183   52.8400        77.0680         0.3724       90.2255         2.0668       58.6800            81.4581  2217.8464       0.8333
  32    0.0300     0.6816   80.3003     2.6522   52.8260        76.9900         0.3551       90.7221         2.0773       58.7160            81.4480  2215.5105       0.8333
  33    0.0300     0.6595   80.7944     2.6074   52.7920        76.9860         0.3403       91.1128         2.0874       58.7180            81.4801  2217.7834       0.8333
  34    0.0300     0.6405   81.2725     2.6728   53.3740        77.3360         0.3253       91.5501         2.0978       58.7820            81.5160  2216.0935       0.8333
  35    0.0300     0.6173   81.8624     2.7235   52.6320        76.6080         0.3125       91.8967         2.1090       58.8280            81.5120  2215.3813       0.8333
  36    0.0300     0.5963   82.3480     2.7229   53.2620        76.9340         0.3002       92.2414         2.1220       58.8460            81.5320  2217.4122       0.8333
  37    0.0300     0.5795   82.7656     2.8123   52.7420        76.6140         0.2889       92.5346         2.1340       58.8880            81.4840  2217.2145       0.8333
  38    0.0300     0.5602   83.2521     2.7899   52.6820        76.8120         0.2777       92.8478         2.1463       58.8940            81.4440  2217.5784       0.8333
  39    0.0300     0.5447   83.6339     2.8599   52.5060        76.7520         0.2667       93.1657         2.1580       58.8120            81.4621  2217.4802       0.8333
  40    0.0300     0.5258   84.1582     2.8681   52.7060        76.6440         0.2566       93.4441         2.1709       58.8080            81.4000  2218.2108       0.8333
----  --------  ---------  --------  ---------  --------  -------------  -------------  ------------  -------------  ------------  -----------------  ---------  -----------
  ep        lr    tr_loss    tr_acc    te_loss    te_acc    te_top5_acc    swa_tr_loss    swa_tr_acc    swa_te_loss    swa_te_acc    swa_te_top5_acc       time    mem_usage
----  --------  ---------  --------  ---------  --------  -------------  -------------  ------------  -------------  ------------  -----------------  ---------  -----------
  41    0.0300     0.5108   84.5544     2.9394   52.4580        76.3860         0.2466       93.6883         2.1833       58.7640            81.4360  2218.3994       0.8333
  42    0.0300     0.4963   84.9217     2.9376   52.5860        76.4060         0.2381       93.9640         2.1954       58.6959            81.3980  2218.0660       0.8333
  43    0.0300     0.4813   85.3139     3.0185   52.3600        76.2160         0.2287       94.2204         2.2074       58.7520            81.3681  2217.4168       0.8333
  44    0.0300     0.4679   85.6870     3.0607   52.5320        76.3740         0.2208       94.4067         2.2199       58.7079            81.4001  2216.9743       0.8333
  45    0.0300     0.4570   85.9660     3.0370   52.1520        76.4280         0.2123       94.6540         2.2323       58.6939            81.3780  2216.7964       0.8333
  46    0.0300     0.4446   86.3167     3.0454   52.2960        75.9080         0.2052       94.8644         2.2447       58.6180            81.3600  2216.5707       0.8333
  47    0.0300     0.4310   86.7056     3.0756   52.5800        76.4261         0.1979       95.0491         2.2572       58.5940            81.3720  2219.6507       0.8333
  48    0.0300     0.4194   87.0203     3.1063   52.6000        76.2321         0.1914       95.2226         2.2686       58.5520            81.3820  2217.9743       0.8333
  49    0.0300     0.4108   87.2231     3.0999   52.5320        76.3120         0.1848       95.3890         2.2808       58.5780            81.3800  2219.8409       0.8333
  50    0.0300     0.3999   87.5204     3.1882   52.0920        75.9980         0.1784       95.5954         2.2925       58.6120            81.2740  2215.6091       0.8333
  51    0.0300     0.3888   87.8865     3.1964   51.9120        76.1920         0.1724       95.7424         2.3042       58.6140            81.2600  2219.0471       0.8333
  52    0.0300     0.3786   88.1826     3.2237   52.2500        75.9300         0.1666       95.8898         2.3160       58.6000            81.2421  2218.2138       0.8333
  53    0.0300     0.3725   88.3444     3.3017   51.8280        75.8400         0.1608       96.0648         2.3276       58.5640            81.2080  2217.7025       0.8333
  54    0.0300     0.3638   88.5758     3.1695   52.3280        76.1300         0.1553       96.2187         2.3388       58.5400            81.1901  2219.1535       0.8333
  55    0.0300     0.3569   88.7876     3.2862   51.7100        75.7860         0.1510       96.3367         2.3500       58.4980            81.1881  2218.9363       0.8333
  56    0.0300     0.3504   88.9926     3.2532   52.2200        75.7380         0.1456       96.4853         2.3607       58.5040            81.1560  2217.8356       0.8333
  57    0.0300     0.3392   89.3072     3.3218   52.1180        75.9761         0.1416       96.5945         2.3722       58.4640            81.1460  2217.3157       0.8333
  58    0.0300     0.3333   89.4829     3.3461   52.1300        75.9540         0.1367       96.7252         2.3827       58.4780            81.1681  2218.1841       0.8333
  59    0.0300     0.3263   89.7301     3.3424   51.9960        75.9360         0.1327       96.8201         2.3929       58.4260            81.1621  2220.2782       0.8333
  60    0.0300     0.3207   89.8991     3.3636   52.0980        75.8020         0.1282       96.9542         2.4036       58.4440            81.1420  2219.3656       0.8333
  61    0.0300     0.3164   90.0052     3.3883   51.9900        75.8600         0.1246       97.0350         2.4136       58.4220            81.1500  2218.4255       0.8333
  62    0.0300     0.3086   90.2434     3.4346   52.1600        75.9120         0.1208       97.1552         2.4240       58.3840            81.1080  2220.4155       0.8333
  63    0.0300     0.3038   90.3810     3.4261   52.1980        75.9580         0.1175       97.2411         2.4335       58.3860            81.0781  2220.8677       0.8333
  64    0.0300     0.2987   90.5602     3.3950   51.9460        75.6900         0.1138       97.3262         2.4430       58.3420            81.0681  2219.6430       0.8333
  65    0.0300     0.2928   90.7057     3.4430   52.2840        75.9520         0.1106       97.4104         2.4527       58.3200            81.0520  2219.6612       0.8333
  66    0.0300     0.2882   90.8473     3.4623   52.3580        75.8260         0.1074       97.5041         2.4621       58.2800            81.0960  2218.4141       0.8333
  67    0.0300     0.2837   90.9997     3.4722   52.3940        76.1000         0.1044       97.5877         2.4709       58.2520            81.1200  2218.9353       0.8333
  68    0.0300     0.2808   91.0958     3.4751   51.8200        75.6380         0.1015       97.6467         2.4798       58.2760            81.0980  2219.4086       0.8333
  69    0.0300     0.2764   91.2258     3.4185   52.4380        76.0580         0.0989       97.7272         2.4881       58.2580            81.0500  2218.7463       0.8333
  70    0.0300     0.2720   91.3935     3.4675   51.9880        75.9260         0.0962       97.7882         2.4964       58.2719            81.0480  2218.0328       0.8333
  71    0.0300     0.2692   91.4239     3.4968   52.0800        75.9160         0.0933       97.8711         2.5046       58.2260            81.0340  2218.4470       0.8333
  72    0.0300     0.2660   91.5578     3.4915   52.0280        76.0080         0.0911       97.9264         2.5128       58.1900            81.0161  2219.1090       0.8333
  73    0.0300     0.2606   91.7314     3.5398   51.9400        75.9700         0.0888       97.9809         2.5214       58.1700            81.0381  2219.8134       0.8333
  74    0.0300     0.2577   91.8660     3.5524   52.0640        75.9740         0.0867       98.0395         2.5288       58.1740            81.0441  2218.8893       0.8333
  75    0.0300     0.2538   91.9458     3.5076   52.3080        75.9680         0.0846       98.1032         2.5368       58.1920            81.0201  2219.2074       0.8333
  76    0.0300     0.2504   92.0874     3.5713   52.1460        75.7500         0.0824       98.1597         2.5445       58.2000            80.9981  2221.0961       0.8333
  77    0.0300     0.2462   92.1990     3.6376   52.0420        76.0020         0.0806       98.1980         2.5527       58.1579            81.0060  2221.0384       0.8333
  78    0.0300     0.2424   92.2809     3.5479   52.2880        75.8680         0.0783       98.2522         2.5599       58.1679            80.9700  2220.0384       0.8333
  79    0.0300     0.2423   92.3076     3.4995   52.1940        75.7920         0.0767       98.2937         2.5672       58.1560            80.9301  2223.8507       0.8333
  80    0.0300     0.2413   92.3459     3.6205   52.1400        75.7460         0.0746       98.3323         2.5747       58.1880            80.9141  2220.5268       0.8333
----  --------  ---------  --------  ---------  --------  -------------  -------------  ------------  -------------  ------------  -----------------  ---------  -----------
  ep        lr    tr_loss    tr_acc    te_loss    te_acc    te_top5_acc    swa_tr_loss    swa_tr_acc    swa_te_loss    swa_te_acc    swa_te_top5_acc       time    mem_usage
----  --------  ---------  --------  ---------  --------  -------------  -------------  ------------  -------------  ------------  -----------------  ---------  -----------
  81    0.0300     0.2361   92.5054     3.5628   52.1780        75.6400         0.0727       98.4016         2.5818       58.1840            80.8940  2221.7304       0.8333
  82    0.0300     0.2350   92.5544     3.6520   51.6800        75.5699         0.0713       98.4195         2.5888       58.1480            80.8801  2221.3606       0.8333
  83    0.0300     0.2317   92.6369     3.5442   52.2660        75.7140         0.0699       98.4700         2.5957       58.1520            80.8941  2221.6551       0.8333
  84    0.0300     0.2283   92.7558     3.6439   52.2860        75.8060         0.0681       98.5058         2.6027       58.1300            80.8601  2220.3700       0.8333
  85    0.0300     0.2284   92.7629     3.5847   52.0760        75.7520         0.0668       98.5418         2.6092       58.1460            80.8701  2221.0683       0.8333
  86    0.0300     0.2242   92.8974     3.6293   52.0160        75.3040         0.0654       98.5704         2.6160       58.1420            80.8521  2222.2433       0.8333
  87    0.0300     0.2235   92.9157     3.6931   52.2020        75.6220         0.0640       98.6002         2.6225       58.1200            80.9040  2223.1376       0.8333
  88    0.0300     0.2227   92.9802     3.6228   52.5200        75.9920         0.0626       98.6293         2.6289       58.0980            80.8900  2223.9579       0.8333
  89    0.0300     0.2198   93.0489     3.6064   52.3920        76.1200         0.0613       98.6624         2.6348       58.1220            80.8760  2224.4690       0.8333
  90    0.0300     0.2167   93.1253     3.6672   52.2700        76.0140         0.0601       98.6873         2.6409       58.0680            80.8901  2222.9086       0.8333
  91    0.0300     0.2174   93.1050     3.6756   51.8140        75.8000         0.0589       98.7164         2.6472       58.0600            80.8661  2223.7185       0.8333
  92    0.0300     0.2164   93.1256     3.6686   52.2280        75.8420         0.0576       98.7499         2.6529       58.0400            80.8741  2224.7722       0.8333
  93    0.0300     0.2134   93.2234     3.6705   52.0060        75.7120         0.0567       98.7623         2.6586       58.0240            80.8681  2222.8263       0.8333
  94    0.0300     0.2101   93.3334     3.7133   51.8580        75.5460         0.0555       98.8041         2.6646       58.0080            80.8380  2225.8411       0.8333
  95    0.0300     0.2103   93.3532     3.7186   52.1000        75.8520         0.0546       98.8177         2.6702       58.0180            80.8280  2222.2535       0.8333
  96    0.0300     0.2074   93.4370     3.6938   52.1040        75.7080         0.0536       98.8415         2.6760       57.9800            80.7980  2223.8771       0.8333
  97    0.0300     0.2065   93.4392     3.6003   52.0780        75.5920         0.0525       98.8658         2.6814       57.9760            80.8161  2221.9408       0.8333
  98    0.0300     0.2063   93.4738     3.6798   52.0060        75.5720         0.0515       98.8880         2.6870       57.9700            80.8080  2223.3110       0.8333
  99    0.0300     0.2038   93.5503     3.7978   52.2400        75.8200         0.0506       98.9122         2.6925       57.9480            80.8060  2224.2875       0.8333
 100    0.0300     0.2028   93.5606     3.7228   51.9540        75.4440         0.0498       98.9238         2.6981       57.9560            80.8221  2224.5827       0.8333
