numpy imported
Preparing directory ../out/ImageNet32/WideResNet28x10/SGDSWA/seed=1_lr=0.03_swalr=0.015_swastart=31.0_mom=0.9_wd=0.0001_numepochs=50/
Using model WideResNet28x10
Loading ImageNet32 from /jmain01/home/JAD017/sjr02/dxg49-sjr02/curvature/data/
You are going to run models on the test set. Are you sure?
Using train (1281167) + test (50000)
Preparing model
{'depth': 28, 'widen_factor': 10}
No Covariance Estimation
Linearly decaying learning rate schedule
----  --------  ---------  --------  ---------  --------  -------------  -------------  ------------  -------------  ------------  -----------------  ---------  -----------
  ep        lr    tr_loss    tr_acc    te_loss    te_acc    te_top5_acc  swa_tr_loss    swa_tr_acc    swa_te_loss    swa_te_acc    swa_te_top5_acc         time    mem_usage
----  --------  ---------  --------  ---------  --------  -------------  -------------  ------------  -------------  ------------  -----------------  ---------  -----------
   1    0.0300     4.6975   12.9299     3.7774   22.3580        46.7220                                                                               4283.5841       0.5593
   2    0.0300     3.2953   30.0041     3.0956   33.6280        59.3320                                                                               3658.2967       0.5593
   3    0.0300     2.8114   37.9759     2.7748   38.9720        65.2240                                                                               3663.3841       0.5593
   4    0.0300     2.5626   42.4440     2.6129   41.8200        67.9780                                                                               3653.8532       0.5593
   5    0.0300     2.4058   45.2438     2.5338   43.4120        69.5640                                                                               3658.5942       0.5593
   6    0.0300     2.2983   47.2755     2.4422   44.7040        71.0499                                                                               3657.8829       0.5593
   7    0.0300     2.2194   48.7481     2.3743   46.3360        72.1020                                                                               3651.6401       0.5593
   8    0.0300     2.1582   49.8907     2.3682   46.4720        72.4420                                                                               3653.9013       0.5593
   9    0.0300     2.1088   50.7933     2.3256   47.4080        73.2120                                                                               3678.2533       0.5593
  10    0.0300     2.0706   51.5811     2.3081   47.7800        73.2420                                                                               3657.1645       0.5593
  11    0.0300     2.0394   52.1488     2.2875   48.1140        73.6100                                                                               3654.6958       0.5593
  12    0.0300     2.0118   52.7632     2.2432   48.8560        74.6080                                                                               3651.1310       0.5593
  13    0.0300     1.9880   53.1205     2.2665   48.5980        74.1740                                                                               3655.5615       0.5593
  14    0.0300     1.9684   53.5950     2.2498   48.9380        74.3460                                                                               3650.9206       0.5593
  15    0.0300     1.9511   53.8556     2.2203   49.4700        74.7780                                                                               3648.8145       0.5593
  16    0.0300     1.9376   54.1427     2.2012   49.6160        74.9780                                                                               3664.4993       0.5593
  17    0.0294     1.9093   54.6783     2.2007   49.9540        75.2040                                                                               3653.8774       0.5593
  18    0.0282     1.8746   55.3707     2.1653   50.5780        75.5740                                                                               3646.2713       0.5593
  19    0.0270     1.8393   56.1171     2.1613   50.5720        75.8700                                                                               3645.1315       0.5593
  20    0.0258     1.8069   56.7522     2.0927   52.0220        76.9980                                                                               3657.0952       0.5593
  21    0.0246     1.7740   57.3699     2.0817   52.1700        77.1960                                                                               3639.4543       0.5593
  22    0.0233     1.7386   58.0606     2.0845   52.3200        77.0340                                                                               3645.1527       0.5593
  23    0.0221     1.7019   58.8193     2.0533   52.6380        77.5380                                                                               3646.7220       0.5593
  24    0.0209     1.6680   59.4980     2.0611   52.7240        77.4600                                                                               3642.0434       0.5593
  25    0.0197     1.6292   60.2577     2.0394   53.2080        77.6880                                                                               3640.3323       0.5593
  26    0.0185     1.5915   61.0060     2.0068   53.8740        78.4540                                                                               3643.4875       0.5593
  27    0.0173     1.5485   61.9318     1.9700   54.7880        78.8880                                                                               3641.3556       0.5593
  28    0.0161     1.5047   62.8006     1.9869   54.6320        78.6720                                                                               3654.9142       0.5593
  29    0.0150     1.4616   63.7396     1.9486   55.1600        79.4920                                                                               3649.5408       0.5593
  30    0.0150     1.4598   63.7447     1.9669   55.1040        79.1261                                                                               3642.3610       0.5593
  31    0.0150     1.4552   63.7704     1.9677   54.8940        79.1021                                                                               3641.0257       0.5593
  32    0.0150     1.4485   63.9045     1.9513   55.4880        79.2360         1.2877       67.3478         1.9514       55.4860            79.2380  5253.7742       0.6976
  33    0.0150     1.4449   64.0042     1.9560   55.2340        79.2060         1.0201       73.7096         1.7302       59.7360            82.5020  5264.3055       0.6976
  34    0.0150     1.4388   64.0500     1.9624   55.0800        79.3180         0.9437       75.5697         1.6717       61.0460            83.4000  5251.7761       0.6976
  35    0.0150     1.4343   64.1641     1.9592   55.2060        79.4460         0.9052       76.5461         1.6430       61.6540            83.8280  5264.7751       0.6976
  36    0.0150     1.4278   64.2544     1.9487   55.2900        79.4180         0.8822       77.1267         1.6262       61.9340            84.1841  5260.8682       0.6976
  37    0.0150     1.4204   64.4383     1.9679   55.1600        79.0041         0.8674       77.4458         1.6166       62.2080            84.2161  5272.6729       0.6976
  38    0.0150     1.4167   64.4924     1.9667   55.0940        79.2720         0.8549       77.7275         1.6079       62.5060            84.3681  5259.5500       0.6976
  39    0.0150     1.4119   64.5971     1.9613   55.4520        79.2080         0.8448       77.9927         1.6024       62.6660            84.4221  5267.7619       0.6976
  40    0.0150     1.4075   64.6921     1.9614   55.3320        79.4600         0.8382       78.1388         1.5983       62.8000            84.5721  5271.3200       0.6976
----  --------  ---------  --------  ---------  --------  -------------  -------------  ------------  -------------  ------------  -----------------  ---------  -----------
  ep        lr    tr_loss    tr_acc    te_loss    te_acc    te_top5_acc    swa_tr_loss    swa_tr_acc    swa_te_loss    swa_te_acc    swa_te_top5_acc       time    mem_usage
----  --------  ---------  --------  ---------  --------  -------------  -------------  ------------  -------------  ------------  -----------------  ---------  -----------
  41    0.0150     1.4042   64.7483     1.9557   55.2020        79.4240         0.8314       78.3131         1.5936       62.8860            84.6520  5267.4687       0.6976
  42    0.0150     1.3986   64.8893     1.9669   55.0100        79.4160         0.8257       78.4328         1.5903       62.9120            84.6761  5253.8426       0.6976
  43    0.0150     1.3955   64.8968     1.9607   55.1760        79.2560         0.8205       78.5430         1.5873       62.9560            84.6921  5267.9593       0.6976
  44    0.0150     1.3917   65.0047     1.9710   55.0640        79.3460         0.8162       78.6365         1.5858       63.0280            84.7121  5255.7526       0.6976
  45    0.0150     1.3875   65.0601     1.9741   54.8560        79.1781         0.8122       78.7560         1.5836       63.1280            84.7781  5256.1465       0.6976
  46    0.0150     1.3856   65.1241     1.9606   55.2700        79.2120         0.8091       78.8323         1.5822       63.1480            84.7940  5268.8903       0.6976
  47    0.0150     1.3821   65.1663     1.9618   55.2240        79.4480         0.8060       78.8730         1.5806       63.1679            84.8540  5255.8085       0.6976
  48    0.0150     1.3784   65.2496     1.9574   55.4240        79.3880         0.8033       78.9902         1.5792       63.2399            84.8801  5272.3102       0.6976
  49    0.0150     1.3751   65.3201     1.9949   54.8640        78.8280         0.7993       79.0502         1.5789       63.2959            84.8820  5257.0970       0.6976
  50    0.0150     1.3727   65.3277     1.9708   55.2080        79.2980         0.7965       79.1178         1.5782       63.2680            84.9641  5286.9811       0.6976
