
	Python anaconda is now loaded in your environment.

directory is /jmain01/home/JAD017/sjr02/dxg49-sjr02/kfac-curvature/out/ImageNet32/WideResNet28x10/SGDSWA/seed=1_lr=0.03_mom=0.9_wd=8e-06_start=10.0_slr=0.03/
Using model WideResNet28x10
Loading ImageNet32 from /jmain01/home/JAD017/sjr02/dxg49-sjr02/curvature/data/
You are going to run models on the test set. Are you sure?
Using train (1281167) + test (50000)
Preparing model
{'depth': 28, 'widen_factor': 10}
SWA training
Loading /jmain01/home/JAD017/sjr02/dxg49-sjr02/kfac-curvature/out/ImageNet32/WideResNet28x10/SGDSWA/seed=1_lr=0.03_mom=0.9_wd=8e-06_start=10.0_slr=0.03/checkpoint-00010.pt
----  --------  ---------  --------  ---------  --------  -------------  -------------  ------------  -------------  ------------  -----------------  ---------  -----------
  ep        lr    tr_loss    tr_acc    te_loss    te_acc    te_top5_acc    swa_tr_loss    swa_tr_acc    swa_te_loss    swa_te_acc    swa_te_top5_acc       time    mem_usage
----  --------  ---------  --------  ---------  --------  -------------  -------------  ------------  -------------  ------------  -----------------  ---------  -----------
   1    0.0300     1.7979   56.6580     2.2763   49.4840        74.5240         1.1552       71.2081         1.8167       58.2040            81.0000  5868.9378       0.8319
   2    0.0300     1.9636   53.5220     2.4814   45.3500        71.4000         1.1843       70.5550         1.8011       58.3800            81.1921  5881.2275       0.8319
   3    0.0300     1.9859   53.1571     2.4745   45.4780        71.2720         1.2172       69.7816         1.7972       58.3460            81.2340  5888.9692       0.8319
   4    0.0300     1.9666   53.5519     2.4158   46.7880        72.3360         1.2407       69.2162         1.7935       58.3860            81.2200  5906.6035       0.8319
   5    0.0300     1.9420   54.0053     2.3619   47.1800        72.7020         1.2568       68.8027         1.7892       58.3700            81.2179  5901.9506       0.8319
   6    0.0300     1.9172   54.5088     2.3615   47.9100        73.0260         1.2670       68.5537         1.7854       58.3900            81.2180  5906.7359       0.8319
   7    0.0300     1.8997   54.8839     2.3790   47.6320        72.7580         1.2733       68.3969         1.7821       58.4700            81.3660  5902.8567       0.8319
   8    0.0300     1.8815   55.2616     2.4032   47.0540        72.5240         1.2780       68.2873         1.7790       58.5800            81.4020  5902.9259       0.8319
   9    0.0300     1.8662   55.5935     2.3694   47.5160        72.5700         1.2802       68.1992         1.7758       58.6440            81.4180  5898.1400       0.8319
  10    0.0300     1.8528   55.8837     2.2753   49.0540        74.5060         1.2816       68.1795         1.7722       58.6960            81.4660  5898.5467       0.8319
  11    0.0300     1.8425   55.9919     2.3397   48.0960        73.4640         1.2817       68.1508         1.7684       58.6980            81.5420  5902.9696       0.8319
  12    0.0300     1.8320   56.2264     2.2803   49.2140        74.3720         1.2807       68.1457         1.7648       58.7440            81.6360  5897.9193       0.8319
  13    0.0300     1.8233   56.3830     2.2550   49.1040        74.5820         1.2793       68.1690         1.7616       58.8080            81.7400  5897.5406       0.8319
  14    0.0300     1.8173   56.5245     2.2792   49.5120        74.4460         1.2776       68.1821         1.7584       58.8900            81.7841  5892.9029       0.8319
  15    0.0300     1.8080   56.6595     2.3301   48.3880        73.6700         1.2756       68.2214         1.7549       58.9360            81.8000  5896.3753       0.8319
  16    0.0300     1.8015   56.8283     2.3711   47.6360        73.0220         1.2732       68.2651         1.7518       59.0679            81.8441  5949.8474       0.8319
  17    0.0300     1.7971   56.8511     2.3308   48.6920        73.8560         1.2722       68.2815         1.7485       59.0620            81.8920  5900.3090       0.8319
  18    0.0300     1.7906   57.0607     2.2628   49.4560        74.6100         1.2690       68.3454         1.7457       59.1180            81.9680  5906.5634       0.8319
  19    0.0300     1.7859   57.1660     2.2658   49.5720        74.5940         1.2666       68.3826         1.7431       59.1300            82.0001  5899.0818       0.8319
  20    0.0300     1.7816   57.2110     2.2600   49.4660        74.8860         1.2649       68.4293         1.7405       59.1660            82.0540  5897.4513       0.8319
  21    0.0300     1.7785   57.2780     2.3230   48.4400        73.9840         1.2624       68.4867         1.7379       59.1120            82.1000  5898.5734       0.8319
  22    0.0300     1.7739   57.3563     2.2656   49.5940        74.6860         1.2605       68.5195         1.7355       59.1640            82.1480  5895.4939       0.8319
  23    0.0300     1.7697   57.4736     2.2495   49.9480        74.7141         1.2578       68.5636         1.7329       59.2540            82.1880  5892.9750       0.8319
  24    0.0300     1.7666   57.5098     2.2391   49.9500        75.0540         1.2557       68.5989         1.7306       59.3020            82.1680  5893.2150       0.8319
  25    0.0300     1.7634   57.6091     2.2529   49.7720        75.0800         1.2530       68.6654         1.7281       59.3180            82.1620  5899.3335       0.8319
  26    0.0300     1.7605   57.6673     2.2566   49.7440        74.8740         1.2520       68.6680         1.7259       59.3520            82.2460  7386.2432       0.8319
  27    0.0300     1.7588   57.6748     2.2542   49.9980        75.0860         1.2500       68.7148         1.7237       59.3960            82.3000  6000.3645       0.8319
  28    0.0300     1.7558   57.7491     2.4127   47.2720        72.5080         1.2475       68.8106         1.7215       59.4080            82.3120  5901.7333       0.8319
  29    0.0300     1.7527   57.8016     2.2804   49.4840        74.5280         1.2461       68.7959         1.7195       59.4280            82.3241  5934.1462       0.8319
  30    0.0300     1.7503   57.8364     2.2538   50.0460        75.0801         1.2434       68.8952         1.7175       59.4740            82.3721  5902.8927       0.8319
  31    0.0300     1.7492   57.8454     2.2698   49.3480        74.7760         1.2421       68.9141         1.7156       59.4979            82.3901  5892.3063       0.8319
Traceback (most recent call last):
  File "../run_swa_gap.py", line 198, in <module>
    swag_top5_accuracy=swa_res['top5_accuracy']
  File "<__array_function__ internals>", line 6, in savez
  File "/jmain01/home/JAD017/sjr02/dxg49-sjr02/.conda/envs/diegorubin/lib/python3.7/site-packages/numpy/lib/npyio.py", line 632, in savez
    _savez(file, args, kwds, False)
  File "/jmain01/home/JAD017/sjr02/dxg49-sjr02/.conda/envs/diegorubin/lib/python3.7/site-packages/numpy/lib/npyio.py", line 730, in _savez
    zipf = zipfile_factory(file, mode="w", compression=compression)
  File "/jmain01/home/JAD017/sjr02/dxg49-sjr02/.conda/envs/diegorubin/lib/python3.7/site-packages/numpy/lib/npyio.py", line 119, in zipfile_factory
    return zipfile.ZipFile(file, *args, **kwargs)
  File "/jmain01/home/JAD017/sjr02/dxg49-sjr02/.conda/envs/diegorubin/lib/python3.7/zipfile.py", line 1182, in __init__
    self.fp = io.open(file, filemode)
OSError: [Errno 27] File too large: '/jmain01/home/JAD017/sjr02/dxg49-sjr02/kfac-curvature/out/ImageNet32/WideResNet28x10/SGDSWA/seed=1_lr=0.03_mom=0.9_wd=8e-06_start=10.0_slr=0.03/swag-nogap-stats-31.npz'
