
	Python anaconda is now loaded in your environment.

Preparing directory /jmain01/home/JAD017/sjr02/dxg49-sjr02/kfac-curvature/out//CIFAR100/VGG16/SWA/lr=0.01_wd=1e-05_swastart=3.0_swalr=0.0005/
Using model VGG16
Loading CIFAR100 from /jmain01/home/JAD017/sjr02/dxg49-sjr02/curvature/data/
Files already downloaded and verified
Using 5000 samples for validation [deterministic split]
Files already downloaded and verified
Using train (45000) + test (5000)
Preparing model
{}
SWAG training
----  --------  ---------  --------  ---------  --------  -------------  ------------
  ep        lr    tr_loss    tr_acc    te_loss    te_acc    swa_te_loss    swa_tr_acc
----  --------  ---------  --------  ---------  --------  -------------  ------------
   1    0.0100     4.6054    1.1089     4.6043    1.4200        19.6670        0.1156
   2    0.0100     4.5370    1.6022     4.4709    1.6000        16.6135        0.2313
   3    0.0060     4.4419    2.2244     4.4281    2.3000         4.4281        2.2333        2.3000   16.4358       0.2313
   4    0.0005     4.4274    2.3778     4.4171    1.7800         4.4205        2.3622        1.7800   16.5564       0.2891
   5    0.0005     4.4096    2.2356     4.4129    1.8400         4.4175        2.4178        1.8000   16.5445       0.2891
   6    0.0005     4.4032    2.3356     4.4100    1.8400         4.4153        2.4089        1.8200   16.4680       0.2891
   7    0.0005     4.4015    2.3933     4.4079    1.8800         4.4136        2.3933        1.8600   16.4329       0.2891
   8    0.0005     4.3980    2.3600     4.4041    1.8800         4.4117        2.3556        1.8600   16.6293       0.2891
   9    0.0005     4.3946    2.4422     4.4001    2.0000         4.4098        2.3844        1.8800   16.4436       0.2891
  10    0.0005     4.3906    2.3867     4.3959    1.9800         4.4079        2.4756        1.8600   16.5367       0.2891
  11    0.0005     4.3872    2.5067     4.3941    1.9600         4.4063        2.4444        1.8400   16.5356       0.2891
  12    0.0005     4.3841    2.4778     4.3879    2.4800         4.4043        2.4267        1.8800   16.5183       0.2891
  13    0.0005     4.3798    2.4889     4.3878    1.8400         4.4026        2.5044        1.8600   16.7736       0.2891
  14    0.0005     4.3765    2.4333     4.3807    1.9200         4.4008        2.4667        1.8800   16.5371       0.2891
  15    0.0005     4.3737    2.4844     4.3788    1.8600         4.3991        2.4422        1.8600   16.6126       0.2891
  16    0.0005     4.3696    2.4733     4.3729    1.8600         4.3972        2.4333        1.8600   16.5714       0.2891
  17    0.0005     4.3640    2.5289     4.3707    2.0200         4.3955        2.4578        1.8200   17.1923       0.2891
  18    0.0005     4.3602    2.5422     4.3658    2.0400         4.3936        2.4400        1.8200   16.5633       0.2891
  19    0.0005     4.3564    2.5222     4.3670    2.0000         4.3918        2.4756        1.8000   16.6372       0.2891
  20    0.0005     4.3528    2.5511     4.3534    2.1400         4.3899        2.3867        1.8200   16.8138       0.2891
  21    0.0005     4.3463    2.6311     4.3464    2.1000         4.3880        2.4511        1.8400   16.8105       0.2891
  22    0.0005     4.3426    2.6556     4.3409    2.1000         4.3860        2.4467        1.8200   16.7185       0.2891
  23    0.0005     4.3367    2.4978     4.3353    1.9000         4.3840        2.4200        1.8000   16.7990       0.2891
  24    0.0005     4.3323    2.5133     4.3392    2.6000         4.3821        2.5156        1.8400   16.6073       0.2891
  25    0.0005     4.3271    2.7089     4.3322    1.9200         4.3802        2.5022        1.8400   16.7902       0.2891
  26    0.0005     4.3220    2.5489     4.3187    2.6400         4.3782        2.4689        1.8600   16.8644       0.2891
  27    0.0005     4.3257    2.6311     4.3191    2.4800         4.3762        2.4822        1.9200   16.7901       0.2891
  28    0.0005     4.3071    2.7378     4.3072    2.6000         4.3741        2.5489        1.9000   16.6488       0.2891
  29    0.0005     4.3028    2.7222     4.2949    2.2200         4.3720        2.5556        1.9400   16.6607       0.2891
  30    0.0005     4.2953    2.6822     4.2973    2.1800         4.3699        2.5778        1.9200   16.5614       0.2891
  31    0.0005     4.2872    2.7556     4.2748    2.1400         4.3677        2.4911        1.9600   16.6664       0.2891
slurmstepd-dgj318: error: *** JOB 444632 ON dgj318 CANCELLED AT 2019-12-17T17:55:29 ***
slurmstepd-dgj318: error: task_p_post_term: rmdir(/dev/cpuset/slurm_dgj318_444632/slurm444632.4294967294_0) failed Device or resource busy
