numpy imported
Preparing directory out/CIFAR10/PreResNet164/SSGDMN/seed=1_epoch_freq=20_curvaturesize=32_warmstart=-1_mom=0.0_wd=0.0001_numepochs=300/
Using model PreResNet164
Loading CIFAR10 from /jmain01/home/JAD017/sjr02/dxg49-sjr02/curvature/data/
Files already downloaded and verified
Using 5000 samples for validation [deterministic split]
Files already downloaded and verified
Using train (45000) + test (5000)
Preparing model
{'depth': 164}
SGD training
Loading CIFAR10 from /jmain01/home/JAD017/sjr02/dxg49-sjr02/curvature/data/
Files already downloaded and verified
You are going to run models on the test set. Are you sure?
Files already downloaded and verified
Using train (32) + test (10000)
Iter 1. Time: 5.34
Iter 2. Time: 0.83
Iter 3. Time: 0.82
Iter 4. Time: 0.82
Iter 5. Time: 0.85
Iter 6. Time: 0.85
Iter 7. Time: 0.83
Iter 8. Time: 0.83
Iter 9. Time: 0.82
Iter 10. Time: 0.84
Iter 11. Time: 0.86
Iter 12. Time: 0.84
Iter 13. Time: 0.84
Iter 14. Time: 0.82
Iter 15. Time: 0.84
Iter 16. Time: 0.83
Iter 17. Time: 0.84
Iter 18. Time: 0.84
Iter 19. Time: 0.84
Iter 20. Time: 0.82
        value       weight
-------------  -----------
-1448.47       4.33025e-07
-1146.48       4.48303e-07
 -889.406      4.02404e-09
 -801.051      2.59962e-06
 -617.728      2.97833e-08
 -610.213      8.47414e-07
 -541.254      2.21478e-07
 -494.596      4.29843e-07
 -468.338      1.81833e-06
 -376.744      4.71326e-07
 -292.482      4.87386e-08
 -234.508      9.48316e-07
 -178.045      1.09508e-06
 -138.192      1.86671e-06
  -95.7319     3.52631e-06
  -61.7004     1.19477e-05
  -32.6253     3.20311e-05
  -13.0606     0.000136242
   -2.44788    0.00159398
    0.0014475  0.998211
[1.4484733e+03 1.1464845e+03 8.8940643e+02 8.0105139e+02 6.1021259e+02
 6.1772784e+02 5.4125403e+02 4.9459647e+02 4.6833813e+02 3.7674438e+02
 2.9248154e+02 2.3450832e+02 1.7804501e+02 1.3819167e+02 1.4474983e-03
 2.4478786e+00 1.3060599e+01 3.2625267e+01 6.1700417e+01 9.5731873e+01]
learning rate
0.04110926344578004
top
36.4942434770687
bottom
39.62338303878011
momentum
0.9210279556733239
----  --------  ---------  --------  ---------  --------  --------  -----------
  ep        lr    tr_loss    tr_acc    te_loss    te_acc      time    mem_usage
----  --------  ---------  --------  ---------  --------  --------  -----------
   1    0.0411     1.7379   34.7667     1.4812   45.6800   86.9684       0.0195
   2    0.0411     1.2952   52.5222     1.1884   58.7600   58.3745       0.0195
   3    0.0411     1.0447   62.4244     1.1380   62.9600   58.6211       0.0195
   4    0.0411     0.9041   67.4933     0.8872   69.0400   58.5479       0.0195
   5    0.0411     0.8117   70.9333     0.9051   69.2200   58.0182       0.0195
   6    0.0411     0.7407   73.8933     0.9249   68.2600   57.5483       0.0195
   7    0.0411     0.6659   76.5933     0.7474   73.8600   57.6427       0.0195
   8    0.0411     0.6153   78.7956     0.6835   77.0800   57.5661       0.0195
   9    0.0411     0.5609   80.4800     0.5679   80.7000   57.6718       0.0195
  10    0.0411     0.5227   81.9267     0.5592   81.1400   57.8451       0.0195
  11    0.0411     0.4908   82.9445     0.5637   81.4000   57.8525       0.0195
  12    0.0411     0.4618   84.0778     0.5004   83.3000   57.8138       0.0195
  13    0.0411     0.4329   85.0222     0.5722   81.4200   57.8337       0.0195
  14    0.0411     0.4187   85.5667     0.4832   83.9800   57.8598       0.0195
  15    0.0411     0.4033   85.9933     0.5374   81.9800   58.0094       0.0195
  16    0.0411     0.3771   86.9422     0.4916   83.9200   57.9806       0.0195
  17    0.0411     0.3655   87.3644     0.5208   83.7800   57.7905       0.0195
  18    0.0411     0.3508   87.8978     0.5427   82.6800   57.8042       0.0195
  19    0.0411     0.3358   88.3267     0.4784   84.7000   57.8022       0.0195
  20    0.0411     0.3233   88.7667     0.5457   82.4200   57.7317       0.0195
Iter 1. Time: 0.93
Iter 2. Time: 0.84
Iter 3. Time: 0.86
Iter 4. Time: 0.85
Iter 5. Time: 0.84
Iter 6. Time: 0.87
Iter 7. Time: 0.86
Iter 8. Time: 0.85
Iter 9. Time: 0.85
Iter 10. Time: 0.85
Iter 11. Time: 0.86
Iter 12. Time: 0.85
Iter 13. Time: 0.86
Iter 14. Time: 0.86
Iter 15. Time: 0.86
Iter 16. Time: 0.85
Iter 17. Time: 0.85
Iter 18. Time: 0.84
Iter 19. Time: 0.84
Iter 20. Time: 0.85
     value       weight
----------  -----------
29.6289     1.37172e-06
22.7434     3.06435e-06
18.9305     1.29631e-06
17.4648     1.16111e-06
14.588      3.00043e-06
12.8652     5.82034e-07
11.5464     1.22341e-07
10.323      1.80238e-06
 8.38638    7.13594e-07
 6.27612    1.43152e-06
-5.31673    8.02462e-07
 4.77151    5.78484e-06
-4.65586    2.32561e-06
-4.01757    1.77063e-06
-2.77017    8.2256e-06
 2.70958    3.13626e-05
-1.44748    0.000112919
 0.800842   0.00100417
-0.166951   0.0474633
 0.0075723  0.951356
[2.9628887e+01 2.2743439e+01 1.8930531e+01 1.7464790e+01 5.3167272e+00
 4.6558633e+00 4.0175743e+00 2.7701678e+00 1.4474850e+00 7.5723026e-03
 1.6695103e-01 8.0084199e-01 1.4588047e+01 2.7095821e+00 4.7715120e+00
 6.2761240e+00 1.2865234e+01 8.3863811e+00 1.1546351e+01 1.0323047e+01]
learning rate
0.07506489591026477
top
5.034645925243809
bottom
5.85183875559117
momentum
0.8603528114019598
  21    0.0751     0.3257   88.8156     0.4776   84.2800   80.5194       0.0195
  22    0.0751     0.3051   89.3111     0.5703   82.0600   58.0479       0.0195
  23    0.0751     0.3013   89.4689     0.4790   83.8000   57.8947       0.0195
  24    0.0751     0.2952   89.5889     0.4160   86.3800   58.0836       0.0195
  25    0.0751     0.2874   90.0556     0.4951   84.2600   58.1205       0.0195
  26    0.0751     0.2754   90.5044     0.5190   83.8800   60.5672       0.0195
  27    0.0751     0.2730   90.4000     0.3828   86.9800   62.0356       0.0195
  28    0.0751     0.2622   90.8089     0.4742   85.0800   61.6539       0.0195
  29    0.0751     0.2518   91.2778     0.3745   87.4600   58.1938       0.0195
  30    0.0751     0.2512   91.1267     0.3834   87.9400   58.0426       0.0195
  31    0.0751     0.2438   91.6444     0.4247   87.0000   57.9154       0.0195
  32    0.0751     0.2355   91.7089     0.4077   86.9400   58.1934       0.0195
  33    0.0751     0.2363   91.6622     0.4448   85.5600   58.4218       0.0195
  34    0.0751     0.2266   91.9733     0.3981   87.2200   58.9146       0.0195
  35    0.0751     0.2203   92.3889     0.4228   86.5000   73.9577       0.0195
  36    0.0751     0.2170   92.3689     0.4087   87.4600   62.5430       0.0195
  37    0.0751     0.2200   92.1955     0.3808   87.9600   58.4268       0.0195
  38    0.0751     0.2060   92.7267     0.4171   87.4800   58.2613       0.0195
  39    0.0751     0.2100   92.7133     0.3645   88.6200   57.3156       0.0195
  40    0.0751     0.2018   92.8511     0.3896   88.0800   57.2589       0.0195
Iter 1. Time: 0.88
Iter 2. Time: 0.85
Iter 3. Time: 0.85
Iter 4. Time: 0.84
Iter 5. Time: 0.85
Iter 6. Time: 0.86
Iter 7. Time: 0.88
Iter 8. Time: 0.86
Iter 9. Time: 0.84
Iter 10. Time: 0.86
Iter 11. Time: 0.84
Iter 12. Time: 1.44
Iter 13. Time: 0.84
Iter 14. Time: 0.86
Iter 15. Time: 0.83
Iter 16. Time: 0.87
Iter 17. Time: 0.84
Iter 18. Time: 0.86
Iter 19. Time: 0.84
Iter 20. Time: 0.86
      value       weight
-----------  -----------
40.7449      5.49532e-07
37.5176      1.92738e-11
26.4769      2.59889e-07
24.7362      7.11309e-07
22.0113      7.2852e-08
17.6659      9.15393e-09
17.3524      2.48403e-07
13.9233      5.88085e-06
10.5485      7.60138e-07
 8.16105     6.64102e-07
 5.85848     1.93456e-06
-5.05725     2.99531e-07
-4.69402     5.70371e-07
 4.0956      7.50292e-06
-3.32818     2.03803e-06
 2.11627     7.55519e-05
-1.9386      5.66576e-05
-0.56502     0.00381931
 0.378563    0.0130545
-0.00286451  0.982974
[4.0744907e+01 3.7517567e+01 2.6476887e+01 2.4736231e+01 2.2011328e+01
 1.7352436e+01 1.7665892e+01 1.3923269e+01 1.0548495e+01 8.1610546e+00
 5.8584805e+00 5.0572538e+00 4.6940184e+00 4.0955954e+00 3.3281767e+00
 1.9386019e+00 2.1162713e+00 5.6501997e-01 2.8645061e-03 3.7856281e-01]
learning rate
0.096390073654087
top
5.767899190704332
bottom
6.998448349473382
momentum
0.8241682874087874
----  --------  ---------  --------  ---------  --------  --------  -----------
  ep        lr    tr_loss    tr_acc    te_loss    te_acc      time    mem_usage
----  --------  ---------  --------  ---------  --------  --------  -----------
  41    0.0964     0.2035   92.8733     0.4188   87.1600   80.8641       0.0195
  42    0.0964     0.1987   93.0689     0.3878   87.2000   57.2539       0.0195
  43    0.0964     0.1983   93.1400     0.3815   88.5000   57.1615       0.0195
  44    0.0964     0.1925   93.3000     0.4381   86.7800   57.2124       0.0195
  45    0.0964     0.1911   93.3689     0.3694   88.5000   57.3498       0.0195
  46    0.0964     0.1821   93.4956     0.6073   83.4000   58.6995       0.0195
  47    0.0964     0.1843   93.5889     0.3973   87.7000   61.3477       0.0195
  48    0.0964     0.1850   93.4311     0.4079   88.4200   61.3254       0.0195
  49    0.0964     0.1847   93.4267     0.3857   88.5400   61.2703       0.0195
  50    0.0964     0.1724   93.9467     0.5184   85.1800   59.8929       0.0195
  51    0.0964     0.1773   93.6978     0.5636   84.9200   57.8550       0.0195
  52    0.0964     0.1752   93.8622     0.4014   87.8800   57.7912       0.0195
  53    0.0964     0.1708   94.0022     0.4657   86.6600   57.5674       0.0195
  54    0.0964     0.1667   94.1933     0.3660   89.0600   57.6779       0.0195
  55    0.0964     0.1684   94.1333     0.4295   87.1200   57.7309       0.0195
  56    0.0964     0.1682   94.0600     0.3777   88.9400   57.6757       0.0195
  57    0.0964     0.1623   94.3756     0.5206   85.0600   57.2425       0.0195
  58    0.0964     0.1620   94.2422     0.4503   86.9400   57.2743       0.0195
  59    0.0964     0.1612   94.3600     0.5211   85.1800   57.6629       0.0195
  60    0.0964     0.1630   94.2956     0.4052   88.6000   57.8979       0.0195
Iter 1. Time: 0.85
Iter 2. Time: 0.85
Iter 3. Time: 0.87
Iter 4. Time: 0.86
Iter 5. Time: 0.87
Iter 6. Time: 0.87
Iter 7. Time: 0.87
Iter 8. Time: 0.87
Iter 9. Time: 0.86
Iter 10. Time: 0.89
Iter 11. Time: 0.86
Iter 12. Time: 0.87
Iter 13. Time: 0.86
Iter 14. Time: 0.88
Iter 15. Time: 0.87
Iter 16. Time: 0.87
Iter 17. Time: 0.86
Iter 18. Time: 0.86
Iter 19. Time: 0.89
Iter 20. Time: 0.88
      value       weight
-----------  -----------
64.4885      1.5798e-06
39.2971      1.05893e-06
28.4887      2.60552e-07
24.5472      1.90749e-07
21.2567      1.48456e-07
20.7554      5.41467e-07
12.742       1.28425e-06
11.5528      1.1625e-06
 9.98402     1.10591e-06
-7.34942     4.90861e-09
 6.92944     1.50794e-06
-6.30785     1.19807e-07
-5.0607      7.11947e-07
 5.04042     3.47336e-06
-3.5161      7.0756e-06
 2.63386     4.96642e-05
-2.0728      6.89342e-05
 0.722444    0.00260415
-0.340143    0.0143023
 0.00314766  0.982954
[6.4488464e+01 3.9297066e+01 2.8488686e+01 2.4547245e+01 2.0755417e+01
 2.1256720e+01 1.2742003e+01 1.1552840e+01 9.9840240e+00 6.9294372e+00
 5.0404186e+00 7.3494210e+00 6.3078480e+00 2.6338584e+00 5.0607014e+00
 7.2244364e-01 3.1476589e-03 3.4014288e-01 3.5160978e+00 2.0727952e+00]
learning rate
0.072625591105782
top
7.44725330043348
bottom
8.61368868382993
momentum
0.8645835220877969
  61    0.0726     0.1532   94.7200     0.3997   88.2200   80.6722       0.0195
  62    0.0726     0.1534   94.4844     0.4133   88.1800   58.0138       0.0195
  63    0.0726     0.1491   94.7667     0.3767   89.0200   58.0341       0.0195
  64    0.0726     0.1483   94.7733     0.3832   88.4800   57.9509       0.0195
  65    0.0726     0.1501   94.6800     0.4230   88.0200   59.7272       0.0195
  66    0.0726     0.1468   94.8200     0.3561   89.4800   60.8062       0.0195
  67    0.0726     0.1440   94.9200     0.4213   87.6200   61.8662       0.0195
  68    0.0726     0.1526   94.5822     0.4731   86.8800   61.8541       0.0195
  69    0.0726     0.1434   94.9400     0.3495   89.3600   61.9203       0.0195
  70    0.0726     0.1457   94.8578     0.4549   86.8600   62.1581       0.0195
  71    0.0726     0.1419   94.8911     0.3748   89.3000   61.2263       0.0195
  72    0.0726     0.1326   95.3867     0.3906   88.9000   60.8626       0.0195
  73    0.0726     0.1485   94.6156     0.5005   86.2800   61.1125       0.0195
  74    0.0726     0.1377   95.1178     0.4469   87.5200   61.0139       0.0195
  75    0.0726     0.1399   95.1778     0.3593   89.2000   60.7338       0.0195
  76    0.0726     0.1329   95.3200     0.4832   86.7400   57.8448       0.0195
  77    0.0726     0.1347   95.2733     0.4953   86.1000   57.7533       0.0195
  78    0.0726     0.1321   95.4200     0.3426   90.0200   57.8338       0.0195
  79    0.0726     0.1372   95.1556     0.3414   90.2000   57.9611       0.0195
  80    0.0726     0.1374   95.2111     0.3512   90.2000   57.8830       0.0195
Iter 1. Time: 0.85
Iter 2. Time: 0.87
Iter 3. Time: 0.87
Iter 4. Time: 0.86
Iter 5. Time: 0.85
Iter 6. Time: 0.84
Iter 7. Time: 0.85
Iter 8. Time: 0.88
Iter 9. Time: 0.86
Iter 10. Time: 0.87
Iter 11. Time: 0.84
Iter 12. Time: 0.86
Iter 13. Time: 0.87
Iter 14. Time: 0.86
Iter 15. Time: 0.87
Iter 16. Time: 0.85
Iter 17. Time: 0.88
Iter 18. Time: 0.87
Iter 19. Time: 0.86
Iter 20. Time: 0.84
      value       weight
-----------  -----------
44.5892      1.02051e-06
42.7085      1.39013e-08
18.9527      3.23896e-06
14.0455      1.85345e-06
11.4041      8.08672e-07
10.5185      4.43968e-08
 8.73153     1.0163e-06
 7.85777     1.47384e-06
-7.59949     2.12153e-07
-6.91414     3.97804e-07
-6.15249     1.25018e-06
 5.70588     1.94728e-06
-5.29072     3.29209e-06
 3.88525     1.30286e-05
-3.54828     1.24615e-05
-2.17675     7.04381e-05
 1.98697     0.000105814
-0.621402    0.00364025
 0.391182    0.0141645
-0.00339508  0.981978
[4.4589165e+01 4.2708481e+01 1.8952671e+01 1.4045549e+01 1.1404095e+01
 1.0518458e+01 8.7315321e+00 7.8577724e+00 5.7058797e+00 7.5994887e+00
 6.9141412e+00 6.1524878e+00 5.2907157e+00 3.8852460e+00 3.5482831e+00
 1.9869658e+00 3.9118207e-01 3.3950780e-03 6.2140185e-01 2.1767523e+00]
learning rate
0.09366445313926727
top
6.052066373760394
bottom
7.302957360233749
momentum
0.8287144611736694
----  --------  ---------  --------  ---------  --------  --------  -----------
  ep        lr    tr_loss    tr_acc    te_loss    te_acc      time    mem_usage
----  --------  ---------  --------  ---------  --------  --------  -----------
  81    0.0937     0.1333   95.3756     0.4171   87.7800   79.1478       0.0195
  82    0.0937     0.1373   95.1933     0.3801   89.8800   59.9496       0.0195
  83    0.0937     0.1337   95.2689     0.3719   88.9800   60.7284       0.0195
  84    0.0937     0.1314   95.4311     0.4000   89.1600   60.7336       0.0195
  85    0.0937     0.1305   95.4089     0.3558   90.0000   60.7735       0.0195
  86    0.0937     0.1278   95.5022     0.3765   89.6800   60.6968       0.0195
  87    0.0937     0.1251   95.6333     0.3582   90.3600   60.7602       0.0195
  88    0.0937     0.1317   95.3689     0.3776   89.5400   62.7377       0.0195
  89    0.0937     0.1296   95.3978     0.4475   87.2000   64.6133       0.0195
  90    0.0937     0.1273   95.6089     0.3521   90.3400   56.7164       0.0195
  91    0.0937     0.1308   95.4867     0.3715   89.6600   56.6233       0.0195
  92    0.0937     0.1259   95.5644     0.3894   89.6200   56.4143       0.0195
  93    0.0937     0.1192   95.8444     0.4012   89.4400   56.7328       0.0195
  94    0.0937     0.1240   95.6333     0.4236   88.2200   57.1176       0.0195
  95    0.0937     0.1226   95.6489     0.5260   86.9600   60.0542       0.0195
  96    0.0937     0.1292   95.4400     0.5226   86.2600   60.0942       0.0195
  97    0.0937     0.1159   95.8689     0.4319   87.6200   60.2096       0.0195
  98    0.0937     0.1265   95.5756     0.3902   89.1200   60.2899       0.0195
  99    0.0937     0.1305   95.3956     0.3632   88.9000   61.3719       0.0195
 100    0.0937     0.1146   95.9711     0.3388   90.0600   61.9597       0.0195
Iter 1. Time: 1.00
Iter 2. Time: 0.94
Iter 3. Time: 0.92
Iter 4. Time: 0.94
Iter 5. Time: 0.93
Iter 6. Time: 0.96
Iter 7. Time: 0.90
Iter 8. Time: 0.94
Iter 9. Time: 0.97
Iter 10. Time: 0.92
Iter 11. Time: 0.93
Iter 12. Time: 0.93
Iter 13. Time: 0.92
Iter 14. Time: 0.95
Iter 15. Time: 0.95
Iter 16. Time: 0.93
Iter 17. Time: 0.96
Iter 18. Time: 0.92
Iter 19. Time: 0.95
Iter 20. Time: 0.94
     value       weight
----------  -----------
66.5837     1.07877e-06
54.3556     6.98687e-07
52.5279     4.10712e-07
39.844      1.46397e-06
34.7198     2.82035e-07
27.6229     2.89865e-08
15.5599     1.2309e-08
14.3003     3.83091e-07
11.3509     1.35323e-08
 8.17496    4.81519e-07
 6.4016     2.07786e-06
-6.2129     5.46768e-07
-5.55289    7.02631e-07
-4.39775    1.24061e-06
 4.31837    4.61497e-06
-2.82575    1.19113e-05
 1.6808     0.00012697
-1.05838    0.000472451
 0.17436    0.062836
-0.0113828  0.936534
[6.6583679e+01 5.4355618e+01 5.2527927e+01 3.9843983e+01 3.4719769e+01
 2.7622854e+01 1.5559950e+01 1.4300281e+01 1.1350947e+01 8.1749620e+00
 6.4015961e+00 6.2129030e+00 5.5528879e+00 4.3183727e+00 4.3977475e+00
 2.8257511e+00 1.6808033e+00 1.1382807e-02 1.7435953e-01 1.0583770e+00]
learning rate
0.05117277370275227
top
7.742318499264918
bottom
8.577446106784858
momentum
0.9026367992147051
 101    0.0512     0.1097   96.1467     0.3491   90.1000   88.8912       0.0195
 102    0.0512     0.1023   96.3556     0.3410   90.4600   61.5627       0.0195
 103    0.0512     0.1100   96.1644     0.3839   89.0400   60.6045       0.0195
 104    0.0512     0.1083   96.1800     0.3286   90.1000   60.2068       0.0195
 105    0.0512     0.1106   96.1000     0.5132   86.8600   60.4783       0.0195
 106    0.0512     0.1066   96.2711     0.3763   90.0200   60.2034       0.0195
 107    0.0512     0.1115   96.1200     0.3510   90.3400   60.1143       0.0195
 108    0.0512     0.1090   96.2222     0.3412   90.8200   60.2278       0.0195
 109    0.0512     0.1079   96.2778     0.3325   90.4600   60.6654       0.0195
 110    0.0512     0.1075   96.2489     0.3635   89.8600   60.6110       0.0195
 111    0.0512     0.1115   96.0778     0.3356   90.1400   60.5427       0.0195
 112    0.0512     0.1078   96.2044     0.3366   90.8200   60.3724       0.0195
 113    0.0512     0.1069   96.1756     0.5227   86.9800   60.5637       0.0195
 114    0.0512     0.1136   96.0311     0.3805   89.6600   60.3639       0.0195
 115    0.0512     0.1042   96.3444     0.4369   88.6200   60.8758       0.0195
 116    0.0512     0.1069   96.2444     0.3418   90.0600   60.8533       0.0195
 117    0.0512     0.1096   96.0800     0.4305   88.3400   60.4745       0.0195
 118    0.0512     0.0980   96.5644     0.3561   90.5600   58.8151       0.0195
 119    0.0512     0.1054   96.3489     0.3414   90.4000   57.2243       0.0195
 120    0.0512     0.1013   96.4622     0.3893   89.9000   57.1873       0.0195
Iter 1. Time: 0.86
Iter 2. Time: 0.87
Iter 3. Time: 0.85
Iter 4. Time: 0.86
Iter 5. Time: 0.86
Iter 6. Time: 0.84
Iter 7. Time: 0.87
Iter 8. Time: 0.85
Iter 9. Time: 0.87
Iter 10. Time: 0.85
Iter 11. Time: 0.83
Iter 12. Time: 0.87
Iter 13. Time: 0.83
Iter 14. Time: 0.86
Iter 15. Time: 0.84
Iter 16. Time: 0.87
Iter 17. Time: 0.85
Iter 18. Time: 0.85
Iter 19. Time: 1.50
Iter 20. Time: 0.86
       value       weight
------------  -----------
62.7392       5.40198e-08
30.2509       5.00592e-07
21.6764       4.16163e-07
18.3632       3.22401e-07
11.8973       5.08157e-07
10.5757       1.18444e-06
-6.40528      5.55937e-08
 6.37345      7.3414e-07
 5.93429      1.33798e-06
-5.86991      2.19966e-07
-4.73597      1.36128e-06
 4.60798      3.88053e-06
-4.03824      1.02891e-05
 3.42513      1.38114e-05
-2.99311      1.50406e-05
 1.84257      0.000125171
-1.66841      0.000122741
 0.469217     0.00692677
-0.401753     0.00911482
 0.000436623  0.983661
[6.2739204e+01 3.0250862e+01 2.1676380e+01 1.8363184e+01 1.1897312e+01
 1.0575692e+01 6.4052753e+00 5.8699141e+00 4.7359729e+00 4.0382414e+00
 2.9931099e+00 1.6684068e+00 4.0175337e-01 4.3662288e-04 4.6921679e-01
 1.8425744e+00 6.3734517e+00 5.9342871e+00 3.4251289e+00 4.6079817e+00]
learning rate
0.08002215848766671
top
7.286968143906909
bottom
8.554648491618428
momentum
0.8518138589851411
----  --------  ---------  --------  ---------  --------  --------  -----------
  ep        lr    tr_loss    tr_acc    te_loss    te_acc      time    mem_usage
----  --------  ---------  --------  ---------  --------  --------  -----------
 121    0.0800     0.1136   95.9333     0.3708   89.8400   79.3693       0.0195
 122    0.0800     0.1097   96.1156     0.3245   90.6800   58.8902       0.0195
 123    0.0800     0.1053   96.3622     0.3417   90.7800   57.3631       0.0195
 124    0.0800     0.1069   96.1600     0.3204   90.8600   58.4901       0.0195
 125    0.0800     0.0993   96.5400     0.3757   89.9400   58.6011       0.0195
 126    0.0800     0.1089   96.1889     0.3897   88.9800   75.3047       0.0195
 127    0.0800     0.1070   96.1667     0.4432   87.6200   61.0169       0.0195
 128    0.0800     0.1005   96.5244     0.4485   88.2800   59.8164       0.0195
 129    0.0800     0.1075   96.2222     0.3743   89.4800   59.8638       0.0195
 130    0.0800     0.0968   96.5911     0.3843   89.3800   61.9895       0.0195
 131    0.0800     0.1010   96.4267     0.3202   90.7400   63.1397       0.0195
 132    0.0800     0.1019   96.4822     0.3062   91.2600   62.5355       0.0195
 133    0.0800     0.0978   96.5222     0.3651   89.2800   61.5766       0.0195
 134    0.0800     0.1047   96.3178     0.3124   91.3000   61.1050       0.0195
 135    0.0800     0.1003   96.5156     0.4281   87.8600   60.0781       0.0195
 136    0.0800     0.1011   96.5222     0.3116   91.3800   60.4130       0.0195
 137    0.0800     0.0978   96.5822     0.3563   90.6000   60.2651       0.0195
 138    0.0800     0.0927   96.7756     0.3867   89.6200   60.4145       0.0195
 139    0.0800     0.0988   96.4844     0.3838   89.4600   59.9329       0.0195
 140    0.0800     0.1002   96.5133     0.3992   89.3000   59.8699       0.0195
Iter 1. Time: 0.94
Iter 2. Time: 0.90
Iter 3. Time: 0.91
Iter 4. Time: 0.90
Iter 5. Time: 0.91
Iter 6. Time: 0.95
Iter 7. Time: 0.84
Iter 8. Time: 0.88
Iter 9. Time: 0.90
Iter 10. Time: 0.91
Iter 11. Time: 0.89
Iter 12. Time: 0.89
Iter 13. Time: 0.91
Iter 14. Time: 0.93
Iter 15. Time: 0.93
Iter 16. Time: 0.89
Iter 17. Time: 0.93
Iter 18. Time: 0.92
Iter 19. Time: 0.91
Iter 20. Time: 0.89
     value       weight
----------  -----------
34.5728     2.29693e-06
24.878      6.62617e-07
21.4025     4.09377e-07
18.5096     9.21631e-08
13.7601     1.3783e-06
13.1174     9.35298e-08
11.4152     3.36565e-06
 9.08987    1.40686e-07
-7.32569    1.59449e-06
 6.92442    1.07144e-06
-6.45386    2.1585e-07
-5.61743    2.39582e-06
 5.2964     5.25268e-06
-4.44163    3.97393e-06
 3.1618     3.86453e-05
-3.15798    2.06953e-05
-1.43407    0.000333881
 1.21266    0.000739647
-0.0847766  0.288675
 0.0339369  0.710169
[3.4572784e+01 2.4878019e+01 2.1402487e+01 1.8509638e+01 1.3760099e+01
 1.3117381e+01 1.1415249e+01 7.3256893e+00 6.4538646e+00 5.6174316e+00
 4.4416285e+00 3.1579850e+00 1.4340739e+00 8.4776640e-02 3.3936877e-02
 1.2126555e+00 3.1617961e+00 9.0898666e+00 5.2963958e+00 6.9244213e+00]
learning rate
0.04951889185512599
top
5.588698336050875
bottom
6.171026902887002
momentum
0.9056350626888865
 141    0.0495     0.0970   96.6600     0.3642   89.9800   83.1259       0.0195
 142    0.0495     0.0948   96.6800     0.3834   89.8800   59.9063       0.0195
 143    0.0495     0.0977   96.5933     0.3280   90.8200   60.0587       0.0195
 144    0.0495     0.0903   96.7444     0.3348   90.6000   59.8784       0.0195
 145    0.0495     0.0958   96.6644     0.3389   90.0600   60.0715       0.0195
 146    0.0495     0.0858   97.0200     0.3794   90.1600   59.9358       0.0195
 147    0.0495     0.0934   96.7044     0.3299   90.9000   59.7489       0.0195
 148    0.0495     0.0866   96.9956     0.4309   89.1000   59.7905       0.0195
 149    0.0495     0.0953   96.6022     0.3543   90.2200   60.0734       0.0195
 150    0.0495     0.0819   97.0733     0.3177   91.0200   60.6093       0.0195
 151    0.0495     0.0985   96.5756     0.3274   90.4000   60.1688       0.0195
 152    0.0495     0.0881   96.9511     0.3292   90.8400   55.3612       0.0195
 153    0.0495     0.0916   96.7711     0.3121   91.4400   54.7812       0.0195
 154    0.0495     0.0955   96.6911     0.3568   90.1600   54.7095       0.0195
 155    0.0495     0.0959   96.6044     0.3606   90.0400   54.9048       0.0195
 156    0.0495     0.1016   96.4333     0.3160   91.1200   54.9755       0.0195
 157    0.0495     0.0809   97.3000     0.3555   90.2600   54.8591       0.0195
 158    0.0495     0.0909   96.8556     0.4655   88.3000   54.7990       0.0195
 159    0.0495     0.0862   96.9422     0.4173   88.9400   54.7646       0.0195
 160    0.0495     0.0876   97.0111     0.3869   89.8800   54.9576       0.0195
Iter 1. Time: 0.81
Iter 2. Time: 0.81
Iter 3. Time: 0.80
Iter 4. Time: 0.82
Iter 5. Time: 0.81
Iter 6. Time: 0.81
Iter 7. Time: 0.82
Iter 8. Time: 0.79
Iter 9. Time: 0.83
Iter 10. Time: 0.83
Iter 11. Time: 0.82
Iter 12. Time: 0.82
Iter 13. Time: 0.81
Iter 14. Time: 0.82
Iter 15. Time: 0.79
Iter 16. Time: 0.82
Iter 17. Time: 0.80
Iter 18. Time: 0.81
Iter 19. Time: 0.80
Iter 20. Time: 0.81
      value       weight
-----------  -----------
158.674      2.44848e-07
 89.3644     4.28419e-08
 62.4143     3.66632e-12
 34.3503     8.35216e-07
 30.2455     2.00723e-06
 26.2255     9.48289e-07
 25.1503     7.63485e-07
 20.5466     6.72215e-07
 19.2121     5.1347e-08
 10.9841     2.57697e-06
 -9.05211    5.35982e-07
  8.37813    3.32358e-06
 -7.44493    2.01541e-06
 -6.27092    4.82115e-06
  4.94639    2.3909e-05
 -4.18149    3.51985e-05
  2.01389    0.000533423
 -1.95119    0.000421273
  0.151307   0.2332
 -0.0465133  0.765775
[1.5867395e+02 8.9364403e+01 6.2414299e+01 3.4350300e+01 3.0245512e+01
 2.6225477e+01 2.5150305e+01 2.0546604e+01 1.9212124e+01 1.0984106e+01
 8.3781290e+00 4.9463916e+00 9.0521145e+00 7.4449267e+00 6.2709227e+00
 4.1814876e+00 2.0138862e+00 4.6513304e-02 1.5130663e-01 1.9511865e+00]
learning rate
0.030879919465589347
top
12.20760333431522
bottom
12.985566390458398
momentum
0.940090171444904
----  --------  ---------  --------  ---------  --------  --------  -----------
  ep        lr    tr_loss    tr_acc    te_loss    te_acc      time    mem_usage
----  --------  ---------  --------  ---------  --------  --------  -----------
 161    0.0309     0.0771   97.3578     0.3411   91.1600   76.4095       0.0195
 162    0.0309     0.0910   96.8222     0.2946   92.1000   55.5007       0.0195
 163    0.0309     0.0831   97.1222     0.3363   91.1800   55.8412       0.0195
 164    0.0309     0.0904   96.9111     0.3552   90.5800   56.1706       0.0195
 165    0.0309     0.0861   97.1267     0.3428   90.7000   57.6998       0.0195
 166    0.0309     0.0810   97.1556     0.4311   89.1600   57.0867       0.0195
 167    0.0309     0.0837   97.0400     0.3486   91.0400   55.7896       0.0195
 168    0.0309     0.0897   96.8644     0.3688   90.4000   55.4457       0.0195
 169    0.0309     0.0913   96.8289     0.3126   91.2200   56.7627       0.0195
 170    0.0309     0.0845   97.0822     0.2830   91.8800   55.1230       0.0195
 171    0.0309     0.0777   97.3289     0.3164   91.1600   55.1336       0.0195
 172    0.0309     0.0858   97.0089     0.3672   90.6200   55.1219       0.0195
 173    0.0309     0.0851   97.0778     0.3222   90.9800   55.0344       0.0195
 174    0.0309     0.0806   97.2733     0.4109   89.2800   55.2628       0.0195
 175    0.0309     0.0902   96.9156     0.3597   90.5600   55.2594       0.0195
 176    0.0309     0.0786   97.2556     0.3290   91.0800   55.1044       0.0195
 177    0.0309     0.0801   97.2200     0.3179   91.9200   56.4895       0.0195
 178    0.0309     0.0912   96.9022     0.3332   91.0200   57.1604       0.0195
 179    0.0309     0.0797   97.3289     0.3574   89.7400   73.2314       0.0195
 180    0.0309     0.0845   97.1000     0.3736   90.6200   60.7418       0.0195
Iter 1. Time: 2.52
Iter 2. Time: 0.94
Iter 3. Time: 0.95
Iter 4. Time: 0.93
Iter 5. Time: 0.93
Iter 6. Time: 0.97
Iter 7. Time: 0.88
Iter 8. Time: 0.95
Iter 9. Time: 0.94
Iter 10. Time: 0.93
Iter 11. Time: 0.95
Iter 12. Time: 0.94
Iter 13. Time: 0.93
Iter 14. Time: 0.94
Iter 15. Time: 0.95
Iter 16. Time: 0.94
Iter 17. Time: 0.94
Iter 18. Time: 0.95
Iter 19. Time: 0.95
Iter 20. Time: 0.94
      value       weight
-----------  -----------
 67.5029     3.29513e-06
 41.9907     1.60353e-06
 36.984      1.01621e-07
 29.7295     4.92551e-07
 24.7154     5.76092e-08
 20.5948     4.06963e-07
 12.1786     5.01087e-07
-10.6022     1.54442e-07
  9.17222    1.31382e-06
 -8.73197    1.01789e-06
 -7.04425    5.08025e-07
  6.69194    2.18209e-06
 -5.78917    5.71162e-06
  5.20236    1.02477e-05
 -4.27794    1.97016e-05
  2.96523    6.43167e-05
 -2.35828    0.000148476
  0.868078   0.00355573
 -0.429029   0.0185117
  0.0051229  0.977676
[6.7502937e+01 4.1990715e+01 3.6983978e+01 2.9729460e+01 2.4715355e+01
 2.0594812e+01 1.2178640e+01 1.0602224e+01 8.7319660e+00 9.1722212e+00
 7.0442543e+00 5.7891684e+00 4.2779369e+00 2.3582850e+00 4.2902884e-01
 5.1229033e-03 8.6807817e-01 6.6919417e+00 2.9652343e+00 5.2023649e+00]
learning rate
0.07972268269867547
top
7.561014189615558
bottom
8.871020050477119
momentum
0.8523274828139855
 181    0.0797     0.1011   96.5244     0.4753   87.8400   88.6519       0.0195
 182    0.0797     0.0932   96.6911     0.3690   90.0800   61.0670       0.0195
 183    0.0797     0.0893   96.8933     0.3363   90.6200   60.8564       0.0195
 184    0.0797     0.0854   97.0422     0.2760   92.3000   61.6201       0.0195
 185    0.0797     0.0870   96.9800     0.3637   90.3400   60.9209       0.0195
 186    0.0797     0.0914   96.7689     0.3069   91.7600   61.3314       0.0195
 187    0.0797     0.0875   96.9622     0.3587   90.7000   61.0771       0.0195
 188    0.0797     0.0769   97.3289     0.3937   89.3600   61.5667       0.0195
 189    0.0797     0.0836   97.0711     0.3217   91.1600   61.2086       0.0195
 190    0.0797     0.0864   96.9267     0.3576   90.4800   57.6667       0.0195
 191    0.0797     0.0833   97.1133     0.4278   89.5000   57.8259       0.0195
 192    0.0797     0.0917   96.8111     0.3772   89.8000   57.6787       0.0195
 193    0.0797     0.0838   97.0644     0.3413   90.8000   57.7354       0.0195
 194    0.0797     0.0809   97.1356     0.4486   88.2000   57.8395       0.0195
 195    0.0797     0.0807   97.1667     0.2863   92.0600   58.5392       0.0195
 196    0.0797     0.0829   97.1156     0.3832   90.3400   58.6828       0.0195
 197    0.0797     0.0826   97.0956     0.4254   89.4400   58.8280       0.0195
 198    0.0797     0.0838   97.0578     0.3823   89.5400   58.8444       0.0195
 199    0.0797     0.0862   96.9133     0.3497   90.6600   58.8131       0.0195
 200    0.0797     0.0812   97.1933     0.3144   91.4600   58.5153       0.0195
Iter 1. Time: 0.86
Iter 2. Time: 0.87
Iter 3. Time: 0.89
Iter 4. Time: 0.86
Iter 5. Time: 0.88
Iter 6. Time: 0.87
Iter 7. Time: 0.88
Iter 8. Time: 0.89
Iter 9. Time: 0.86
Iter 10. Time: 0.89
Iter 11. Time: 0.88
Iter 12. Time: 0.88
Iter 13. Time: 0.88
Iter 14. Time: 0.87
Iter 15. Time: 0.88
Iter 16. Time: 0.87
Iter 17. Time: 0.87
Iter 18. Time: 0.87
Iter 19. Time: 0.88
Iter 20. Time: 0.86
      value       weight
-----------  -----------
45.2971      1.17161e-06
34.2635      1.06436e-06
21.2539      3.42065e-08
15.4396      6.38813e-08
12.9937      3.02052e-07
10.0776      1.85042e-06
 7.61583     2.20657e-07
 7.24699     3.62073e-06
 5.92423     1.39876e-06
 4.79159     2.02548e-06
-4.62625     2.40481e-07
-3.66647     3.32965e-07
-3.27471     2.52258e-06
 3.0754      1.42482e-05
-2.25265     6.50796e-06
 1.86546     4.08412e-05
-1.25738     0.000112213
 0.503578    0.00237256
-0.20097     0.0201286
 0.00295792  0.977309
[4.5297092e+01 3.4263451e+01 2.1253872e+01 1.5439599e+01 1.2993698e+01
 1.0077625e+01 7.6158252e+00 7.2469945e+00 5.9242306e+00 4.7915916e+00
 3.0754008e+00 4.6262493e+00 1.8654562e+00 3.6664677e+00 3.2747080e+00
 2.2526486e+00 5.0357819e-01 2.9579177e-03 2.0097025e-01 1.2573812e+00]
learning rate
0.06660866391869263
top
6.282014414001923
bottom
7.178608519242161
momentum
0.8751019640036185
----  --------  ---------  --------  ---------  --------  --------  -----------
  ep        lr    tr_loss    tr_acc    te_loss    te_acc      time    mem_usage
----  --------  ---------  --------  ---------  --------  --------  -----------
 201    0.0666     0.0756   97.3467     0.4016   89.9000   80.0457       0.0195
 202    0.0666     0.0822   97.1622     0.3870   89.4400   57.7180       0.0195
 203    0.0666     0.0755   97.3867     0.3659   90.6600   61.1337       0.0195
 204    0.0666     0.0810   97.1889     0.3045   91.6600   60.7203       0.0195
 205    0.0666     0.0790   97.2844     0.3564   90.4200   61.6914       0.0195
 206    0.0666     0.0827   97.1356     0.4002   89.9400   61.4441       0.0195
 207    0.0666     0.0734   97.4400     0.3123   91.6200   61.9082       0.0195
 208    0.0666     0.0830   97.0889     0.3771   90.4400   61.4857       0.0195
 209    0.0666     0.0815   97.2244     0.3605   90.3600   61.8359       0.0195
 210    0.0666     0.0742   97.4378     0.3341   91.3200   61.7729       0.0195
 211    0.0666     0.0761   97.4111     0.4876   88.9200   61.8904       0.0195
 212    0.0666     0.0793   97.2400     0.3663   90.6400   62.1008       0.0195
 213    0.0666     0.0818   97.0378     0.3466   90.6200   61.9504       0.0195
 214    0.0666     0.0826   97.1556     0.4079   89.4200   60.7126       0.0195
 215    0.0666     0.0777   97.2956     0.3844   90.1800   58.2474       0.0195
 216    0.0666     0.0753   97.4289     0.4157   89.5400   58.3896       0.0195
 217    0.0666     0.0794   97.2067     0.3239   91.2400   57.9824       0.0195
 218    0.0666     0.0763   97.3378     0.3611   90.6200   58.0957       0.0195
 219    0.0666     0.0844   97.0511     0.3423   90.7200   58.0390       0.0195
 220    0.0666     0.0694   97.6067     0.3620   90.5800   58.2287       0.0195
Iter 1. Time: 0.86
Iter 2. Time: 0.88
Iter 3. Time: 0.86
Iter 4. Time: 0.88
Iter 5. Time: 0.88
Iter 6. Time: 1.54
Iter 7. Time: 0.88
Iter 8. Time: 0.85
Iter 9. Time: 0.88
Iter 10. Time: 0.87
Iter 11. Time: 0.86
Iter 12. Time: 0.84
Iter 13. Time: 0.88
Iter 14. Time: 0.88
Iter 15. Time: 0.87
Iter 16. Time: 0.87
Iter 17. Time: 0.88
Iter 18. Time: 0.88
Iter 19. Time: 0.87
Iter 20. Time: 0.87
      value       weight
-----------  -----------
44.2684      1.16526e-06
33.9081      1.22909e-07
33.3489      4.05419e-09
29.335       3.63375e-08
28.201       7.38512e-10
23.6865      2.66411e-07
19.2914      6.06922e-08
17.4287      7.5053e-07
10.8814      3.58113e-06
-9.79682     8.18002e-07
-9.29189     3.96234e-07
 9.26258     2.79131e-06
-7.32202     4.18887e-06
 6.51297     5.52088e-06
-5.63806     1.92687e-06
-3.3769      3.9531e-05
 3.23908     7.20078e-05
-0.926106    0.00268297
 0.564132    0.0114356
-0.00420121  0.985748
[4.4268364e+01 3.3908134e+01 3.3348866e+01 2.9335022e+01 2.8200953e+01
 2.3686455e+01 1.9291431e+01 1.7428701e+01 1.0881395e+01 9.2625751e+00
 9.7968235e+00 9.2918921e+00 7.3220224e+00 6.5129733e+00 5.6380591e+00
 3.2390833e+00 3.3769019e+00 5.6413245e-01 4.2012106e-03 9.2610580e-01]
learning rate
0.11288696764925112
top
5.902360010966272
bottom
7.404535036735385
momentum
0.7971277037225808
 221    0.1129     0.0807   97.1333     0.3767   90.3800   81.1709       0.0195
 222    0.1129     0.0861   97.0311     0.4498   88.2200   57.9903       0.0195
 223    0.1129     0.0863   97.0378     0.3575   90.5600   58.2845       0.0195
 224    0.1129     0.0794   97.2044     0.4911   87.6600   58.1550       0.0195
 225    0.1129     0.0834   97.1422     0.3774   90.3400   58.5186       0.0195
 226    0.1129     0.0784   97.2622     0.4665   88.1600   72.6603       0.0195
 227    0.1129     0.0846   96.9622     0.4281   89.7000   60.0031       0.0195
 228    0.1129     0.0818   97.1267     0.3469   90.6600   62.0908       0.0195
 229    0.1129     0.0764   97.3467     0.3235   91.3000   61.7523       0.0195
 230    0.1129     0.0795   97.2000     0.3751   90.3600   62.3935       0.0195
 231    0.1129     0.0812   97.2378     0.3280   90.9600   61.6798       0.0195
 232    0.1129     0.0792   97.2933     0.3814   89.8400   61.1208       0.0195
 233    0.1129     0.0778   97.3133     0.3859   89.9200   60.9118       0.0195
 234    0.1129     0.0818   97.1844     0.4413   88.9200   61.0585       0.0195
 235    0.1129     0.0867   96.9956     0.3147   91.5200   61.2200       0.0195
 236    0.1129     0.0744   97.3978     0.3852   90.0200   60.7425       0.0195
 237    0.1129     0.0804   97.2911     0.4010   89.2600   61.3649       0.0195
 238    0.1129     0.0795   97.2578     0.3342   91.1600   60.8176       0.0195
 239    0.1129     0.0809   97.2022     0.2821   91.7400   61.3739       0.0195
 240    0.1129     0.0772   97.3244     0.3617   90.1200   61.1049       0.0195
Iter 1. Time: 1.01
Iter 2. Time: 0.91
Iter 3. Time: 0.92
Iter 4. Time: 0.96
Iter 5. Time: 0.95
Iter 6. Time: 0.93
Iter 7. Time: 0.93
Iter 8. Time: 0.93
Iter 9. Time: 0.93
Iter 10. Time: 0.94
Iter 11. Time: 0.94
Iter 12. Time: 0.92
Iter 13. Time: 0.93
Iter 14. Time: 0.92
Iter 15. Time: 0.94
Iter 16. Time: 0.94
Iter 17. Time: 0.90
Iter 18. Time: 0.93
Iter 19. Time: 0.94
Iter 20. Time: 0.96
     value       weight
----------  -----------
64.5899     6.59309e-07
45.4756     7.44803e-07
43.073      3.5633e-07
34.3023     6.02019e-08
30.5004     3.09844e-07
22.7824     1.25301e-07
22.13       3.92822e-07
16.5778     2.92344e-07
12.5224     1.035e-06
10.2339     8.41175e-07
-9.2019     1.89955e-09
-7.45201    1.50919e-06
 7.26245    2.82751e-06
-6.11732    4.31833e-06
-4.50787    1.48665e-05
 3.79191    5.01804e-05
-2.50803    0.000140193
 1.1911     0.00178139
-0.324555   0.0405158
 0.0118689  0.957487
[6.45899277e+01 4.54755783e+01 4.30730286e+01 3.43023224e+01
 3.05003662e+01 2.27824097e+01 2.21300354e+01 1.65778198e+01
 1.25224476e+01 1.02339115e+01 7.26245451e+00 3.79190588e+00
 9.20190144e+00 1.19109643e+00 1.18689211e-02 3.24555486e-01
 7.45201254e+00 6.11732435e+00 4.50787401e+00 2.50803471e+00]
learning rate
0.07088626108091707
top
7.467088189442244
bottom
8.60648361937982
momentum
0.8676119678689773
----  --------  ---------  --------  ---------  --------  --------  -----------
  ep        lr    tr_loss    tr_acc    te_loss    te_acc      time    mem_usage
----  --------  ---------  --------  ---------  --------  --------  -----------
 241    0.0709     0.0648   97.7200     0.3580   91.1400   84.7867       0.0195
 242    0.0709     0.0618   97.9200     0.3503   91.3600   61.4650       0.0195
 243    0.0709     0.0721   97.5244     0.3910   89.8800   61.1338       0.0195
 244    0.0709     0.0784   97.2467     0.3462   90.9600   61.3179       0.0195
 245    0.0709     0.0681   97.6156     0.4125   89.6800   61.1662       0.0195
 246    0.0709     0.0727   97.5578     0.3938   89.6800   61.3786       0.0195
 247    0.0709     0.0735   97.5133     0.3029   91.7400   61.5924       0.0195
 248    0.0709     0.0669   97.6911     0.3765   90.1400   61.2837       0.0195
 249    0.0709     0.0709   97.5467     0.5545   87.0600   61.4824       0.0195
 250    0.0709     0.0793   97.2844     0.3009   91.5400   61.5161       0.0195
 251    0.0709     0.0715   97.4111     0.5085   88.0200   61.6575       0.0195
 252    0.0709     0.0729   97.4133     0.3734   90.5800   61.6897       0.0195
 253    0.0709     0.0734   97.4356     0.3589   90.7000   61.5961       0.0195
 254    0.0709     0.0728   97.4644     0.4105   90.2400   61.0740       0.0195
 255    0.0709     0.0732   97.4711     0.4075   89.8200   57.9067       0.0195
 256    0.0709     0.0697   97.5933     0.3135   91.3200   57.8784       0.0195
 257    0.0709     0.0742   97.4800     0.4035   90.0600   57.9862       0.0195
 258    0.0709     0.0763   97.3489     0.3807   89.8800   58.2315       0.0195
 259    0.0709     0.0673   97.6867     0.3688   90.7400   58.7212       0.0195
 260    0.0709     0.0758   97.3489     0.4698   88.0000   58.7889       0.0195
Iter 1. Time: 0.90
Iter 2. Time: 0.88
Iter 3. Time: 0.89
Iter 4. Time: 0.90
Iter 5. Time: 0.88
Iter 6. Time: 0.89
Iter 7. Time: 0.87
Iter 8. Time: 0.89
Iter 9. Time: 0.91
Iter 10. Time: 0.89
Iter 11. Time: 0.89
Iter 12. Time: 0.89
Iter 13. Time: 0.91
Iter 14. Time: 0.89
Iter 15. Time: 0.89
Iter 16. Time: 0.88
Iter 17. Time: 0.89
Iter 18. Time: 0.88
Iter 19. Time: 0.91
Iter 20. Time: 0.89
       value       weight
------------  -----------
102.365       3.69561e-06
 60.0051      3.5981e-07
 51.6741      6.20663e-11
 47.6996      6.90548e-08
 26.6473      5.37837e-07
 23.0038      5.45461e-08
 17.8826      2.36008e-09
 15.7683      1.89718e-07
 11.8218      1.06329e-06
 11.1682      1.91702e-06
  8.90431     1.51742e-07
 -5.53854     1.06624e-06
 -4.37766     7.04261e-07
  4.35804     2.05565e-06
 -3.1907      5.36867e-06
  2.60312     2.41702e-05
 -1.86803     7.60397e-05
  0.722273    0.00209756
 -0.284212    0.0197914
  0.00427292  0.977991
[1.02364845e+02 6.00051193e+01 4.76996422e+01 5.16740685e+01
 2.66473255e+01 2.30037804e+01 1.78825607e+01 1.57683287e+01
 1.18217974e+01 1.11681623e+01 8.90430832e+00 5.53853512e+00
 4.35803509e+00 4.37765741e+00 2.60311770e+00 3.19070053e+00
 1.86803496e+00 7.22272635e-01 4.27292194e-03 2.84211665e-01]
learning rate
0.0526921027791684
top
9.584436289519815
bottom
10.650666406130526
momentum
0.8998907602629457
 261    0.0527     0.0638   97.8178     0.3494   90.2200   82.7361       0.0195
 262    0.0527     0.0704   97.5200     0.3982   90.2400   58.7021       0.0195
 263    0.0527     0.0700   97.6133     0.3668   90.6200   58.2309       0.0195
 264    0.0527     0.0669   97.6822     0.3226   91.9600   58.0432       0.0195
 265    0.0527     0.0772   97.3356     0.3340   91.2000   57.9955       0.0195
 266    0.0527     0.0673   97.7378     0.3517   91.0200   57.7870       0.0195
 267    0.0527     0.0663   97.7467     0.3498   91.0800   58.0437       0.0195
 268    0.0527     0.0695   97.5244     0.3343   91.2200   58.1045       0.0195
 269    0.0527     0.0702   97.5378     0.4207   89.0400   58.1112       0.0195
 270    0.0527     0.0693   97.5889     0.3670   90.8000   58.1242       0.0195
 271    0.0527     0.0656   97.8044     0.3306   91.4400   58.1416       0.0195
 272    0.0527     0.0718   97.4778     0.3288   91.4600   58.2984       0.0195
 273    0.0527     0.0697   97.6867     0.3310   91.6000   57.9568       0.0195
 274    0.0527     0.0720   97.5156     0.2979   91.7000   58.0275       0.0195
 275    0.0527     0.0645   97.8022     0.3710   90.5200   58.1440       0.0195
 276    0.0527     0.0675   97.6667     0.3666   90.5800   72.5540       0.0195
 277    0.0527     0.0675   97.6244     0.3981   90.5200   60.6678       0.0195
 278    0.0527     0.0749   97.4200     0.3215   91.6000   57.8242       0.0195
 279    0.0527     0.0628   97.9000     0.3448   91.4800   57.6930       0.0195
 280    0.0527     0.0709   97.5378     0.4058   89.9800   57.4658       0.0195
Iter 1. Time: 2.73
Iter 2. Time: 0.89
Iter 3. Time: 0.84
Iter 4. Time: 0.87
Iter 5. Time: 0.87
Iter 6. Time: 0.86
Iter 7. Time: 0.86
Iter 8. Time: 0.86
Iter 9. Time: 0.87
Iter 10. Time: 0.86
Iter 11. Time: 0.87
Iter 12. Time: 0.86
Iter 13. Time: 0.88
Iter 14. Time: 0.86
Iter 15. Time: 0.87
Iter 16. Time: 0.86
Iter 17. Time: 0.87
Iter 18. Time: 0.87
Iter 19. Time: 0.87
Iter 20. Time: 0.88
       value       weight
------------  -----------
39.6259       7.38504e-07
32.0513       6.37535e-08
30.5826       2.0234e-07
27.4657       1.73668e-06
23.5244       3.80012e-06
22.541        2.60266e-06
21.1118       2.32987e-07
13.0071       2.9462e-07
 9.93831      1.31572e-06
 8.06167      4.36084e-07
 6.70608      2.00666e-06
-4.6617       2.79573e-07
-3.85352      6.8099e-07
 3.78433      6.18739e-06
-3.014        3.1489e-06
 2.09528      4.46557e-05
-1.70947      5.77237e-05
 0.468961     0.00450488
-0.393289     0.00565979
 0.000207735  0.989709
[3.9625877e+01 3.2051346e+01 3.0582563e+01 2.7465681e+01 2.3524437e+01
 2.2540972e+01 2.1111769e+01 1.3007111e+01 9.9383106e+00 8.0616722e+00
 6.7060823e+00 3.7843263e+00 2.0952811e+00 4.6617026e+00 3.8535223e+00
 3.0140009e+00 4.6896115e-01 2.0773511e-04 3.9328912e-01 1.7094679e+00]
learning rate
0.09962458587893062
top
5.667781172465061
bottom
6.922036519681413
momentum
0.8188025527386152
----  --------  ---------  --------  ---------  --------  --------  -----------
  ep        lr    tr_loss    tr_acc    te_loss    te_acc      time    mem_usage
----  --------  ---------  --------  ---------  --------  --------  -----------
 281    0.0996     0.0796   97.2178     0.3698   90.3400   85.4191       0.0195
 282    0.0996     0.0766   97.3533     0.3596   90.6000   57.7223       0.0195
 283    0.0996     0.0775   97.2933     0.3077   91.8800   57.5375       0.0195
 284    0.0996     0.0661   97.7400     0.3150   92.0000   57.6331       0.0195
 285    0.0996     0.0753   97.4422     0.3587   90.6000   58.4590       0.0195
 286    0.0996     0.0755   97.3711     0.3599   90.6400   61.2345       0.0195
 287    0.0996     0.0799   97.1333     0.3553   90.3800   61.2264       0.0195
 288    0.0996     0.0670   97.7556     0.3630   91.0000   61.5332       0.0195
 289    0.0996     0.0754   97.4200     0.3224   91.5000   61.2534       0.0195
 290    0.0996     0.0660   97.6667     0.3248   91.5200   60.4288       0.0195
 291    0.0996     0.0749   97.4711     0.4774   87.5400   62.3380       0.0195
 292    0.0996     0.0689   97.6711     0.3795   90.0400   62.5490       0.0195
 293    0.0996     0.0635   97.8378     0.3403   91.3200   62.5478       0.0195
 294    0.0996     0.0765   97.3844     0.3609   91.0000   62.4273       0.0195
 295    0.0996     0.0696   97.5711     0.4500   88.9600   62.3273       0.0195
 296    0.0996     0.0700   97.6022     0.3191   91.4000   61.3622       0.0195
 297    0.0996     0.0778   97.3511     0.3930   90.1200   61.4490       0.0195
 298    0.0996     0.0728   97.4756     0.4177   90.1400   61.7872       0.0195
 299    0.0996     0.0731   97.4689     0.3522   90.5200   61.6542       0.0195
 300    0.0996     0.0679   97.6578     0.4272   89.6800   61.8898       0.0195
