
	Python anaconda is now loaded in your environment.

directory is /jmain01/home/JAD017/sjr02/dxg49-sjr02/kfac-curvature/out/ImageNet32/WideResNet28x10/SGDSWA/seed=1_lr=0.03_mom=0.9_wd=8e-06_start=10.0_slr=0.03/
Using model WideResNet28x10
Loading ImageNet32 from /jmain01/home/JAD017/sjr02/dxg49-sjr02/curvature/data/
You are going to run models on the test set. Are you sure?
Using train (1281167) + test (50000)
Preparing model
{'depth': 28, 'widen_factor': 10}
SWA training
Loading /jmain01/home/JAD017/sjr02/dxg49-sjr02/kfac-curvature/out/ImageNet32/WideResNet28x10/SGDSWA/seed=1_lr=0.03_mom=0.9_wd=8e-06_start=10.0_slr=0.03/checkpoint-00010.pt
----  --------  ---------  --------  ---------  --------  ---------  -----------
  ep        lr    tr_loss    tr_acc    te_loss    te_acc       time    mem_usage
----  --------  ---------  --------  ---------  --------  ---------  -----------
   1    0.0300     1.6455   59.8774     2.3013   49.0280  2264.6269       0.8317
   2    0.0300     1.7978   56.7047     2.4003   46.7600  2256.6751       0.8317
   3    0.0300     1.9067   54.5517     2.4269   46.2960  2270.8836       0.8317
   4    0.0300     1.9635   53.4783     2.5138   44.7740  2261.3837       0.8317
   5    0.0300     1.9814   53.2091     2.3998   46.4780  2272.0379       0.8317
   6    0.0300     1.9838   53.2226     2.4254   46.5640  2268.6382       0.8317
   7    0.0300     1.9757   53.3507     2.4183   46.5720  2268.1960       0.8317
   8    0.0300     1.9665   53.6065     2.4682   45.8740  2255.8556       0.8317
   9    0.0300     1.9515   53.8507     2.4123   46.9860  2272.7045       0.8317
  10    0.0300     1.9420   54.0743     2.3686   47.1380  2267.4363       0.8317
----  -----  --------  ---------  --------  ---------  --------  -------------  ------------  ---------  -----------
  ep      t        lr    tr_loss    tr_acc    te_loss    te_acc    swa_te_loss    swa_te_acc       time    mem_usage
----  -----  --------  ---------  --------  ---------  --------  -------------  ------------  ---------  -----------
  11  10010    0.0300     2.1871   49.6078     2.5329   44.8360         3.3927       34.4000  3764.0403       0.8319
  12  20020    0.0300     2.0133   52.7857     2.3412   47.2340         4.3867       23.8500  3796.5822       0.8319
  13  30030    0.0300     1.9515   54.0252     2.2809   48.9260         5.0671       15.8620  3784.7402       0.8319
  14  40040    0.0300     1.9125   54.7751     2.3271   48.2520         5.4973       10.9440  3780.4580       0.8319
  15  50050    0.0300     1.8851   55.2688     2.2614   49.6560         5.7710        7.8940  3762.6509       0.8319
slurmstepd-dgj407: error: *** JOB 448979 ON dgj407 CANCELLED AT 2020-01-16T23:45:48 ***
slurmstepd-dgj407: error: task_p_post_term: rmdir(/dev/cpuset/slurm_dgj407_448979/slurm448979.4294967294_0) failed Device or resource busy
