
	Python anaconda is now loaded in your environment.

directory is /jmain01/home/JAD017/sjr02/dxg49-sjr02/kfac-curvature/out/ImageNet32/WideResNet28x10/SGDSWA/seed=1_lr=0.03_mom=0.9_wd=8e-06_start=10.0_slr=0.03/
Using model WideResNet28x10
Loading ImageNet32 from /jmain01/home/JAD017/sjr02/dxg49-sjr02/curvature/data/
You are going to run models on the test set. Are you sure?
Using train (1281167) + test (50000)
Preparing model
{'depth': 28, 'widen_factor': 10}
SWA training
Loading /jmain01/home/JAD017/sjr02/dxg49-sjr02/kfac-curvature/out/ImageNet32/WideResNet28x10/SGDSWA/seed=1_lr=0.03_mom=0.9_wd=8e-06_start=10.0_slr=0.03/checkpoint-00040.pt
----  --------  ---------  --------  ---------  --------  -------------  -------------  ------------  -------------  ------------  -----------------  ---------  -----------
  ep        lr    tr_loss    tr_acc    te_loss    te_acc    te_top5_acc    swa_tr_loss    swa_tr_acc    swa_te_loss    swa_te_acc    swa_te_top5_acc       time    mem_usage
----  --------  ---------  --------  ---------  --------  -------------  -------------  ------------  -------------  ------------  -----------------  ---------  -----------
   1    0.0300     1.2949   66.2435     2.3778   50.3880        75.0560         0.4138       89.5955         1.8470       60.4620            82.4960  6573.7654       0.8328
   2    0.0300     1.6502   59.1384     2.3827   48.4340        73.4580         0.5240       86.6623         1.7512       61.0460            83.1960  6493.7252       0.8328
   3    0.0300     1.7840   56.7511     2.3876   47.4460        72.9080         0.6425       83.3197         1.7146       61.1720            83.2820  6533.0951       0.8328
   4    0.0300     1.8305   55.9881     2.4034   47.3560        72.7340         0.7423       80.6388         1.7003       61.1199            83.3040  6454.5621       0.8328
   5    0.0300     1.8444   55.7845     2.3547   47.7100        73.0500         0.8214       78.5706         1.6946       61.0420            83.3520  6434.8426       0.8328
   6    0.0300     1.8438   55.8509     2.3406   48.0480        73.4240         0.8822       77.0142         1.6916       60.9740            83.2940  6469.3145       0.8328
   7    0.0300     1.8417   55.9103     2.3427   47.7920        73.5460         0.9301       75.8522         1.6901       60.9060            83.1840  6446.8506       0.8328
   8    0.0300     1.8357   56.0857     2.3650   47.8180        73.1600         0.9686       74.9420         1.6899       60.8840            83.1060  6507.3850       0.8328
   9    0.0300     1.8283   56.2580     2.2790   49.3120        74.2580         0.9990       74.2178         1.6902       60.9180            83.1380  6455.5903       0.8328
  10    0.0300     1.8214   56.4312     2.3233   48.1140        73.8740         1.0246       73.6535         1.6904       60.8940            83.1201  6271.6828       0.8328
slurmstepd-dgj407: error: *** JOB 449966 ON dgj407 CANCELLED AT 2020-01-21T14:32:48 ***
slurmstepd-dgj407: error: task_p_post_term: rmdir(/dev/cpuset/slurm_dgj407_449966/slurm449966.4294967294_0) failed Device or resource busy
