
	Python anaconda is now loaded in your environment.

numpy imported
Gadam-auto: constant learning rate schedule adopted
Preparing directory ../out/ImageNet32/WideResNet28x10/PadamAuto/seed=1_lr=0.03_wd=0.0001/
Using model WideResNet28x10
Loading ImageNet32 from ../data/
You are going to run models on the test set. Are you sure?
Using train (1281167) + test (50000)
Preparing model
{'depth': 28, 'widen_factor': 10}
No Covariance Estimation
----  --------  ---------  --------  ---------  --------  -------------  -------------  ------------  -------------  ------------  -----------------  ---------  -----------
  ep        lr    tr_loss    tr_acc    te_loss    te_acc    te_top5_acc  swa_tr_loss    swa_tr_acc    swa_te_loss    swa_te_acc    swa_te_top5_acc         time    mem_usage
----  --------  ---------  --------  ---------  --------  -------------  -------------  ------------  -------------  ------------  -----------------  ---------  -----------
   1    0.0300     4.7410   12.5673     3.8797   21.4020        45.1660                                                                               2260.3692       0.6950
   2    0.0300     3.3071   29.8358     3.1955   31.9180        57.9640                                                                               2272.3691       0.6950
   3    0.0300     2.7843   38.5231     2.8764   37.8880        63.8759                                                                               2255.6211       0.6950
   4    0.0300     2.4717   44.0912     2.6425   41.9100        67.8140                                                                               2263.1181       0.6950
   5    0.0300     2.2547   48.0830     2.4854   44.9160        70.6740                                                                               2256.4802       0.6950
   6    0.0300     2.0883   51.2123     2.3945   46.5640        72.2900                                                                               2260.7025       0.6950
   7    0.0300     1.9565   53.6930     2.3086   48.4900        73.6940                                                                               2254.9619       0.6950
   8    0.0300     1.8455   55.9024     2.2718   49.3200        74.5640                                                                               2256.0202       0.6950
   9    0.0300     1.7503   57.7379     2.2075   50.6220        75.5720                                                                               2255.8335       0.6950
  10    0.0300     1.6682   59.3318     2.1817   51.1100        76.0000                                                                               2249.5319       0.6950
  11    0.0300     1.5957   60.7984     2.1779   51.5720        76.2520                                                                               2251.3321       0.6950
  12    0.0300     1.5298   62.0990     2.1857   51.6880        76.3860                                                                               2249.4075       0.6950
  13    0.0300     1.4702   63.3102     2.1421   52.6280        76.9640                                                                               2256.0444       0.6950
  14    0.0300     1.4160   64.3819     2.1300   52.9820        77.4760                                                                               2254.7725       0.6950
  15    0.0300     1.3658   65.3828     2.1294   53.4560        77.6920                                                                               2251.0167       0.6950
  16    0.0300     1.3192   66.3124     2.1412   53.4560        77.6060                                                                               2248.4231       0.6950
  17    0.0300     1.2765   67.2435     2.1645   53.4840        77.7921                                                                               2243.6017       0.6950
  18    0.0300     1.2367   68.0402     2.1642   53.8880        77.7181                                                                               2251.2356       0.6950
  19    0.0300     1.1975   68.8728     2.1523   53.5360        77.8200                                                                               2251.6201       0.6950
  20    0.0300     1.1620   69.5906     2.2000   53.4540        77.2780                                                                               2243.8925       0.6950
  21    0.0300     1.1290   70.2228     2.1749   53.7640        77.9160                                                                               2249.1003       0.6950
  22    0.0300     1.0967   70.9611     2.2715   53.3020        77.4040                                                                               2253.3194       0.6950
  23    0.0300     1.0685   71.5219     2.2388   53.7360        77.8120                                                                               2256.0021       0.6950
Gadam-auto: Validation accuracy stagnated for 5 epochs. Start averaging.
  24    0.0300     1.0396   72.1348     2.3569   53.0260        77.0980         0.8699       76.3604         2.1505       54.6880            78.5500  2256.3685       0.6950
  25    0.0300     1.0123   72.7253     2.2807   53.4460        77.7281         0.6595       82.2715         2.0011       57.4720            80.7461  2254.7163       0.8333
  26    0.0300     0.9873   73.2785     2.3382   53.0220        77.3541         0.5874       84.3229         1.9621       58.4040            81.3760  2261.9687       0.8333
  27    0.0300     0.9636   73.7606     2.3377   53.5560        77.5260         0.5476       85.4511         1.9468       58.8800            81.6481  2254.0991       0.8333
  28    0.0300     0.9420   74.2230     2.3092   53.7480        77.7080         0.5165       86.3469         1.9365       59.1100            81.8260  2247.0794       0.8333
  29    0.0300     0.9188   74.7584     2.3411   53.6100        77.5161         0.4923       86.9951         1.9324       59.3200            82.0101  2254.6693       0.8333
  30    0.0300     0.8966   75.2749     2.3964   53.2620        77.0760         0.4721       87.5698         1.9336       59.4620            82.0400  2250.8930       0.8333
  31    0.0300     0.8769   75.6879     2.3822   53.2620        77.1860         0.4552       88.0323         1.9344       59.5080            82.0940  2255.2002       0.8333
  32    0.0300     0.8587   76.0707     2.4570   53.3740        76.9920         0.4389       88.4640         1.9366       59.5740            82.1680  2256.1242       0.8333
  33    0.0300     0.8420   76.4412     2.4586   53.3780        77.1620         0.4249       88.8725         1.9390       59.7360            82.2460  2263.6425       0.8333
  34    0.0300     0.8249   76.8371     2.4539   52.6720        76.8020         0.4120       89.2283         1.9430       59.7400            82.2740  2266.6224       0.8333
  35    0.0300     0.8077   77.2128     2.5174   52.3040        76.3400         0.4003       89.5447         1.9468       59.8620            82.2260  2252.4141       0.8333
  36    0.0300     0.7928   77.5732     2.4909   53.1240        77.2121         0.3891       89.8442         1.9528       59.8100            82.2201  2249.9628       0.8333
  37    0.0300     0.7779   77.9211     2.5574   52.9300        76.8260         0.3784       90.1481         1.9577       59.8160            82.2420  2269.9429       0.8333
  38    0.0300     0.7621   78.2675     2.5072   52.8860        77.1321         0.3678       90.4202         1.9633       59.8440            82.2380  2262.0936       0.8333
  39    0.0300     0.7492   78.5726     2.5073   53.2020        77.0420         0.3591       90.6666         1.9674       59.9080            82.2000  2256.3083       0.8333
  40    0.0300     0.7374   78.8441     2.5701   53.0600        77.0040         0.3500       90.9489         1.9727       59.9700            82.2361  2263.2466       0.8333
----  --------  ---------  --------  ---------  --------  -------------  -------------  ------------  -------------  ------------  -----------------  ---------  -----------
  ep        lr    tr_loss    tr_acc    te_loss    te_acc    te_top5_acc    swa_tr_loss    swa_tr_acc    swa_te_loss    swa_te_acc    swa_te_top5_acc       time    mem_usage
----  --------  ---------  --------  ---------  --------  -------------  -------------  ------------  -------------  ------------  -----------------  ---------  -----------
  41    0.0300     0.7241   79.1464     2.5658   52.8680        76.7560         0.3418       91.1264         1.9774       60.0320            82.2740  2261.7459       0.8333
  42    0.0300     0.7132   79.4189     2.5670   53.1620        76.9500         0.3333       91.3738         1.9824       59.9920            82.2560  2263.0494       0.8333
  43    0.0300     0.6988   79.8050     2.5750   53.2400        76.9780         0.3257       91.5724         1.9873       60.0259            82.2861  2268.5765       0.8333
  44    0.0300     0.6899   79.9479     2.5656   53.2640        76.9080         0.3184       91.7644         1.9928       60.0099            82.2560  2251.6792       0.8333
  45    0.0300     0.6792   80.2779     2.6063   53.0860        76.7700         0.3111       91.9853         1.9984       60.0399            82.2360  2254.4564       0.8333
  46    0.0300     0.6688   80.5011     2.5975   52.6940        76.7801         0.3039       92.1820         2.0034       60.0380            82.2620  2258.8959       0.8333
  47    0.0300     0.6605   80.6940     2.5938   52.7220        76.7560         0.2979       92.3417         2.0083       60.0320            82.2520  2247.5453       0.8333
  48    0.0300     0.6484   80.9892     2.6431   53.1020        76.8660         0.2919       92.4851         2.0135       60.0040            82.2780  2248.0079       0.8333
  49    0.0300     0.6423   81.1281     2.7189   52.5400        76.4360         0.2852       92.6912         2.0186       60.0200            82.2800  2256.0018       0.8333
  50    0.0300     0.6314   81.4173     2.7103   52.4760        76.2560         0.2794       92.8437         2.0235       60.0020            82.2320  2248.7792       0.8333
  51    0.0300     0.6245   81.5586     2.6724   52.7320        76.6500         0.2741       92.9907         2.0284       59.9860            82.2301  2249.2560       0.8333
  52    0.0300     0.6169   81.8214     2.7563   52.0620        76.1980         0.2677       93.1497         2.0328       59.9980            82.2581  2262.2306       0.8333
  53    0.0300     0.6071   81.9791     2.6922   52.7300        76.6040         0.2630       93.2969         2.0379       59.9940            82.2341  2256.4394       0.8333
  54    0.0300     0.6019   82.1406     2.6814   52.9240        76.5960         0.2579       93.4363         2.0425       60.0020            82.2820  2250.7560       0.8333
  55    0.0300     0.5952   82.3034     2.7467   52.3860        76.3320         0.2524       93.5982         2.0472       59.9520            82.2440  2260.5400       0.8333
  56    0.0300     0.5878   82.5084     2.7807   52.6760        76.3560         0.2479       93.7020         2.0517       59.9580            82.2380  2258.3510       0.8333
  57    0.0300     0.5820   82.6517     2.7882   52.3440        76.0800         0.2431       93.8317         2.0562       59.9900            82.2160  2262.7009       0.8333
  58    0.0300     0.5770   82.7650     2.7456   52.4140        76.2740         0.2385       93.9828         2.0607       59.9860            82.2780  2261.6842       0.8333
  59    0.0300     0.5712   82.9091     2.7300   52.8140        76.3660         0.2349       94.0686         2.0652       59.9760            82.2920  2246.9977       0.8333
  60    0.0300     0.5671   83.0279     2.8154   52.4160        76.3040         0.2302       94.2073         2.0694       60.0020            82.2960  2256.6586       0.8333
  61    0.0300     0.5604   83.2029     2.8014   52.6960        76.1500         0.2262       94.3133         2.0736       59.9800            82.2880  2257.9354       0.8333
  62    0.0300     0.5558   83.3049     2.8542   51.9420        75.8100         0.2224       94.4166         2.0777       59.9780            82.2680  2258.1365       0.8333
  63    0.0300     0.5494   83.5008     2.8503   52.2360        76.0160         0.2186       94.5543         2.0819       59.9780            82.2860  2259.4303       0.8333
  64    0.0300     0.5445   83.6002     2.7652   52.2840        76.2260         0.2154       94.6228         2.0864       60.0060            82.2760  2257.8228       0.8333
  65    0.0300     0.5379   83.8246     2.8717   52.3340        76.0140         0.2111       94.7389         2.0908       60.0180            82.2560  2254.6748       0.8333
  66    0.0300     0.5344   83.8896     2.8089   52.6240        76.2260         0.2081       94.8151         2.0949       59.9880            82.2440  2253.6571       0.8333
  67    0.0300     0.5305   84.0161     2.8670   51.7880        75.8760         0.2052       94.8874         2.0988       59.9760            82.2400  2259.4164       0.8333
  68    0.0300     0.5279   84.0316     2.8897   52.0540        76.0600         0.2018       94.9857         2.1028       59.9820            82.2140  2251.0863       0.8333
  69    0.0300     0.5230   84.2092     2.8174   52.3300        76.0540         0.1987       95.0553         2.1067       59.9740            82.1840  2261.4396       0.8333
  70    0.0300     0.5189   84.3407     2.7697   52.4840        76.3260         0.1959       95.1300         2.1104       59.9520            82.1880  2253.5084       0.8333
  71    0.0300     0.5141   84.4212     2.8877   52.3780        75.9840         0.1926       95.2500         2.1145       59.9760            82.1600  2253.0808       0.8333
  72    0.0300     0.5127   84.4533     2.7921   52.4660        76.0440         0.1900       95.3112         2.1178       59.9260            82.1840  2250.1522       0.8333
  73    0.0300     0.5090   84.5905     2.8735   52.3340        75.9880         0.1876       95.3577         2.1215       59.9120            82.1660  2257.4727       0.8333
  74    0.0300     0.5040   84.6833     2.9209   51.6380        75.5880         0.1848       95.4436         2.1253       59.8760            82.1200  2256.7896       0.8333
  75    0.0300     0.5017   84.7619     2.9338   52.3680        75.7960         0.1820       95.5364         2.1293       59.8840            82.1420  2248.9263       0.8333
  76    0.0300     0.4995   84.8457     2.8668   52.8080        75.8880         0.1798       95.5709         2.1331       59.9040            82.1080  2255.4501       0.8333
  77    0.0300     0.4956   84.9384     2.8706   52.0420        75.9400         0.1769       95.6518         2.1369       59.9200            82.0940  2253.4496       0.8333
  78    0.0300     0.4920   85.0311     2.9078   52.3920        75.9400         0.1747       95.7360         2.1402       59.8520            82.1160  2257.4502       0.8333
  79    0.0300     0.4915   85.0566     3.0449   51.7380        75.3560         0.1723       95.7996         2.1440       59.8920            82.1220  2260.1744       0.8333
  80    0.0300     0.4873   85.1371     2.9027   51.7000        75.5560         0.1708       95.8227         2.1473       59.8940            82.1040  2252.4900       0.8333
----  --------  ---------  --------  ---------  --------  -------------  -------------  ------------  -------------  ------------  -----------------  ---------  -----------
  ep        lr    tr_loss    tr_acc    te_loss    te_acc    te_top5_acc    swa_tr_loss    swa_tr_acc    swa_te_loss    swa_te_acc    swa_te_top5_acc       time    mem_usage
----  --------  ---------  --------  ---------  --------  -------------  -------------  ------------  -------------  ------------  -----------------  ---------  -----------
  81    0.0300     0.4850   85.2335     2.9090   52.2200        75.7760         0.1681       95.9078         2.1510       59.9040            82.1021  2253.1805       0.8333
  82    0.0300     0.4843   85.2529     2.8756   52.0700        75.7020         0.1664       95.9661         2.1543       59.8860            82.1140  2251.9222       0.8333
  83    0.0300     0.4786   85.3914     2.9277   52.1800        75.8380         0.1641       96.0207         2.1575       59.8940            82.1181  2259.2529       0.8333
  84    0.0300     0.4761   85.4807     2.9452   52.1240        75.9940         0.1617       96.0833         2.1609       59.9220            82.1161  2253.0179       0.8333
  85    0.0300     0.4746   85.5141     2.9168   52.2220        76.1340         0.1600       96.1167         2.1640       59.9060            82.1141  2262.4392       0.8333
  86    0.0300     0.4740   85.5508     2.9111   52.2920        76.1200         0.1580       96.1847         2.1668       59.8880            82.1341  2264.8487       0.8333
  87    0.0300     0.4703   85.6631     2.9670   51.4640        75.3920         0.1564       96.2313         2.1699       59.8980            82.1301  2251.3666       0.8333
  88    0.0300     0.4702   85.6525     2.9090   51.6620        75.4080         0.1543       96.2773         2.1727       59.9160            82.1360  2252.2466       0.8333
  89    0.0300     0.4644   85.7942     2.9477   51.8680        75.7940         0.1523       96.3443         2.1751       59.9000            82.1540  2258.7182       0.8333
  90    0.0300     0.4627   85.8675     2.9953   51.8500        75.4180         0.1510       96.3653         2.1780       59.8460            82.1260  2263.4824       0.8333
  91    0.0300     0.4621   85.8798     3.0020   51.6300        75.5700         0.1491       96.4469         2.1810       59.8140            82.1120  2257.8358       0.8333
  92    0.0300     0.4604   85.9251     2.9530   52.0380        75.7620         0.1480       96.4566         2.1837       59.8380            82.0841  2254.8911       0.8333
  93    0.0300     0.4578   85.9953     2.9809   52.1660        75.8420         0.1462       96.5123         2.1866       59.8620            82.0781  2255.6301       0.8333
  94    0.0300     0.4551   86.0881     3.0224   51.5760        75.2720         0.1443       96.5603         2.1893       59.8360            82.0721  2260.9057       0.8333
  95    0.0300     0.4548   86.0542     3.0363   51.7440        75.4680         0.1430       96.6037         2.1921       59.8360            82.0501  2253.1847       0.8333
  96    0.0300     0.4505   86.2027     2.9923   52.0080        75.4380         0.1413       96.6468         2.1947       59.8400            82.0481  2265.9121       0.8333
  97    0.0300     0.4514   86.1548     3.0092   51.9360        75.5500         0.1399       96.6793         2.1971       59.8560            82.0301  2258.1397       0.8333
  98    0.0300     0.4486   86.2592     3.0124   51.8400        75.6320         0.1386       96.7226         2.1998       59.8460            82.0301  2262.9400       0.8333
  99    0.0300     0.4485   86.2565     3.0241   52.0480        75.6040         0.1373       96.7534         2.2021       59.8960            82.0241  2262.2043       0.8333
 100    0.0300     0.4470   86.3103     3.0481   51.7360        75.3120         0.1362       96.7824         2.2046       59.8660            81.9840  2253.2620       0.8333
