
	Python anaconda is now loaded in your environment.

numpy imported
Preparing directory ../out/ImageNet32/WideResNet28x10/SGDSWA/seed=1_lr=0.03_mom=0.9_wd=8e-06_start=30.0_slr=0.015/
Using model WideResNet28x10
Loading ImageNet32 from /jmain01/home/JAD017/sjr02/dxg49-sjr02/curvature/data/
You are going to run models on the test set. Are you sure?
Using train (1281167) + test (50000)
Preparing model
{'depth': 28, 'widen_factor': 10}
No Covariance Estimation
Linearly decaying learning rate schedule
----  --------  ---------  --------  ---------  --------  -------------  -------------  ------------  -------------  ------------  -----------------  ---------  -----------
  ep        lr    tr_loss    tr_acc    te_loss    te_acc    te_top5_acc  swa_tr_loss    swa_tr_acc    swa_te_loss    swa_te_acc    swa_te_top5_acc         time    mem_usage
----  --------  ---------  --------  ---------  --------  -------------  -------------  ------------  -------------  ------------  -----------------  ---------  -----------
   1    0.0300     4.6604   13.4268     3.7491   23.0600        47.6720                                                                               2874.7373       0.5556
   2    0.0300     3.2278   31.2307     3.0359   34.6700        60.6360                                                                               2873.9625       0.5556
   3    0.0300     2.6959   40.1923     2.7004   40.5840        66.5660                                                                               2872.0136       0.5556
   4    0.0300     2.3906   45.6900     2.4686   44.7500        70.5220                                                                               2870.8887       0.5556
   5    0.0300     2.1823   49.5384     2.3515   47.0940        72.7240                                                                               2869.4833       0.5556
   6    0.0300     2.0272   52.5235     2.2599   48.9160        74.1720                                                                               2870.8856       0.5556
   7    0.0300     1.9020   54.8950     2.1868   50.5240        75.3900                                                                               2869.5567       0.5556
   8    0.0300     1.7995   56.9096     2.1487   51.3300        76.1000                                                                               2869.4754       0.5556
   9    0.0300     1.7105   58.5980     2.1090   51.9860        76.7440                                                                               2870.6498       0.5556
  10    0.0300     1.6328   60.1224     2.0938   52.6240        76.9860                                                                               2868.1688       0.5556
  11    0.0300     1.5651   61.4888     2.0727   53.1440        77.3680                                                                               2869.4506       0.5556
  12    0.0300     1.5011   62.7789     2.0413   53.9720        78.0920                                                                               2868.4727       0.5556
  13    0.0300     1.4440   63.9608     2.0521   53.8400        78.2300                                                                               2868.7209       0.5556
  14    0.0300     1.3903   65.0002     2.0404   54.3600        78.4460                                                                               2867.6320       0.5556
  15    0.0300     1.3421   65.9239     2.0591   54.2160        78.2040                                                                               2867.0833       0.5556
  16    0.0300     1.2965   66.8653     2.0619   54.4300        78.4421                                                                               2866.2168       0.5556
  17    0.0288     1.2336   68.2104     2.0784   54.4840        78.6241                                                                               2866.6757       0.5556
  18    0.0275     1.1738   69.4844     2.0731   54.8900        78.6961                                                                               2865.2352       0.5556
  19    0.0262     1.1154   70.7450     2.0946   54.6760        78.8041                                                                               2862.6693       0.5556
  20    0.0250     1.0582   71.9578     2.0838   55.0480        79.0780                                                                               2866.6509       0.5556
  21    0.0238     1.0045   73.0949     2.1286   55.0180        78.8100                                                                               2865.2066       0.5556
  22    0.0225     0.9474   74.4155     2.1304   55.4780        79.2020                                                                               2869.3284       0.5556
  23    0.0213     0.8935   75.6511     2.1766   55.2040        78.9280                                                                               2865.4469       0.5556
  24    0.0200     0.8398   76.8397     2.2046   55.1420        79.0201                                                                               2862.7126       0.5556
  25    0.0187     0.7836   78.1751     2.2290   55.2660        78.8641                                                                               2869.4038       0.5556
  26    0.0175     0.7303   79.4963     2.2916   55.0920        78.7960                                                                               2865.9739       0.5556
  27    0.0162     0.6743   80.8493     2.3263   55.1500        78.9540                                                                               2867.2863       0.5556
  28    0.0150     0.6198   82.2281     2.3531   55.3420        79.1261                                                                               2865.7300       0.5556
  29    0.0150     0.5985   82.7016     2.3984   55.2260        78.7840                                                                               2869.8955       0.5556
  30    0.0150     0.5831   83.0397     2.4537   54.9300        78.5580                                                                               2866.8110       0.5556
  31    0.0150     0.5696   83.3038     2.4781   54.5620        78.5440         0.4966       85.4489         2.6051       53.9560            77.9141  5701.0320       0.6941
  32    0.0150     0.5590   83.5556     2.4966   54.3340        78.3800         0.3430       90.3375         2.5143       55.6900            79.4300  5702.4081       0.6941
  33    0.0150     0.5530   83.6401     2.5292   54.4020        77.8220         0.2923       92.0349         2.4648       56.6080            79.7880  5703.8324       0.6941
  34    0.0150     0.5499   83.7257     2.5239   54.1620        77.9000         0.2652       92.9407         2.4244       56.7999            79.9600  5706.8104       0.6941
  35    0.0150     0.5484   83.7219     2.5396   54.4280        77.9360         0.2466       93.5349         2.4326       56.9839            80.1081  5702.5073       0.6941
  36    0.0150     0.5442   83.8043     2.5770   53.9580        77.6960         0.2327       93.9920         2.3621       57.5240            80.5920  5706.5368       0.6941
  37    0.0150     0.5412   83.8986     2.5913   53.8160        77.8281         0.2219       94.3267         2.3937       57.3880            80.4460  5701.9067       0.6941
  38    0.0150     0.5375   83.9275     2.6078   53.9540        77.6960         0.2126       94.6254         2.4236       57.7160            80.5380  5701.3492       0.6941
  39    0.0150     0.5345   84.0186     2.5786   54.2999        77.7040         0.2045       94.8435         2.4648       57.5760            80.3541  5706.6558       0.6941
  40    0.0150     0.5318   84.0360     2.6149   53.9020        77.6300         0.1980       95.0541         2.4412       57.5880            80.5260  5711.7343       0.6941
----  --------  ---------  --------  ---------  --------  -------------  -------------  ------------  -------------  ------------  -----------------  ---------  -----------
  ep        lr    tr_loss    tr_acc    te_loss    te_acc    te_top5_acc    swa_tr_loss    swa_tr_acc    swa_te_loss    swa_te_acc    swa_te_top5_acc       time    mem_usage
----  --------  ---------  --------  ---------  --------  -------------  -------------  ------------  -------------  ------------  -----------------  ---------  -----------
  41    0.0150     0.5297   84.1322     2.6288   53.4920        77.3921         0.1919       95.2600         2.4257       57.6940            80.6060  5711.5725       0.6941
  42    0.0150     0.5274   84.1439     2.6305   53.9260        77.6180         0.1864       95.4114         2.4097       57.7980            80.6880  5715.3293       0.6941
  43    0.0150     0.5243   84.2102     2.6283   53.7500        77.3180         0.1819       95.5596         2.3907       57.6960            80.5700  5713.1644       0.6941
  44    0.0150     0.5195   84.3558     2.6611   53.4400        77.3340         0.1765       95.7059         2.4071       57.8480            80.6320  5716.4239       0.6941
  45    0.0150     0.5174   84.3437     2.6469   53.4760        77.4160         0.1723       95.8386         2.4325       57.8299            80.7380  5716.5912       0.6941
  46    0.0150     0.5131   84.5313     2.6482   53.5940        77.2321         0.1684       95.9544         2.4124       57.8380            80.7280  5712.8146       0.6941
  47    0.0150     0.5109   84.5663     2.6642   53.4260        77.1620         0.1648       96.0733         2.4332       57.6000            80.5181  5718.0475       0.6941
  48    0.0150     0.5092   84.5789     2.6797   53.4020        77.1240         0.1609       96.1800         2.4325       57.8700            80.8820  5711.1099       0.6941
  49    0.0150     0.5025   84.8110     2.6881   53.3660        77.1600         0.1574       96.2704         2.4354       57.8880            80.7221  5719.3421       0.6941
  50    0.0150     0.5007   84.8165     2.6920   53.3120        76.9800         0.1545       96.3598         2.4586       57.7360            80.5580  5718.4839       0.6941
