
	Python anaconda is now loaded in your environment.

Using model PreResNet110
Loading CIFAR10 from /jmain01/home/JAD017/sjr02/dxg49-sjr02/curvature/data
Files already downloaded and verified
Using 5000 samples for validation [deterministic split]
Files already downloaded and verified
Using train (45000) + test (5000)
Loading CIFAR10 from /jmain01/home/JAD017/sjr02/dxg49-sjr02/curvature/data
Files already downloaded and verified
Using 5000 samples for validation [deterministic split]
Files already downloaded and verified
Using train (45000) + test (5000)
Preparing model
{'depth': 110}
Loading /jmain01/home/JAD017/sjr02/dxg49-sjr02/curvature/ckpts/c10/PreResNet110/SGDOPT/runeval1/checkpoint-00000.pt
storing basis
Iter 1. Time: 333.38
Iter 2. Time: 330.06
Iter 3. Time: 329.85
Iter 4. Time: 329.79
Iter 5. Time: 329.21
Iter 6. Time: 329.41
Iter 7. Time: 329.58
Iter 8. Time: 329.46
Iter 9. Time: 329.59
Iter 10. Time: 329.62
Iter 11. Time: 329.74
Iter 12. Time: 330.83
Iter 13. Time: 330.98
Iter 14. Time: 330.06
Iter 15. Time: 330.16
Iter 16. Time: 330.05
Iter 17. Time: 330.09
Iter 18. Time: 330.13
Iter 19. Time: 329.96
Iter 20. Time: 329.97
Iter 21. Time: 330.19
Iter 22. Time: 330.18
Iter 23. Time: 330.09
Iter 24. Time: 332.99
Iter 25. Time: 329.72
Iter 26. Time: 329.48
Iter 27. Time: 329.63
Iter 28. Time: 330.15
Iter 29. Time: 329.90
Iter 30. Time: 330.07
Iter 31. Time: 330.00
Iter 32. Time: 329.94
Iter 33. Time: 329.89
Iter 34. Time: 329.91
Iter 35. Time: 329.84
Iter 36. Time: 331.07
Iter 37. Time: 329.94
Iter 38. Time: 329.87
Iter 39. Time: 329.68
Iter 40. Time: 329.85
Iter 41. Time: 329.93
Iter 42. Time: 330.02
Iter 43. Time: 330.13
Iter 44. Time: 329.99
Iter 45. Time: 330.20
Iter 46. Time: 330.19
Iter 47. Time: 331.16
Iter 48. Time: 331.18
Iter 49. Time: 328.32
Iter 50. Time: 330.02
Iter 51. Time: 330.00
Iter 52. Time: 329.86
Iter 53. Time: 329.94
Iter 54. Time: 330.10
Iter 55. Time: 330.01
Iter 56. Time: 330.07
Iter 57. Time: 330.03
Iter 58. Time: 330.12
Iter 59. Time: 330.04
Iter 60. Time: 329.95
Iter 61. Time: 330.16
Iter 62. Time: 330.02
Iter 63. Time: 329.88
Iter 64. Time: 330.24
Iter 65. Time: 333.85
Iter 66. Time: 330.81
Iter 67. Time: 331.09
Iter 68. Time: 330.83
Iter 69. Time: 330.79
Iter 70. Time: 330.77
Iter 71. Time: 331.99
Iter 72. Time: 330.36
Iter 73. Time: 330.42
Iter 74. Time: 330.52
Iter 75. Time: 331.09
Iter 76. Time: 330.76
Iter 77. Time: 330.58
Iter 78. Time: 330.56
Iter 79. Time: 330.62
Iter 80. Time: 330.30
Iter 81. Time: 328.82
Iter 82. Time: 330.85
Iter 83. Time: 330.70
Iter 84. Time: 330.57
Iter 85. Time: 330.55
Iter 86. Time: 330.54
Iter 87. Time: 330.57
Iter 88. Time: 330.40
Iter 89. Time: 329.91
Iter 90. Time: 330.22
Iter 91. Time: 330.21
Iter 92. Time: 330.29
Iter 93. Time: 330.38
Iter 94. Time: 330.21
Iter 95. Time: 330.07
Iter 96. Time: 330.08
Iter 97. Time: 330.17
Iter 98. Time: 330.20
Iter 99. Time: 330.24
Iter 100. Time: 334.19
Preparing directory /jmain01/home/JAD017/sjr02/dxg49-sjr02/curvature/ckpts/c10/PreResNet110/SGDOPT/runeval1/b=None_matrix=nonggn/
Traceback (most recent call last):
  File "../spectrum.py", line 296, in <module>
    gammas=gammas.numpy() if gammas is not None else None
  File "<__array_function__ internals>", line 6, in savez
  File "/jmain01/home/JAD017/sjr02/dxg49-sjr02/.conda/envs/diegorubin/lib/python3.7/site-packages/numpy/lib/npyio.py", line 632, in savez
    _savez(file, args, kwds, False)
  File "/jmain01/home/JAD017/sjr02/dxg49-sjr02/.conda/envs/diegorubin/lib/python3.7/site-packages/numpy/lib/npyio.py", line 730, in _savez
    zipf = zipfile_factory(file, mode="w", compression=compression)
  File "/jmain01/home/JAD017/sjr02/dxg49-sjr02/.conda/envs/diegorubin/lib/python3.7/site-packages/numpy/lib/npyio.py", line 119, in zipfile_factory
    return zipfile.ZipFile(file, *args, **kwargs)
  File "/jmain01/home/JAD017/sjr02/dxg49-sjr02/.conda/envs/diegorubin/lib/python3.7/zipfile.py", line 1182, in __init__
    self.fp = io.open(file, filemode)
OSError: [Errno 27] File too large: '/jmain01/home/JAD017/sjr02/dxg49-sjr02/curvature/ckpts/c10/PreResNet110/SGDOPT/runeval1/nonggn_0.npz'
Using model PreResNet110
Loading CIFAR10 from /jmain01/home/JAD017/sjr02/dxg49-sjr02/curvature/data
Files already downloaded and verified
Using 5000 samples for validation [deterministic split]
Files already downloaded and verified
Using train (45000) + test (5000)
Loading CIFAR10 from /jmain01/home/JAD017/sjr02/dxg49-sjr02/curvature/data
Files already downloaded and verified
Using 5000 samples for validation [deterministic split]
Files already downloaded and verified
Using train (45000) + test (5000)
Preparing model
{'depth': 110}
Loading /jmain01/home/JAD017/sjr02/dxg49-sjr02/curvature/ckpts/c10/PreResNet110/SGDOPT/runeval1/checkpoint-00000.pt
storing basis
Iter 1. Time: 222.08
Iter 2. Time: 219.76
Iter 3. Time: 219.73
Iter 4. Time: 219.79
Iter 5. Time: 219.81
Iter 6. Time: 219.74
Iter 7. Time: 219.76
Iter 8. Time: 219.81
Iter 9. Time: 219.83
Iter 10. Time: 219.81
Iter 11. Time: 219.83
Iter 12. Time: 219.77
Iter 13. Time: 219.84
Iter 14. Time: 219.83
Iter 15. Time: 219.91
Iter 16. Time: 219.92
Iter 17. Time: 219.88
Iter 18. Time: 224.65
Iter 19. Time: 219.87
Iter 20. Time: 219.83
Iter 21. Time: 219.90
Iter 22. Time: 219.73
Iter 23. Time: 219.79
Iter 24. Time: 219.79
Iter 25. Time: 219.78
Iter 26. Time: 219.73
Iter 27. Time: 219.79
Iter 28. Time: 219.75
Iter 29. Time: 219.79
Iter 30. Time: 219.68
Iter 31. Time: 219.73
Iter 32. Time: 219.79
Iter 33. Time: 219.87
Iter 34. Time: 219.80
Iter 35. Time: 220.77
Iter 36. Time: 222.02
Iter 37. Time: 220.06
Iter 38. Time: 220.24
Iter 39. Time: 220.08
Iter 40. Time: 220.01
Iter 41. Time: 220.02
Iter 42. Time: 219.95
Iter 43. Time: 218.63
Iter 44. Time: 220.21
Iter 45. Time: 220.37
Iter 46. Time: 220.26
Iter 47. Time: 220.29
Iter 48. Time: 220.32
Iter 49. Time: 220.45
Iter 50. Time: 220.38
Iter 51. Time: 220.39
Iter 52. Time: 220.29
Iter 53. Time: 220.32
Iter 54. Time: 220.29
Iter 55. Time: 220.37
Iter 56. Time: 220.37
Iter 57. Time: 220.42
Iter 58. Time: 220.34
Iter 59. Time: 220.39
Iter 60. Time: 221.75
Iter 61. Time: 221.30
Iter 62. Time: 220.18
Iter 63. Time: 220.32
Iter 64. Time: 220.26
Iter 65. Time: 220.11
Iter 66. Time: 220.09
Iter 67. Time: 220.21
Iter 68. Time: 220.14
Iter 69. Time: 220.17
Iter 70. Time: 220.14
Iter 71. Time: 220.16
Iter 72. Time: 220.10
Iter 73. Time: 220.11
Iter 74. Time: 220.11
Iter 75. Time: 220.05
Iter 76. Time: 219.97
Iter 77. Time: 220.08
Iter 78. Time: 220.26
Iter 79. Time: 222.55
Iter 80. Time: 220.23
Iter 81. Time: 220.30
Iter 82. Time: 220.24
Iter 83. Time: 220.23
Iter 84. Time: 220.12
Iter 85. Time: 220.17
Iter 86. Time: 220.27
Iter 87. Time: 220.33
Iter 88. Time: 220.19
Iter 89. Time: 220.86
Iter 90. Time: 219.11
Iter 91. Time: 219.49
Iter 92. Time: 219.92
Iter 93. Time: 219.99
Iter 94. Time: 220.01
Iter 95. Time: 220.11
Iter 96. Time: 220.04
Iter 97. Time: 220.05
Iter 98. Time: 219.94
Iter 99. Time: 220.10
Iter 100. Time: 220.13
Preparing directory /jmain01/home/JAD017/sjr02/dxg49-sjr02/curvature/ckpts/c10/PreResNet110/SGDOPT/runeval1/b=None_matrix=nonggn/
Traceback (most recent call last):
  File "../spectrum.py", line 296, in <module>
    gammas=gammas.numpy() if gammas is not None else None
  File "<__array_function__ internals>", line 6, in savez
  File "/jmain01/home/JAD017/sjr02/dxg49-sjr02/.conda/envs/diegorubin/lib/python3.7/site-packages/numpy/lib/npyio.py", line 632, in savez
    _savez(file, args, kwds, False)
  File "/jmain01/home/JAD017/sjr02/dxg49-sjr02/.conda/envs/diegorubin/lib/python3.7/site-packages/numpy/lib/npyio.py", line 730, in _savez
    zipf = zipfile_factory(file, mode="w", compression=compression)
  File "/jmain01/home/JAD017/sjr02/dxg49-sjr02/.conda/envs/diegorubin/lib/python3.7/site-packages/numpy/lib/npyio.py", line 119, in zipfile_factory
    return zipfile.ZipFile(file, *args, **kwargs)
  File "/jmain01/home/JAD017/sjr02/dxg49-sjr02/.conda/envs/diegorubin/lib/python3.7/zipfile.py", line 1182, in __init__
    self.fp = io.open(file, filemode)
OSError: [Errno 27] File too large: '/jmain01/home/JAD017/sjr02/dxg49-sjr02/curvature/ckpts/c10/PreResNet110/SGDOPT/runeval1/nonggn_0_bn_train_mode_off.npz'
Using model PreResNet110
Loading CIFAR10 from /jmain01/home/JAD017/sjr02/dxg49-sjr02/curvature/data
Files already downloaded and verified
Using 5000 samples for validation [deterministic split]
Files already downloaded and verified
Using train (45000) + test (5000)
Loading CIFAR10 from /jmain01/home/JAD017/sjr02/dxg49-sjr02/curvature/data
Files already downloaded and verified
Using 5000 samples for validation [deterministic split]
Files already downloaded and verified
Using train (45000) + test (5000)
Preparing model
{'depth': 110}
Loading /jmain01/home/JAD017/sjr02/dxg49-sjr02/curvature/ckpts/c10/PreResNet110/SGDOPT/runeval1/checkpoint-00025.pt
storing basis
Iter 1. Time: 332.82
Iter 2. Time: 330.28
Iter 3. Time: 330.38
Iter 4. Time: 330.32
Iter 5. Time: 329.62
Iter 6. Time: 329.74
Iter 7. Time: 329.84
Iter 8. Time: 329.74
Iter 9. Time: 329.65
Iter 10. Time: 329.91
Iter 11. Time: 329.69
Iter 12. Time: 329.77
Iter 13. Time: 329.90
Iter 14. Time: 329.44
Iter 15. Time: 329.54
Iter 16. Time: 329.61
Iter 17. Time: 329.65
Iter 18. Time: 329.49
Iter 19. Time: 329.60
Iter 20. Time: 329.94
Iter 21. Time: 330.03
Iter 22. Time: 333.03
Iter 23. Time: 330.21
Iter 24. Time: 330.36
Iter 25. Time: 330.46
Iter 26. Time: 325.73
Iter 27. Time: 325.07
Iter 28. Time: 325.21
Iter 29. Time: 325.25
Iter 30. Time: 325.17
Iter 31. Time: 325.11
Iter 32. Time: 325.26
Iter 33. Time: 325.24
Iter 34. Time: 325.74
Iter 35. Time: 325.37
Iter 36. Time: 325.32
Iter 37. Time: 325.33
Iter 38. Time: 325.41
Iter 39. Time: 325.26
Iter 40. Time: 325.17
Iter 41. Time: 324.91
Iter 42. Time: 322.78
Iter 43. Time: 324.84
Iter 44. Time: 324.74
Iter 45. Time: 324.77
Iter 46. Time: 324.76
Iter 47. Time: 324.77
Iter 48. Time: 324.72
Iter 49. Time: 324.72
Iter 50. Time: 324.74
Iter 51. Time: 331.41
Iter 52. Time: 337.48
Iter 53. Time: 337.34
Iter 54. Time: 338.91
Iter 55. Time: 338.36
Iter 56. Time: 338.02
Iter 57. Time: 337.89
Iter 58. Time: 338.72
Iter 59. Time: 338.28
Iter 60. Time: 337.92
Iter 61. Time: 337.69
Iter 62. Time: 338.89
Iter 63. Time: 337.38
Iter 64. Time: 338.29
Iter 65. Time: 338.15
Iter 66. Time: 338.45
Iter 67. Time: 337.77
Iter 68. Time: 337.57
Iter 69. Time: 338.71
Iter 70. Time: 338.37
Iter 71. Time: 337.01
Iter 72. Time: 337.53
Iter 73. Time: 338.51
Iter 74. Time: 336.27
Iter 75. Time: 330.72
Iter 76. Time: 325.01
Iter 77. Time: 324.99
Iter 78. Time: 325.33
Iter 79. Time: 337.62
Iter 80. Time: 338.90
Iter 81. Time: 339.31
Iter 82. Time: 338.62
Iter 83. Time: 338.89
Iter 84. Time: 339.35
Iter 85. Time: 340.66
Iter 86. Time: 340.77
Iter 87. Time: 339.22
Iter 88. Time: 339.65
Iter 89. Time: 338.97
Iter 90. Time: 339.07
Iter 91. Time: 338.89
Iter 92. Time: 339.00
Iter 93. Time: 338.72
Iter 94. Time: 338.51
Iter 95. Time: 338.75
Iter 96. Time: 338.89
Iter 97. Time: 343.12
Iter 98. Time: 339.03
Iter 99. Time: 339.21
Iter 100. Time: 339.59
Preparing directory /jmain01/home/JAD017/sjr02/dxg49-sjr02/curvature/ckpts/c10/PreResNet110/SGDOPT/runeval1/b=None_matrix=nonggn/
nonggn
       value       weight
------------  -----------
-1.38501      3.55719e-07
-1.21186      2.82525e-09
 0.983731     1.9655e-08
-0.95145      1.25088e-08
-0.895836     3.79133e-06
 0.873705     1.70119e-07
-0.852947     3.18301e-06
-0.78011      5.30994e-07
 0.758442     1.17537e-07
-0.756463     6.89245e-09
-0.696804     1.85182e-06
 0.686572     3.33117e-07
-0.670427     4.10923e-06
 0.646096     1.61625e-06
-0.601224     1.31412e-06
 0.58375      2.94894e-07
-0.56786      2.16982e-09
-0.549542     2.15537e-06
 0.543036     5.41567e-08
-0.539687     2.09791e-07
-0.523386     5.3346e-07
 0.521099     1.02253e-07
-0.502118     1.19906e-08
-0.48521      9.35363e-07
 0.479405     3.46704e-08
 0.474699     3.10255e-07
-0.467499     6.09544e-08
 0.460909     6.22667e-07
-0.457462     2.4246e-07
-0.444323     2.94229e-07
 0.441991     4.58486e-07
 0.432011     4.39843e-07
 0.429467     4.70579e-07
-0.420508     9.57795e-09
-0.417194     3.29348e-06
-0.413061     5.09795e-07
 0.410231     1.28066e-06
 0.40595      3.64401e-08
-0.40053      1.9976e-07
 0.391578     3.28346e-06
-0.389388     1.37599e-06
-0.386671     3.41174e-07
 0.3754       8.97334e-07
 0.372812     1.78021e-07
-0.370568     1.38824e-06
-0.359808     2.69141e-06
-0.354823     3.71573e-06
 0.352182     3.8715e-08
 0.343392     9.34977e-07
-0.340938     1.47843e-07
 0.333377     2.66364e-07
-0.327533     2.90171e-06
 0.325989     1.52194e-07
 0.320941     1.33391e-07
-0.317632     2.52468e-06
-0.307273     3.39874e-06
 0.306278     2.07294e-06
-0.296584     2.96136e-06
 0.292857     2.27471e-06
 0.289082     2.01264e-06
-0.282344     1.68996e-06
 0.275957     3.4788e-06
-0.266898     4.50036e-06
 0.262879     2.95509e-06
-0.254765     9.24506e-06
 0.251999     3.55823e-06
 0.241129     6.0837e-06
-0.24049      9.26661e-06
 0.228955     7.03234e-06
-0.227465     7.14452e-06
 0.212405     1.2024e-05
-0.210442     1.24413e-05
 0.200378     1.87661e-05
-0.195        1.70244e-05
 0.188446     2.29049e-05
-0.180645     1.82245e-05
 0.173557     1.76765e-05
-0.164652     3.85606e-05
 0.157959     3.07841e-05
-0.149328     5.15527e-05
 0.142738     5.4019e-05
-0.134045     6.77812e-05
 0.128139     7.96701e-05
-0.118298     9.78799e-05
 0.113782     0.000108866
-0.102728     0.000154141
 0.0981005    0.000176469
-0.0869372    0.00027101
 0.0827669    0.000318742
-0.0711158    0.000551021
 0.0672485    0.000668453
-0.0556774    0.00117127
 0.0522788    0.00140949
-0.0403997    0.00269236
 0.0372074    0.00333104
-0.0254307    0.00711869
 0.0224356    0.00944151
-0.0105927    0.0309205
 0.00774679   0.0539002
-0.000120157  0.887111
Using model PreResNet110
Loading CIFAR10 from /jmain01/home/JAD017/sjr02/dxg49-sjr02/curvature/data
Files already downloaded and verified
Using 5000 samples for validation [deterministic split]
Files already downloaded and verified
Using train (45000) + test (5000)
Loading CIFAR10 from /jmain01/home/JAD017/sjr02/dxg49-sjr02/curvature/data
Files already downloaded and verified
Using 5000 samples for validation [deterministic split]
Files already downloaded and verified
Using train (45000) + test (5000)
Preparing model
{'depth': 110}
Loading /jmain01/home/JAD017/sjr02/dxg49-sjr02/curvature/ckpts/c10/PreResNet110/SGDOPT/runeval1/checkpoint-00025.pt
storing basis
Iter 1. Time: 226.18
Iter 2. Time: 223.85
Iter 3. Time: 224.06
Iter 4. Time: 223.87
Iter 5. Time: 224.12
Iter 6. Time: 221.83
Iter 7. Time: 221.80
Iter 8. Time: 222.18
Iter 9. Time: 222.29
Iter 10. Time: 222.41
Iter 11. Time: 222.15
Iter 12. Time: 222.14
Iter 13. Time: 222.41
Iter 14. Time: 222.32
Iter 15. Time: 222.14
Iter 16. Time: 222.35
Iter 17. Time: 222.32
Iter 18. Time: 225.14
Iter 19. Time: 222.36
Iter 20. Time: 222.38
Iter 21. Time: 221.82
Iter 22. Time: 220.15
Iter 23. Time: 220.23
Iter 24. Time: 220.87
Iter 25. Time: 222.48
Iter 26. Time: 222.64
Iter 27. Time: 222.70
Iter 28. Time: 222.60
Iter 29. Time: 222.64
Iter 30. Time: 224.17
Iter 31. Time: 222.88
Iter 32. Time: 222.86
Iter 33. Time: 221.35
Iter 34. Time: 222.71
Iter 35. Time: 222.58
Iter 36. Time: 222.93
Iter 37. Time: 222.99
Iter 38. Time: 222.78
Iter 39. Time: 222.87
Iter 40. Time: 222.92
Iter 41. Time: 223.04
Iter 42. Time: 222.95
Iter 43. Time: 223.07
Iter 44. Time: 223.09
Iter 45. Time: 222.99
Iter 46. Time: 223.19
Iter 47. Time: 222.71
Iter 48. Time: 222.71
Iter 49. Time: 222.79
Iter 50. Time: 222.75
Iter 51. Time: 224.50
Iter 52. Time: 222.62
Iter 53. Time: 223.32
Iter 54. Time: 223.02
Iter 55. Time: 222.91
Iter 56. Time: 222.86
Iter 57. Time: 222.99
Iter 58. Time: 223.06
Iter 59. Time: 222.87
Iter 60. Time: 223.02
Iter 61. Time: 223.14
Iter 62. Time: 222.99
Iter 63. Time: 222.83
Iter 64. Time: 223.11
Iter 65. Time: 222.72
Iter 66. Time: 222.87
Iter 67. Time: 222.74
Iter 68. Time: 224.21
Iter 69. Time: 222.76
Iter 70. Time: 222.95
Iter 71. Time: 222.85
Iter 72. Time: 222.50
Iter 73. Time: 222.65
Iter 74. Time: 222.57
Iter 75. Time: 223.16
Iter 76. Time: 220.26
Iter 77. Time: 220.32
Iter 78. Time: 220.37
Iter 79. Time: 220.40
Iter 80. Time: 219.80
Iter 81. Time: 220.30
Iter 82. Time: 220.29
Iter 83. Time: 220.23
Iter 84. Time: 220.26
Iter 85. Time: 220.31
Iter 86. Time: 220.34
Iter 87. Time: 220.49
Iter 88. Time: 220.35
Iter 89. Time: 220.28
Iter 90. Time: 220.38
Iter 91. Time: 220.26
Iter 92. Time: 220.26
Iter 93. Time: 220.28
Iter 94. Time: 220.35
Iter 95. Time: 220.27
Iter 96. Time: 220.37
Iter 97. Time: 224.00
Iter 98. Time: 222.66
Iter 99. Time: 220.28
Iter 100. Time: 220.58
Preparing directory /jmain01/home/JAD017/sjr02/dxg49-sjr02/curvature/ckpts/c10/PreResNet110/SGDOPT/runeval1/b=None_matrix=nonggn/
nonggn
       value       weight
------------  -----------
 3.20507      1.60851e-06
 2.68713      1.79352e-06
-2.62966      6.42896e-07
 2.60947      7.7656e-07
-2.54545      1.61541e-07
-2.38214      4.06303e-07
 2.35888      8.21448e-07
-2.27911      6.54521e-09
-2.16282      3.40644e-07
 2.1073       2.39984e-06
 2.016        2.79827e-06
-1.91798      2.02959e-06
 1.87059      3.50787e-06
-1.769        6.05114e-08
 1.67682      8.47186e-09
-1.65376      1.36556e-06
-1.54406      3.62025e-07
 1.54255      2.02692e-08
 1.51337      1.00347e-07
 1.46288      3.23091e-08
-1.44694      4.22953e-08
-1.39536      2.3238e-06
 1.39328      1.85415e-06
-1.37891      3.33787e-11
-1.36678      1.71753e-08
 1.34366      7.34739e-07
 1.32908      6.74667e-06
 1.2941       3.16146e-07
-1.27741      2.86486e-08
-1.23448      2.36292e-08
-1.23042      2.19213e-06
 1.22279      1.17251e-08
 1.17709      3.63842e-06
-1.1382       4.85114e-07
 1.13714      4.78344e-06
 1.13454      9.15296e-08
-1.10958      3.09727e-09
 1.10186      1.04001e-10
-1.07941      2.91512e-07
-1.07095      2.01226e-06
 1.06553      1.17211e-06
 1.05047      8.4157e-07
-1.0341       6.45711e-06
-1.02266      1.69012e-07
 1.01488      5.96515e-06
 1.00262      1.67615e-07
-0.9958       1.52173e-06
 0.982444     2.2365e-07
-0.97675      2.32233e-07
 0.959056     2.70372e-07
-0.95102      7.89242e-07
-0.935706     5.39451e-07
 0.905649     2.96623e-06
 0.890151     3.75821e-06
-0.888149     1.06149e-06
 0.863306     1.83578e-06
-0.861593     6.57249e-06
 0.828605     1.85917e-06
-0.820146     2.85806e-06
-0.801491     6.45405e-06
 0.796905     6.44591e-06
 0.761991     2.56502e-06
-0.755106     1.54029e-05
-0.730032     7.73329e-06
 0.721617     3.39935e-06
-0.69647      6.35334e-06
 0.692652     3.85261e-06
-0.652526     6.75611e-06
 0.646324     4.45112e-06
-0.618537     7.56257e-06
 0.605804     9.62698e-06
-0.570946     1.22743e-05
 0.560573     1.143e-05
-0.536497     2.50297e-05
 0.527909     2.50929e-05
-0.492816     4.73469e-05
 0.487893     3.30604e-05
-0.456578     4.19568e-05
 0.444341     4.48245e-05
-0.412956     6.3899e-05
 0.402936     8.72735e-05
-0.371822     9.40955e-05
 0.361319     0.000124133
-0.33205      0.000158527
 0.320422     0.000187513
-0.286797     0.000219754
 0.279656     0.000228134
-0.246178     0.000330084
 0.235652     0.000376775
-0.20381      0.00050964
 0.193688     0.000540022
-0.161422     0.000846006
 0.149679     0.000927522
-0.118626     0.00142447
 0.106403     0.00173079
-0.075003     0.00313256
 0.0629731    0.00411478
-0.0304038    0.0149833
 0.0196312    0.0329578
-0.000270947  0.936557
Using model PreResNet110
Loading CIFAR10 from /jmain01/home/JAD017/sjr02/dxg49-sjr02/curvature/data
Files already downloaded and verified
Using 5000 samples for validation [deterministic split]
Files already downloaded and verified
Using train (45000) + test (5000)
Loading CIFAR10 from /jmain01/home/JAD017/sjr02/dxg49-sjr02/curvature/data
Files already downloaded and verified
Using 5000 samples for validation [deterministic split]
Files already downloaded and verified
Using train (45000) + test (5000)
Preparing model
{'depth': 110}
Loading /jmain01/home/JAD017/sjr02/dxg49-sjr02/curvature/ckpts/c10/PreResNet110/SGDOPT/runeval1/checkpoint-00050.pt
storing basis
Iter 1. Time: 329.93
Iter 2. Time: 328.31
Iter 3. Time: 328.28
Iter 4. Time: 328.07
Iter 5. Time: 328.41
Iter 6. Time: 327.88
Iter 7. Time: 328.08
Iter 8. Time: 328.04
Iter 9. Time: 327.95
Iter 10. Time: 327.76
Iter 11. Time: 328.59
Iter 12. Time: 329.03
Iter 13. Time: 328.37
Iter 14. Time: 328.35
Iter 15. Time: 328.26
Iter 16. Time: 328.34
Iter 17. Time: 328.49
Iter 18. Time: 328.68
Iter 19. Time: 329.37
Iter 20. Time: 328.61
Iter 21. Time: 328.45
Iter 22. Time: 328.89
Iter 23. Time: 328.90
Iter 24. Time: 328.87
Iter 25. Time: 328.74
Iter 26. Time: 328.40
Iter 27. Time: 328.07
Iter 28. Time: 328.14
Iter 29. Time: 328.24
Iter 30. Time: 330.21
Iter 31. Time: 330.76
Iter 32. Time: 328.83
Iter 33. Time: 328.64
Iter 34. Time: 328.64
Iter 35. Time: 328.16
Iter 36. Time: 328.76
Iter 37. Time: 328.81
Iter 38. Time: 328.92
Iter 39. Time: 328.84
Iter 40. Time: 329.02
Iter 41. Time: 329.14
Iter 42. Time: 328.94
Iter 43. Time: 328.90
Iter 44. Time: 329.19
Iter 45. Time: 329.18
Iter 46. Time: 330.08
Iter 47. Time: 330.62
Iter 48. Time: 328.89
Iter 49. Time: 328.93
Iter 50. Time: 328.80
Iter 51. Time: 328.71
Iter 52. Time: 328.49
Iter 53. Time: 328.48
Iter 54. Time: 328.61
Iter 55. Time: 328.34
Iter 56. Time: 328.42
Iter 57. Time: 328.41
Iter 58. Time: 328.35
Iter 59. Time: 328.91
Iter 60. Time: 327.80
Iter 61. Time: 327.68
Iter 62. Time: 327.98
Iter 63. Time: 327.60
Iter 64. Time: 327.84
Iter 65. Time: 327.50
Iter 66. Time: 326.44
Iter 67. Time: 326.85
Iter 68. Time: 326.98
Iter 69. Time: 326.87
Iter 70. Time: 326.93
Iter 71. Time: 326.87
Iter 72. Time: 326.77
Iter 73. Time: 326.74
Iter 74. Time: 326.87
Iter 75. Time: 326.94
Iter 76. Time: 326.95
Iter 77. Time: 327.14
Iter 78. Time: 327.33
Iter 79. Time: 327.52
Iter 80. Time: 327.76
Iter 81. Time: 327.96
Iter 82. Time: 329.85
Iter 83. Time: 330.93
Iter 84. Time: 327.65
Iter 85. Time: 327.40
Iter 86. Time: 327.48
Iter 87. Time: 327.41
Iter 88. Time: 327.41
Iter 89. Time: 327.60
Iter 90. Time: 327.91
Iter 91. Time: 326.84
Iter 92. Time: 326.96
Iter 93. Time: 327.00
Iter 94. Time: 327.27
Iter 95. Time: 328.95
Iter 96. Time: 327.41
Iter 97. Time: 327.27
Iter 98. Time: 327.11
Iter 99. Time: 327.22
Iter 100. Time: 327.96
Preparing directory /jmain01/home/JAD017/sjr02/dxg49-sjr02/curvature/ckpts/c10/PreResNet110/SGDOPT/runeval1/b=None_matrix=nonggn/
nonggn
       value       weight
------------  -----------
-2.01741      3.61988e-06
-1.40231      2.18648e-06
 1.3748       8.26348e-07
-1.23312      5.04065e-07
-1.1843       8.11524e-08
 1.12779      1.80679e-08
 1.11675      1.1922e-07
-1.06         4.11181e-07
 1.03205      1.1119e-06
 1.00277      3.38496e-06
-0.990141     2.8708e-06
-0.95675      3.0912e-06
 0.922782     1.10084e-06
-0.900737     1.99313e-07
 0.86043      7.69385e-09
 0.829218     7.95774e-08
-0.827769     1.94065e-06
 0.784889     9.94017e-08
 0.779138     1.18891e-07
-0.776905     4.02934e-08
-0.768331     1.44108e-06
-0.737862     1.43084e-06
 0.73731      7.22782e-07
-0.709954     4.8225e-07
-0.697738     6.50527e-07
 0.680754     1.09035e-07
-0.67162      4.09422e-07
 0.66701      8.01381e-07
-0.659821     3.12502e-07
-0.654962     1.41538e-06
 0.651203     4.78051e-09
-0.645058     1.11819e-06
 0.639294     2.60415e-07
-0.633842     2.1376e-08
 0.631939     1.71264e-06
-0.615057     4.96363e-07
 0.610339     9.71732e-07
-0.59967      2.37157e-06
 0.569514     3.81931e-07
-0.566952     1.64859e-06
-0.562174     5.93819e-08
-0.538669     6.549e-07
 0.529873     1.46032e-07
-0.518977     3.86663e-06
-0.514553     3.63169e-06
 0.496198     6.65995e-08
 0.487825     3.60152e-07
-0.476643     7.93381e-07
 0.468005     8.59043e-07
-0.464106     8.28461e-07
-0.458538     6.37891e-07
 0.451746     3.48995e-08
-0.446334     4.78106e-07
 0.43358      3.23164e-09
-0.429896     1.58722e-06
 0.424828     7.7535e-07
 0.413238     3.58462e-07
-0.403604     2.75603e-06
 0.40171      8.41326e-07
-0.393252     1.10326e-06
 0.386694     3.59989e-07
 0.37505      1.99396e-06
-0.37229      5.25971e-06
-0.35782      1.94046e-06
 0.355931     3.21394e-07
 0.33756      4.22352e-06
-0.336276     3.66679e-06
 0.32883      5.19516e-06
-0.321415     5.34337e-06
 0.308094     5.74657e-06
-0.29632      4.67348e-06
 0.292753     6.92559e-06
 0.27401      6.25368e-06
-0.272912     7.67828e-06
-0.255642     1.15722e-05
 0.251289     8.83355e-06
 0.236004     1.34439e-05
-0.232815     2.13673e-05
-0.215151     2.18052e-05
 0.212023     2.0539e-05
-0.193128     2.65047e-05
 0.192737     1.88697e-05
 0.171958     2.06523e-05
-0.170656     3.90387e-05
 0.149761     5.2937e-05
-0.148015     6.95225e-05
 0.12884      9.96814e-05
-0.12661      0.000119581
 0.10841      0.000196896
-0.104513     0.00022409
 0.0862239    0.000342371
-0.0824051    0.000416105
 0.0652947    0.000779434
-0.0606581    0.00104027
 0.0439422    0.00242096
-0.039602     0.00332179
 0.0238292    0.00971811
-0.0195656    0.0143313
 0.00406096   0.202522
-0.000912254  0.764028
Using model PreResNet110
Loading CIFAR10 from /jmain01/home/JAD017/sjr02/dxg49-sjr02/curvature/data
Files already downloaded and verified
Using 5000 samples for validation [deterministic split]
Files already downloaded and verified
Using train (45000) + test (5000)
Loading CIFAR10 from /jmain01/home/JAD017/sjr02/dxg49-sjr02/curvature/data
Files already downloaded and verified
Using 5000 samples for validation [deterministic split]
Files already downloaded and verified
Using train (45000) + test (5000)
Preparing model
{'depth': 110}
Loading /jmain01/home/JAD017/sjr02/dxg49-sjr02/curvature/ckpts/c10/PreResNet110/SGDOPT/runeval1/checkpoint-00050.pt
storing basis
Iter 1. Time: 223.38
Iter 2. Time: 221.23
Iter 3. Time: 221.45
Iter 4. Time: 221.30
Iter 5. Time: 221.32
Iter 6. Time: 221.21
Iter 7. Time: 221.15
Iter 8. Time: 221.18
Iter 9. Time: 221.23
Iter 10. Time: 221.21
Iter 11. Time: 221.30
Iter 12. Time: 221.22
Iter 13. Time: 221.17
Iter 14. Time: 221.20
Iter 15. Time: 221.24
Iter 16. Time: 221.33
Iter 17. Time: 221.40
Iter 18. Time: 221.25
Iter 19. Time: 221.19
Iter 20. Time: 221.20
Iter 21. Time: 220.77
Iter 22. Time: 221.39
Iter 23. Time: 221.38
Iter 24. Time: 221.17
Iter 25. Time: 221.36
Iter 26. Time: 221.34
Iter 27. Time: 221.35
Iter 28. Time: 221.33
Iter 29. Time: 221.38
Iter 30. Time: 221.34
Iter 31. Time: 221.18
Iter 32. Time: 221.18
Iter 33. Time: 221.19
Iter 34. Time: 221.24
Iter 35. Time: 221.24
Iter 36. Time: 221.14
Iter 37. Time: 221.40
Iter 38. Time: 221.22
Iter 39. Time: 223.12
Iter 40. Time: 221.55
Iter 41. Time: 221.65
Iter 42. Time: 221.65
Iter 43. Time: 221.39
Iter 44. Time: 221.46
Iter 45. Time: 221.45
Iter 46. Time: 221.40
Iter 47. Time: 221.32
Iter 48. Time: 221.24
Iter 49. Time: 221.54
Iter 50. Time: 221.36
Iter 51. Time: 221.47
Iter 52. Time: 221.41
Iter 53. Time: 221.54
Iter 54. Time: 221.46
Iter 55. Time: 221.34
Iter 56. Time: 221.70
Iter 57. Time: 222.65
Iter 58. Time: 222.71
Iter 59. Time: 221.15
Iter 60. Time: 221.32
Iter 61. Time: 221.25
Iter 62. Time: 221.28
Iter 63. Time: 221.27
Iter 64. Time: 220.96
Iter 65. Time: 221.12
Iter 66. Time: 221.15
Iter 67. Time: 221.19
Iter 68. Time: 219.24
Iter 69. Time: 220.05
Iter 70. Time: 221.02
Iter 71. Time: 221.16
Iter 72. Time: 221.10
Iter 73. Time: 221.17
Iter 74. Time: 221.05
Iter 75. Time: 221.09
Iter 76. Time: 221.10
Iter 77. Time: 221.07
Iter 78. Time: 221.00
Iter 79. Time: 221.13
Iter 80. Time: 221.06
Iter 81. Time: 221.04
Iter 82. Time: 221.04
Iter 83. Time: 221.14
Iter 84. Time: 221.10
Iter 85. Time: 221.11
Iter 86. Time: 221.12
Iter 87. Time: 221.16
Iter 88. Time: 221.00
Iter 89. Time: 221.10
Iter 90. Time: 221.04
Iter 91. Time: 221.15
Iter 92. Time: 221.09
Iter 93. Time: 221.18
Iter 94. Time: 220.98
Iter 95. Time: 221.06
Iter 96. Time: 221.01
Iter 97. Time: 221.03
Iter 98. Time: 221.08
Iter 99. Time: 221.09
Iter 100. Time: 221.10
Preparing directory /jmain01/home/JAD017/sjr02/dxg49-sjr02/curvature/ckpts/c10/PreResNet110/SGDOPT/runeval1/b=None_matrix=nonggn/
nonggn
       value       weight
------------  -----------
 3.24338      2.75232e-07
-2.65031      1.49498e-07
 2.57886      9.02854e-07
-2.33298      9.26599e-07
 2.2565       1.27083e-08
 2.16646      4.09974e-06
-2.16076      1.36226e-07
-2.01238      5.42447e-09
 1.9979       2.94093e-09
-1.92232      2.98205e-06
 1.86651      6.96218e-10
-1.79363      2.99798e-06
 1.6558       2.35892e-06
-1.57736      7.07737e-07
 1.56523      6.22842e-09
-1.5434       1.45974e-07
 1.50714      6.57238e-07
 1.48303      2.08048e-06
-1.4594       1.45654e-08
 1.43176      6.69766e-07
-1.41522      2.86356e-07
 1.34931      6.4519e-08
 1.31085      5.01137e-08
-1.30969      2.16068e-07
-1.28934      1.61058e-07
 1.22702      2.44061e-08
-1.19955      6.84551e-07
 1.18581      7.88464e-07
-1.15302      5.87782e-07
 1.12758      3.70181e-08
-1.11797      1.71981e-06
 1.11159      1.82236e-06
-1.09359      1.0217e-06
 1.07932      9.69154e-07
-1.06815      1.33681e-06
 1.03631      1.65277e-06
 1.03084      3.17785e-07
 1.01693      6.21167e-07
-1.00576      5.1603e-08
-0.999368     4.90391e-08
 0.989638     8.34625e-07
-0.982487     7.35383e-07
-0.974024     2.02741e-07
 0.970449     9.13113e-09
 0.954168     7.52401e-08
-0.937338     1.24608e-07
-0.915234     1.58468e-06
 0.910004     2.71201e-07
-0.902098     7.066e-07
 0.898164     2.2614e-06
-0.881017     1.0367e-06
 0.873021     5.9545e-07
 0.839648     5.75837e-06
-0.838857     2.70353e-07
 0.815463     6.44883e-07
-0.809392     7.29084e-07
-0.791106     4.40116e-07
 0.77517      3.34961e-06
-0.759951     1.32366e-06
 0.755479     7.89388e-06
 0.727337     4.35376e-06
-0.726196     2.23867e-06
-0.695602     3.95733e-06
 0.688227     4.07342e-06
-0.672239     5.47126e-06
 0.649681     9.81928e-06
-0.631626     3.09192e-06
 0.611781     9.08763e-06
-0.591627     6.38987e-06
 0.581622     1.57834e-05
-0.565802     1.16718e-05
 0.548957     1.69877e-05
-0.522661     1.31854e-05
 0.507576     1.42809e-05
-0.484901     1.17622e-05
 0.463486     2.61915e-05
-0.447397     2.16559e-05
 0.427451     3.94588e-05
-0.406371     3.77021e-05
 0.388018     6.30758e-05
-0.369835     7.42276e-05
 0.349341     0.000104459
-0.332282     0.000137204
 0.312526     0.00014798
-0.294179     0.000155893
 0.272065     0.000216341
-0.255136     0.000226056
 0.232046     0.000308342
-0.216012     0.000397041
 0.192361     0.000502358
-0.175682     0.000586296
 0.152462     0.00070679
-0.136334     0.000952666
 0.112343     0.00136494
-0.0962217    0.00170592
 0.0718529    0.00297181
-0.0561072    0.00448183
 0.0308219    0.0126168
-0.015045     0.0449864
 0.000435989  0.926973
Using model PreResNet110
Loading CIFAR10 from /jmain01/home/JAD017/sjr02/dxg49-sjr02/curvature/data
Files already downloaded and verified
Using 5000 samples for validation [deterministic split]
Files already downloaded and verified
Using train (45000) + test (5000)
Loading CIFAR10 from /jmain01/home/JAD017/sjr02/dxg49-sjr02/curvature/data
Files already downloaded and verified
Using 5000 samples for validation [deterministic split]
Files already downloaded and verified
Using train (45000) + test (5000)
Preparing model
{'depth': 110}
Loading /jmain01/home/JAD017/sjr02/dxg49-sjr02/curvature/ckpts/c10/PreResNet110/SGDOPT/runeval1/checkpoint-00075.pt
storing basis
Iter 1. Time: 328.88
Iter 2. Time: 326.78
Iter 3. Time: 326.13
Iter 4. Time: 326.43
Iter 5. Time: 326.75
Iter 6. Time: 326.64
Iter 7. Time: 326.57
Iter 8. Time: 326.85
Iter 9. Time: 326.85
Iter 10. Time: 326.64
Iter 11. Time: 326.54
Iter 12. Time: 338.96
Iter 13. Time: 332.74
Iter 14. Time: 326.87
Iter 15. Time: 326.82
Iter 16. Time: 326.83
Iter 17. Time: 327.17
Iter 18. Time: 326.97
Iter 19. Time: 326.65
Iter 20. Time: 326.80
Iter 21. Time: 326.94
Iter 22. Time: 326.44
Iter 23. Time: 326.52
Iter 24. Time: 326.88
Iter 25. Time: 327.17
Iter 26. Time: 327.37
Iter 27. Time: 326.21
Iter 28. Time: 327.35
Iter 29. Time: 327.21
Iter 30. Time: 326.93
Iter 31. Time: 327.03
Iter 32. Time: 327.34
Iter 33. Time: 327.09
Iter 34. Time: 327.08
Iter 35. Time: 327.09
Iter 36. Time: 327.08
Iter 37. Time: 327.36
Iter 38. Time: 327.37
Iter 39. Time: 328.88
Iter 40. Time: 327.11
Iter 41. Time: 326.80
Iter 42. Time: 327.08
Iter 43. Time: 326.95
Iter 44. Time: 327.17
Iter 45. Time: 326.80
Iter 46. Time: 326.89
Iter 47. Time: 327.15
Iter 48. Time: 326.88
Iter 49. Time: 326.99
Iter 50. Time: 327.12
Iter 51. Time: 326.98
Iter 52. Time: 326.81
Iter 53. Time: 326.80
Iter 54. Time: 327.67
Iter 55. Time: 326.90
Iter 56. Time: 327.02
Iter 57. Time: 326.95
Iter 58. Time: 326.97
Iter 59. Time: 324.16
Iter 60. Time: 327.28
Iter 61. Time: 327.09
Iter 62. Time: 326.89
Iter 63. Time: 326.94
Iter 64. Time: 327.12
Iter 65. Time: 327.07
Iter 66. Time: 327.28
Iter 67. Time: 327.03
Iter 68. Time: 327.90
Iter 69. Time: 327.21
Iter 70. Time: 327.34
Iter 71. Time: 327.26
Iter 72. Time: 326.90
Iter 73. Time: 326.44
Iter 74. Time: 326.53
Iter 75. Time: 326.79
Iter 76. Time: 327.29
Iter 77. Time: 327.03
Iter 78. Time: 326.98
Iter 79. Time: 326.66
Iter 80. Time: 326.59
Iter 81. Time: 326.42
Iter 82. Time: 326.53
Iter 83. Time: 326.39
Iter 84. Time: 326.45
Iter 85. Time: 326.42
Iter 86. Time: 326.57
Iter 87. Time: 326.45
Iter 88. Time: 326.98
Iter 89. Time: 327.01
Iter 90. Time: 328.33
Iter 91. Time: 327.71
Iter 92. Time: 326.92
Iter 93. Time: 326.64
Iter 94. Time: 326.82
Iter 95. Time: 326.99
Iter 96. Time: 326.62
Iter 97. Time: 326.57
Iter 98. Time: 326.90
Iter 99. Time: 327.58
Iter 100. Time: 326.73
Preparing directory /jmain01/home/JAD017/sjr02/dxg49-sjr02/curvature/ckpts/c10/PreResNet110/SGDOPT/runeval1/b=None_matrix=nonggn/
nonggn
       value       weight
------------  -----------
 2.28226      1.55572e-07
-2.16563      1.23074e-07
-1.89209      2.3585e-07
-1.38579      5.09761e-07
-1.23492      1.32301e-06
 1.20876      2.81007e-07
-1.14805      1.0575e-06
-1.10784      3.46486e-06
 1.09837      3.3367e-06
-0.964333     2.46249e-09
 0.943441     1.3268e-06
-0.919824     1.62582e-06
-0.849642     1.36538e-08
-0.815492     5.35041e-07
 0.79506      1.48163e-06
-0.794836     7.75019e-08
-0.761207     7.31631e-10
 0.743904     1.51821e-07
-0.689707     1.60764e-08
-0.669323     1.1124e-07
 0.662504     5.607e-09
-0.630434     1.11003e-07
 0.626915     6.44493e-07
-0.609553     1.84413e-06
 0.601178     4.49789e-06
-0.598351     3.1719e-07
-0.59198      4.5621e-06
 0.585542     4.69218e-07
-0.569083     9.15597e-07
 0.568275     1.17949e-10
 0.56669      1.04763e-06
-0.566244     1.20859e-07
-0.558213     4.25796e-07
 0.554546     3.75062e-08
 0.549838     2.72624e-09
-0.544576     5.58472e-07
 0.538487     1.58772e-07
-0.527911     4.08403e-07
-0.52038      9.15303e-09
 0.495051     5.78476e-07
-0.489591     8.84737e-07
-0.474113     1.48423e-07
 0.46628      7.45651e-09
-0.455248     6.74642e-07
-0.444973     2.61507e-07
-0.428335     5.13722e-06
 0.420105     6.03499e-07
-0.418633     2.5265e-06
-0.408679     8.02876e-07
-0.395496     2.13567e-08
 0.38445      1.38635e-06
-0.372437     5.83762e-07
 0.369334     8.57288e-08
-0.362784     3.53984e-06
-0.350374     6.7884e-07
 0.341013     3.8141e-07
 0.330782     7.91048e-07
-0.327056     2.60632e-06
 0.319435     2.29991e-06
 0.315921     1.45435e-07
-0.312511     3.84812e-06
 0.304053     4.23333e-07
-0.303759     4.01864e-06
 0.29768      3.25866e-06
 0.29079      3.42966e-06
-0.282649     5.84128e-06
 0.279546     3.29073e-06
-0.269108     1.01579e-05
 0.267369     9.61763e-07
 0.254194     5.57481e-06
-0.248278     5.76345e-06
 0.237941     2.63471e-06
-0.233898     1.35787e-05
 0.220264     6.49696e-06
-0.214781     1.27958e-05
 0.209268     9.24741e-06
-0.195207     1.05413e-05
 0.193086     1.87107e-05
 0.17952      1.90193e-05
-0.174587     2.77648e-05
 0.164098     2.78452e-05
-0.158197     3.92855e-05
 0.14472      2.62194e-05
-0.1392       5.22821e-05
 0.128783     6.03324e-05
-0.119996     9.0894e-05
 0.112006     0.000101865
-0.100659     0.000155205
 0.094479     0.000204032
-0.0825332    0.000342169
 0.077539     0.000380687
-0.0642427    0.000663304
 0.0598239    0.000711158
-0.0458353    0.00177116
 0.0419582    0.002068
-0.0285609    0.00550586
 0.0251027    0.00713055
-0.0118085    0.028545
 0.00861613   0.0489867
-0.000132029  0.902907
Using model PreResNet110
Loading CIFAR10 from /jmain01/home/JAD017/sjr02/dxg49-sjr02/curvature/data
Files already downloaded and verified
Using 5000 samples for validation [deterministic split]
Files already downloaded and verified
Using train (45000) + test (5000)
Loading CIFAR10 from /jmain01/home/JAD017/sjr02/dxg49-sjr02/curvature/data
Files already downloaded and verified
Using 5000 samples for validation [deterministic split]
Files already downloaded and verified
Using train (45000) + test (5000)
Preparing model
{'depth': 110}
Loading /jmain01/home/JAD017/sjr02/dxg49-sjr02/curvature/ckpts/c10/PreResNet110/SGDOPT/runeval1/checkpoint-00075.pt
storing basis
Iter 1. Time: 221.94
Iter 2. Time: 219.76
Iter 3. Time: 219.78
Iter 4. Time: 219.84
Iter 5. Time: 219.79
Iter 6. Time: 219.78
Iter 7. Time: 219.87
Iter 8. Time: 219.81
Iter 9. Time: 219.87
Iter 10. Time: 219.42
Iter 11. Time: 220.12
Iter 12. Time: 220.28
Iter 13. Time: 220.13
Iter 14. Time: 220.25
Iter 15. Time: 220.17
Iter 16. Time: 220.11
Iter 17. Time: 220.04
Iter 18. Time: 220.14
Iter 19. Time: 220.16
Iter 20. Time: 220.14
Iter 21. Time: 220.06
Iter 22. Time: 220.10
Iter 23. Time: 220.00
Iter 24. Time: 220.12
Iter 25. Time: 220.22
Iter 26. Time: 220.08
Iter 27. Time: 220.03
Iter 28. Time: 220.16
Iter 29. Time: 220.14
Iter 30. Time: 220.06
Iter 31. Time: 219.99
Iter 32. Time: 220.05
Iter 33. Time: 220.10
Iter 34. Time: 219.94
Iter 35. Time: 220.09
Iter 36. Time: 220.06
Iter 37. Time: 220.10
Iter 38. Time: 221.36
Iter 39. Time: 219.77
Iter 40. Time: 219.77
Iter 41. Time: 219.79
Iter 42. Time: 219.74
Iter 43. Time: 219.84
Iter 44. Time: 219.91
Iter 45. Time: 219.92
Iter 46. Time: 219.93
Iter 47. Time: 219.73
Iter 48. Time: 219.86
Iter 49. Time: 220.01
Iter 50. Time: 219.95
Iter 51. Time: 219.79
Iter 52. Time: 219.83
Iter 53. Time: 219.80
Iter 54. Time: 219.85
Iter 55. Time: 219.81
Iter 56. Time: 220.34
Iter 57. Time: 218.50
Iter 58. Time: 219.56
Iter 59. Time: 219.90
Iter 60. Time: 219.85
Iter 61. Time: 219.84
Iter 62. Time: 219.84
Iter 63. Time: 219.92
Iter 64. Time: 219.83
Iter 65. Time: 219.79
Iter 66. Time: 219.85
Iter 67. Time: 219.95
Iter 68. Time: 219.85
Iter 69. Time: 219.88
Iter 70. Time: 219.80
Iter 71. Time: 219.90
Iter 72. Time: 219.79
Iter 73. Time: 219.84
Iter 74. Time: 219.83
Iter 75. Time: 220.27
Iter 76. Time: 219.80
Iter 77. Time: 219.95
Iter 78. Time: 219.75
Iter 79. Time: 219.87
Iter 80. Time: 219.83
Iter 81. Time: 219.85
Iter 82. Time: 219.80
Iter 83. Time: 219.83
Iter 84. Time: 219.85
Iter 85. Time: 219.82
Iter 86. Time: 219.88
Iter 87. Time: 219.81
Iter 88. Time: 219.85
Iter 89. Time: 219.77
Iter 90. Time: 219.82
Iter 91. Time: 219.95
Iter 92. Time: 219.94
Iter 93. Time: 220.80
Iter 94. Time: 220.49
Iter 95. Time: 219.80
Iter 96. Time: 219.73
Iter 97. Time: 219.78
Iter 98. Time: 220.04
Iter 99. Time: 219.67
Iter 100. Time: 219.65
Preparing directory /jmain01/home/JAD017/sjr02/dxg49-sjr02/curvature/ckpts/c10/PreResNet110/SGDOPT/runeval1/b=None_matrix=nonggn/
nonggn
       value       weight
------------  -----------
-2.82695      9.51441e-08
 2.57978      2.08616e-06
 2.47843      2.3966e-08
-2.35778      4.57741e-07
 2.34733      1.01882e-08
-2.30842      3.53659e-08
 2.11641      9.35109e-07
 2.01084      1.03764e-06
-1.99433      7.44286e-07
-1.86837      1.62964e-07
 1.79599      1.89193e-07
 1.62321      4.23543e-07
-1.56159      1.15774e-08
-1.53752      2.28707e-06
 1.48189      1.39371e-07
 1.46848      1.1076e-06
-1.44315      6.31898e-07
 1.4151       1.66277e-06
-1.40832      1.03468e-06
 1.37444      4.01839e-08
-1.36504      1.41088e-06
 1.32404      3.48506e-07
-1.31878      5.44593e-07
-1.26513      1.63025e-06
-1.25961      1.17577e-06
 1.25695      3.34552e-07
 1.21041      1.95757e-06
 1.18528      8.3715e-08
-1.1814       7.54688e-08
 1.15923      2.37523e-06
-1.15333      5.52168e-07
 1.12793      3.87235e-06
 1.12255      1.49957e-07
-1.11861      1.08824e-06
-1.1099       9.32136e-07
 1.10454      9.94845e-07
 1.09396      8.80836e-08
-1.08934      1.27889e-08
 1.06522      5.00539e-08
-1.0572       3.02376e-06
-1.04341      1.60794e-06
 1.03804      3.54413e-08
-1.01823      4.00334e-06
 1.01171      5.52058e-07
-1.00661      4.65985e-07
 0.965034     2.84433e-06
-0.961233     6.94387e-07
 0.952547     2.30913e-06
-0.944094     9.71113e-07
 0.928151     1.29162e-06
-0.926321     3.23181e-06
-0.900997     1.01466e-06
 0.899536     1.6029e-06
 0.86761      1.70352e-06
-0.865392     1.64992e-06
 0.847868     9.36557e-07
-0.840199     4.36913e-06
-0.808655     7.09887e-06
 0.806473     2.91135e-06
-0.781665     5.33457e-06
 0.774917     5.46016e-06
-0.738681     4.73156e-06
 0.736873     6.01618e-06
 0.709221     4.78917e-06
-0.708425     5.94142e-06
-0.668376     3.01256e-06
 0.666025     6.0743e-06
-0.634477     8.92177e-06
 0.62653      8.04924e-06
-0.601612     1.29918e-05
 0.589597     8.89908e-06
-0.557514     1.07435e-05
 0.55041      1.68642e-05
-0.518998     1.94301e-05
 0.515413     2.66097e-05
-0.48021      1.70124e-05
 0.478341     2.5114e-05
-0.438534     2.98725e-05
 0.435651     2.84043e-05
-0.40143      3.43448e-05
 0.393681     5.02679e-05
-0.356955     8.37533e-05
 0.353621     8.10856e-05
-0.314837     0.00010961
 0.312006     0.000135668
-0.2748       0.000189682
 0.270541     0.000226935
-0.235378     0.000302211
 0.22942      0.000331609
-0.193396     0.000487058
 0.188827     0.000532666
-0.152442     0.000784902
 0.148345     0.00074559
-0.111058     0.00121202
 0.104808     0.00125833
-0.068569     0.00302644
 0.0628729    0.00356541
-0.0269216    0.0161179
 0.0211265    0.0244918
-0.000139284  0.945904
Using model PreResNet110
Loading CIFAR10 from /jmain01/home/JAD017/sjr02/dxg49-sjr02/curvature/data
Files already downloaded and verified
Using 5000 samples for validation [deterministic split]
Files already downloaded and verified
Using train (45000) + test (5000)
Loading CIFAR10 from /jmain01/home/JAD017/sjr02/dxg49-sjr02/curvature/data
Files already downloaded and verified
Using 5000 samples for validation [deterministic split]
Files already downloaded and verified
Using train (45000) + test (5000)
Preparing model
{'depth': 110}
Loading /jmain01/home/JAD017/sjr02/dxg49-sjr02/curvature/ckpts/c10/PreResNet110/SGDOPT/runeval1/checkpoint-00100.pt
storing basis
Iter 1. Time: 328.91
Iter 2. Time: 326.82
Iter 3. Time: 326.81
Iter 4. Time: 326.92
Iter 5. Time: 327.04
Iter 6. Time: 326.83
Iter 7. Time: 326.91
Iter 8. Time: 326.80
Iter 9. Time: 326.62
Iter 10. Time: 326.79
Iter 11. Time: 326.69
Iter 12. Time: 329.00
Iter 13. Time: 327.70
Iter 14. Time: 326.33
Iter 15. Time: 327.02
Iter 16. Time: 327.44
Iter 17. Time: 326.52
Iter 18. Time: 326.94
Iter 19. Time: 326.76
Iter 20. Time: 325.26
Iter 21. Time: 326.60
Iter 22. Time: 326.63
Iter 23. Time: 326.73
Iter 24. Time: 326.61
Iter 25. Time: 326.54
Iter 26. Time: 326.54
Iter 27. Time: 326.46
Iter 28. Time: 326.49
Iter 29. Time: 326.50
Iter 30. Time: 326.42
Iter 31. Time: 326.44
Iter 32. Time: 326.53
Iter 33. Time: 329.21
Iter 34. Time: 334.22
Iter 35. Time: 334.09
Iter 36. Time: 333.88
Iter 37. Time: 333.39
Iter 38. Time: 334.24
Iter 39. Time: 334.11
Iter 40. Time: 334.23
Iter 41. Time: 334.06
Iter 42. Time: 333.97
Iter 43. Time: 334.14
Iter 44. Time: 334.14
Iter 45. Time: 334.02
Iter 46. Time: 334.00
Iter 47. Time: 337.98
Iter 48. Time: 333.62
Iter 49. Time: 333.40
Iter 50. Time: 333.61
Iter 51. Time: 332.19
Iter 52. Time: 332.33
Iter 53. Time: 333.66
Iter 54. Time: 333.50
Iter 55. Time: 333.93
Iter 56. Time: 333.17
Iter 57. Time: 333.00
Iter 58. Time: 333.27
Iter 59. Time: 333.49
Iter 60. Time: 333.58
Iter 61. Time: 333.30
Iter 62. Time: 333.17
Iter 63. Time: 337.89
Iter 64. Time: 333.88
Iter 65. Time: 334.19
Iter 66. Time: 334.55
Iter 67. Time: 333.88
Iter 68. Time: 333.84
Iter 69. Time: 334.31
Iter 70. Time: 336.54
Iter 71. Time: 334.05
Iter 72. Time: 333.99
Iter 73. Time: 333.58
Iter 74. Time: 333.15
Iter 75. Time: 333.55
Iter 76. Time: 333.72
Iter 77. Time: 333.48
Iter 78. Time: 333.68
Iter 79. Time: 333.57
Iter 80. Time: 333.71
Iter 81. Time: 333.80
Iter 82. Time: 331.94
Iter 83. Time: 330.14
Iter 84. Time: 330.17
Iter 85. Time: 330.10
Iter 86. Time: 331.44
Iter 87. Time: 333.99
Iter 88. Time: 333.31
Iter 89. Time: 333.90
Iter 90. Time: 333.15
Iter 91. Time: 332.82
Iter 92. Time: 332.92
Iter 93. Time: 332.75
Iter 94. Time: 333.11
Iter 95. Time: 333.22
Iter 96. Time: 333.04
Iter 97. Time: 333.12
Iter 98. Time: 333.20
Iter 99. Time: 333.62
Iter 100. Time: 331.48
Preparing directory /jmain01/home/JAD017/sjr02/dxg49-sjr02/curvature/ckpts/c10/PreResNet110/SGDOPT/runeval1/b=None_matrix=nonggn/
nonggn
      value       weight
-----------  -----------
-1.95232     3.29413e-06
-1.51773     3.01527e-06
-1.33748     5.84741e-07
-1.0051      2.79657e-06
 0.967408    4.25326e-07
-0.911919    5.15764e-07
-0.852295    2.99514e-06
 0.7909      2.78408e-08
-0.765225    1.77203e-06
-0.736026    9.19088e-08
-0.678689    3.12174e-07
-0.673367    3.127e-06
 0.670331    2.17414e-07
-0.645401    3.49803e-07
 0.628038    1.47912e-09
 0.623141    7.06539e-07
-0.60741     3.8807e-07
-0.58379     2.18677e-06
 0.570339    1.04066e-08
-0.559634    8.0942e-07
-0.54297     2.51082e-07
 0.535389    9.40343e-07
 0.524763    6.88491e-07
-0.520695    1.7411e-07
-0.516266    2.56516e-06
-0.494524    5.27731e-09
 0.491512    3.19102e-06
 0.490112    2.26587e-06
-0.48861     5.34261e-06
 0.477639    4.02307e-06
-0.468153    1.02272e-06
-0.458958    5.87853e-07
-0.456925    1.60421e-06
-0.448907    3.961e-08
 0.448402    1.45902e-08
-0.4386      2.99326e-07
 0.432573    9.56506e-08
-0.423447    4.2932e-06
-0.414171    2.04631e-07
 0.413609    4.03443e-07
-0.40791     2.81708e-07
-0.401805    1.67862e-06
 0.400719    1.96835e-06
 0.384109    1.07999e-06
-0.3769      8.77047e-07
 0.37388     9.09779e-07
-0.372139    6.51492e-07
 0.366609    2.03646e-07
 0.358871    4.73645e-09
-0.358208    1.52807e-06
-0.346116    1.1771e-06
 0.345323    1.52643e-06
 0.34188     1.49439e-06
 0.336633    3.2601e-06
-0.331335    2.27284e-06
-0.3231      2.47222e-06
 0.322044    4.98439e-07
 0.312222    2.69416e-06
-0.305372    5.30363e-06
 0.3034      4.0988e-06
 0.294787    2.16385e-06
-0.289078    7.63262e-06
 0.281224    3.61751e-06
-0.278768    7.63498e-06
 0.267543    5.03505e-06
-0.26043     7.84495e-06
 0.255429    1.00363e-05
-0.247994    1.09749e-05
 0.245119    1.4377e-05
 0.234295    3.59318e-06
-0.23042     1.13462e-05
 0.218112    1.48671e-05
-0.217913    6.79789e-06
 0.202707    8.51544e-06
-0.19938     5.92633e-06
 0.189062    8.32412e-06
-0.182311    1.69246e-05
 0.17309     1.59415e-05
-0.164903    2.20808e-05
 0.158847    2.17747e-05
-0.149858    3.02957e-05
 0.140871    3.6846e-05
-0.134106    4.45775e-05
 0.12808     4.3359e-05
-0.115289    7.61817e-05
 0.111536    7.70509e-05
-0.0995467   0.000142964
 0.0955317   0.000118612
-0.0823016   0.000250298
 0.078633    0.000233546
-0.0655226   0.000552955
 0.0629607   0.000486221
-0.049204    0.00115501
 0.0468854   0.0012244
-0.0331816   0.0032786
 0.0312854   0.00350799
-0.0177054   0.0115257
 0.0157305   0.0143194
-0.00213716  0.353853
 0.00122806  0.608747
Using model PreResNet110
Loading CIFAR10 from /jmain01/home/JAD017/sjr02/dxg49-sjr02/curvature/data
Files already downloaded and verified
Using 5000 samples for validation [deterministic split]
Files already downloaded and verified
Using train (45000) + test (5000)
Loading CIFAR10 from /jmain01/home/JAD017/sjr02/dxg49-sjr02/curvature/data
Files already downloaded and verified
Using 5000 samples for validation [deterministic split]
Files already downloaded and verified
Using train (45000) + test (5000)
Preparing model
{'depth': 110}
Loading /jmain01/home/JAD017/sjr02/dxg49-sjr02/curvature/ckpts/c10/PreResNet110/SGDOPT/runeval1/checkpoint-00100.pt
storing basis
Iter 1. Time: 222.94
Iter 2. Time: 220.70
Iter 3. Time: 220.81
Iter 4. Time: 220.86
Iter 5. Time: 220.76
Iter 6. Time: 220.55
Iter 7. Time: 220.94
Iter 8. Time: 222.52
Iter 9. Time: 220.42
Iter 10. Time: 220.59
Iter 11. Time: 220.80
Iter 12. Time: 220.47
Iter 13. Time: 220.58
Iter 14. Time: 220.63
Iter 15. Time: 220.55
Iter 16. Time: 220.74
Iter 17. Time: 220.64
Iter 18. Time: 222.44
Iter 19. Time: 220.56
Iter 20. Time: 220.50
Iter 21. Time: 220.53
Iter 22. Time: 220.67
Iter 23. Time: 220.75
Iter 24. Time: 220.43
Iter 25. Time: 220.59
Iter 26. Time: 222.12
Iter 27. Time: 220.57
Iter 28. Time: 220.66
Iter 29. Time: 220.58
Iter 30. Time: 220.69
Iter 31. Time: 220.75
Iter 32. Time: 220.65
Iter 33. Time: 221.93
Iter 34. Time: 220.97
Iter 35. Time: 220.81
Iter 36. Time: 220.60
Iter 37. Time: 220.51
Iter 38. Time: 220.72
Iter 39. Time: 220.53
Iter 40. Time: 220.70
Iter 41. Time: 220.66
Iter 42. Time: 220.45
Iter 43. Time: 220.56
Iter 44. Time: 220.66
Iter 45. Time: 220.64
Iter 46. Time: 220.58
Iter 47. Time: 222.28
Iter 48. Time: 218.05
Iter 49. Time: 217.58
Iter 50. Time: 217.60
Iter 51. Time: 218.04
Iter 52. Time: 217.82
Iter 53. Time: 217.57
Iter 54. Time: 217.47
Iter 55. Time: 217.61
Iter 56. Time: 217.50
Iter 57. Time: 217.67
Iter 58. Time: 217.65
Iter 59. Time: 217.79
Iter 60. Time: 217.71
Iter 61. Time: 217.70
Iter 62. Time: 217.52
Iter 63. Time: 217.61
Iter 64. Time: 217.53
Iter 65. Time: 219.93
Iter 66. Time: 218.89
Iter 67. Time: 217.52
Iter 68. Time: 217.46
Iter 69. Time: 217.69
Iter 70. Time: 217.66
Iter 71. Time: 217.57
Iter 72. Time: 217.59
Iter 73. Time: 217.66
Iter 74. Time: 217.58
Iter 75. Time: 217.79
Iter 76. Time: 217.53
Iter 77. Time: 217.42
Iter 78. Time: 217.61
Iter 79. Time: 217.81
Iter 80. Time: 217.61
Iter 81. Time: 217.82
Iter 82. Time: 217.62
Iter 83. Time: 219.94
Iter 84. Time: 219.41
Iter 85. Time: 217.60
Iter 86. Time: 217.40
Iter 87. Time: 217.66
Iter 88. Time: 217.51
Iter 89. Time: 217.17
Iter 90. Time: 217.52
Iter 91. Time: 217.43
Iter 92. Time: 217.45
Iter 93. Time: 217.56
Iter 94. Time: 217.40
Iter 95. Time: 217.11
Iter 96. Time: 217.23
Iter 97. Time: 217.25
Iter 98. Time: 217.48
Iter 99. Time: 217.27
Iter 100. Time: 217.34
nonggn
       value       weight
------------  -----------
 2.73393      7.35784e-08
 2.58579      1.20211e-07
-2.55413      3.41077e-08
-2.50949      1.91841e-08
-2.35613      4.0566e-08
 2.23707      1.33908e-07
-2.02696      9.05611e-07
 1.99035      1.68776e-08
 1.81315      6.59472e-07
 1.79181      3.53636e-06
-1.78211      2.15941e-07
 1.65857      1.99395e-08
-1.61919      3.30034e-07
 1.56041      5.81171e-11
-1.5036       2.28127e-07
-1.48186      2.83487e-06
 1.44643      1.19512e-07
 1.40459      3.31386e-07
 1.36372      1.45583e-06
-1.36268      3.05786e-06
-1.33852      1.74373e-07
 1.29754      2.74586e-07
-1.27849      2.18544e-06
 1.24365      1.27644e-08
 1.21865      2.29565e-07
-1.21066      3.81323e-07
-1.17865      4.70166e-07
 1.17431      1.94767e-06
-1.14504      2.71544e-07
 1.12765      3.64814e-07
-1.12085      6.56014e-07
 1.1049       1.59877e-06
-1.09434      1.74131e-07
 1.07889      2.71868e-06
-1.05859      1.75893e-06
 1.03737      1.57117e-07
-1.03463      4.75683e-07
 1.0234       7.47187e-07
-1.00995      1.42025e-07
-1.00126      1.65184e-08
 0.984331     1.08382e-07
-0.966072     3.25222e-07
 0.948588     4.01013e-06
-0.948183     5.33634e-07
 0.935843     5.99378e-07
 0.9195       1.33397e-06
-0.912504     2.51619e-06
-0.897999     1.18939e-06
 0.895942     1.13368e-06
-0.875266     3.15802e-06
 0.859155     1.11134e-06
-0.858249     1.16328e-06
 0.84444      6.95575e-07
-0.827183     2.82326e-06
 0.826036     1.06695e-06
-0.795895     2.35987e-06
 0.782778     3.66613e-06
-0.762475     1.99723e-06
 0.75913      1.72344e-06
-0.744089     3.58064e-06
 0.735774     1.09113e-05
-0.715634     2.26849e-06
 0.695502     3.29995e-06
 0.66696      3.13963e-06
-0.666178     5.05097e-06
-0.637182     7.29042e-06
 0.636124     5.09382e-06
-0.608075     5.28035e-06
 0.593114     5.24799e-06
-0.571111     6.35943e-06
 0.563363     1.01689e-05
-0.52675      1.11345e-05
 0.520759     1.58797e-05
-0.496436     2.67613e-05
 0.483709     1.10364e-05
-0.46152      2.81701e-05
 0.446027     2.04375e-05
-0.417321     2.71974e-05
 0.408677     3.01832e-05
-0.381848     4.48129e-05
 0.367558     4.7903e-05
-0.341915     7.75436e-05
 0.331516     8.32856e-05
-0.303871     0.000144984
 0.293615     0.000131986
-0.266483     0.000204294
 0.253898     0.00020602
-0.22726      0.000292871
 0.214603     0.000298372
-0.188928     0.000456041
 0.175035     0.000471564
-0.14817      0.000681852
 0.135798     0.000817787
-0.109707     0.001273
 0.0965158    0.00158506
-0.0708863    0.00254594
 0.057644     0.00341633
-0.0286152    0.0119822
 0.01594      0.0347405
-0.000310278  0.940197
Using model PreResNet110
Loading CIFAR10 from /jmain01/home/JAD017/sjr02/dxg49-sjr02/curvature/data
Files already downloaded and verified
Using 5000 samples for validation [deterministic split]
Files already downloaded and verified
Using train (45000) + test (5000)
Loading CIFAR10 from /jmain01/home/JAD017/sjr02/dxg49-sjr02/curvature/data
Files already downloaded and verified
Using 5000 samples for validation [deterministic split]
Files already downloaded and verified
Using train (45000) + test (5000)
Preparing model
{'depth': 110}
Loading /jmain01/home/JAD017/sjr02/dxg49-sjr02/curvature/ckpts/c10/PreResNet110/SGDOPT/runeval1/checkpoint-00125.pt
storing basis
Iter 1. Time: 333.07
Iter 2. Time: 331.28
Iter 3. Time: 331.06
Iter 4. Time: 331.55
Iter 5. Time: 331.05
Iter 6. Time: 331.34
Iter 7. Time: 331.08
Iter 8. Time: 330.99
Iter 9. Time: 331.20
Iter 10. Time: 331.06
Iter 11. Time: 331.13
Iter 12. Time: 331.18
Iter 13. Time: 331.67
Iter 14. Time: 331.11
Iter 15. Time: 331.49
Iter 16. Time: 331.41
Iter 17. Time: 331.08
Iter 18. Time: 331.15
Iter 19. Time: 331.52
Iter 20. Time: 335.85
Iter 21. Time: 330.97
Iter 22. Time: 331.19
Iter 23. Time: 331.11
Iter 24. Time: 331.23
Iter 25. Time: 331.14
Iter 26. Time: 330.94
Iter 27. Time: 331.36
Iter 28. Time: 331.38
Iter 29. Time: 331.13
Iter 30. Time: 331.13
Iter 31. Time: 331.06
Iter 32. Time: 334.29
Iter 33. Time: 331.20
Iter 34. Time: 330.65
Iter 35. Time: 330.82
Iter 36. Time: 330.57
Iter 37. Time: 331.10
Iter 38. Time: 331.73
Iter 39. Time: 331.38
Iter 40. Time: 331.28
Iter 41. Time: 331.85
Iter 42. Time: 331.11
Iter 43. Time: 331.59
Iter 44. Time: 339.32
Iter 45. Time: 339.76
Iter 46. Time: 333.42
Iter 47. Time: 332.94
Iter 48. Time: 332.15
Iter 49. Time: 332.11
Iter 50. Time: 332.38
Iter 51. Time: 332.36
Iter 52. Time: 332.26
Iter 53. Time: 332.57
Iter 54. Time: 332.53
Iter 55. Time: 331.73
Iter 56. Time: 332.40
Iter 57. Time: 337.41
Iter 58. Time: 332.92
Iter 59. Time: 332.21
Iter 60. Time: 331.91
Iter 61. Time: 332.46
Iter 62. Time: 332.68
Iter 63. Time: 332.28
Iter 64. Time: 332.43
Iter 65. Time: 332.14
Iter 66. Time: 332.08
Iter 67. Time: 334.35
Iter 68. Time: 333.61
Iter 69. Time: 341.50
Iter 70. Time: 333.12
Iter 71. Time: 332.39
Iter 72. Time: 331.79
Iter 73. Time: 332.43
Iter 74. Time: 331.64
Iter 75. Time: 332.17
Iter 76. Time: 332.58
Iter 77. Time: 332.13
Iter 78. Time: 332.15
Iter 79. Time: 332.40
Iter 80. Time: 333.76
Iter 81. Time: 338.63
Iter 82. Time: 332.32
Iter 83. Time: 331.34
Iter 84. Time: 331.68
Iter 85. Time: 331.85
Iter 86. Time: 332.63
Iter 87. Time: 332.86
Iter 88. Time: 334.40
Iter 89. Time: 334.60
Iter 90. Time: 334.85
Iter 91. Time: 334.40
Iter 92. Time: 335.71
Iter 93. Time: 343.14
Iter 94. Time: 335.98
Iter 95. Time: 334.27
Iter 96. Time: 334.31
Iter 97. Time: 334.31
Iter 98. Time: 334.16
Iter 99. Time: 334.20
Iter 100. Time: 334.19
nonggn
       value       weight
------------  -----------
-3.58477      1.84546e-07
-2.27645      4.77195e-08
-1.73631      4.23626e-06
 1.60098      1.44544e-06
-1.44599      8.1061e-06
-1.12749      4.95294e-07
-1.10789      1.05047e-06
-0.987126     8.5118e-08
-0.937793     3.20673e-08
-0.917153     2.78254e-07
-0.900102     6.10913e-06
 0.894619     2.09862e-06
-0.814054     2.08688e-06
-0.803312     9.55416e-08
 0.777057     4.49332e-07
-0.764128     1.13313e-06
-0.74848      1.95403e-06
 0.738839     1.72003e-08
-0.731668     3.87307e-10
 0.702405     7.33522e-07
-0.694704     3.10741e-08
 0.673249     1.02318e-06
-0.663913     6.37604e-07
-0.648024     1.88878e-07
-0.646361     6.27094e-07
 0.617744     1.75975e-06
 0.593226     1.82301e-09
-0.592289     1.68398e-06
 0.576329     3.9887e-08
-0.568765     5.73628e-07
-0.551215     4.9545e-07
-0.547198     2.03575e-06
 0.546889     9.59405e-07
-0.536102     1.4993e-09
 0.525732     8.55445e-07
-0.525528     2.90308e-07
 0.523703     4.52261e-10
 0.511067     2.05785e-07
-0.505665     2.16158e-07
-0.497649     1.71404e-06
 0.488264     3.50243e-06
-0.485171     2.14336e-07
 0.479864     3.62659e-06
 0.474545     5.03361e-07
-0.472323     3.55998e-06
 0.471433     1.39621e-06
-0.459678     3.95205e-07
 0.454857     4.10257e-06
-0.449251     1.12329e-06
 0.443915     6.58566e-07
-0.437985     2.56966e-06
 0.429593     1.37386e-07
 0.419804     6.58196e-08
-0.413336     8.64166e-07
 0.411567     2.94289e-06
 0.3991       1.52397e-06
-0.398665     7.08909e-07
 0.38516      7.10638e-06
-0.38139      2.01183e-06
 0.37796      5.67344e-06
-0.364469     1.80011e-06
 0.361468     2.95535e-06
-0.350817     2.63732e-06
 0.34986      3.36246e-06
-0.332867     2.57807e-06
 0.325119     1.49862e-06
 0.313834     1.49755e-06
-0.310165     3.33804e-06
 0.295139     2.81661e-06
-0.288528     4.38221e-06
 0.279567     4.55259e-06
-0.271681     1.49014e-05
 0.262818     1.09048e-05
-0.253425     2.04921e-05
 0.2427       2.01883e-05
-0.236479     1.65357e-05
 0.225454     1.03886e-05
-0.210658     2.08532e-05
 0.207302     1.22674e-05
-0.19156      2.89068e-05
 0.189816     2.52505e-05
-0.170493     5.50222e-05
 0.168003     3.59209e-05
-0.151353     6.42678e-05
 0.148528     5.52262e-05
-0.130657     0.000123997
 0.129064     9.76456e-05
-0.110221     0.000205242
 0.109502     0.000170853
 0.0895145    0.000358166
-0.0893259    0.000378559
 0.0701586    0.000768591
-0.0689101    0.000853426
 0.050065     0.00176283
-0.0489372    0.00204686
 0.0307032    0.00590511
-0.0296917    0.00645605
 0.0119956    0.033604
-0.0107643    0.038971
 6.01774e-05  0.907785
Using model PreResNet110
Loading CIFAR10 from /jmain01/home/JAD017/sjr02/dxg49-sjr02/curvature/data
Files already downloaded and verified
Using 5000 samples for validation [deterministic split]
Files already downloaded and verified
Using train (45000) + test (5000)
Loading CIFAR10 from /jmain01/home/JAD017/sjr02/dxg49-sjr02/curvature/data
Files already downloaded and verified
Using 5000 samples for validation [deterministic split]
Files already downloaded and verified
Using train (45000) + test (5000)
Preparing model
{'depth': 110}
Loading /jmain01/home/JAD017/sjr02/dxg49-sjr02/curvature/ckpts/c10/PreResNet110/SGDOPT/runeval1/checkpoint-00125.pt
storing basis
Iter 1. Time: 222.77
Iter 2. Time: 219.88
Iter 3. Time: 220.23
Iter 4. Time: 220.40
Iter 5. Time: 220.21
Iter 6. Time: 220.20
Iter 7. Time: 220.07
Iter 8. Time: 220.14
Iter 9. Time: 220.16
Iter 10. Time: 220.27
Iter 11. Time: 220.17
Iter 12. Time: 220.11
Iter 13. Time: 220.15
Iter 14. Time: 220.17
Iter 15. Time: 220.20
Iter 16. Time: 220.37
Iter 17. Time: 220.45
Iter 18. Time: 225.76
Iter 19. Time: 221.04
Iter 20. Time: 220.65
Iter 21. Time: 220.02
Iter 22. Time: 220.54
Iter 23. Time: 220.13
Iter 24. Time: 220.15
Iter 25. Time: 220.13
Iter 26. Time: 220.32
Iter 27. Time: 220.10
Iter 28. Time: 220.27
Iter 29. Time: 220.35
Iter 30. Time: 220.24
Iter 31. Time: 220.05
Iter 32. Time: 220.28
Iter 33. Time: 220.07
Iter 34. Time: 220.26
Iter 35. Time: 220.25
Iter 36. Time: 228.65
Iter 37. Time: 221.96
Iter 38. Time: 220.32
Iter 39. Time: 219.92
Iter 40. Time: 220.31
Iter 41. Time: 219.72
Iter 42. Time: 219.76
Iter 43. Time: 219.64
Iter 44. Time: 219.77
Iter 45. Time: 219.65
Iter 46. Time: 219.70
Iter 47. Time: 219.90
Iter 48. Time: 219.84
Iter 49. Time: 219.88
Iter 50. Time: 219.84
Iter 51. Time: 219.96
Iter 52. Time: 221.05
Iter 53. Time: 221.67
Iter 54. Time: 227.81
Iter 55. Time: 222.90
Iter 56. Time: 221.58
Iter 57. Time: 221.54
Iter 58. Time: 223.00
Iter 59. Time: 220.89
Iter 60. Time: 220.92
Iter 61. Time: 220.94
Iter 62. Time: 220.97
Iter 63. Time: 220.95
Iter 64. Time: 221.04
Iter 65. Time: 220.83
Iter 66. Time: 220.91
Iter 67. Time: 220.96
Iter 68. Time: 220.80
Iter 69. Time: 220.86
Iter 70. Time: 221.04
Iter 71. Time: 221.98
Iter 72. Time: 229.78
Iter 73. Time: 223.01
Iter 74. Time: 222.02
Iter 75. Time: 221.48
Iter 76. Time: 221.00
Iter 77. Time: 220.96
Iter 78. Time: 221.01
Iter 79. Time: 221.07
Iter 80. Time: 220.66
Iter 81. Time: 221.10
Iter 82. Time: 221.13
Iter 83. Time: 221.09
Iter 84. Time: 221.12
Iter 85. Time: 221.24
Iter 86. Time: 221.23
Iter 87. Time: 221.02
Iter 88. Time: 221.80
Iter 89. Time: 221.52
Iter 90. Time: 227.14
Iter 91. Time: 222.82
Iter 92. Time: 222.10
Iter 93. Time: 222.05
Iter 94. Time: 221.68
Iter 95. Time: 221.68
Iter 96. Time: 221.56
Iter 97. Time: 221.74
Iter 98. Time: 221.90
Iter 99. Time: 221.80
Iter 100. Time: 221.68
nonggn
       value       weight
------------  -----------
 2.45907      2.12713e-07
-2.29691      3.28942e-08
 2.26746      8.03516e-08
-2.14279      7.59868e-07
 1.99494      8.94444e-07
-1.89159      8.22688e-08
 1.87091      8.0025e-07
-1.70663      8.77374e-08
 1.677        1.31428e-07
 1.58564      4.89474e-07
-1.5434       6.11809e-07
 1.52186      1.66948e-06
-1.45233      2.51212e-08
 1.38057      7.24981e-07
-1.37606      5.37043e-08
 1.35538      1.55467e-06
-1.30502      8.94072e-08
 1.27994      1.11863e-06
-1.23301      1.18332e-07
 1.2146       3.82461e-06
-1.1816       9.20457e-07
 1.16639      6.68721e-07
 1.11753      2.30562e-09
-1.10989      3.17391e-09
-1.07763      4.45234e-07
 1.0398       4.21527e-06
 1.02196      1.49571e-08
-1.01859      4.49883e-08
 1.0002       2.08107e-07
-0.989132     3.86679e-07
 0.967865     3.02914e-07
-0.961532     8.78757e-07
 0.950321     6.61737e-07
-0.928193     4.54798e-09
 0.914113     2.61358e-07
-0.91273      6.34754e-07
 0.898345     5.01692e-07
-0.896151     5.74155e-07
-0.8836       2.36016e-07
 0.875211     2.44041e-07
-0.875193     1.28457e-07
 0.858064     2.36906e-06
-0.857195     2.05589e-07
 0.844641     1.91325e-07
-0.839379     7.3106e-08
 0.821835     1.68571e-06
 0.813831     5.77651e-06
-0.811778     1.81572e-06
-0.799801     1.54187e-07
 0.786883     2.33363e-06
-0.775537     6.29811e-07
 0.764788     1.12424e-06
-0.753819     4.17879e-07
 0.738726     8.35595e-07
-0.727207     3.413e-06
 0.716492     3.56373e-06
-0.699559     3.86412e-06
 0.685308     4.89953e-06
-0.674174     6.09407e-06
 0.662991     4.50899e-06
-0.65604      1.80597e-06
 0.640548     2.09307e-06
-0.606957     7.72057e-06
 0.600506     5.79233e-06
-0.588175     4.76106e-06
 0.568437     7.90285e-06
-0.555889     5.87422e-06
 0.539208     4.24263e-06
-0.523233     9.31168e-06
 0.510079     1.3576e-05
-0.500277     1.34796e-05
 0.472485     1.4451e-05
-0.461924     1.22597e-05
 0.441751     1.32454e-05
-0.432578     1.47668e-05
 0.408578     2.47267e-05
-0.396734     2.80227e-05
 0.373624     3.70672e-05
-0.365291     3.74073e-05
 0.339676     5.61625e-05
-0.330272     5.82496e-05
 0.304155     8.90867e-05
-0.293987     9.96511e-05
 0.270691     0.000129683
-0.259378     0.000152263
 0.236939     0.000170581
-0.227034     0.000200151
 0.201681     0.000294815
-0.190854     0.000347
 0.16647      0.000487977
-0.157038     0.000573153
 0.132927     0.000678467
-0.122454     0.000825969
 0.0964764    0.00114273
-0.0866805    0.00151841
 0.0605525    0.00241896
-0.0510463    0.0035651
 0.0244378    0.0140165
-0.0154888    0.0319838
 0.000227447  0.940862
Using model PreResNet110
Loading CIFAR10 from /jmain01/home/JAD017/sjr02/dxg49-sjr02/curvature/data
Files already downloaded and verified
Using 5000 samples for validation [deterministic split]
Files already downloaded and verified
Using train (45000) + test (5000)
Loading CIFAR10 from /jmain01/home/JAD017/sjr02/dxg49-sjr02/curvature/data
Files already downloaded and verified
Using 5000 samples for validation [deterministic split]
Files already downloaded and verified
Using train (45000) + test (5000)
Preparing model
{'depth': 110}
Loading /jmain01/home/JAD017/sjr02/dxg49-sjr02/curvature/ckpts/c10/PreResNet110/SGDOPT/runeval1/checkpoint-00150.pt
storing basis
Iter 1. Time: 338.44
Iter 2. Time: 335.66
Iter 3. Time: 335.13
Iter 4. Time: 335.06
Iter 5. Time: 335.06
Iter 6. Time: 334.82
Iter 7. Time: 335.22
Iter 8. Time: 334.90
Iter 9. Time: 334.97
Iter 10. Time: 335.16
Iter 11. Time: 334.92
Iter 12. Time: 341.32
Iter 13. Time: 336.02
Iter 14. Time: 335.39
Iter 15. Time: 335.68
Iter 16. Time: 338.45
Iter 17. Time: 335.80
Iter 18. Time: 335.39
Iter 19. Time: 335.46
Iter 20. Time: 335.50
Iter 21. Time: 335.65
Iter 22. Time: 335.33
Iter 23. Time: 335.71
Iter 24. Time: 339.15
Iter 25. Time: 336.99
Iter 26. Time: 335.35
Iter 27. Time: 335.06
Iter 28. Time: 338.92
Iter 29. Time: 336.25
Iter 30. Time: 335.54
Iter 31. Time: 335.02
Iter 32. Time: 335.05
Iter 33. Time: 336.06
Iter 34. Time: 335.86
Iter 35. Time: 335.94
Iter 36. Time: 340.84
Iter 37. Time: 335.92
Iter 38. Time: 335.47
Iter 39. Time: 335.59
Iter 40. Time: 335.64
Iter 41. Time: 335.32
Iter 42. Time: 334.98
Iter 43. Time: 335.07
Iter 44. Time: 335.10
Iter 45. Time: 335.16
Iter 46. Time: 335.02
Iter 47. Time: 335.75
Iter 48. Time: 338.06
Iter 49. Time: 335.81
Iter 50. Time: 335.43
Iter 51. Time: 334.67
Iter 52. Time: 335.18
Iter 53. Time: 335.84
Iter 54. Time: 335.66
Iter 55. Time: 336.46
Iter 56. Time: 336.44
Iter 57. Time: 336.20
Iter 58. Time: 336.66
Iter 59. Time: 336.41
Iter 60. Time: 341.18
Iter 61. Time: 337.29
Iter 62. Time: 336.27
Iter 63. Time: 336.53
Iter 64. Time: 336.53
Iter 65. Time: 335.83
Iter 66. Time: 335.65
Iter 67. Time: 336.32
Iter 68. Time: 336.22
Iter 69. Time: 336.29
Iter 70. Time: 336.70
Iter 71. Time: 336.31
Iter 72. Time: 341.12
Iter 73. Time: 337.55
Iter 74. Time: 336.19
Iter 75. Time: 336.00
Iter 76. Time: 336.24
Iter 77. Time: 336.20
Iter 78. Time: 336.17
Iter 79. Time: 336.59
Iter 80. Time: 336.30
Iter 81. Time: 336.18
Iter 82. Time: 336.38
Iter 83. Time: 336.43
Iter 84. Time: 339.80
Iter 85. Time: 337.23
Iter 86. Time: 336.39
Iter 87. Time: 336.50
Iter 88. Time: 336.49
Iter 89. Time: 336.30
Iter 90. Time: 336.32
Iter 91. Time: 336.56
Iter 92. Time: 336.20
Iter 93. Time: 336.18
Iter 94. Time: 336.20
Iter 95. Time: 336.15
Iter 96. Time: 339.81
Iter 97. Time: 337.68
Iter 98. Time: 336.31
Iter 99. Time: 336.40
Iter 100. Time: 335.81
nonggn
       value       weight
------------  -----------
-2.41983      7.86502e-08
-1.63364      2.56471e-07
-1.51646      4.02218e-07
-1.20612      2.83078e-07
-1.12192      6.05741e-09
 1.0521       2.34242e-06
-0.916517     1.46293e-07
 0.873561     6.87904e-07
-0.865427     1.11408e-07
-0.846094     2.10558e-09
 0.835385     2.04103e-09
-0.774583     1.4807e-06
-0.761962     7.20432e-07
-0.755229     5.7725e-07
-0.710199     2.88688e-08
-0.670088     1.74791e-06
 0.669864     1.08853e-06
-0.655214     2.29612e-06
 0.642381     1.51808e-06
 0.630733     1.56e-06
 0.60241      2.52662e-07
-0.59898      9.00807e-07
-0.542773     2.99413e-06
-0.532769     1.84675e-07
-0.526949     2.69922e-07
-0.504554     4.11387e-07
 0.501236     3.65808e-07
 0.494515     1.03007e-06
-0.484171     1.38938e-06
-0.473992     1.20675e-06
 0.471602     4.92591e-06
-0.463974     4.38155e-07
-0.453358     2.2678e-07
 0.438288     3.65553e-08
-0.436525     4.37189e-07
-0.421897     1.0924e-06
 0.420085     4.31863e-07
-0.412973     1.08299e-08
 0.405859     5.51374e-08
-0.399957     2.30817e-06
 0.395697     8.8853e-08
-0.394672     1.73409e-07
-0.383865     5.11278e-06
 0.383411     3.55725e-08
-0.373463     3.41525e-06
 0.37345      5.14983e-08
 0.366393     7.78647e-08
-0.362307     8.13673e-06
 0.360717     8.322e-07
-0.355656     3.64408e-06
 0.353756     1.57968e-06
 0.350846     2.36548e-06
-0.343782     8.73749e-07
 0.341902     7.82374e-07
-0.326733     2.24706e-06
 0.325732     9.95487e-07
 0.322956     4.39741e-06
-0.315247     9.72887e-07
 0.306485     8.69736e-07
-0.298096     4.03433e-06
 0.296326     2.81815e-06
-0.287748     9.46553e-06
 0.28638      1.83614e-06
 0.277196     4.27788e-06
-0.271827     3.45972e-06
 0.260803     2.87082e-06
-0.25608      6.28431e-06
 0.248627     7.02699e-06
-0.241505     7.19266e-06
 0.238379     1.02352e-05
 0.225702     5.48825e-06
-0.223127     1.45907e-05
 0.209213     9.35964e-06
-0.207219     1.21513e-05
 0.193202     1.67213e-05
-0.192571     3.27284e-05
 0.179359     2.5888e-05
-0.17622      4.23336e-05
 0.164848     3.17971e-05
-0.160496     4.38182e-05
 0.150019     5.11185e-05
-0.143391     4.69505e-05
 0.13411      5.93804e-05
-0.126144     8.25808e-05
 0.118856     0.000105441
-0.109152     0.000132475
 0.102912     0.000155033
-0.0921232    0.000231116
 0.0863144    0.000299083
-0.0757444    0.000487871
 0.0708998    0.000560381
-0.0592613    0.000924914
 0.0547862    0.00109514
-0.0428672    0.00216977
 0.0389035    0.00262781
-0.0268653    0.00583358
 0.0229542    0.00791817
-0.0109415    0.0311195
 0.00741117   0.0631048
-0.000185161  0.882633
Using model PreResNet110
Loading CIFAR10 from /jmain01/home/JAD017/sjr02/dxg49-sjr02/curvature/data
Files already downloaded and verified
Using 5000 samples for validation [deterministic split]
Files already downloaded and verified
Using train (45000) + test (5000)
Loading CIFAR10 from /jmain01/home/JAD017/sjr02/dxg49-sjr02/curvature/data
Files already downloaded and verified
Using 5000 samples for validation [deterministic split]
Files already downloaded and verified
Using train (45000) + test (5000)
Preparing model
{'depth': 110}
Loading /jmain01/home/JAD017/sjr02/dxg49-sjr02/curvature/ckpts/c10/PreResNet110/SGDOPT/runeval1/checkpoint-00150.pt
storing basis
Iter 1. Time: 226.28
Iter 2. Time: 223.60
Iter 3. Time: 223.61
Iter 4. Time: 223.54
Iter 5. Time: 223.53
Iter 6. Time: 223.64
Iter 7. Time: 223.60
Iter 8. Time: 223.56
Iter 9. Time: 223.56
Iter 10. Time: 223.73
Iter 11. Time: 223.85
Iter 12. Time: 223.73
Iter 13. Time: 223.75
Iter 14. Time: 223.68
Iter 15. Time: 223.91
Iter 16. Time: 223.83
Iter 17. Time: 224.49
Iter 18. Time: 232.68
Iter 19. Time: 224.19
Iter 20. Time: 224.72
Iter 21. Time: 223.91
Iter 22. Time: 223.88
Iter 23. Time: 223.86
Iter 24. Time: 224.01
Iter 25. Time: 223.85
Iter 26. Time: 224.20
Iter 27. Time: 224.00
Iter 28. Time: 223.90
Iter 29. Time: 223.92
Iter 30. Time: 224.17
Iter 31. Time: 224.08
Iter 32. Time: 223.98
Iter 33. Time: 224.06
Iter 34. Time: 223.95
Iter 35. Time: 225.42
Iter 36. Time: 229.48
Iter 37. Time: 223.86
Iter 38. Time: 224.41
Iter 39. Time: 223.94
Iter 40. Time: 223.86
Iter 41. Time: 224.00
Iter 42. Time: 224.12
Iter 43. Time: 223.90
Iter 44. Time: 223.85
Iter 45. Time: 224.17
Iter 46. Time: 223.81
Iter 47. Time: 223.96
Iter 48. Time: 223.89
Iter 49. Time: 223.93
Iter 50. Time: 224.20
Iter 51. Time: 223.92
Iter 52. Time: 224.43
Iter 53. Time: 225.24
Iter 54. Time: 229.14
Iter 55. Time: 223.82
Iter 56. Time: 224.17
Iter 57. Time: 223.64
Iter 58. Time: 223.62
Iter 59. Time: 223.60
Iter 60. Time: 223.66
Iter 61. Time: 223.68
Iter 62. Time: 223.83
Iter 63. Time: 223.66
Iter 64. Time: 223.64
Iter 65. Time: 223.68
Iter 66. Time: 223.80
Iter 67. Time: 223.67
Iter 68. Time: 223.68
Iter 69. Time: 223.96
Iter 70. Time: 224.81
Iter 71. Time: 223.89
Iter 72. Time: 229.34
Iter 73. Time: 223.78
Iter 74. Time: 223.95
Iter 75. Time: 223.73
Iter 76. Time: 223.76
Iter 77. Time: 223.80
Iter 78. Time: 223.76
Iter 79. Time: 223.79
Iter 80. Time: 223.88
Iter 81. Time: 223.81
Iter 82. Time: 223.87
Iter 83. Time: 223.85
Iter 84. Time: 223.90
Iter 85. Time: 224.20
Iter 86. Time: 223.87
Iter 87. Time: 224.71
Iter 88. Time: 224.51
Iter 89. Time: 223.59
Iter 90. Time: 224.59
Iter 91. Time: 224.37
Iter 92. Time: 224.12
Iter 93. Time: 223.74
Iter 94. Time: 223.80
Iter 95. Time: 223.66
Iter 96. Time: 223.70
Iter 97. Time: 223.72
Iter 98. Time: 224.09
Iter 99. Time: 223.82
Iter 100. Time: 223.68
nonggn
       value       weight
------------  -----------
 1.96212      1.23288e-07
-1.93187      7.24337e-07
-1.83832      3.05761e-11
 1.74304      1.5502e-07
-1.70647      2.49854e-07
 1.67244      1.65535e-09
 1.54675      2.22808e-07
-1.50871      6.33859e-07
 1.42039      1.57481e-07
-1.36488      4.47329e-07
-1.23662      2.60106e-07
 1.23597      3.43324e-09
-1.21491      2.38317e-06
 1.1745       9.64125e-06
-1.16551      2.57212e-07
 1.09936      6.2109e-10
 1.08944      2.52786e-06
-1.08928      7.26607e-07
 1.01472      1.55156e-08
-0.996209     1.87405e-07
 0.954583     1.11334e-06
-0.945801     1.65826e-07
 0.916713     2.11831e-06
-0.872985     2.05554e-07
 0.866035     2.06581e-07
-0.844626     6.03122e-09
 0.842628     6.52526e-07
 0.832149     6.62263e-07
 0.815642     5.23659e-07
-0.805326     3.76645e-09
 0.797205     1.54765e-06
-0.796792     2.14125e-07
-0.782634     8.43665e-07
-0.777986     1.64081e-09
 0.773832     9.40646e-10
-0.748891     9.50933e-08
 0.747586     4.25764e-06
-0.747331     8.38767e-07
 0.739441     5.62089e-07
 0.729792     8.91301e-07
 0.718309     2.39779e-07
-0.709542     3.26643e-09
 0.69954      7.49491e-07
 0.688957     2.6299e-06
-0.684617     9.69332e-09
-0.672801     1.83071e-06
 0.662806     8.79708e-07
-0.660731     5.87526e-06
-0.651781     7.45257e-07
 0.645018     1.978e-06
 0.630591     6.51507e-07
-0.630195     3.74824e-06
-0.622685     4.15658e-06
 0.607031     1.14788e-06
-0.601974     4.02225e-06
 0.593195     1.87963e-06
-0.573484     2.12108e-06
 0.566305     3.37074e-06
-0.562617     3.3836e-06
 0.543484     7.81544e-07
-0.542449     6.61227e-06
-0.512749     4.72117e-06
 0.512722     2.18968e-06
 0.493352     2.90222e-06
-0.488564     6.8211e-06
 0.467004     3.02215e-06
-0.464514     1.7224e-06
 0.437616     6.57146e-06
-0.434603     6.3671e-06
 0.413092     1.20149e-05
-0.411298     9.89184e-06
 0.387684     8.14012e-06
-0.38747      1.5172e-05
 0.358289     1.17501e-05
-0.358028     1.62679e-05
-0.330883     1.52086e-05
 0.330284     1.76281e-05
-0.304399     2.12967e-05
 0.299145     3.18574e-05
-0.275767     4.78557e-05
 0.274656     4.22624e-05
-0.247655     7.15818e-05
 0.247154     6.87768e-05
-0.21751      0.000111347
 0.217242     0.000114607
-0.189935     0.000202418
 0.187062     0.000196167
-0.163257     0.000272658
 0.159963     0.000309031
-0.134104     0.000446872
 0.13164      0.000459519
-0.105572     0.000728729
 0.102206     0.000826559
-0.0771493    0.00123543
 0.0741189    0.00114274
-0.0471953    0.00293056
 0.0435948    0.00319018
-0.0178403    0.017565
 0.014157     0.0269668
-9.98076e-05  0.9428
Using model PreResNet110
Loading CIFAR10 from /jmain01/home/JAD017/sjr02/dxg49-sjr02/curvature/data
Files already downloaded and verified
Using 5000 samples for validation [deterministic split]
Files already downloaded and verified
Using train (45000) + test (5000)
Loading CIFAR10 from /jmain01/home/JAD017/sjr02/dxg49-sjr02/curvature/data
Files already downloaded and verified
Using 5000 samples for validation [deterministic split]
Files already downloaded and verified
Using train (45000) + test (5000)
Preparing model
{'depth': 110}
Loading /jmain01/home/JAD017/sjr02/dxg49-sjr02/curvature/ckpts/c10/PreResNet110/SGDOPT/runeval1/checkpoint-00175.pt
storing basis
Iter 1. Time: 337.81
Iter 2. Time: 335.59
Iter 3. Time: 336.14
Iter 4. Time: 336.26
Iter 5. Time: 336.19
Iter 6. Time: 336.04
Iter 7. Time: 336.04
Iter 8. Time: 336.24
Iter 9. Time: 336.20
Iter 10. Time: 336.04
Iter 11. Time: 336.15
Iter 12. Time: 342.35
Iter 13. Time: 336.83
Iter 14. Time: 336.48
Iter 15. Time: 336.37
Iter 16. Time: 336.31
Iter 17. Time: 336.27
Iter 18. Time: 336.21
Iter 19. Time: 336.49
Iter 20. Time: 336.43
Iter 21. Time: 336.38
Iter 22. Time: 336.19
Iter 23. Time: 336.20
Iter 24. Time: 342.12
Iter 25. Time: 337.45
Iter 26. Time: 336.47
Iter 27. Time: 336.61
Iter 28. Time: 336.28
Iter 29. Time: 336.27
Iter 30. Time: 336.25
Iter 31. Time: 336.30
Iter 32. Time: 336.37
Iter 33. Time: 336.31
Iter 34. Time: 336.33
Iter 35. Time: 337.78
Iter 36. Time: 341.35
Iter 37. Time: 337.33
Iter 38. Time: 336.15
Iter 39. Time: 336.19
Iter 40. Time: 335.64
Iter 41. Time: 335.86
Iter 42. Time: 336.13
Iter 43. Time: 336.48
Iter 44. Time: 336.38
Iter 45. Time: 336.17
Iter 46. Time: 335.68
Iter 47. Time: 336.76
Iter 48. Time: 341.62
Iter 49. Time: 337.06
Iter 50. Time: 335.62
Iter 51. Time: 335.95
Iter 52. Time: 335.66
Iter 53. Time: 335.48
Iter 54. Time: 335.99
Iter 55. Time: 336.14
Iter 56. Time: 336.19
Iter 57. Time: 336.13
Iter 58. Time: 336.16
Iter 59. Time: 338.62
Iter 60. Time: 338.81
Iter 61. Time: 337.32
Iter 62. Time: 335.66
Iter 63. Time: 336.33
Iter 64. Time: 336.23
Iter 65. Time: 336.06
Iter 66. Time: 336.24
Iter 67. Time: 336.36
Iter 68. Time: 336.31
Iter 69. Time: 336.41
Iter 70. Time: 336.62
Iter 71. Time: 338.51
Iter 72. Time: 338.35
Iter 73. Time: 336.89
Iter 74. Time: 336.09
Iter 75. Time: 336.13
Iter 76. Time: 335.60
Iter 77. Time: 335.60
Iter 78. Time: 335.47
Iter 79. Time: 335.54
Iter 80. Time: 336.12
Iter 81. Time: 336.14
Iter 82. Time: 336.48
Iter 83. Time: 336.60
Iter 84. Time: 336.82
Iter 85. Time: 337.11
Iter 86. Time: 336.33
Iter 87. Time: 336.22
Iter 88. Time: 335.66
Iter 89. Time: 335.68
Iter 90. Time: 335.69
Iter 91. Time: 336.04
Iter 92. Time: 336.46
Iter 93. Time: 336.35
Iter 94. Time: 336.48
Iter 95. Time: 336.52
Iter 96. Time: 340.18
Iter 97. Time: 337.98
Iter 98. Time: 336.31
Iter 99. Time: 336.22
Iter 100. Time: 335.56
nonggn
       value       weight
------------  -----------
-2.92931      1.46772e-08
-1.7689       5.37047e-07
-1.62656      1.68461e-07
-1.50623      6.98186e-08
-1.27119      5.31606e-07
-1.22921      5.92168e-07
 1.20313      2.83863e-06
-1.13518      2.86442e-07
-1.12093      4.40462e-07
-1.09075      9.91992e-07
-1.02602      1.38005e-06
 1.00533      1.87668e-06
-0.965278     1.26915e-06
-0.935452     1.87437e-09
 0.930866     1.14905e-06
 0.89632      8.52065e-07
-0.892935     4.57096e-06
-0.85466      1.52197e-10
-0.811043     1.0625e-07
-0.792448     2.72756e-06
 0.773853     2.02421e-07
 0.764182     6.61183e-07
-0.763923     4.61052e-07
 0.747447     1.6006e-07
-0.744701     1.39926e-07
-0.730087     5.11391e-06
-0.70058      6.87602e-07
 0.677306     1.21065e-06
-0.660054     1.20216e-06
 0.653535     3.88474e-07
-0.6329       4.26752e-07
-0.616953     9.35437e-07
 0.61205      2.78413e-07
-0.602368     8.19313e-07
 0.58718      4.68558e-08
-0.586752     6.52528e-07
-0.571739     2.26043e-06
-0.562084     9.63867e-06
 0.553657     6.30435e-08
-0.552991     7.90415e-07
-0.539832     1.70224e-07
 0.529661     8.06567e-07
-0.527688     9.30289e-07
 0.517569     1.52546e-07
-0.515241     1.49073e-06
 0.507693     4.12026e-08
-0.501582     4.27982e-07
 0.476669     9.95947e-07
-0.464941     1.53888e-06
 0.464046     1.41486e-07
 0.460202     7.52838e-07
-0.45768      4.09176e-06
 0.457163     2.73043e-06
 0.454385     6.23386e-07
-0.442887     7.42591e-07
 0.427426     4.05893e-06
-0.419996     7.86163e-07
 0.419121     2.89613e-07
 0.402317     3.509e-08
-0.399193     2.51103e-06
-0.385103     1.80346e-06
 0.384357     3.36961e-06
 0.376971     7.94239e-06
 0.360616     6.88454e-06
-0.357801     3.12441e-06
 0.345631     6.95369e-06
-0.342224     6.47277e-06
 0.330477     6.20874e-06
-0.314671     6.55058e-06
 0.313278     8.35387e-06
-0.300623     9.99244e-06
 0.296652     7.07742e-06
 0.277572     7.87522e-06
-0.272966     7.42396e-06
 0.254094     1.2021e-05
-0.251637     1.84344e-05
 0.239269     1.4733e-05
-0.231971     3.34016e-05
 0.217873     2.23965e-05
-0.209986     5.06634e-05
 0.199044     4.54708e-05
-0.188322     6.06407e-05
 0.179915     6.55309e-05
-0.16612      8.20065e-05
 0.158508     8.83235e-05
-0.142521     0.000139394
 0.138537     0.000157266
-0.12017      0.000232579
 0.117715     0.000225596
-0.0974781    0.000502295
 0.0965888    0.000395548
-0.0758358    0.00088032
 0.0744099    0.000867488
-0.0537519    0.00234191
 0.0530899    0.00228929
-0.0326729    0.00703196
 0.0324792    0.00732302
 0.0121401    0.0467325
-0.011892     0.0459645
 2.30385e-05  0.884258
Using model PreResNet110
Loading CIFAR10 from /jmain01/home/JAD017/sjr02/dxg49-sjr02/curvature/data
Files already downloaded and verified
Using 5000 samples for validation [deterministic split]
Files already downloaded and verified
Using train (45000) + test (5000)
Loading CIFAR10 from /jmain01/home/JAD017/sjr02/dxg49-sjr02/curvature/data
Files already downloaded and verified
Using 5000 samples for validation [deterministic split]
Files already downloaded and verified
Using train (45000) + test (5000)
Preparing model
{'depth': 110}
Loading /jmain01/home/JAD017/sjr02/dxg49-sjr02/curvature/ckpts/c10/PreResNet110/SGDOPT/runeval1/checkpoint-00175.pt
storing basis
Iter 1. Time: 225.36
Iter 2. Time: 222.53
Iter 3. Time: 222.53
Iter 4. Time: 222.52
Iter 5. Time: 222.46
Iter 6. Time: 222.47
Iter 7. Time: 222.44
Iter 8. Time: 222.43
Iter 9. Time: 222.46
Iter 10. Time: 222.42
Iter 11. Time: 222.43
Iter 12. Time: 222.32
Iter 13. Time: 222.28
Iter 14. Time: 222.34
Iter 15. Time: 222.42
Iter 16. Time: 222.37
Iter 17. Time: 222.35
Iter 18. Time: 229.44
Iter 19. Time: 222.37
Iter 20. Time: 222.67
Iter 21. Time: 222.92
Iter 22. Time: 223.29
Iter 23. Time: 223.26
Iter 24. Time: 223.31
Iter 25. Time: 223.19
Iter 26. Time: 222.77
Iter 27. Time: 222.73
Iter 28. Time: 222.83
Iter 29. Time: 223.68
Iter 30. Time: 223.24
Iter 31. Time: 223.19
Iter 32. Time: 223.21
Iter 33. Time: 223.09
Iter 34. Time: 223.09
Iter 35. Time: 226.72
Iter 36. Time: 226.18
Iter 37. Time: 223.19
Iter 38. Time: 223.39
Iter 39. Time: 223.21
Iter 40. Time: 223.06
Iter 41. Time: 223.28
Iter 42. Time: 223.16
Iter 43. Time: 223.35
Iter 44. Time: 223.40
Iter 45. Time: 223.05
Iter 46. Time: 223.35
Iter 47. Time: 223.17
Iter 48. Time: 223.02
Iter 49. Time: 222.96
Iter 50. Time: 223.18
Iter 51. Time: 223.11
Iter 52. Time: 223.34
Iter 53. Time: 230.43
Iter 54. Time: 224.55
Iter 55. Time: 223.15
Iter 56. Time: 223.18
Iter 57. Time: 223.13
Iter 58. Time: 223.18
Iter 59. Time: 223.16
Iter 60. Time: 223.07
Iter 61. Time: 222.74
Iter 62. Time: 222.75
Iter 63. Time: 222.78
Iter 64. Time: 222.86
Iter 65. Time: 222.82
Iter 66. Time: 222.77
Iter 67. Time: 222.76
Iter 68. Time: 222.77
Iter 69. Time: 222.74
Iter 70. Time: 223.61
Iter 71. Time: 226.10
Iter 72. Time: 223.47
Iter 73. Time: 223.38
Iter 74. Time: 223.19
Iter 75. Time: 223.12
Iter 76. Time: 223.06
Iter 77. Time: 223.11
Iter 78. Time: 223.41
Iter 79. Time: 223.21
Iter 80. Time: 223.11
Iter 81. Time: 222.90
Iter 82. Time: 222.67
Iter 83. Time: 222.73
Iter 84. Time: 222.69
Iter 85. Time: 222.72
Iter 86. Time: 222.78
Iter 87. Time: 223.25
Iter 88. Time: 227.53
Iter 89. Time: 227.57
Iter 90. Time: 223.29
Iter 91. Time: 223.48
Iter 92. Time: 223.58
Iter 93. Time: 223.44
Iter 94. Time: 223.20
Iter 95. Time: 223.37
Iter 96. Time: 223.40
Iter 97. Time: 223.25
Iter 98. Time: 223.18
Iter 99. Time: 223.16
Iter 100. Time: 223.19
nonggn
       value       weight
------------  -----------
-2.54683      1.44278e-07
 2.38804      3.89939e-07
-2.27414      4.4569e-08
 2.26078      2.84171e-07
 2.12173      7.75667e-09
-2.11958      1.06953e-06
-2.04887      7.95158e-08
 1.98793      1.34945e-07
 1.92274      7.7743e-08
-1.82031      6.34262e-08
 1.77092      1.21024e-07
-1.73991      1.84646e-07
 1.54558      1.2514e-08
-1.47095      1.24643e-06
 1.42929      2.02138e-07
-1.36393      1.93792e-06
 1.35122      1.44537e-06
 1.2899       3.47645e-07
-1.24969      4.01876e-06
 1.2473       1.2373e-06
 1.20572      5.46108e-07
 1.20106      5.62686e-07
-1.18931      8.53332e-07
 1.16639      7.46558e-08
-1.16348      4.71317e-07
 1.1433       4.59848e-06
-1.10578      7.72086e-07
-1.0886       6.45047e-07
 1.08811      6.97874e-08
-1.07947      2.5561e-06
-1.04844      1.64032e-06
 1.03902      3.11383e-08
-1.02352      5.26431e-08
-1.01284      1.33702e-07
 0.993217     3.44851e-07
-0.990719     1.27339e-08
 0.985575     3.84412e-09
 0.958241     1.0267e-06
 0.945467     1.15664e-06
 0.938527     1.63323e-07
-0.935332     1.63137e-06
-0.926531     2.05354e-06
 0.918694     7.84077e-07
-0.914696     1.57791e-07
-0.895962     9.91167e-06
 0.894037     3.0583e-06
-0.873804     1.99164e-06
-0.863394     2.11067e-06
 0.84226      6.89402e-06
-0.836719     1.31085e-05
-0.824126     1.38554e-06
 0.823762     1.42417e-07
 0.805105     1.35545e-06
-0.78496      3.46607e-06
 0.778613     1.16151e-06
 0.757142     3.00194e-06
-0.753794     9.81616e-07
-0.736676     2.15873e-06
 0.730159     9.03774e-07
-0.698201     2.32094e-06
 0.694158     7.28961e-07
-0.674402     1.45409e-06
 0.664212     2.0044e-06
 0.634339     7.54447e-06
-0.625997     2.55059e-06
-0.60073      6.35904e-06
 0.599019     5.73296e-06
 0.571982     9.76044e-06
-0.568262     3.05698e-06
-0.538824     6.86617e-06
 0.536036     5.55602e-06
-0.503179     1.17081e-05
 0.497376     1.05333e-05
-0.468207     1.62628e-05
 0.466301     8.41008e-06
-0.432788     1.39817e-05
 0.427415     1.6917e-05
-0.399503     2.76137e-05
 0.390635     3.22646e-05
-0.360499     4.30103e-05
 0.356666     2.89588e-05
-0.322737     5.83688e-05
 0.316991     4.99086e-05
-0.28659      7.85081e-05
 0.278931     9.74106e-05
-0.249194     0.00011885
 0.242458     0.000144408
-0.210194     0.000258734
 0.204486     0.000261002
-0.173694     0.000449821
 0.168569     0.00047962
-0.137956     0.000689438
 0.132297     0.000707515
-0.10052      0.00116475
 0.0941096    0.00121805
-0.0618142    0.00282027
 0.0552827    0.00321071
-0.0234989    0.0169741
 0.0170571    0.0312921
-0.000186561  0.939579
Using model PreResNet110
Loading CIFAR10 from /jmain01/home/JAD017/sjr02/dxg49-sjr02/curvature/data
Files already downloaded and verified
Using 5000 samples for validation [deterministic split]
Files already downloaded and verified
Using train (45000) + test (5000)
Loading CIFAR10 from /jmain01/home/JAD017/sjr02/dxg49-sjr02/curvature/data
Files already downloaded and verified
Using 5000 samples for validation [deterministic split]
Files already downloaded and verified
Using train (45000) + test (5000)
Preparing model
{'depth': 110}
Loading /jmain01/home/JAD017/sjr02/dxg49-sjr02/curvature/ckpts/c10/PreResNet110/SGDOPT/runeval1/checkpoint-00200.pt
storing basis
Iter 1. Time: 341.49
Iter 2. Time: 339.18
Iter 3. Time: 339.13
Iter 4. Time: 339.05
Iter 5. Time: 339.19
Iter 6. Time: 339.13
Iter 7. Time: 339.22
Iter 8. Time: 339.15
Iter 9. Time: 339.30
Iter 10. Time: 339.18
Iter 11. Time: 339.27
Iter 12. Time: 344.04
Iter 13. Time: 339.61
Iter 14. Time: 339.12
Iter 15. Time: 339.80
Iter 16. Time: 339.31
Iter 17. Time: 339.53
Iter 18. Time: 339.26
Iter 19. Time: 339.15
Iter 20. Time: 338.97
Iter 21. Time: 339.25
Iter 22. Time: 339.27
Iter 23. Time: 339.24
Iter 24. Time: 341.16
Iter 25. Time: 339.56
Iter 26. Time: 339.31
Iter 27. Time: 339.86
Iter 28. Time: 339.31
Iter 29. Time: 339.30
Iter 30. Time: 339.21
Iter 31. Time: 339.11
Iter 32. Time: 339.05
Iter 33. Time: 339.12
Iter 34. Time: 339.08
Iter 35. Time: 339.22
Iter 36. Time: 342.90
Iter 37. Time: 339.29
Iter 38. Time: 339.08
Iter 39. Time: 339.60
Iter 40. Time: 338.69
Iter 41. Time: 339.31
Iter 42. Time: 339.80
Iter 43. Time: 339.10
Iter 44. Time: 339.23
Iter 45. Time: 339.07
Iter 46. Time: 338.84
Iter 47. Time: 338.98
Iter 48. Time: 340.63
Iter 49. Time: 339.01
Iter 50. Time: 339.24
Iter 51. Time: 339.34
Iter 52. Time: 338.92
Iter 53. Time: 339.73
Iter 54. Time: 339.11
Iter 55. Time: 338.63
Iter 56. Time: 338.48
Iter 57. Time: 340.22
Iter 58. Time: 339.19
Iter 59. Time: 339.22
Iter 60. Time: 340.89
Iter 61. Time: 338.92
Iter 62. Time: 339.79
Iter 63. Time: 339.20
Iter 64. Time: 338.94
Iter 65. Time: 339.75
Iter 66. Time: 338.97
Iter 67. Time: 338.92
Iter 68. Time: 339.05
Iter 69. Time: 339.39
Iter 70. Time: 339.42
Iter 71. Time: 339.13
Iter 72. Time: 340.26
Iter 73. Time: 339.14
Iter 74. Time: 339.33
Iter 75. Time: 339.19
Iter 76. Time: 339.26
Iter 77. Time: 339.95
Iter 78. Time: 339.07
Iter 79. Time: 339.02
Iter 80. Time: 339.07
Iter 81. Time: 339.53
Iter 82. Time: 339.10
Iter 83. Time: 340.01
Iter 84. Time: 341.20
Iter 85. Time: 339.37
Iter 86. Time: 339.82
Iter 87. Time: 339.06
Iter 88. Time: 339.40
Iter 89. Time: 340.25
Iter 90. Time: 338.99
Iter 91. Time: 339.04
Iter 92. Time: 339.34
Iter 93. Time: 339.14
Iter 94. Time: 339.73
Iter 95. Time: 339.75
Iter 96. Time: 339.23
Iter 97. Time: 339.61
Iter 98. Time: 339.79
Iter 99. Time: 338.96
Iter 100. Time: 339.15
nonggn
       value       weight
------------  -----------
-2.85587      5.31304e-07
-1.92156      8.60918e-07
-1.60844      9.28217e-08
-1.47065      2.90473e-06
-1.33666      6.49161e-10
-1.20121      7.27892e-07
 1.18482      1.57808e-06
-1.11581      1.02031e-09
-1.06945      1.04501e-06
 1.00025      3.71329e-08
-0.974545     2.76558e-08
-0.963309     3.4932e-07
-0.959589     3.07731e-06
 0.924319     7.84767e-07
-0.885888     2.83102e-06
 0.883452     1.47055e-08
 0.847087     4.4344e-08
-0.844424     1.0049e-08
-0.832057     7.37977e-07
 0.827811     2.97957e-06
-0.820897     2.51621e-06
-0.797005     9.98802e-07
 0.785751     5.85812e-06
-0.766015     2.7027e-06
 0.750094     3.72194e-07
-0.726353     2.95825e-06
-0.723252     2.88454e-07
-0.706481     2.49121e-07
 0.693656     4.07214e-08
-0.689267     2.11174e-07
-0.679367     1.85797e-07
-0.663364     9.61803e-09
-0.655837     4.30067e-07
 0.643479     2.82854e-08
-0.641144     2.48115e-08
-0.625419     1.42914e-07
 0.604315     2.32404e-06
-0.60237      2.38747e-07
 0.602251     1.00996e-06
 0.586183     1.99928e-07
-0.579257     1.28869e-06
 0.567233     6.56553e-07
-0.559542     8.36142e-08
 0.55746      3.04743e-07
-0.549006     4.19828e-07
 0.545177     7.82941e-07
-0.52989      9.2365e-07
 0.52738      1.2949e-06
 0.517469     1.82192e-07
 0.508225     9.46034e-08
-0.504222     1.37739e-06
 0.494389     9.44352e-08
-0.489482     1.76614e-06
 0.485216     3.4832e-06
-0.474303     7.88049e-06
 0.47159      1.52455e-06
-0.454474     5.05339e-06
 0.453993     1.30584e-06
 0.44245      7.11879e-06
-0.431257     1.76756e-06
 0.423894     1.44025e-06
-0.417061     3.39378e-06
 0.409262     2.62321e-06
-0.395452     4.10749e-06
 0.392479     3.79467e-06
 0.376636     6.55656e-06
-0.367439     3.95609e-06
 0.363222     7.7395e-06
-0.343558     5.9975e-06
 0.334426     3.20207e-06
-0.326587     4.17801e-06
 0.315891     9.61442e-06
 0.299661     1.85292e-05
-0.299409     9.27735e-06
 0.278933     2.00036e-05
-0.274664     9.91214e-06
 0.256882     1.86276e-05
-0.251195     2.06814e-05
 0.235707     3.44583e-05
-0.227722     2.83316e-05
 0.214077     4.74066e-05
-0.205633     4.38036e-05
 0.193559     5.92316e-05
-0.17931      5.96177e-05
 0.170908     7.06205e-05
-0.156272     0.000102814
 0.147009     0.00010435
-0.132655     0.000173925
 0.123832     0.000187618
-0.108487     0.000324854
 0.10061      0.000353742
-0.0844162    0.000605658
 0.0774016    0.000827171
-0.0601587    0.00154147
 0.0543769    0.00215244
-0.0373058    0.00502024
 0.0316122    0.00758282
-0.014593     0.0363887
 0.00969331   0.0832003
-0.000312339  0.860858
Using model PreResNet110
Loading CIFAR10 from /jmain01/home/JAD017/sjr02/dxg49-sjr02/curvature/data
Files already downloaded and verified
Using 5000 samples for validation [deterministic split]
Files already downloaded and verified
Using train (45000) + test (5000)
Loading CIFAR10 from /jmain01/home/JAD017/sjr02/dxg49-sjr02/curvature/data
Files already downloaded and verified
Using 5000 samples for validation [deterministic split]
Files already downloaded and verified
Using train (45000) + test (5000)
Preparing model
{'depth': 110}
Loading /jmain01/home/JAD017/sjr02/dxg49-sjr02/curvature/ckpts/c10/PreResNet110/SGDOPT/runeval1/checkpoint-00200.pt
storing basis
Iter 1. Time: 222.52
Iter 2. Time: 220.16
Iter 3. Time: 220.39
Iter 4. Time: 220.43
Iter 5. Time: 220.42
Iter 6. Time: 220.45
Iter 7. Time: 220.50
Iter 8. Time: 220.55
Iter 9. Time: 220.47
Iter 10. Time: 220.46
Iter 11. Time: 220.48
Iter 12. Time: 220.46
Iter 13. Time: 220.52
Iter 14. Time: 220.54
Iter 15. Time: 220.43
Iter 16. Time: 220.34
Iter 17. Time: 220.55
Iter 18. Time: 228.82
Iter 19. Time: 221.64
Iter 20. Time: 220.64
Iter 21. Time: 220.25
Iter 22. Time: 220.16
Iter 23. Time: 220.22
Iter 24. Time: 220.20
Iter 25. Time: 220.20
Iter 26. Time: 220.63
Iter 27. Time: 220.49
Iter 28. Time: 220.44
Iter 29. Time: 220.53
Iter 30. Time: 220.43
Iter 31. Time: 220.26
Iter 32. Time: 220.48
Iter 33. Time: 220.58
Iter 34. Time: 220.40
Iter 35. Time: 220.62
Iter 36. Time: 224.06
Iter 37. Time: 221.32
Iter 38. Time: 220.30
Iter 39. Time: 220.27
Iter 40. Time: 220.17
Iter 41. Time: 220.20
Iter 42. Time: 220.19
Iter 43. Time: 220.21
Iter 44. Time: 220.37
Iter 45. Time: 220.28
Iter 46. Time: 220.31
Iter 47. Time: 220.32
Iter 48. Time: 220.37
Iter 49. Time: 220.14
Iter 50. Time: 220.34
Iter 51. Time: 220.62
Iter 52. Time: 220.40
Iter 53. Time: 220.80
Iter 54. Time: 227.45
Iter 55. Time: 221.93
Iter 56. Time: 220.51
Iter 57. Time: 220.55
Iter 58. Time: 220.63
Iter 59. Time: 220.59
Iter 60. Time: 220.56
Iter 61. Time: 220.62
Iter 62. Time: 220.70
Iter 63. Time: 220.50
Iter 64. Time: 220.52
Iter 65. Time: 220.67
Iter 66. Time: 220.68
Iter 67. Time: 220.62
Iter 68. Time: 220.67
Iter 69. Time: 220.64
Iter 70. Time: 220.55
Iter 71. Time: 221.14
Iter 72. Time: 224.35
Iter 73. Time: 221.82
Iter 74. Time: 220.31
Iter 75. Time: 220.18
Iter 76. Time: 220.20
Iter 77. Time: 220.17
Iter 78. Time: 220.18
Iter 79. Time: 220.16
Iter 80. Time: 220.32
Iter 81. Time: 220.07
Iter 82. Time: 220.07
Iter 83. Time: 220.14
Iter 84. Time: 220.43
Iter 85. Time: 220.38
Iter 86. Time: 220.37
Iter 87. Time: 220.32
Iter 88. Time: 220.35
Iter 89. Time: 220.80
Iter 90. Time: 223.82
Iter 91. Time: 221.87
Iter 92. Time: 220.44
Iter 93. Time: 220.44
Iter 94. Time: 220.28
Iter 95. Time: 220.29
Iter 96. Time: 220.23
Iter 97. Time: 220.29
Iter 98. Time: 220.50
Iter 99. Time: 220.36
Iter 100. Time: 220.52
nonggn
       value       weight
------------  -----------
 0.272753     6.47046e-08
-0.25672      1.12397e-07
 0.254285     7.63467e-07
-0.248747     2.20638e-07
 0.234745     6.21799e-07
-0.232568     2.47605e-06
-0.201983     2.12866e-07
 0.199771     1.96861e-09
 0.19427      1.72833e-07
-0.188162     1.68962e-07
 0.174835     2.39226e-07
-0.173562     1.47128e-06
 0.164196     1.42595e-06
-0.15808      5.49724e-07
-0.147879     5.47016e-07
 0.143171     1.31103e-07
 0.139874     4.6048e-07
-0.135916     2.44218e-07
 0.130232     1.17112e-06
-0.128722     5.65775e-08
 0.125429     8.39855e-07
-0.123731     7.64103e-08
-0.122652     3.88714e-06
 0.121687     1.31247e-06
 0.117101     3.25936e-07
-0.115995     1.8757e-06
 0.114568     1.03122e-06
-0.11216      4.16639e-07
 0.111356     1.40436e-06
 0.108801     5.42577e-09
-0.107527     4.66376e-07
-0.10696      5.82561e-07
-0.105468     3.24889e-07
 0.103923     1.31741e-07
 0.102909     1.47869e-09
-0.102412     1.976e-06
 0.101822     9.38077e-08
 0.101007     2.40714e-08
-0.0996358    6.79913e-08
-0.09725      1.4186e-06
 0.0968672    1.84598e-06
 0.0959199    1.71161e-06
-0.0957418    1.5148e-06
 0.0945903    1.89143e-06
-0.0939164    2.96891e-06
-0.0918729    3.59452e-06
 0.0907237    7.63599e-07
-0.0903426    4.40978e-07
 0.0893023    2.31238e-06
-0.0878122    2.83002e-07
 0.0859371    2.6969e-06
-0.0850758    4.03911e-07
 0.0841183    4.5125e-06
 0.0814714    2.04004e-06
-0.0814256    1.56286e-06
-0.0799738    2.87042e-06
 0.0781562    1.45602e-06
-0.0777375    1.4589e-06
 0.0753459    1.35048e-06
-0.0735373    7.75001e-07
 0.0722546    1.80786e-06
-0.0707272    8.27907e-07
 0.0684399    1.52425e-06
-0.066352     2.56702e-06
 0.0649248    3.5259e-06
-0.0631268    7.25856e-06
 0.0615676    4.57505e-06
-0.0603817    4.59306e-06
 0.058346     7.50849e-06
-0.0558282    7.67854e-06
 0.0549185    7.95487e-06
-0.0531294    1.23351e-05
 0.0508475    1.04764e-05
-0.0492453    2.05891e-05
 0.0472606    1.68491e-05
-0.0459592    1.97189e-05
 0.0435873    2.0086e-05
-0.0419819    2.08741e-05
 0.0397507    3.48461e-05
-0.0382879    3.10579e-05
 0.0361412    5.45919e-05
-0.0343862    5.54645e-05
 0.0320256    8.30113e-05
-0.03039      9.7952e-05
 0.0282251    0.000160389
-0.026664     0.000158612
 0.0243079    0.000227531
-0.0227914    0.000228526
 0.0205809    0.000341791
-0.0189294    0.000435135
 0.016624     0.0005743
-0.0150908    0.00068627
 0.0127866    0.000878412
-0.0111663    0.00110899
 0.00870496   0.00182173
-0.00705303   0.00300547
 0.00467973   0.00747787
-0.00307753   0.0190365
 0.000992827  0.166266
-0.000164423  0.797004
Using model PreResNet110
Loading CIFAR10 from /jmain01/home/JAD017/sjr02/dxg49-sjr02/curvature/data
Files already downloaded and verified
Using 5000 samples for validation [deterministic split]
Files already downloaded and verified
Using train (45000) + test (5000)
Loading CIFAR10 from /jmain01/home/JAD017/sjr02/dxg49-sjr02/curvature/data
Files already downloaded and verified
Using 5000 samples for validation [deterministic split]
Files already downloaded and verified
Using train (45000) + test (5000)
Preparing model
{'depth': 110}
Loading /jmain01/home/JAD017/sjr02/dxg49-sjr02/curvature/ckpts/c10/PreResNet110/SGDOPT/runeval1/checkpoint-00225.pt
storing basis
Iter 1. Time: 338.41
Iter 2. Time: 336.21
Iter 3. Time: 336.83
Iter 4. Time: 336.75
Iter 5. Time: 336.86
Iter 6. Time: 336.87
Iter 7. Time: 336.91
Iter 8. Time: 337.11
Iter 9. Time: 337.11
Iter 10. Time: 337.02
Iter 11. Time: 336.87
Iter 12. Time: 338.79
Iter 13. Time: 337.23
Iter 14. Time: 337.08
Iter 15. Time: 336.83
Iter 16. Time: 336.58
Iter 17. Time: 336.92
Iter 18. Time: 336.79
Iter 19. Time: 336.74
Iter 20. Time: 336.87
Iter 21. Time: 336.76
Iter 22. Time: 336.80
Iter 23. Time: 337.08
Iter 24. Time: 341.48
Iter 25. Time: 337.92
Iter 26. Time: 336.95
Iter 27. Time: 336.66
Iter 28. Time: 336.62
Iter 29. Time: 337.04
Iter 30. Time: 336.86
Iter 31. Time: 336.89
Iter 32. Time: 336.93
Iter 33. Time: 337.06
Iter 34. Time: 336.72
Iter 35. Time: 336.89
Iter 36. Time: 339.53
Traceback (most recent call last):
  File "/jmain01/home/JAD017/sjr02/dxg49-sjr02/.conda/envs/diegorubin/lib/python3.7/multiprocessing/queues.py", line 242, in _feed
    send_bytes(obj)
  File "/jmain01/home/JAD017/sjr02/dxg49-sjr02/.conda/envs/diegorubin/lib/python3.7/multiprocessing/connection.py", line 200, in send_bytes
    self._send_bytes(m[offset:offset + size])
  File "/jmain01/home/JAD017/sjr02/dxg49-sjr02/.conda/envs/diegorubin/lib/python3.7/multiprocessing/connection.py", line 404, in _send_bytes
    self._send(header + buf)
  File "/jmain01/home/JAD017/sjr02/dxg49-sjr02/.conda/envs/diegorubin/lib/python3.7/multiprocessing/connection.py", line 368, in _send
    n = write(self._handle, buf)
BrokenPipeError: [Errno 32] Broken pipe
Iter 37. Time: 336.98
Iter 38. Time: 337.10
Iter 39. Time: 336.66
Iter 40. Time: 337.15
Iter 41. Time: 336.94
Iter 42. Time: 336.71
Iter 43. Time: 336.79
Iter 44. Time: 336.91
Iter 45. Time: 336.89
Iter 46. Time: 336.88
Iter 47. Time: 336.96
Iter 48. Time: 337.64
slurmstepd-dgj213: error: *** JOB 449505 ON dgj213 CANCELLED AT 2020-01-24T16:32:25 DUE TO TIME LIMIT ***
slurmstepd-dgj213: error: task_p_post_term: rmdir(/dev/cpuset/slurm_dgj213_449505/slurm449505.4294967294_0) failed Device or resource busy
