
	Python anaconda is now loaded in your environment.

numpy imported
Gadam-auto: constant learning rate schedule adopted
Preparing directory ../out/ImageNet32/WideResNet28x10/PadamAuto/seed=1_lr=0.03_wd=0.0003/
Using model WideResNet28x10
Loading ImageNet32 from ../data/
You are going to run models on the test set. Are you sure?
Using train (1281167) + test (50000)
Preparing model
{'depth': 28, 'widen_factor': 10}
No Covariance Estimation
----  --------  ---------  --------  ---------  --------  -------------  -------------  ------------  -------------  ------------  -----------------  ---------  -----------
  ep        lr    tr_loss    tr_acc    te_loss    te_acc    te_top5_acc  swa_tr_loss    swa_tr_acc    swa_te_loss    swa_te_acc    swa_te_top5_acc         time    mem_usage
----  --------  ---------  --------  ---------  --------  -------------  -------------  ------------  -------------  ------------  -----------------  ---------  -----------
   1    0.0300     4.7456   12.5095     3.9197   20.7520        44.3540                                                                               2257.8188       0.6950
   2    0.0300     3.3140   29.6771     3.2176   31.3100        57.7200                                                                               2256.4707       0.6950
   3    0.0300     2.7982   38.2508     2.8939   37.4460        63.6280                                                                               2255.7268       0.6950
   4    0.0300     2.4935   43.6122     2.6432   41.8360        67.7640                                                                               2253.3022       0.6950
   5    0.0300     2.2841   47.5025     2.4875   44.7320        70.6720                                                                               2254.6542       0.6950
   6    0.0300     2.1299   50.3709     2.4092   46.4160        71.8980                                                                               2251.7675       0.6950
   7    0.0300     2.0097   52.6721     2.3660   47.0500        72.7500                                                                               2253.9768       0.6950
   8    0.0300     1.9136   54.5019     2.2932   48.6860        73.9600                                                                               2248.6454       0.6950
   9    0.0300     1.8325   56.1266     2.2482   49.5060        74.8221                                                                               2253.2152       0.6950
  10    0.0300     1.7679   57.3828     2.2273   50.0620        75.1600                                                                               2247.1023       0.6950
  11    0.0300     1.7110   58.4680     2.2225   50.1600        75.3180                                                                               2255.5357       0.6950
  12    0.0300     1.6612   59.4520     2.1945   50.9040        75.5440                                                                               2247.1949       0.6950
  13    0.0300     1.6179   60.3543     2.1643   51.4280        76.1900                                                                               2256.7318       0.6950
  14    0.0300     1.5802   61.0315     2.1671   51.7780        76.5660                                                                               2246.9955       0.6950
  15    0.0300     1.5449   61.7773     2.1762   51.4800        76.4860                                                                               2255.4346       0.6950
  16    0.0300     1.5139   62.3892     2.1340   52.3720        77.1020                                                                               2246.4131       0.6950
  17    0.0300     1.4854   62.9625     2.1418   52.5780        77.0820                                                                               2256.4313       0.6950
  18    0.0300     1.4610   63.4280     2.1193   52.7240        77.2060                                                                               2246.9897       0.6950
  19    0.0300     1.4356   63.9550     2.1243   52.6560        77.4180                                                                               2252.2481       0.6950
  20    0.0300     1.4153   64.3513     2.1250   52.9700        77.2121                                                                               2245.3476       0.6950
  21    0.0300     1.3935   64.7805     2.1449   52.4120        76.9120                                                                               2253.3899       0.6950
  22    0.0300     1.3753   65.1754     2.1322   52.8480        77.3700                                                                               2245.2772       0.6950
  23    0.0300     1.3573   65.5146     2.1247   53.5500        77.6880                                                                               2250.3162       0.6950
  24    0.0300     1.3402   65.8850     2.1723   52.7600        76.8240                                                                               2245.5771       0.6950
  25    0.0300     1.3252   66.1381     2.1433   53.2680        77.5720                                                                               2252.5083       0.6950
  26    0.0300     1.3103   66.4842     2.1589   52.8300        76.9821                                                                               2244.4479       0.6950
  27    0.0300     1.2966   66.7415     2.1759   52.4820        76.9880                                                                               2252.1009       0.6950
  28    0.0300     1.2837   67.0029     2.1473   53.2320        77.6120                                                                               2244.1667       0.6950
Gadam-auto: Validation accuracy stagnated for 5 epochs. Start averaging.
  29    0.0300     1.2719   67.3032     2.1764   52.9260        77.4000         1.1146       70.9220         2.0468       54.3120            78.4100  2252.7989       0.6950
  30    0.0300     1.2599   67.5197     2.1622   53.4480        77.5960         0.8468       77.6960         1.8371       58.5020            81.6701  2244.4446       0.8333
  31    0.0300     1.2493   67.7561     2.1479   53.3700        77.7680         0.7710       79.6856         1.7783       59.7760            82.5100  2249.3752       0.8333
  32    0.0300     1.2388   67.9274     2.1234   53.6720        78.0340         0.7329       80.7175         1.7540       60.4440            82.9320  2246.5407       0.8333
  33    0.0300     1.2302   68.0747     2.1841   53.1120        77.0580         0.7075       81.4194         1.7395       60.8680            83.2241  2244.4017       0.8333
  34    0.0300     1.2205   68.3418     2.1291   53.6840        77.7660         0.6888       81.8471         1.7290       61.0840            83.4000  2247.7039       0.8333
  35    0.0300     1.2116   68.4997     2.1481   53.6820        77.5500         0.6754       82.2120         1.7215       61.2800            83.4601  2242.4103       0.8333
  36    0.0300     1.2036   68.6595     2.1873   53.3940        77.2880         0.6635       82.5372         1.7168       61.3780            83.5741  2245.9344       0.8333
  37    0.0300     1.1953   68.8003     2.1731   53.8180        77.8381         0.6539       82.7602         1.7130       61.5460            83.6800  2244.0773       0.8333
  38    0.0300     1.1864   69.0267     2.1616   53.8680        77.8401         0.6445       83.0049         1.7094       61.6420            83.7840  2248.8203       0.8333
  39    0.0300     1.1797   69.1552     2.1548   53.5760        77.6180         0.6365       83.2458         1.7056       61.6960            83.7741  2245.7660       0.8333
  40    0.0300     1.1728   69.2860     2.1437   53.5880        77.6941         0.6296       83.3801         1.7019       61.8260            83.8620  2252.1183       0.8333
----  --------  ---------  --------  ---------  --------  -------------  -------------  ------------  -------------  ------------  -----------------  ---------  -----------
  ep        lr    tr_loss    tr_acc    te_loss    te_acc    te_top5_acc    swa_tr_loss    swa_tr_acc    swa_te_loss    swa_te_acc    swa_te_top5_acc       time    mem_usage
----  --------  ---------  --------  ---------  --------  -------------  -------------  ------------  -------------  ------------  -----------------  ---------  -----------
  41    0.0300     1.1650   69.4783     2.1965   53.5940        77.8080         0.6232       83.5675         1.7002       61.7780            83.8760  2245.9336       0.8333
  42    0.0300     1.1583   69.5916     2.1771   53.9280        77.8580         0.6182       83.6654         1.7000       61.8820            83.8660  2249.8701       0.8333
  43    0.0300     1.1514   69.6851     2.1968   53.3080        77.6820         0.6127       83.8207         1.6994       61.8920            83.8820  2246.8497       0.8333
  44    0.0300     1.1456   69.8704     2.1506   54.0240        78.1220         0.6079       83.9367         1.6984       61.9420            83.9140  2250.1917       0.8333
  45    0.0300     1.1405   69.9715     2.1524   54.1460        77.9780         0.6030       84.0606         1.6978       61.9660            83.9760  2245.3241       0.8333
  46    0.0300     1.1332   70.1235     2.1796   53.7660        77.7521         0.5988       84.1703         1.6971       61.9800            83.9980  2250.4794       0.8333
  47    0.0300     1.1300   70.1980     2.1598   53.8540        77.9400         0.5943       84.2947         1.6961       62.0580            84.0400  2245.4527       0.8333
  48    0.0300     1.1246   70.3000     2.1878   53.5700        77.6380         0.5910       84.3547         1.6955       62.0540            84.0480  2251.2544       0.8333
  49    0.0300     1.1175   70.4391     2.1749   53.6960        77.7240         0.5879       84.4289         1.6948       62.0080            84.0300  2246.3162       0.8333
  50    0.0300     1.1141   70.4800     2.1966   53.8140        77.8141         0.5831       84.5824         1.6944       62.0880            84.0700  2248.9851       0.8333
  51    0.0300     1.1093   70.6225     2.1941   53.6540        77.6460         0.5801       84.6258         1.6938       62.1340            84.0600  2245.8802       0.8333
  52    0.0300     1.1037   70.7706     2.2017   53.6700        77.4921         0.5770       84.7051         1.6938       62.1360            84.0960  2246.3871       0.8333
  53    0.0300     1.1016   70.7880     2.1773   53.9720        77.7500         0.5741       84.7739         1.6938       62.1040            84.1280  2245.3868       0.8333
  54    0.0300     1.0959   70.9313     2.1838   53.9920        77.9581         0.5707       84.8645         1.6939       62.1799            84.1420  2242.4515       0.8333
  55    0.0300     1.0921   70.9763     2.2097   53.8780        77.9160         0.5678       84.9444         1.6934       62.1920            84.1840  2244.0261       0.8333
  56    0.0300     1.0867   71.0719     2.1773   54.0780        78.1140         0.5653       84.9861         1.6927       62.2620            84.2000  2247.3289       0.8333
  57    0.0300     1.0836   71.1261     2.2351   53.0740        77.3181         0.5622       85.0706         1.6927       62.2940            84.1640  2246.1333       0.8333
  58    0.0300     1.0807   71.1932     2.1630   54.0560        78.1221         0.5602       85.1306         1.6922       62.3060            84.1440  2248.1783       0.8333
  59    0.0300     1.0767   71.2699     2.1985   53.8440        77.8900         0.5577       85.1873         1.6919       62.3120            84.1360  2244.6646       0.8333
  60    0.0300     1.0732   71.3756     2.1849   54.0660        78.1840         0.5550       85.2253         1.6918       62.3500            84.1520  2247.8060       0.8333
  61    0.0300     1.0692   71.4475     2.1856   54.2800        77.7920         0.5520       85.2882         1.6916       62.3160            84.1640  2244.4058       0.8333
  62    0.0300     1.0654   71.5374     2.1882   53.8720        77.8840         0.5504       85.3466         1.6911       62.3680            84.1960  2250.0952       0.8333
  63    0.0300     1.0641   71.5618     2.2250   53.7160        77.6560         0.5489       85.3962         1.6910       62.3620            84.1761  2245.6445       0.8333
  64    0.0300     1.0574   71.7099     2.2033   54.0000        77.6540         0.5467       85.4483         1.6912       62.3380            84.1981  2247.0368       0.8333
  65    0.0300     1.0556   71.7167     2.1779   53.8880        77.8980         0.5445       85.4903         1.6913       62.3160            84.2300  2245.7559       0.8333
  66    0.0300     1.0537   71.7840     2.2102   53.9020        77.9420         0.5425       85.5357         1.6911       62.3660            84.2040  2244.2840       0.8333
  67    0.0300     1.0490   71.8905     2.2179   53.6440        77.6760         0.5409       85.5632         1.6908       62.3480            84.2140  2245.1561       0.8333
  68    0.0300     1.0479   71.8820     2.2657   53.9760        77.7280         0.5391       85.6444         1.6910       62.3839            84.2280  2244.3518       0.8333
  69    0.0300     1.0435   72.0565     2.1302   54.7820        78.6001         0.5372       85.6655         1.6909       62.3760            84.2580  2245.0538       0.8333
  70    0.0300     1.0409   72.0399     2.1757   54.3059        78.2120         0.5351       85.7228         1.6909       62.3940            84.3240  2246.1211       0.8333
  71    0.0300     1.0398   72.0713     2.2304   53.6300        77.7941         0.5340       85.7412         1.6908       62.3980            84.3380  2245.4388       0.8333
  72    0.0300     1.0349   72.2261     2.2217   53.9840        78.0880         0.5322       85.8062         1.6909       62.4080            84.3420  2244.5170       0.8333
  73    0.0300     1.0308   72.2727     2.2357   53.5920        77.7660         0.5306       85.8247         1.6912       62.4380            84.3720  2245.2824       0.8333
  74    0.0300     1.0306   72.2972     2.2092   53.8900        77.8940         0.5289       85.8716         1.6915       62.4100            84.3640  2249.1663       0.8333
  75    0.0300     1.0287   72.3190     2.2010   54.0840        77.8100         0.5279       85.8967         1.6915       62.4440            84.4000  2246.1708       0.8333
  76    0.0300     1.0260   72.3403     2.2323   53.6640        77.8000         0.5260       85.9584         1.6915       62.4780            84.3540  2248.8857       0.8333
  77    0.0300     1.0242   72.3818     2.1949   54.3320        78.1301         0.5245       85.9806         1.6918       62.5180            84.3420  2245.5503       0.8333
  78    0.0300     1.0192   72.5325     2.2061   53.8820        77.8800         0.5231       86.0099         1.6920       62.4940            84.3860  2245.7774       0.8333
  79    0.0300     1.0182   72.5456     2.2603   53.8600        77.6481         0.5229       86.0058         1.6925       62.4620            84.3840  2244.1213       0.8333
  80    0.0300     1.0174   72.5752     2.2139   53.8240        77.8440         0.5213       86.0435         1.6926       62.4420            84.3720  2244.8451       0.8333
----  --------  ---------  --------  ---------  --------  -------------  -------------  ------------  -------------  ------------  -----------------  ---------  -----------
  ep        lr    tr_loss    tr_acc    te_loss    te_acc    te_top5_acc    swa_tr_loss    swa_tr_acc    swa_te_loss    swa_te_acc    swa_te_top5_acc       time    mem_usage
----  --------  ---------  --------  ---------  --------  -------------  -------------  ------------  -------------  ------------  -----------------  ---------  -----------
  81    0.0300     1.0132   72.6556     2.2480   53.7300        77.5940         0.5201       86.0816         1.6928       62.4540            84.4200  2244.4691       0.8333
  82    0.0300     1.0121   72.6780     2.2086   54.3660        78.3641         0.5178       86.1394         1.6930       62.4740            84.3960  2243.4583       0.8333
  83    0.0300     1.0104   72.7272     2.2112   53.8260        77.7900         0.5167       86.1796         1.6935       62.4760            84.3861  2245.0267       0.8333
  84    0.0300     1.0081   72.7347     2.2224   53.5980        77.5400         0.5159       86.1858         1.6935       62.5100            84.4001  2247.4091       0.8333
  85    0.0300     1.0055   72.8021     2.2113   54.1200        78.1961         0.5149       86.2015         1.6939       62.5180            84.3821  2245.0429       0.8333
  86    0.0300     1.0043   72.8568     2.2477   53.6000        77.8320         0.5135       86.2256         1.6942       62.5520            84.3661  2245.9094       0.8333
  87    0.0300     1.0023   72.8745     2.2618   53.8280        77.9200         0.5125       86.2587         1.6945       62.5640            84.3581  2244.4710       0.8333
  88    0.0300     1.0002   72.9141     2.3014   52.3920        76.7420         0.5121       86.2815         1.6948       62.5720            84.3901  2250.3226       0.8333
  89    0.0300     0.9985   72.9667     2.1912   54.3000        78.1901         0.5107       86.2807         1.6952       62.6020            84.4141  2248.8178       0.8333
  90    0.0300     0.9967   73.0016     2.2558   53.8080        77.6680         0.5096       86.3441         1.6954       62.6080            84.4181  2250.9006       0.8333
  91    0.0300     0.9951   73.0256     2.1940   54.5080        78.5000         0.5088       86.3309         1.6957       62.6580            84.3961  2249.2417       0.8333
  92    0.0300     0.9940   73.0447     2.1821   54.5360        78.3120         0.5074       86.3760         1.6959       62.6500            84.4161  2246.7836       0.8333
  93    0.0300     0.9889   73.1856     2.2555   53.8620        77.6560         0.5068       86.3926         1.6964       62.6340            84.3881  2242.5296       0.8333
  94    0.0300     0.9881   73.1898     2.2382   53.8920        77.9120         0.5057       86.4076         1.6965       62.6280            84.4021  2245.1558       0.8333
  95    0.0300     0.9880   73.1521     2.2932   53.0640        77.0420         0.5045       86.4520         1.6968       62.6400            84.4001  2242.7866       0.8333
  96    0.0300     0.9863   73.1776     2.2014   54.2060        77.9880         0.5038       86.4835         1.6970       62.6660            84.4001  2246.2290       0.8333
  97    0.0300     0.9849   73.2299     2.2359   54.2500        77.8860         0.5027       86.4756         1.6973       62.6640            84.4161  2242.1101       0.8333
  98    0.0300     0.9829   73.2815     2.2412   53.6860        77.6820         0.5014       86.5239         1.6975       62.6980            84.4061  2243.7192       0.8333
  99    0.0300     0.9818   73.3019     2.2419   54.1160        77.9320         0.5007       86.5357         1.6977       62.7060            84.3861  2242.2676       0.8333
 100    0.0300     0.9791   73.3557     2.2453   53.8140        77.8240         0.4995       86.5690         1.6980       62.6780            84.4041  2242.3340       0.8333
